[2024-11-09T23:11:15.154+0000] {local_task_job_runner.py:120} INFO - ::group::Pre task execution logs
[2024-11-09T23:11:15.167+0000] {taskinstance.py:2076} INFO - Dependencies all met for dep_context=non-requeueable deps ti=<TaskInstance: Stock_Data_ETL.load_stock_data scheduled__2024-11-08T21:30:00+00:00 [queued]>
[2024-11-09T23:11:15.172+0000] {taskinstance.py:2076} INFO - Dependencies all met for dep_context=requeueable deps ti=<TaskInstance: Stock_Data_ETL.load_stock_data scheduled__2024-11-08T21:30:00+00:00 [queued]>
[2024-11-09T23:11:15.173+0000] {taskinstance.py:2306} INFO - Starting attempt 1 of 2
[2024-11-09T23:11:15.179+0000] {taskinstance.py:2330} INFO - Executing <Task(_PythonDecoratedOperator): load_stock_data> on 2024-11-08 21:30:00+00:00
[2024-11-09T23:11:15.184+0000] {logging_mixin.py:188} WARNING - /home/***/.local/lib/python3.12/site-packages/***/task/task_runner/standard_task_runner.py:61 DeprecationWarning: This process (pid=2814) is multi-threaded, use of fork() may lead to deadlocks in the child.
[2024-11-09T23:11:15.185+0000] {standard_task_runner.py:63} INFO - Started process 2819 to run task
[2024-11-09T23:11:15.185+0000] {standard_task_runner.py:90} INFO - Running: ['***', 'tasks', 'run', 'Stock_Data_ETL', 'load_stock_data', 'scheduled__2024-11-08T21:30:00+00:00', '--job-id', '81', '--raw', '--subdir', 'DAGS_FOLDER/FinanceDataAnalytics_ETL_Pair9.ipynb.py', '--cfg-path', '/tmp/tmplwlbms2x']
[2024-11-09T23:11:15.188+0000] {standard_task_runner.py:91} INFO - Job 81: Subtask load_stock_data
[2024-11-09T23:11:15.214+0000] {task_command.py:426} INFO - Running <TaskInstance: Stock_Data_ETL.load_stock_data scheduled__2024-11-08T21:30:00+00:00 [running]> on host c8883bd7101d
[2024-11-09T23:11:15.257+0000] {taskinstance.py:2648} INFO - Exporting env vars: AIRFLOW_CTX_DAG_EMAIL='shatayu.thakur@sjsu.edu,pranav.raveendran@sjsu.edu' AIRFLOW_CTX_DAG_OWNER='Pair 9' AIRFLOW_CTX_DAG_ID='Stock_Data_ETL' AIRFLOW_CTX_TASK_ID='load_stock_data' AIRFLOW_CTX_EXECUTION_DATE='2024-11-08T21:30:00+00:00' AIRFLOW_CTX_TRY_NUMBER='1' AIRFLOW_CTX_DAG_RUN_ID='scheduled__2024-11-08T21:30:00+00:00'
[2024-11-09T23:11:15.258+0000] {taskinstance.py:430} INFO - ::endgroup::
[2024-11-09T23:11:15.263+0000] {base.py:84} INFO - Using connection ID 'snowflake_conn' for task execution.
[2024-11-09T23:11:15.264+0000] {connection.py:399} INFO - Snowflake Connector for Python Version: 3.10.0, Python Version: 3.12.3, Platform: Linux-6.10.11-linuxkit-aarch64-with-glibc2.36
[2024-11-09T23:11:15.265+0000] {connection.py:1239} INFO - This connection is in OCSP Fail Open Mode. TLS Certificates would be checked for validity and revocation status. Any other Certificate Revocation related exceptions or OCSP Responder failures would be disregarded in favor of connectivity.
[2024-11-09T23:11:15.711+0000] {cursor.py:1149} INFO - Number of results in first chunk: 1
[2024-11-09T23:11:15.712+0000] {logging_mixin.py:188} INFO - AAPL Stock Data Ready to Load on Snowflake. Beginning load...
[2024-11-09T23:11:15.712+0000] {logging_mixin.py:188} INFO - Executing:  
            MERGE INTO dev.raw_data.stock_data AS target
            USING (SELECT '2024-11-08' AS date, '227.1700' AS open, '228.6600' AS high, '226.4050' AS low, '226.9600' AS close, '38328824' AS volume, 'AAPL' AS symbol) AS source
            ON target.symbol = source.symbol and target.date = source.date
            WHEN MATCHED THEN
                UPDATE SET
                    date = source.date,
                    open = source.open,
                    high = source.high,
                    low = source.low,
                    close = source.close,
                    volume = source.volume
            WHEN NOT MATCHED THEN
                INSERT (date, open, high, low, close, volume, symbol)
                VALUES (source.date, source.open, source.high, source.low, source.close, source.volume, source.symbol);
            
[2024-11-09T23:11:16.574+0000] {logging_mixin.py:188} INFO - Number of Inserts Executed:  1
[2024-11-09T23:11:16.575+0000] {logging_mixin.py:188} INFO - Executing:  
            MERGE INTO dev.raw_data.stock_data AS target
            USING (SELECT '2024-11-07' AS date, '224.6250' AS open, '227.8750' AS high, '224.5700' AS low, '227.4800' AS close, '42137691' AS volume, 'AAPL' AS symbol) AS source
            ON target.symbol = source.symbol and target.date = source.date
            WHEN MATCHED THEN
                UPDATE SET
                    date = source.date,
                    open = source.open,
                    high = source.high,
                    low = source.low,
                    close = source.close,
                    volume = source.volume
            WHEN NOT MATCHED THEN
                INSERT (date, open, high, low, close, volume, symbol)
                VALUES (source.date, source.open, source.high, source.low, source.close, source.volume, source.symbol);
            
[2024-11-09T23:11:17.238+0000] {logging_mixin.py:188} INFO - Number of Inserts Executed:  2
[2024-11-09T23:11:17.239+0000] {logging_mixin.py:188} INFO - Executing:  
            MERGE INTO dev.raw_data.stock_data AS target
            USING (SELECT '2024-11-06' AS date, '222.6100' AS open, '226.0650' AS high, '221.1900' AS low, '222.7200' AS close, '54561121' AS volume, 'AAPL' AS symbol) AS source
            ON target.symbol = source.symbol and target.date = source.date
            WHEN MATCHED THEN
                UPDATE SET
                    date = source.date,
                    open = source.open,
                    high = source.high,
                    low = source.low,
                    close = source.close,
                    volume = source.volume
            WHEN NOT MATCHED THEN
                INSERT (date, open, high, low, close, volume, symbol)
                VALUES (source.date, source.open, source.high, source.low, source.close, source.volume, source.symbol);
            
[2024-11-09T23:11:18.048+0000] {logging_mixin.py:188} INFO - Number of Inserts Executed:  3
[2024-11-09T23:11:18.048+0000] {logging_mixin.py:188} INFO - Executing:  
            MERGE INTO dev.raw_data.stock_data AS target
            USING (SELECT '2024-11-05' AS date, '221.7950' AS open, '223.9500' AS high, '221.1400' AS low, '223.4500' AS close, '28111338' AS volume, 'AAPL' AS symbol) AS source
            ON target.symbol = source.symbol and target.date = source.date
            WHEN MATCHED THEN
                UPDATE SET
                    date = source.date,
                    open = source.open,
                    high = source.high,
                    low = source.low,
                    close = source.close,
                    volume = source.volume
            WHEN NOT MATCHED THEN
                INSERT (date, open, high, low, close, volume, symbol)
                VALUES (source.date, source.open, source.high, source.low, source.close, source.volume, source.symbol);
            
[2024-11-09T23:11:18.815+0000] {logging_mixin.py:188} INFO - Number of Inserts Executed:  4
[2024-11-09T23:11:18.815+0000] {logging_mixin.py:188} INFO - Executing:  
            MERGE INTO dev.raw_data.stock_data AS target
            USING (SELECT '2024-11-04' AS date, '220.9900' AS open, '222.7900' AS high, '219.7100' AS low, '222.0100' AS close, '44944468' AS volume, 'AAPL' AS symbol) AS source
            ON target.symbol = source.symbol and target.date = source.date
            WHEN MATCHED THEN
                UPDATE SET
                    date = source.date,
                    open = source.open,
                    high = source.high,
                    low = source.low,
                    close = source.close,
                    volume = source.volume
            WHEN NOT MATCHED THEN
                INSERT (date, open, high, low, close, volume, symbol)
                VALUES (source.date, source.open, source.high, source.low, source.close, source.volume, source.symbol);
            
[2024-11-09T23:11:19.191+0000] {logging_mixin.py:188} INFO - Number of Inserts Executed:  5
[2024-11-09T23:11:19.192+0000] {logging_mixin.py:188} INFO - Executing:  
            MERGE INTO dev.raw_data.stock_data AS target
            USING (SELECT '2024-11-01' AS date, '220.9650' AS open, '225.3500' AS high, '220.2700' AS low, '222.9100' AS close, '65276741' AS volume, 'AAPL' AS symbol) AS source
            ON target.symbol = source.symbol and target.date = source.date
            WHEN MATCHED THEN
                UPDATE SET
                    date = source.date,
                    open = source.open,
                    high = source.high,
                    low = source.low,
                    close = source.close,
                    volume = source.volume
            WHEN NOT MATCHED THEN
                INSERT (date, open, high, low, close, volume, symbol)
                VALUES (source.date, source.open, source.high, source.low, source.close, source.volume, source.symbol);
            
[2024-11-09T23:11:19.967+0000] {logging_mixin.py:188} INFO - Number of Inserts Executed:  6
[2024-11-09T23:11:19.967+0000] {logging_mixin.py:188} INFO - Executing:  
            MERGE INTO dev.raw_data.stock_data AS target
            USING (SELECT '2024-10-31' AS date, '229.3400' AS open, '229.8300' AS high, '225.3700' AS low, '225.9100' AS close, '64370086' AS volume, 'AAPL' AS symbol) AS source
            ON target.symbol = source.symbol and target.date = source.date
            WHEN MATCHED THEN
                UPDATE SET
                    date = source.date,
                    open = source.open,
                    high = source.high,
                    low = source.low,
                    close = source.close,
                    volume = source.volume
            WHEN NOT MATCHED THEN
                INSERT (date, open, high, low, close, volume, symbol)
                VALUES (source.date, source.open, source.high, source.low, source.close, source.volume, source.symbol);
            
[2024-11-09T23:11:20.454+0000] {logging_mixin.py:188} INFO - Number of Inserts Executed:  7
[2024-11-09T23:11:20.454+0000] {logging_mixin.py:188} INFO - Executing:  
            MERGE INTO dev.raw_data.stock_data AS target
            USING (SELECT '2024-10-30' AS date, '232.6100' AS open, '233.4700' AS high, '229.5500' AS low, '230.1000' AS close, '47070907' AS volume, 'AAPL' AS symbol) AS source
            ON target.symbol = source.symbol and target.date = source.date
            WHEN MATCHED THEN
                UPDATE SET
                    date = source.date,
                    open = source.open,
                    high = source.high,
                    low = source.low,
                    close = source.close,
                    volume = source.volume
            WHEN NOT MATCHED THEN
                INSERT (date, open, high, low, close, volume, symbol)
                VALUES (source.date, source.open, source.high, source.low, source.close, source.volume, source.symbol);
            
[2024-11-09T23:11:21.300+0000] {logging_mixin.py:188} INFO - Number of Inserts Executed:  8
[2024-11-09T23:11:21.301+0000] {logging_mixin.py:188} INFO - Executing:  
            MERGE INTO dev.raw_data.stock_data AS target
            USING (SELECT '2024-10-29' AS date, '233.1000' AS open, '234.3250' AS high, '232.3200' AS low, '233.6700' AS close, '35417247' AS volume, 'AAPL' AS symbol) AS source
            ON target.symbol = source.symbol and target.date = source.date
            WHEN MATCHED THEN
                UPDATE SET
                    date = source.date,
                    open = source.open,
                    high = source.high,
                    low = source.low,
                    close = source.close,
                    volume = source.volume
            WHEN NOT MATCHED THEN
                INSERT (date, open, high, low, close, volume, symbol)
                VALUES (source.date, source.open, source.high, source.low, source.close, source.volume, source.symbol);
            
[2024-11-09T23:11:21.990+0000] {logging_mixin.py:188} INFO - Number of Inserts Executed:  9
[2024-11-09T23:11:21.990+0000] {logging_mixin.py:188} INFO - Executing:  
            MERGE INTO dev.raw_data.stock_data AS target
            USING (SELECT '2024-10-28' AS date, '233.3200' AS open, '234.7300' AS high, '232.5500' AS low, '233.4000' AS close, '36087134' AS volume, 'AAPL' AS symbol) AS source
            ON target.symbol = source.symbol and target.date = source.date
            WHEN MATCHED THEN
                UPDATE SET
                    date = source.date,
                    open = source.open,
                    high = source.high,
                    low = source.low,
                    close = source.close,
                    volume = source.volume
            WHEN NOT MATCHED THEN
                INSERT (date, open, high, low, close, volume, symbol)
                VALUES (source.date, source.open, source.high, source.low, source.close, source.volume, source.symbol);
            
[2024-11-09T23:11:22.631+0000] {logging_mixin.py:188} INFO - Number of Inserts Executed:  10
[2024-11-09T23:11:22.631+0000] {logging_mixin.py:188} INFO - Executing:  
            MERGE INTO dev.raw_data.stock_data AS target
            USING (SELECT '2024-10-25' AS date, '229.7400' AS open, '233.2200' AS high, '229.5700' AS low, '231.4100' AS close, '38802304' AS volume, 'AAPL' AS symbol) AS source
            ON target.symbol = source.symbol and target.date = source.date
            WHEN MATCHED THEN
                UPDATE SET
                    date = source.date,
                    open = source.open,
                    high = source.high,
                    low = source.low,
                    close = source.close,
                    volume = source.volume
            WHEN NOT MATCHED THEN
                INSERT (date, open, high, low, close, volume, symbol)
                VALUES (source.date, source.open, source.high, source.low, source.close, source.volume, source.symbol);
            
[2024-11-09T23:11:23.148+0000] {logging_mixin.py:188} INFO - Number of Inserts Executed:  11
[2024-11-09T23:11:23.148+0000] {logging_mixin.py:188} INFO - Executing:  
            MERGE INTO dev.raw_data.stock_data AS target
            USING (SELECT '2024-10-24' AS date, '229.9800' AS open, '230.8200' AS high, '228.4100' AS low, '230.5700' AS close, '31109503' AS volume, 'AAPL' AS symbol) AS source
            ON target.symbol = source.symbol and target.date = source.date
            WHEN MATCHED THEN
                UPDATE SET
                    date = source.date,
                    open = source.open,
                    high = source.high,
                    low = source.low,
                    close = source.close,
                    volume = source.volume
            WHEN NOT MATCHED THEN
                INSERT (date, open, high, low, close, volume, symbol)
                VALUES (source.date, source.open, source.high, source.low, source.close, source.volume, source.symbol);
            
[2024-11-09T23:11:23.757+0000] {logging_mixin.py:188} INFO - Number of Inserts Executed:  12
[2024-11-09T23:11:23.758+0000] {logging_mixin.py:188} INFO - Executing:  
            MERGE INTO dev.raw_data.stock_data AS target
            USING (SELECT '2024-10-23' AS date, '234.0800' AS open, '235.1440' AS high, '227.7600' AS low, '230.7600' AS close, '52286979' AS volume, 'AAPL' AS symbol) AS source
            ON target.symbol = source.symbol and target.date = source.date
            WHEN MATCHED THEN
                UPDATE SET
                    date = source.date,
                    open = source.open,
                    high = source.high,
                    low = source.low,
                    close = source.close,
                    volume = source.volume
            WHEN NOT MATCHED THEN
                INSERT (date, open, high, low, close, volume, symbol)
                VALUES (source.date, source.open, source.high, source.low, source.close, source.volume, source.symbol);
            
[2024-11-09T23:11:24.269+0000] {logging_mixin.py:188} INFO - Number of Inserts Executed:  13
[2024-11-09T23:11:24.269+0000] {logging_mixin.py:188} INFO - Executing:  
            MERGE INTO dev.raw_data.stock_data AS target
            USING (SELECT '2024-10-22' AS date, '233.8850' AS open, '236.2200' AS high, '232.6000' AS low, '235.8600' AS close, '38846578' AS volume, 'AAPL' AS symbol) AS source
            ON target.symbol = source.symbol and target.date = source.date
            WHEN MATCHED THEN
                UPDATE SET
                    date = source.date,
                    open = source.open,
                    high = source.high,
                    low = source.low,
                    close = source.close,
                    volume = source.volume
            WHEN NOT MATCHED THEN
                INSERT (date, open, high, low, close, volume, symbol)
                VALUES (source.date, source.open, source.high, source.low, source.close, source.volume, source.symbol);
            
[2024-11-09T23:11:24.782+0000] {logging_mixin.py:188} INFO - Number of Inserts Executed:  14
[2024-11-09T23:11:24.783+0000] {logging_mixin.py:188} INFO - Executing:  
            MERGE INTO dev.raw_data.stock_data AS target
            USING (SELECT '2024-10-21' AS date, '234.4500' AS open, '236.8500' AS high, '234.4500' AS low, '236.4800' AS close, '36254470' AS volume, 'AAPL' AS symbol) AS source
            ON target.symbol = source.symbol and target.date = source.date
            WHEN MATCHED THEN
                UPDATE SET
                    date = source.date,
                    open = source.open,
                    high = source.high,
                    low = source.low,
                    close = source.close,
                    volume = source.volume
            WHEN NOT MATCHED THEN
                INSERT (date, open, high, low, close, volume, symbol)
                VALUES (source.date, source.open, source.high, source.low, source.close, source.volume, source.symbol);
            
[2024-11-09T23:11:25.394+0000] {logging_mixin.py:188} INFO - Number of Inserts Executed:  15
[2024-11-09T23:11:25.395+0000] {logging_mixin.py:188} INFO - Executing:  
            MERGE INTO dev.raw_data.stock_data AS target
            USING (SELECT '2024-10-18' AS date, '236.1800' AS open, '236.1800' AS high, '234.0100' AS low, '235.0000' AS close, '46431472' AS volume, 'AAPL' AS symbol) AS source
            ON target.symbol = source.symbol and target.date = source.date
            WHEN MATCHED THEN
                UPDATE SET
                    date = source.date,
                    open = source.open,
                    high = source.high,
                    low = source.low,
                    close = source.close,
                    volume = source.volume
            WHEN NOT MATCHED THEN
                INSERT (date, open, high, low, close, volume, symbol)
                VALUES (source.date, source.open, source.high, source.low, source.close, source.volume, source.symbol);
            
[2024-11-09T23:11:26.011+0000] {logging_mixin.py:188} INFO - Number of Inserts Executed:  16
[2024-11-09T23:11:26.011+0000] {logging_mixin.py:188} INFO - Executing:  
            MERGE INTO dev.raw_data.stock_data AS target
            USING (SELECT '2024-10-17' AS date, '233.4300' AS open, '233.8500' AS high, '230.5200' AS low, '232.1500' AS close, '32993810' AS volume, 'AAPL' AS symbol) AS source
            ON target.symbol = source.symbol and target.date = source.date
            WHEN MATCHED THEN
                UPDATE SET
                    date = source.date,
                    open = source.open,
                    high = source.high,
                    low = source.low,
                    close = source.close,
                    volume = source.volume
            WHEN NOT MATCHED THEN
                INSERT (date, open, high, low, close, volume, symbol)
                VALUES (source.date, source.open, source.high, source.low, source.close, source.volume, source.symbol);
            
[2024-11-09T23:11:26.731+0000] {logging_mixin.py:188} INFO - Number of Inserts Executed:  17
[2024-11-09T23:11:26.733+0000] {logging_mixin.py:188} INFO - Executing:  
            MERGE INTO dev.raw_data.stock_data AS target
            USING (SELECT '2024-10-16' AS date, '231.6000' AS open, '232.1200' AS high, '229.8400' AS low, '231.7800' AS close, '34082240' AS volume, 'AAPL' AS symbol) AS source
            ON target.symbol = source.symbol and target.date = source.date
            WHEN MATCHED THEN
                UPDATE SET
                    date = source.date,
                    open = source.open,
                    high = source.high,
                    low = source.low,
                    close = source.close,
                    volume = source.volume
            WHEN NOT MATCHED THEN
                INSERT (date, open, high, low, close, volume, symbol)
                VALUES (source.date, source.open, source.high, source.low, source.close, source.volume, source.symbol);
            
[2024-11-09T23:11:27.522+0000] {logging_mixin.py:188} INFO - Number of Inserts Executed:  18
[2024-11-09T23:11:27.523+0000] {logging_mixin.py:188} INFO - Executing:  
            MERGE INTO dev.raw_data.stock_data AS target
            USING (SELECT '2024-10-15' AS date, '233.6100' AS open, '237.4900' AS high, '232.3700' AS low, '233.8500' AS close, '64751367' AS volume, 'AAPL' AS symbol) AS source
            ON target.symbol = source.symbol and target.date = source.date
            WHEN MATCHED THEN
                UPDATE SET
                    date = source.date,
                    open = source.open,
                    high = source.high,
                    low = source.low,
                    close = source.close,
                    volume = source.volume
            WHEN NOT MATCHED THEN
                INSERT (date, open, high, low, close, volume, symbol)
                VALUES (source.date, source.open, source.high, source.low, source.close, source.volume, source.symbol);
            
[2024-11-09T23:11:28.063+0000] {logging_mixin.py:188} INFO - Number of Inserts Executed:  19
[2024-11-09T23:11:28.064+0000] {logging_mixin.py:188} INFO - Executing:  
            MERGE INTO dev.raw_data.stock_data AS target
            USING (SELECT '2024-10-14' AS date, '228.7000' AS open, '231.7300' AS high, '228.6000' AS low, '231.3000' AS close, '39882085' AS volume, 'AAPL' AS symbol) AS source
            ON target.symbol = source.symbol and target.date = source.date
            WHEN MATCHED THEN
                UPDATE SET
                    date = source.date,
                    open = source.open,
                    high = source.high,
                    low = source.low,
                    close = source.close,
                    volume = source.volume
            WHEN NOT MATCHED THEN
                INSERT (date, open, high, low, close, volume, symbol)
                VALUES (source.date, source.open, source.high, source.low, source.close, source.volume, source.symbol);
            
[2024-11-09T23:11:28.776+0000] {logging_mixin.py:188} INFO - Number of Inserts Executed:  20
[2024-11-09T23:11:28.777+0000] {logging_mixin.py:188} INFO - Executing:  
            MERGE INTO dev.raw_data.stock_data AS target
            USING (SELECT '2024-10-11' AS date, '229.3000' AS open, '229.4100' AS high, '227.3400' AS low, '227.5500' AS close, '31759188' AS volume, 'AAPL' AS symbol) AS source
            ON target.symbol = source.symbol and target.date = source.date
            WHEN MATCHED THEN
                UPDATE SET
                    date = source.date,
                    open = source.open,
                    high = source.high,
                    low = source.low,
                    close = source.close,
                    volume = source.volume
            WHEN NOT MATCHED THEN
                INSERT (date, open, high, low, close, volume, symbol)
                VALUES (source.date, source.open, source.high, source.low, source.close, source.volume, source.symbol);
            
[2024-11-09T23:11:29.287+0000] {logging_mixin.py:188} INFO - Number of Inserts Executed:  21
[2024-11-09T23:11:29.287+0000] {logging_mixin.py:188} INFO - Executing:  
            MERGE INTO dev.raw_data.stock_data AS target
            USING (SELECT '2024-10-10' AS date, '227.7800' AS open, '229.5000' AS high, '227.1700' AS low, '229.0400' AS close, '28183544' AS volume, 'AAPL' AS symbol) AS source
            ON target.symbol = source.symbol and target.date = source.date
            WHEN MATCHED THEN
                UPDATE SET
                    date = source.date,
                    open = source.open,
                    high = source.high,
                    low = source.low,
                    close = source.close,
                    volume = source.volume
            WHEN NOT MATCHED THEN
                INSERT (date, open, high, low, close, volume, symbol)
                VALUES (source.date, source.open, source.high, source.low, source.close, source.volume, source.symbol);
            
[2024-11-09T23:11:29.903+0000] {logging_mixin.py:188} INFO - Number of Inserts Executed:  22
[2024-11-09T23:11:29.903+0000] {logging_mixin.py:188} INFO - Executing:  
            MERGE INTO dev.raw_data.stock_data AS target
            USING (SELECT '2024-10-09' AS date, '225.2300' AS open, '229.7500' AS high, '224.8300' AS low, '229.5400' AS close, '33591091' AS volume, 'AAPL' AS symbol) AS source
            ON target.symbol = source.symbol and target.date = source.date
            WHEN MATCHED THEN
                UPDATE SET
                    date = source.date,
                    open = source.open,
                    high = source.high,
                    low = source.low,
                    close = source.close,
                    volume = source.volume
            WHEN NOT MATCHED THEN
                INSERT (date, open, high, low, close, volume, symbol)
                VALUES (source.date, source.open, source.high, source.low, source.close, source.volume, source.symbol);
            
[2024-11-09T23:11:30.413+0000] {logging_mixin.py:188} INFO - Number of Inserts Executed:  23
[2024-11-09T23:11:30.414+0000] {logging_mixin.py:188} INFO - Executing:  
            MERGE INTO dev.raw_data.stock_data AS target
            USING (SELECT '2024-10-08' AS date, '224.3000' AS open, '225.9800' AS high, '223.2500' AS low, '225.7700' AS close, '31855693' AS volume, 'AAPL' AS symbol) AS source
            ON target.symbol = source.symbol and target.date = source.date
            WHEN MATCHED THEN
                UPDATE SET
                    date = source.date,
                    open = source.open,
                    high = source.high,
                    low = source.low,
                    close = source.close,
                    volume = source.volume
            WHEN NOT MATCHED THEN
                INSERT (date, open, high, low, close, volume, symbol)
                VALUES (source.date, source.open, source.high, source.low, source.close, source.volume, source.symbol);
            
[2024-11-09T23:11:31.160+0000] {logging_mixin.py:188} INFO - Number of Inserts Executed:  24
[2024-11-09T23:11:31.160+0000] {logging_mixin.py:188} INFO - Executing:  
            MERGE INTO dev.raw_data.stock_data AS target
            USING (SELECT '2024-10-07' AS date, '224.5000' AS open, '225.6900' AS high, '221.3300' AS low, '221.6900' AS close, '39505354' AS volume, 'AAPL' AS symbol) AS source
            ON target.symbol = source.symbol and target.date = source.date
            WHEN MATCHED THEN
                UPDATE SET
                    date = source.date,
                    open = source.open,
                    high = source.high,
                    low = source.low,
                    close = source.close,
                    volume = source.volume
            WHEN NOT MATCHED THEN
                INSERT (date, open, high, low, close, volume, symbol)
                VALUES (source.date, source.open, source.high, source.low, source.close, source.volume, source.symbol);
            
[2024-11-09T23:11:31.956+0000] {logging_mixin.py:188} INFO - Number of Inserts Executed:  25
[2024-11-09T23:11:31.957+0000] {logging_mixin.py:188} INFO - Executing:  
            MERGE INTO dev.raw_data.stock_data AS target
            USING (SELECT '2024-10-04' AS date, '227.9000' AS open, '228.0000' AS high, '224.1300' AS low, '226.8000' AS close, '37345098' AS volume, 'AAPL' AS symbol) AS source
            ON target.symbol = source.symbol and target.date = source.date
            WHEN MATCHED THEN
                UPDATE SET
                    date = source.date,
                    open = source.open,
                    high = source.high,
                    low = source.low,
                    close = source.close,
                    volume = source.volume
            WHEN NOT MATCHED THEN
                INSERT (date, open, high, low, close, volume, symbol)
                VALUES (source.date, source.open, source.high, source.low, source.close, source.volume, source.symbol);
            
[2024-11-09T23:11:32.598+0000] {logging_mixin.py:188} INFO - Number of Inserts Executed:  26
[2024-11-09T23:11:32.599+0000] {logging_mixin.py:188} INFO - Executing:  
            MERGE INTO dev.raw_data.stock_data AS target
            USING (SELECT '2024-10-03' AS date, '225.1400' AS open, '226.8050' AS high, '223.3200' AS low, '225.6700' AS close, '34044158' AS volume, 'AAPL' AS symbol) AS source
            ON target.symbol = source.symbol and target.date = source.date
            WHEN MATCHED THEN
                UPDATE SET
                    date = source.date,
                    open = source.open,
                    high = source.high,
                    low = source.low,
                    close = source.close,
                    volume = source.volume
            WHEN NOT MATCHED THEN
                INSERT (date, open, high, low, close, volume, symbol)
                VALUES (source.date, source.open, source.high, source.low, source.close, source.volume, source.symbol);
            
[2024-11-09T23:11:33.291+0000] {logging_mixin.py:188} INFO - Number of Inserts Executed:  27
[2024-11-09T23:11:33.292+0000] {logging_mixin.py:188} INFO - Executing:  
            MERGE INTO dev.raw_data.stock_data AS target
            USING (SELECT '2024-10-02' AS date, '225.8900' AS open, '227.3700' AS high, '223.0200' AS low, '226.7800' AS close, '32880605' AS volume, 'AAPL' AS symbol) AS source
            ON target.symbol = source.symbol and target.date = source.date
            WHEN MATCHED THEN
                UPDATE SET
                    date = source.date,
                    open = source.open,
                    high = source.high,
                    low = source.low,
                    close = source.close,
                    volume = source.volume
            WHEN NOT MATCHED THEN
                INSERT (date, open, high, low, close, volume, symbol)
                VALUES (source.date, source.open, source.high, source.low, source.close, source.volume, source.symbol);
            
[2024-11-09T23:11:33.902+0000] {logging_mixin.py:188} INFO - Number of Inserts Executed:  28
[2024-11-09T23:11:33.902+0000] {logging_mixin.py:188} INFO - Executing:  
            MERGE INTO dev.raw_data.stock_data AS target
            USING (SELECT '2024-10-01' AS date, '229.5200' AS open, '229.6500' AS high, '223.7400' AS low, '226.2100' AS close, '63285048' AS volume, 'AAPL' AS symbol) AS source
            ON target.symbol = source.symbol and target.date = source.date
            WHEN MATCHED THEN
                UPDATE SET
                    date = source.date,
                    open = source.open,
                    high = source.high,
                    low = source.low,
                    close = source.close,
                    volume = source.volume
            WHEN NOT MATCHED THEN
                INSERT (date, open, high, low, close, volume, symbol)
                VALUES (source.date, source.open, source.high, source.low, source.close, source.volume, source.symbol);
            
[2024-11-09T23:11:34.387+0000] {logging_mixin.py:188} INFO - Number of Inserts Executed:  29
[2024-11-09T23:11:34.388+0000] {logging_mixin.py:188} INFO - Executing:  
            MERGE INTO dev.raw_data.stock_data AS target
            USING (SELECT '2024-09-30' AS date, '230.0400' AS open, '233.0000' AS high, '229.6500' AS low, '233.0000' AS close, '54793391' AS volume, 'AAPL' AS symbol) AS source
            ON target.symbol = source.symbol and target.date = source.date
            WHEN MATCHED THEN
                UPDATE SET
                    date = source.date,
                    open = source.open,
                    high = source.high,
                    low = source.low,
                    close = source.close,
                    volume = source.volume
            WHEN NOT MATCHED THEN
                INSERT (date, open, high, low, close, volume, symbol)
                VALUES (source.date, source.open, source.high, source.low, source.close, source.volume, source.symbol);
            
[2024-11-09T23:11:34.927+0000] {logging_mixin.py:188} INFO - Number of Inserts Executed:  30
[2024-11-09T23:11:34.927+0000] {logging_mixin.py:188} INFO - Executing:  
            MERGE INTO dev.raw_data.stock_data AS target
            USING (SELECT '2024-09-27' AS date, '228.4600' AS open, '229.5200' AS high, '227.3000' AS low, '227.7900' AS close, '34025967' AS volume, 'AAPL' AS symbol) AS source
            ON target.symbol = source.symbol and target.date = source.date
            WHEN MATCHED THEN
                UPDATE SET
                    date = source.date,
                    open = source.open,
                    high = source.high,
                    low = source.low,
                    close = source.close,
                    volume = source.volume
            WHEN NOT MATCHED THEN
                INSERT (date, open, high, low, close, volume, symbol)
                VALUES (source.date, source.open, source.high, source.low, source.close, source.volume, source.symbol);
            
[2024-11-09T23:11:35.533+0000] {logging_mixin.py:188} INFO - Number of Inserts Executed:  31
[2024-11-09T23:11:35.534+0000] {logging_mixin.py:188} INFO - Executing:  
            MERGE INTO dev.raw_data.stock_data AS target
            USING (SELECT '2024-09-26' AS date, '227.3000' AS open, '228.5000' AS high, '225.4100' AS low, '227.5200' AS close, '36636707' AS volume, 'AAPL' AS symbol) AS source
            ON target.symbol = source.symbol and target.date = source.date
            WHEN MATCHED THEN
                UPDATE SET
                    date = source.date,
                    open = source.open,
                    high = source.high,
                    low = source.low,
                    close = source.close,
                    volume = source.volume
            WHEN NOT MATCHED THEN
                INSERT (date, open, high, low, close, volume, symbol)
                VALUES (source.date, source.open, source.high, source.low, source.close, source.volume, source.symbol);
            
[2024-11-09T23:11:36.459+0000] {logging_mixin.py:188} INFO - Number of Inserts Executed:  32
[2024-11-09T23:11:36.460+0000] {logging_mixin.py:188} INFO - Executing:  
            MERGE INTO dev.raw_data.stock_data AS target
            USING (SELECT '2024-09-25' AS date, '224.9300' AS open, '227.2900' AS high, '224.0200' AS low, '226.3700' AS close, '42308715' AS volume, 'AAPL' AS symbol) AS source
            ON target.symbol = source.symbol and target.date = source.date
            WHEN MATCHED THEN
                UPDATE SET
                    date = source.date,
                    open = source.open,
                    high = source.high,
                    low = source.low,
                    close = source.close,
                    volume = source.volume
            WHEN NOT MATCHED THEN
                INSERT (date, open, high, low, close, volume, symbol)
                VALUES (source.date, source.open, source.high, source.low, source.close, source.volume, source.symbol);
            
[2024-11-09T23:11:37.070+0000] {logging_mixin.py:188} INFO - Number of Inserts Executed:  33
[2024-11-09T23:11:37.071+0000] {logging_mixin.py:188} INFO - Executing:  
            MERGE INTO dev.raw_data.stock_data AS target
            USING (SELECT '2024-09-24' AS date, '228.6450' AS open, '229.3500' AS high, '225.7300' AS low, '227.3700' AS close, '43556068' AS volume, 'AAPL' AS symbol) AS source
            ON target.symbol = source.symbol and target.date = source.date
            WHEN MATCHED THEN
                UPDATE SET
                    date = source.date,
                    open = source.open,
                    high = source.high,
                    low = source.low,
                    close = source.close,
                    volume = source.volume
            WHEN NOT MATCHED THEN
                INSERT (date, open, high, low, close, volume, symbol)
                VALUES (source.date, source.open, source.high, source.low, source.close, source.volume, source.symbol);
            
[2024-11-09T23:11:37.617+0000] {logging_mixin.py:188} INFO - Number of Inserts Executed:  34
[2024-11-09T23:11:37.618+0000] {logging_mixin.py:188} INFO - Executing:  
            MERGE INTO dev.raw_data.stock_data AS target
            USING (SELECT '2024-09-23' AS date, '227.3400' AS open, '229.4500' AS high, '225.8100' AS low, '226.4700' AS close, '54146023' AS volume, 'AAPL' AS symbol) AS source
            ON target.symbol = source.symbol and target.date = source.date
            WHEN MATCHED THEN
                UPDATE SET
                    date = source.date,
                    open = source.open,
                    high = source.high,
                    low = source.low,
                    close = source.close,
                    volume = source.volume
            WHEN NOT MATCHED THEN
                INSERT (date, open, high, low, close, volume, symbol)
                VALUES (source.date, source.open, source.high, source.low, source.close, source.volume, source.symbol);
            
[2024-11-09T23:11:38.504+0000] {logging_mixin.py:188} INFO - Number of Inserts Executed:  35
[2024-11-09T23:11:38.505+0000] {logging_mixin.py:188} INFO - Executing:  
            MERGE INTO dev.raw_data.stock_data AS target
            USING (SELECT '2024-09-20' AS date, '229.9700' AS open, '233.0900' AS high, '227.6200' AS low, '228.2000' AS close, '318679888' AS volume, 'AAPL' AS symbol) AS source
            ON target.symbol = source.symbol and target.date = source.date
            WHEN MATCHED THEN
                UPDATE SET
                    date = source.date,
                    open = source.open,
                    high = source.high,
                    low = source.low,
                    close = source.close,
                    volume = source.volume
            WHEN NOT MATCHED THEN
                INSERT (date, open, high, low, close, volume, symbol)
                VALUES (source.date, source.open, source.high, source.low, source.close, source.volume, source.symbol);
            
[2024-11-09T23:11:39.220+0000] {logging_mixin.py:188} INFO - Number of Inserts Executed:  36
[2024-11-09T23:11:39.222+0000] {logging_mixin.py:188} INFO - Executing:  
            MERGE INTO dev.raw_data.stock_data AS target
            USING (SELECT '2024-09-19' AS date, '224.9900' AS open, '229.8200' AS high, '224.6300' AS low, '228.8700' AS close, '66781315' AS volume, 'AAPL' AS symbol) AS source
            ON target.symbol = source.symbol and target.date = source.date
            WHEN MATCHED THEN
                UPDATE SET
                    date = source.date,
                    open = source.open,
                    high = source.high,
                    low = source.low,
                    close = source.close,
                    volume = source.volume
            WHEN NOT MATCHED THEN
                INSERT (date, open, high, low, close, volume, symbol)
                VALUES (source.date, source.open, source.high, source.low, source.close, source.volume, source.symbol);
            
[2024-11-09T23:11:39.835+0000] {logging_mixin.py:188} INFO - Number of Inserts Executed:  37
[2024-11-09T23:11:39.836+0000] {logging_mixin.py:188} INFO - Executing:  
            MERGE INTO dev.raw_data.stock_data AS target
            USING (SELECT '2024-09-18' AS date, '217.5500' AS open, '222.7100' AS high, '217.5400' AS low, '220.6900' AS close, '59894928' AS volume, 'AAPL' AS symbol) AS source
            ON target.symbol = source.symbol and target.date = source.date
            WHEN MATCHED THEN
                UPDATE SET
                    date = source.date,
                    open = source.open,
                    high = source.high,
                    low = source.low,
                    close = source.close,
                    volume = source.volume
            WHEN NOT MATCHED THEN
                INSERT (date, open, high, low, close, volume, symbol)
                VALUES (source.date, source.open, source.high, source.low, source.close, source.volume, source.symbol);
            
[2024-11-09T23:11:40.396+0000] {logging_mixin.py:188} INFO - Number of Inserts Executed:  38
[2024-11-09T23:11:40.397+0000] {logging_mixin.py:188} INFO - Executing:  
            MERGE INTO dev.raw_data.stock_data AS target
            USING (SELECT '2024-09-17' AS date, '215.7500' AS open, '216.9000' AS high, '214.5000' AS low, '216.7900' AS close, '45519339' AS volume, 'AAPL' AS symbol) AS source
            ON target.symbol = source.symbol and target.date = source.date
            WHEN MATCHED THEN
                UPDATE SET
                    date = source.date,
                    open = source.open,
                    high = source.high,
                    low = source.low,
                    close = source.close,
                    volume = source.volume
            WHEN NOT MATCHED THEN
                INSERT (date, open, high, low, close, volume, symbol)
                VALUES (source.date, source.open, source.high, source.low, source.close, source.volume, source.symbol);
            
[2024-11-09T23:11:40.892+0000] {logging_mixin.py:188} INFO - Number of Inserts Executed:  39
[2024-11-09T23:11:40.893+0000] {logging_mixin.py:188} INFO - Executing:  
            MERGE INTO dev.raw_data.stock_data AS target
            USING (SELECT '2024-09-16' AS date, '216.5400' AS open, '217.2200' AS high, '213.9200' AS low, '216.3200' AS close, '59357427' AS volume, 'AAPL' AS symbol) AS source
            ON target.symbol = source.symbol and target.date = source.date
            WHEN MATCHED THEN
                UPDATE SET
                    date = source.date,
                    open = source.open,
                    high = source.high,
                    low = source.low,
                    close = source.close,
                    volume = source.volume
            WHEN NOT MATCHED THEN
                INSERT (date, open, high, low, close, volume, symbol)
                VALUES (source.date, source.open, source.high, source.low, source.close, source.volume, source.symbol);
            
[2024-11-09T23:11:41.473+0000] {logging_mixin.py:188} INFO - Number of Inserts Executed:  40
[2024-11-09T23:11:41.474+0000] {logging_mixin.py:188} INFO - Executing:  
            MERGE INTO dev.raw_data.stock_data AS target
            USING (SELECT '2024-09-13' AS date, '223.5800' AS open, '224.0400' AS high, '221.9100' AS low, '222.5000' AS close, '36766619' AS volume, 'AAPL' AS symbol) AS source
            ON target.symbol = source.symbol and target.date = source.date
            WHEN MATCHED THEN
                UPDATE SET
                    date = source.date,
                    open = source.open,
                    high = source.high,
                    low = source.low,
                    close = source.close,
                    volume = source.volume
            WHEN NOT MATCHED THEN
                INSERT (date, open, high, low, close, volume, symbol)
                VALUES (source.date, source.open, source.high, source.low, source.close, source.volume, source.symbol);
            
[2024-11-09T23:11:42.303+0000] {logging_mixin.py:188} INFO - Number of Inserts Executed:  41
[2024-11-09T23:11:42.305+0000] {logging_mixin.py:188} INFO - Executing:  
            MERGE INTO dev.raw_data.stock_data AS target
            USING (SELECT '2024-09-12' AS date, '222.5000' AS open, '223.5500' AS high, '219.8200' AS low, '222.7700' AS close, '37498225' AS volume, 'AAPL' AS symbol) AS source
            ON target.symbol = source.symbol and target.date = source.date
            WHEN MATCHED THEN
                UPDATE SET
                    date = source.date,
                    open = source.open,
                    high = source.high,
                    low = source.low,
                    close = source.close,
                    volume = source.volume
            WHEN NOT MATCHED THEN
                INSERT (date, open, high, low, close, volume, symbol)
                VALUES (source.date, source.open, source.high, source.low, source.close, source.volume, source.symbol);
            
[2024-11-09T23:11:43.010+0000] {logging_mixin.py:188} INFO - Number of Inserts Executed:  42
[2024-11-09T23:11:43.010+0000] {logging_mixin.py:188} INFO - Executing:  
            MERGE INTO dev.raw_data.stock_data AS target
            USING (SELECT '2024-09-11' AS date, '221.4550' AS open, '223.0900' AS high, '217.8900' AS low, '222.6600' AS close, '44587072' AS volume, 'AAPL' AS symbol) AS source
            ON target.symbol = source.symbol and target.date = source.date
            WHEN MATCHED THEN
                UPDATE SET
                    date = source.date,
                    open = source.open,
                    high = source.high,
                    low = source.low,
                    close = source.close,
                    volume = source.volume
            WHEN NOT MATCHED THEN
                INSERT (date, open, high, low, close, volume, symbol)
                VALUES (source.date, source.open, source.high, source.low, source.close, source.volume, source.symbol);
            
[2024-11-09T23:11:44.033+0000] {logging_mixin.py:188} INFO - Number of Inserts Executed:  43
[2024-11-09T23:11:44.034+0000] {logging_mixin.py:188} INFO - Executing:  
            MERGE INTO dev.raw_data.stock_data AS target
            USING (SELECT '2024-09-10' AS date, '218.9200' AS open, '221.4800' AS high, '216.7300' AS low, '220.1100' AS close, '51591033' AS volume, 'AAPL' AS symbol) AS source
            ON target.symbol = source.symbol and target.date = source.date
            WHEN MATCHED THEN
                UPDATE SET
                    date = source.date,
                    open = source.open,
                    high = source.high,
                    low = source.low,
                    close = source.close,
                    volume = source.volume
            WHEN NOT MATCHED THEN
                INSERT (date, open, high, low, close, volume, symbol)
                VALUES (source.date, source.open, source.high, source.low, source.close, source.volume, source.symbol);
            
[2024-11-09T23:11:44.888+0000] {logging_mixin.py:188} INFO - Number of Inserts Executed:  44
[2024-11-09T23:11:44.888+0000] {logging_mixin.py:188} INFO - Executing:  
            MERGE INTO dev.raw_data.stock_data AS target
            USING (SELECT '2024-09-09' AS date, '220.8200' AS open, '221.2700' AS high, '216.7100' AS low, '220.9100' AS close, '67179965' AS volume, 'AAPL' AS symbol) AS source
            ON target.symbol = source.symbol and target.date = source.date
            WHEN MATCHED THEN
                UPDATE SET
                    date = source.date,
                    open = source.open,
                    high = source.high,
                    low = source.low,
                    close = source.close,
                    volume = source.volume
            WHEN NOT MATCHED THEN
                INSERT (date, open, high, low, close, volume, symbol)
                VALUES (source.date, source.open, source.high, source.low, source.close, source.volume, source.symbol);
            
[2024-11-09T23:11:45.481+0000] {logging_mixin.py:188} INFO - Number of Inserts Executed:  45
[2024-11-09T23:11:45.482+0000] {logging_mixin.py:188} INFO - Executing:  
            MERGE INTO dev.raw_data.stock_data AS target
            USING (SELECT '2024-09-06' AS date, '223.9500' AS open, '225.2400' AS high, '219.7700' AS low, '220.8200' AS close, '48423011' AS volume, 'AAPL' AS symbol) AS source
            ON target.symbol = source.symbol and target.date = source.date
            WHEN MATCHED THEN
                UPDATE SET
                    date = source.date,
                    open = source.open,
                    high = source.high,
                    low = source.low,
                    close = source.close,
                    volume = source.volume
            WHEN NOT MATCHED THEN
                INSERT (date, open, high, low, close, volume, symbol)
                VALUES (source.date, source.open, source.high, source.low, source.close, source.volume, source.symbol);
            
[2024-11-09T23:11:46.183+0000] {logging_mixin.py:188} INFO - Number of Inserts Executed:  46
[2024-11-09T23:11:46.184+0000] {logging_mixin.py:188} INFO - Executing:  
            MERGE INTO dev.raw_data.stock_data AS target
            USING (SELECT '2024-09-05' AS date, '221.6250' AS open, '225.4800' AS high, '221.5200' AS low, '222.3800' AS close, '36615398' AS volume, 'AAPL' AS symbol) AS source
            ON target.symbol = source.symbol and target.date = source.date
            WHEN MATCHED THEN
                UPDATE SET
                    date = source.date,
                    open = source.open,
                    high = source.high,
                    low = source.low,
                    close = source.close,
                    volume = source.volume
            WHEN NOT MATCHED THEN
                INSERT (date, open, high, low, close, volume, symbol)
                VALUES (source.date, source.open, source.high, source.low, source.close, source.volume, source.symbol);
            
[2024-11-09T23:11:46.762+0000] {logging_mixin.py:188} INFO - Number of Inserts Executed:  47
[2024-11-09T23:11:46.763+0000] {logging_mixin.py:188} INFO - Executing:  
            MERGE INTO dev.raw_data.stock_data AS target
            USING (SELECT '2024-09-04' AS date, '221.6600' AS open, '221.7800' AS high, '217.4800' AS low, '220.8500' AS close, '43262758' AS volume, 'AAPL' AS symbol) AS source
            ON target.symbol = source.symbol and target.date = source.date
            WHEN MATCHED THEN
                UPDATE SET
                    date = source.date,
                    open = source.open,
                    high = source.high,
                    low = source.low,
                    close = source.close,
                    volume = source.volume
            WHEN NOT MATCHED THEN
                INSERT (date, open, high, low, close, volume, symbol)
                VALUES (source.date, source.open, source.high, source.low, source.close, source.volume, source.symbol);
            
[2024-11-09T23:11:47.297+0000] {logging_mixin.py:188} INFO - Number of Inserts Executed:  48
[2024-11-09T23:11:47.298+0000] {logging_mixin.py:188} INFO - Executing:  
            MERGE INTO dev.raw_data.stock_data AS target
            USING (SELECT '2024-09-03' AS date, '228.5500' AS open, '229.0000' AS high, '221.1700' AS low, '222.7700' AS close, '50190574' AS volume, 'AAPL' AS symbol) AS source
            ON target.symbol = source.symbol and target.date = source.date
            WHEN MATCHED THEN
                UPDATE SET
                    date = source.date,
                    open = source.open,
                    high = source.high,
                    low = source.low,
                    close = source.close,
                    volume = source.volume
            WHEN NOT MATCHED THEN
                INSERT (date, open, high, low, close, volume, symbol)
                VALUES (source.date, source.open, source.high, source.low, source.close, source.volume, source.symbol);
            
[2024-11-09T23:11:48.026+0000] {logging_mixin.py:188} INFO - Number of Inserts Executed:  49
[2024-11-09T23:11:48.026+0000] {logging_mixin.py:188} INFO - Executing:  
            MERGE INTO dev.raw_data.stock_data AS target
            USING (SELECT '2024-08-30' AS date, '230.1900' AS open, '230.4000' AS high, '227.4800' AS low, '229.0000' AS close, '52990770' AS volume, 'AAPL' AS symbol) AS source
            ON target.symbol = source.symbol and target.date = source.date
            WHEN MATCHED THEN
                UPDATE SET
                    date = source.date,
                    open = source.open,
                    high = source.high,
                    low = source.low,
                    close = source.close,
                    volume = source.volume
            WHEN NOT MATCHED THEN
                INSERT (date, open, high, low, close, volume, symbol)
                VALUES (source.date, source.open, source.high, source.low, source.close, source.volume, source.symbol);
            
[2024-11-09T23:11:48.949+0000] {logging_mixin.py:188} INFO - Number of Inserts Executed:  50
[2024-11-09T23:11:48.950+0000] {logging_mixin.py:188} INFO - Executing:  
            MERGE INTO dev.raw_data.stock_data AS target
            USING (SELECT '2024-08-29' AS date, '230.1000' AS open, '232.9200' AS high, '228.8800' AS low, '229.7900' AS close, '51906297' AS volume, 'AAPL' AS symbol) AS source
            ON target.symbol = source.symbol and target.date = source.date
            WHEN MATCHED THEN
                UPDATE SET
                    date = source.date,
                    open = source.open,
                    high = source.high,
                    low = source.low,
                    close = source.close,
                    volume = source.volume
            WHEN NOT MATCHED THEN
                INSERT (date, open, high, low, close, volume, symbol)
                VALUES (source.date, source.open, source.high, source.low, source.close, source.volume, source.symbol);
            
[2024-11-09T23:11:49.477+0000] {logging_mixin.py:188} INFO - Number of Inserts Executed:  51
[2024-11-09T23:11:49.478+0000] {logging_mixin.py:188} INFO - Executing:  
            MERGE INTO dev.raw_data.stock_data AS target
            USING (SELECT '2024-08-28' AS date, '227.9200' AS open, '229.8600' AS high, '225.6800' AS low, '226.4900' AS close, '38052167' AS volume, 'AAPL' AS symbol) AS source
            ON target.symbol = source.symbol and target.date = source.date
            WHEN MATCHED THEN
                UPDATE SET
                    date = source.date,
                    open = source.open,
                    high = source.high,
                    low = source.low,
                    close = source.close,
                    volume = source.volume
            WHEN NOT MATCHED THEN
                INSERT (date, open, high, low, close, volume, symbol)
                VALUES (source.date, source.open, source.high, source.low, source.close, source.volume, source.symbol);
            
[2024-11-09T23:11:50.584+0000] {logging_mixin.py:188} INFO - Number of Inserts Executed:  52
[2024-11-09T23:11:50.585+0000] {logging_mixin.py:188} INFO - Executing:  
            MERGE INTO dev.raw_data.stock_data AS target
            USING (SELECT '2024-08-27' AS date, '225.9950' AS open, '228.8500' AS high, '224.8900' AS low, '228.0300' AS close, '35934559' AS volume, 'AAPL' AS symbol) AS source
            ON target.symbol = source.symbol and target.date = source.date
            WHEN MATCHED THEN
                UPDATE SET
                    date = source.date,
                    open = source.open,
                    high = source.high,
                    low = source.low,
                    close = source.close,
                    volume = source.volume
            WHEN NOT MATCHED THEN
                INSERT (date, open, high, low, close, volume, symbol)
                VALUES (source.date, source.open, source.high, source.low, source.close, source.volume, source.symbol);
            
[2024-11-09T23:11:51.302+0000] {logging_mixin.py:188} INFO - Number of Inserts Executed:  53
[2024-11-09T23:11:51.303+0000] {logging_mixin.py:188} INFO - Executing:  
            MERGE INTO dev.raw_data.stock_data AS target
            USING (SELECT '2024-08-26' AS date, '226.7600' AS open, '227.2800' AS high, '223.8905' AS low, '227.1800' AS close, '30602208' AS volume, 'AAPL' AS symbol) AS source
            ON target.symbol = source.symbol and target.date = source.date
            WHEN MATCHED THEN
                UPDATE SET
                    date = source.date,
                    open = source.open,
                    high = source.high,
                    low = source.low,
                    close = source.close,
                    volume = source.volume
            WHEN NOT MATCHED THEN
                INSERT (date, open, high, low, close, volume, symbol)
                VALUES (source.date, source.open, source.high, source.low, source.close, source.volume, source.symbol);
            
[2024-11-09T23:11:52.020+0000] {logging_mixin.py:188} INFO - Number of Inserts Executed:  54
[2024-11-09T23:11:52.021+0000] {logging_mixin.py:188} INFO - Executing:  
            MERGE INTO dev.raw_data.stock_data AS target
            USING (SELECT '2024-08-23' AS date, '225.6589' AS open, '228.2200' AS high, '224.3300' AS low, '226.8400' AS close, '38677250' AS volume, 'AAPL' AS symbol) AS source
            ON target.symbol = source.symbol and target.date = source.date
            WHEN MATCHED THEN
                UPDATE SET
                    date = source.date,
                    open = source.open,
                    high = source.high,
                    low = source.low,
                    close = source.close,
                    volume = source.volume
            WHEN NOT MATCHED THEN
                INSERT (date, open, high, low, close, volume, symbol)
                VALUES (source.date, source.open, source.high, source.low, source.close, source.volume, source.symbol);
            
[2024-11-09T23:11:52.623+0000] {logging_mixin.py:188} INFO - Number of Inserts Executed:  55
[2024-11-09T23:11:52.624+0000] {logging_mixin.py:188} INFO - Executing:  
            MERGE INTO dev.raw_data.stock_data AS target
            USING (SELECT '2024-08-22' AS date, '227.7900' AS open, '228.3400' AS high, '223.9000' AS low, '224.5300' AS close, '43695321' AS volume, 'AAPL' AS symbol) AS source
            ON target.symbol = source.symbol and target.date = source.date
            WHEN MATCHED THEN
                UPDATE SET
                    date = source.date,
                    open = source.open,
                    high = source.high,
                    low = source.low,
                    close = source.close,
                    volume = source.volume
            WHEN NOT MATCHED THEN
                INSERT (date, open, high, low, close, volume, symbol)
                VALUES (source.date, source.open, source.high, source.low, source.close, source.volume, source.symbol);
            
[2024-11-09T23:11:53.253+0000] {logging_mixin.py:188} INFO - Number of Inserts Executed:  56
[2024-11-09T23:11:53.254+0000] {logging_mixin.py:188} INFO - Executing:  
            MERGE INTO dev.raw_data.stock_data AS target
            USING (SELECT '2024-08-21' AS date, '226.5200' AS open, '227.9800' AS high, '225.0500' AS low, '226.4000' AS close, '34765480' AS volume, 'AAPL' AS symbol) AS source
            ON target.symbol = source.symbol and target.date = source.date
            WHEN MATCHED THEN
                UPDATE SET
                    date = source.date,
                    open = source.open,
                    high = source.high,
                    low = source.low,
                    close = source.close,
                    volume = source.volume
            WHEN NOT MATCHED THEN
                INSERT (date, open, high, low, close, volume, symbol)
                VALUES (source.date, source.open, source.high, source.low, source.close, source.volume, source.symbol);
            
[2024-11-09T23:11:53.862+0000] {logging_mixin.py:188} INFO - Number of Inserts Executed:  57
[2024-11-09T23:11:53.863+0000] {logging_mixin.py:188} INFO - Executing:  
            MERGE INTO dev.raw_data.stock_data AS target
            USING (SELECT '2024-08-20' AS date, '225.7700' AS open, '227.1700' AS high, '225.4500' AS low, '226.5100' AS close, '30299033' AS volume, 'AAPL' AS symbol) AS source
            ON target.symbol = source.symbol and target.date = source.date
            WHEN MATCHED THEN
                UPDATE SET
                    date = source.date,
                    open = source.open,
                    high = source.high,
                    low = source.low,
                    close = source.close,
                    volume = source.volume
            WHEN NOT MATCHED THEN
                INSERT (date, open, high, low, close, volume, symbol)
                VALUES (source.date, source.open, source.high, source.low, source.close, source.volume, source.symbol);
            
[2024-11-09T23:11:54.559+0000] {logging_mixin.py:188} INFO - Number of Inserts Executed:  58
[2024-11-09T23:11:54.560+0000] {logging_mixin.py:188} INFO - Executing:  
            MERGE INTO dev.raw_data.stock_data AS target
            USING (SELECT '2024-08-19' AS date, '225.7200' AS open, '225.9900' AS high, '223.0400' AS low, '225.8900' AS close, '40687813' AS volume, 'AAPL' AS symbol) AS source
            ON target.symbol = source.symbol and target.date = source.date
            WHEN MATCHED THEN
                UPDATE SET
                    date = source.date,
                    open = source.open,
                    high = source.high,
                    low = source.low,
                    close = source.close,
                    volume = source.volume
            WHEN NOT MATCHED THEN
                INSERT (date, open, high, low, close, volume, symbol)
                VALUES (source.date, source.open, source.high, source.low, source.close, source.volume, source.symbol);
            
[2024-11-09T23:11:55.298+0000] {logging_mixin.py:188} INFO - Number of Inserts Executed:  59
[2024-11-09T23:11:55.299+0000] {logging_mixin.py:188} INFO - Executing:  
            MERGE INTO dev.raw_data.stock_data AS target
            USING (SELECT '2024-08-16' AS date, '223.9200' AS open, '226.8271' AS high, '223.6501' AS low, '226.0500' AS close, '44340240' AS volume, 'AAPL' AS symbol) AS source
            ON target.symbol = source.symbol and target.date = source.date
            WHEN MATCHED THEN
                UPDATE SET
                    date = source.date,
                    open = source.open,
                    high = source.high,
                    low = source.low,
                    close = source.close,
                    volume = source.volume
            WHEN NOT MATCHED THEN
                INSERT (date, open, high, low, close, volume, symbol)
                VALUES (source.date, source.open, source.high, source.low, source.close, source.volume, source.symbol);
            
[2024-11-09T23:11:56.324+0000] {logging_mixin.py:188} INFO - Number of Inserts Executed:  60
[2024-11-09T23:11:56.326+0000] {logging_mixin.py:188} INFO - Executing:  
            MERGE INTO dev.raw_data.stock_data AS target
            USING (SELECT '2024-08-15' AS date, '224.6000' AS open, '225.3500' AS high, '222.7600' AS low, '224.7200' AS close, '46414013' AS volume, 'AAPL' AS symbol) AS source
            ON target.symbol = source.symbol and target.date = source.date
            WHEN MATCHED THEN
                UPDATE SET
                    date = source.date,
                    open = source.open,
                    high = source.high,
                    low = source.low,
                    close = source.close,
                    volume = source.volume
            WHEN NOT MATCHED THEN
                INSERT (date, open, high, low, close, volume, symbol)
                VALUES (source.date, source.open, source.high, source.low, source.close, source.volume, source.symbol);
            
[2024-11-09T23:11:57.040+0000] {logging_mixin.py:188} INFO - Number of Inserts Executed:  61
[2024-11-09T23:11:57.041+0000] {logging_mixin.py:188} INFO - Executing:  
            MERGE INTO dev.raw_data.stock_data AS target
            USING (SELECT '2024-08-14' AS date, '220.5700' AS open, '223.0300' AS high, '219.7000' AS low, '221.7200' AS close, '41960574' AS volume, 'AAPL' AS symbol) AS source
            ON target.symbol = source.symbol and target.date = source.date
            WHEN MATCHED THEN
                UPDATE SET
                    date = source.date,
                    open = source.open,
                    high = source.high,
                    low = source.low,
                    close = source.close,
                    volume = source.volume
            WHEN NOT MATCHED THEN
                INSERT (date, open, high, low, close, volume, symbol)
                VALUES (source.date, source.open, source.high, source.low, source.close, source.volume, source.symbol);
            
[2024-11-09T23:11:57.857+0000] {logging_mixin.py:188} INFO - Number of Inserts Executed:  62
[2024-11-09T23:11:57.858+0000] {logging_mixin.py:188} INFO - Executing:  
            MERGE INTO dev.raw_data.stock_data AS target
            USING (SELECT '2024-08-13' AS date, '219.0100' AS open, '221.8900' AS high, '219.0100' AS low, '221.2700' AS close, '44155331' AS volume, 'AAPL' AS symbol) AS source
            ON target.symbol = source.symbol and target.date = source.date
            WHEN MATCHED THEN
                UPDATE SET
                    date = source.date,
                    open = source.open,
                    high = source.high,
                    low = source.low,
                    close = source.close,
                    volume = source.volume
            WHEN NOT MATCHED THEN
                INSERT (date, open, high, low, close, volume, symbol)
                VALUES (source.date, source.open, source.high, source.low, source.close, source.volume, source.symbol);
            
[2024-11-09T23:11:58.367+0000] {logging_mixin.py:188} INFO - Number of Inserts Executed:  63
[2024-11-09T23:11:58.368+0000] {logging_mixin.py:188} INFO - Executing:  
            MERGE INTO dev.raw_data.stock_data AS target
            USING (SELECT '2024-08-12' AS date, '216.0700' AS open, '219.5099' AS high, '215.6000' AS low, '217.5300' AS close, '38028092' AS volume, 'AAPL' AS symbol) AS source
            ON target.symbol = source.symbol and target.date = source.date
            WHEN MATCHED THEN
                UPDATE SET
                    date = source.date,
                    open = source.open,
                    high = source.high,
                    low = source.low,
                    close = source.close,
                    volume = source.volume
            WHEN NOT MATCHED THEN
                INSERT (date, open, high, low, close, volume, symbol)
                VALUES (source.date, source.open, source.high, source.low, source.close, source.volume, source.symbol);
            
[2024-11-09T23:11:58.984+0000] {logging_mixin.py:188} INFO - Number of Inserts Executed:  64
[2024-11-09T23:12:04.617+0000] {cursor.py:1149} INFO - Number of results in first chunk: 1
[2024-11-09T23:12:04.618+0000] {logging_mixin.py:188} INFO - Number of Inserts that were expected to Execute:  64
[2024-11-09T23:12:04.618+0000] {logging_mixin.py:188} INFO - Load complete for AAPL Stock Data
[2024-11-09T23:12:04.619+0000] {python.py:237} INFO - Done. Returned value was: None
[2024-11-09T23:12:04.619+0000] {taskinstance.py:441} INFO - ::group::Post task execution logs
[2024-11-09T23:12:04.632+0000] {taskinstance.py:1206} INFO - Marking task as SUCCESS. dag_id=Stock_Data_ETL, task_id=load_stock_data, run_id=scheduled__2024-11-08T21:30:00+00:00, execution_date=20241108T213000, start_date=20241109T231115, end_date=20241109T231204
[2024-11-09T23:12:04.684+0000] {local_task_job_runner.py:240} INFO - Task exited with return code 0
[2024-11-09T23:12:04.704+0000] {taskinstance.py:3498} INFO - 0 downstream tasks scheduled from follow-on schedule check
[2024-11-09T23:12:04.704+0000] {local_task_job_runner.py:222} INFO - ::endgroup::
[2024-11-10T02:31:05.579+0000] {local_task_job_runner.py:120} INFO - ::group::Pre task execution logs
[2024-11-10T02:31:05.591+0000] {taskinstance.py:2076} INFO - Dependencies all met for dep_context=non-requeueable deps ti=<TaskInstance: Stock_Data_ETL.load_stock_data scheduled__2024-11-08T21:30:00+00:00 [queued]>
[2024-11-10T02:31:05.595+0000] {taskinstance.py:2076} INFO - Dependencies all met for dep_context=requeueable deps ti=<TaskInstance: Stock_Data_ETL.load_stock_data scheduled__2024-11-08T21:30:00+00:00 [queued]>
[2024-11-10T02:31:05.595+0000] {taskinstance.py:2306} INFO - Starting attempt 1 of 2
[2024-11-10T02:31:05.600+0000] {taskinstance.py:2330} INFO - Executing <Task(_PythonDecoratedOperator): load_stock_data> on 2024-11-08 21:30:00+00:00
[2024-11-10T02:31:05.605+0000] {logging_mixin.py:188} WARNING - /home/***/.local/lib/python3.12/site-packages/***/task/task_runner/standard_task_runner.py:61 DeprecationWarning: This process (pid=5125) is multi-threaded, use of fork() may lead to deadlocks in the child.
[2024-11-10T02:31:05.605+0000] {standard_task_runner.py:63} INFO - Started process 5128 to run task
[2024-11-10T02:31:05.605+0000] {standard_task_runner.py:90} INFO - Running: ['***', 'tasks', 'run', 'Stock_Data_ETL', 'load_stock_data', 'scheduled__2024-11-08T21:30:00+00:00', '--job-id', '104', '--raw', '--subdir', 'DAGS_FOLDER/FinanceDataAnalytics_ETL_Pair9.ipynb.py', '--cfg-path', '/tmp/tmpraycujdr']
[2024-11-10T02:31:05.606+0000] {standard_task_runner.py:91} INFO - Job 104: Subtask load_stock_data
[2024-11-10T02:31:05.628+0000] {task_command.py:426} INFO - Running <TaskInstance: Stock_Data_ETL.load_stock_data scheduled__2024-11-08T21:30:00+00:00 [running]> on host c8883bd7101d
[2024-11-10T02:31:05.669+0000] {taskinstance.py:2648} INFO - Exporting env vars: AIRFLOW_CTX_DAG_EMAIL='shatayu.thakur@sjsu.edu,pranav.raveendran@sjsu.edu' AIRFLOW_CTX_DAG_OWNER='Pair 9' AIRFLOW_CTX_DAG_ID='Stock_Data_ETL' AIRFLOW_CTX_TASK_ID='load_stock_data' AIRFLOW_CTX_EXECUTION_DATE='2024-11-08T21:30:00+00:00' AIRFLOW_CTX_TRY_NUMBER='1' AIRFLOW_CTX_DAG_RUN_ID='scheduled__2024-11-08T21:30:00+00:00'
[2024-11-10T02:31:05.670+0000] {taskinstance.py:430} INFO - ::endgroup::
[2024-11-10T02:31:05.674+0000] {base.py:84} INFO - Using connection ID 'snowflake_conn' for task execution.
[2024-11-10T02:31:05.675+0000] {connection.py:399} INFO - Snowflake Connector for Python Version: 3.10.0, Python Version: 3.12.3, Platform: Linux-6.10.11-linuxkit-aarch64-with-glibc2.36
[2024-11-10T02:31:05.675+0000] {connection.py:1239} INFO - This connection is in OCSP Fail Open Mode. TLS Certificates would be checked for validity and revocation status. Any other Certificate Revocation related exceptions or OCSP Responder failures would be disregarded in favor of connectivity.
[2024-11-10T02:31:06.291+0000] {cursor.py:1149} INFO - Number of results in first chunk: 1
[2024-11-10T02:31:06.773+0000] {cursor.py:1149} INFO - Number of results in first chunk: 1
[2024-11-10T02:31:06.773+0000] {logging_mixin.py:188} INFO - Target Table Initialized and Ready to Store Data from ETL
[2024-11-10T02:31:06.773+0000] {logging_mixin.py:188} INFO - Loading Apple stock data...
[2024-11-10T02:31:46.504+0000] {logging_mixin.py:188} INFO - Loading Nvidia stock data...
[2024-11-10T02:32:26.020+0000] {cursor.py:1149} INFO - Number of results in first chunk: 1
[2024-11-10T02:32:26.022+0000] {logging_mixin.py:188} INFO - Data load complete for Apple and Nvidia stocks.
[2024-11-10T02:32:26.022+0000] {connection.py:762} INFO - closed
[2024-11-10T02:32:26.067+0000] {connection.py:768} INFO - No async queries seem to be running, deleting session
[2024-11-10T02:32:26.141+0000] {python.py:237} INFO - Done. Returned value was: None
[2024-11-10T02:32:26.142+0000] {taskinstance.py:441} INFO - ::group::Post task execution logs
[2024-11-10T02:32:26.154+0000] {taskinstance.py:1206} INFO - Marking task as SUCCESS. dag_id=Stock_Data_ETL, task_id=load_stock_data, run_id=scheduled__2024-11-08T21:30:00+00:00, execution_date=20241108T213000, start_date=20241110T023105, end_date=20241110T023226
[2024-11-10T02:32:26.174+0000] {local_task_job_runner.py:240} INFO - Task exited with return code 0
[2024-11-10T02:32:26.190+0000] {taskinstance.py:3498} INFO - 1 downstream tasks scheduled from follow-on schedule check
[2024-11-10T02:32:26.191+0000] {local_task_job_runner.py:222} INFO - ::endgroup::
[2024-11-10T05:48:13.310+0000] {local_task_job_runner.py:120} INFO - ::group::Pre task execution logs
[2024-11-10T05:48:13.323+0000] {taskinstance.py:2076} INFO - Dependencies all met for dep_context=non-requeueable deps ti=<TaskInstance: Stock_Data_ETL.load_stock_data scheduled__2024-11-08T21:30:00+00:00 [queued]>
[2024-11-10T05:48:13.327+0000] {taskinstance.py:2076} INFO - Dependencies all met for dep_context=requeueable deps ti=<TaskInstance: Stock_Data_ETL.load_stock_data scheduled__2024-11-08T21:30:00+00:00 [queued]>
[2024-11-10T05:48:13.327+0000] {taskinstance.py:2306} INFO - Starting attempt 1 of 2
[2024-11-10T05:48:13.333+0000] {taskinstance.py:2330} INFO - Executing <Task(_PythonDecoratedOperator): load_stock_data> on 2024-11-08 21:30:00+00:00
[2024-11-10T05:48:13.337+0000] {logging_mixin.py:188} WARNING - /home/***/.local/lib/python3.12/site-packages/***/task/task_runner/standard_task_runner.py:61 DeprecationWarning: This process (pid=311) is multi-threaded, use of fork() may lead to deadlocks in the child.
[2024-11-10T05:48:13.336+0000] {standard_task_runner.py:90} INFO - Running: ['***', 'tasks', 'run', 'Stock_Data_ETL', 'load_stock_data', 'scheduled__2024-11-08T21:30:00+00:00', '--job-id', '115', '--raw', '--subdir', 'DAGS_FOLDER/FinanceDataAnalytics_ETL_Pair9.ipynb.py', '--cfg-path', '/tmp/tmp5r4d7r9z']
[2024-11-10T05:48:13.338+0000] {standard_task_runner.py:91} INFO - Job 115: Subtask load_stock_data
[2024-11-10T05:48:13.338+0000] {standard_task_runner.py:63} INFO - Started process 314 to run task
[2024-11-10T05:48:13.362+0000] {task_command.py:426} INFO - Running <TaskInstance: Stock_Data_ETL.load_stock_data scheduled__2024-11-08T21:30:00+00:00 [running]> on host 2538ecb7b4d3
[2024-11-10T05:48:13.419+0000] {taskinstance.py:2648} INFO - Exporting env vars: AIRFLOW_CTX_DAG_EMAIL='shatayu.thakur@sjsu.edu' AIRFLOW_CTX_DAG_OWNER='Pair 9' AIRFLOW_CTX_DAG_ID='Stock_Data_ETL' AIRFLOW_CTX_TASK_ID='load_stock_data' AIRFLOW_CTX_EXECUTION_DATE='2024-11-08T21:30:00+00:00' AIRFLOW_CTX_TRY_NUMBER='1' AIRFLOW_CTX_DAG_RUN_ID='scheduled__2024-11-08T21:30:00+00:00'
[2024-11-10T05:48:13.420+0000] {taskinstance.py:430} INFO - ::endgroup::
[2024-11-10T05:48:13.425+0000] {base.py:84} INFO - Using connection ID 'snowflake_conn' for task execution.
[2024-11-10T05:48:13.426+0000] {connection.py:399} INFO - Snowflake Connector for Python Version: 3.10.0, Python Version: 3.12.3, Platform: Linux-6.10.11-linuxkit-aarch64-with-glibc2.36
[2024-11-10T05:48:13.426+0000] {connection.py:1239} INFO - This connection is in OCSP Fail Open Mode. TLS Certificates would be checked for validity and revocation status. Any other Certificate Revocation related exceptions or OCSP Responder failures would be disregarded in favor of connectivity.
[2024-11-10T05:48:15.379+0000] {cursor.py:1149} INFO - Number of results in first chunk: 1
[2024-11-10T05:48:15.860+0000] {cursor.py:1149} INFO - Number of results in first chunk: 1
[2024-11-10T05:48:15.860+0000] {logging_mixin.py:188} INFO - Target Table Initialized and Ready to Store Data from ETL
[2024-11-10T05:48:15.860+0000] {logging_mixin.py:188} INFO - Loading Apple stock data...
[2024-11-10T05:48:55.791+0000] {logging_mixin.py:188} INFO - Loading Nvidia stock data...
[2024-11-10T05:49:31.863+0000] {cursor.py:1149} INFO - Number of results in first chunk: 1
[2024-11-10T05:49:31.865+0000] {logging_mixin.py:188} INFO - Data load complete for Apple and Nvidia stocks.
[2024-11-10T05:49:31.865+0000] {connection.py:762} INFO - closed
[2024-11-10T05:49:31.910+0000] {connection.py:768} INFO - No async queries seem to be running, deleting session
[2024-11-10T05:49:31.991+0000] {python.py:237} INFO - Done. Returned value was: None
[2024-11-10T05:49:31.992+0000] {taskinstance.py:441} INFO - ::group::Post task execution logs
[2024-11-10T05:49:32.003+0000] {taskinstance.py:1206} INFO - Marking task as SUCCESS. dag_id=Stock_Data_ETL, task_id=load_stock_data, run_id=scheduled__2024-11-08T21:30:00+00:00, execution_date=20241108T213000, start_date=20241110T054813, end_date=20241110T054932
[2024-11-10T05:49:32.008+0000] {taskinstance.py:1182} ERROR - Error when executing notify_success callback
Traceback (most recent call last):
  File "/home/airflow/.local/lib/python3.12/site-packages/airflow/models/taskinstance.py", line 1179, in _run_finished_callback
    callback(context)
  File "/opt/airflow/dags/FinanceDataAnalytics_ETL_Pair9.ipynb.py", line 30, in notify_success
    send_slack_notification(f"DAG {context['dag'].dag_id} succeeded!")
  File "/opt/airflow/dags/FinanceDataAnalytics_ETL_Pair9.ipynb.py", line 23, in send_slack_notification
    webhook_url = Variable.get("SLACK_WEBHOOK_URL")  # Ensure SLACK_WEBHOOK_URL is set as an Airflow Variable
                  ^^^^^^^^^^^^^^^^^^^^^^^^^^^^^^^^^
  File "/home/airflow/.local/lib/python3.12/site-packages/airflow/models/variable.py", line 143, in get
    raise KeyError(f"Variable {key} does not exist")
KeyError: 'Variable SLACK_WEBHOOK_URL does not exist'
[2024-11-10T05:49:32.034+0000] {local_task_job_runner.py:240} INFO - Task exited with return code 0
[2024-11-10T05:49:32.049+0000] {taskinstance.py:3498} INFO - 1 downstream tasks scheduled from follow-on schedule check
[2024-11-10T05:49:32.049+0000] {local_task_job_runner.py:222} INFO - ::endgroup::
[2024-11-10T06:41:58.242+0000] {local_task_job_runner.py:120} INFO - ::group::Pre task execution logs
[2024-11-10T06:41:58.257+0000] {taskinstance.py:2076} INFO - Dependencies all met for dep_context=non-requeueable deps ti=<TaskInstance: Stock_Data_ETL.load_stock_data scheduled__2024-11-08T21:30:00+00:00 [queued]>
[2024-11-10T06:41:58.261+0000] {taskinstance.py:2076} INFO - Dependencies all met for dep_context=requeueable deps ti=<TaskInstance: Stock_Data_ETL.load_stock_data scheduled__2024-11-08T21:30:00+00:00 [queued]>
[2024-11-10T06:41:58.261+0000] {taskinstance.py:2306} INFO - Starting attempt 1 of 2
[2024-11-10T06:41:58.266+0000] {taskinstance.py:2330} INFO - Executing <Task(_PythonDecoratedOperator): load_stock_data> on 2024-11-08 21:30:00+00:00
[2024-11-10T06:41:58.272+0000] {logging_mixin.py:188} WARNING - /home/***/.local/lib/python3.12/site-packages/***/task/task_runner/standard_task_runner.py:61 DeprecationWarning: This process (pid=1115) is multi-threaded, use of fork() may lead to deadlocks in the child.
[2024-11-10T06:41:58.270+0000] {standard_task_runner.py:90} INFO - Running: ['***', 'tasks', 'run', 'Stock_Data_ETL', 'load_stock_data', 'scheduled__2024-11-08T21:30:00+00:00', '--job-id', '140', '--raw', '--subdir', 'DAGS_FOLDER/FinanceDataAnalytics_ETL_Pair9.ipynb.py', '--cfg-path', '/tmp/tmp6pc02bjn']
[2024-11-10T06:41:58.272+0000] {standard_task_runner.py:91} INFO - Job 140: Subtask load_stock_data
[2024-11-10T06:41:58.272+0000] {standard_task_runner.py:63} INFO - Started process 1118 to run task
[2024-11-10T06:41:58.295+0000] {task_command.py:426} INFO - Running <TaskInstance: Stock_Data_ETL.load_stock_data scheduled__2024-11-08T21:30:00+00:00 [running]> on host 2538ecb7b4d3
[2024-11-10T06:41:58.343+0000] {taskinstance.py:2648} INFO - Exporting env vars: AIRFLOW_CTX_DAG_EMAIL='shatayu.thakur@sjsu.edu' AIRFLOW_CTX_DAG_OWNER='Pair 9' AIRFLOW_CTX_DAG_ID='Stock_Data_ETL' AIRFLOW_CTX_TASK_ID='load_stock_data' AIRFLOW_CTX_EXECUTION_DATE='2024-11-08T21:30:00+00:00' AIRFLOW_CTX_TRY_NUMBER='1' AIRFLOW_CTX_DAG_RUN_ID='scheduled__2024-11-08T21:30:00+00:00'
[2024-11-10T06:41:58.343+0000] {taskinstance.py:430} INFO - ::endgroup::
[2024-11-10T06:41:58.348+0000] {base.py:84} INFO - Using connection ID 'snowflake_conn' for task execution.
[2024-11-10T06:41:58.348+0000] {connection.py:399} INFO - Snowflake Connector for Python Version: 3.10.0, Python Version: 3.12.3, Platform: Linux-6.10.11-linuxkit-aarch64-with-glibc2.36
[2024-11-10T06:41:58.349+0000] {connection.py:1239} INFO - This connection is in OCSP Fail Open Mode. TLS Certificates would be checked for validity and revocation status. Any other Certificate Revocation related exceptions or OCSP Responder failures would be disregarded in favor of connectivity.
[2024-11-10T06:41:58.904+0000] {cursor.py:1149} INFO - Number of results in first chunk: 1
[2024-11-10T06:41:59.411+0000] {cursor.py:1149} INFO - Number of results in first chunk: 1
[2024-11-10T06:41:59.412+0000] {logging_mixin.py:188} INFO - Target Table Initialized and Ready to Store Data from ETL
[2024-11-10T06:41:59.412+0000] {logging_mixin.py:188} INFO - Loading Apple stock data...
[2024-11-10T06:42:39.555+0000] {logging_mixin.py:188} INFO - Loading Nvidia stock data...
[2024-11-10T06:43:18.384+0000] {cursor.py:1149} INFO - Number of results in first chunk: 1
[2024-11-10T06:43:18.385+0000] {logging_mixin.py:188} INFO - Data load complete for Apple and Nvidia stocks.
[2024-11-10T06:43:18.386+0000] {connection.py:762} INFO - closed
[2024-11-10T06:43:18.432+0000] {connection.py:768} INFO - No async queries seem to be running, deleting session
[2024-11-10T06:43:18.493+0000] {python.py:237} INFO - Done. Returned value was: None
[2024-11-10T06:43:18.494+0000] {taskinstance.py:441} INFO - ::group::Post task execution logs
[2024-11-10T06:43:18.506+0000] {taskinstance.py:1206} INFO - Marking task as SUCCESS. dag_id=Stock_Data_ETL, task_id=load_stock_data, run_id=scheduled__2024-11-08T21:30:00+00:00, execution_date=20241108T213000, start_date=20241110T064158, end_date=20241110T064318
[2024-11-10T06:43:18.817+0000] {local_task_job_runner.py:240} INFO - Task exited with return code 0
[2024-11-10T06:43:18.836+0000] {taskinstance.py:3498} INFO - 1 downstream tasks scheduled from follow-on schedule check
[2024-11-10T06:43:18.838+0000] {local_task_job_runner.py:222} INFO - ::endgroup::
