[2024-11-10T00:50:15.054+0000] {local_task_job_runner.py:120} INFO - ::group::Pre task execution logs
[2024-11-10T00:50:15.069+0000] {taskinstance.py:2076} INFO - Dependencies all met for dep_context=non-requeueable deps ti=<TaskInstance: Stock_Prediction.predict manual__2024-11-10T00:42:49.178198+00:00 [queued]>
[2024-11-10T00:50:15.073+0000] {taskinstance.py:2076} INFO - Dependencies all met for dep_context=requeueable deps ti=<TaskInstance: Stock_Prediction.predict manual__2024-11-10T00:42:49.178198+00:00 [queued]>
[2024-11-10T00:50:15.073+0000] {taskinstance.py:2306} INFO - Starting attempt 2 of 2
[2024-11-10T00:50:15.079+0000] {taskinstance.py:2330} INFO - Executing <Task(_PythonDecoratedOperator): predict> on 2024-11-10 00:42:49.178198+00:00
[2024-11-10T00:50:15.085+0000] {standard_task_runner.py:90} INFO - Running: ['***', 'tasks', 'run', 'Stock_Prediction', 'predict', 'manual__2024-11-10T00:42:49.178198+00:00', '--job-id', '91', '--raw', '--subdir', 'DAGS_FOLDER/FinanceDataAnalytics_Prediction_Pair9.ipynb.py', '--cfg-path', '/tmp/tmpm8tg18bs']
[2024-11-10T00:50:15.085+0000] {logging_mixin.py:188} WARNING - /home/***/.local/lib/python3.12/site-packages/***/task/task_runner/standard_task_runner.py:61 DeprecationWarning: This process (pid=3176) is multi-threaded, use of fork() may lead to deadlocks in the child.
[2024-11-10T00:50:15.086+0000] {standard_task_runner.py:91} INFO - Job 91: Subtask predict
[2024-11-10T00:50:15.086+0000] {standard_task_runner.py:63} INFO - Started process 3179 to run task
[2024-11-10T00:50:15.115+0000] {task_command.py:426} INFO - Running <TaskInstance: Stock_Prediction.predict manual__2024-11-10T00:42:49.178198+00:00 [running]> on host c8883bd7101d
[2024-11-10T00:50:15.156+0000] {taskinstance.py:2648} INFO - Exporting env vars: AIRFLOW_CTX_DAG_EMAIL='shatayu.thakur@sjsu.edu,pranav.raveendran@sjsu.edu' AIRFLOW_CTX_DAG_OWNER='Pair 9' AIRFLOW_CTX_DAG_ID='Stock_Prediction' AIRFLOW_CTX_TASK_ID='predict' AIRFLOW_CTX_EXECUTION_DATE='2024-11-10T00:42:49.178198+00:00' AIRFLOW_CTX_TRY_NUMBER='2' AIRFLOW_CTX_DAG_RUN_ID='manual__2024-11-10T00:42:49.178198+00:00'
[2024-11-10T00:50:15.157+0000] {taskinstance.py:430} INFO - ::endgroup::
[2024-11-10T00:50:34.395+0000] {cursor.py:1149} INFO - Number of results in first chunk: 1
[2024-11-10T00:50:35.524+0000] {cursor.py:1149} INFO - Number of results in first chunk: 1
[2024-11-10T00:50:35.525+0000] {python.py:237} INFO - Done. Returned value was: None
[2024-11-10T00:50:35.527+0000] {taskinstance.py:441} INFO - ::group::Post task execution logs
[2024-11-10T00:50:35.540+0000] {taskinstance.py:1206} INFO - Marking task as SUCCESS. dag_id=Stock_Prediction, task_id=predict, run_id=manual__2024-11-10T00:42:49.178198+00:00, execution_date=20241110T004249, start_date=20241110T005015, end_date=20241110T005035
[2024-11-10T00:50:35.564+0000] {local_task_job_runner.py:240} INFO - Task exited with return code 0
[2024-11-10T00:50:35.573+0000] {taskinstance.py:3498} INFO - 0 downstream tasks scheduled from follow-on schedule check
[2024-11-10T00:50:35.574+0000] {local_task_job_runner.py:222} INFO - ::endgroup::
