2025-04-28 13:24:54,512 INFO o.a.j.u.JMeterUtils: Setting Locale to en_EN
2025-04-28 13:24:54,527 INFO o.a.j.JMeter: Loading user properties from: /opt/homebrew/Cellar/jmeter/5.6.3/libexec/bin/user.properties
2025-04-28 13:24:54,528 INFO o.a.j.JMeter: Loading system properties from: /opt/homebrew/Cellar/jmeter/5.6.3/libexec/bin/system.properties
2025-04-28 13:24:54,531 INFO o.a.j.JMeter: Copyright (c) 1998-2024 The Apache Software Foundation
2025-04-28 13:24:54,531 INFO o.a.j.JMeter: Version 5.6.3
2025-04-28 13:24:54,531 INFO o.a.j.JMeter: java.version=21.0.6
2025-04-28 13:24:54,531 INFO o.a.j.JMeter: java.vm.name=OpenJDK 64-Bit Server VM
2025-04-28 13:24:54,531 INFO o.a.j.JMeter: os.name=Mac OS X
2025-04-28 13:24:54,532 INFO o.a.j.JMeter: os.arch=aarch64
2025-04-28 13:24:54,532 INFO o.a.j.JMeter: os.version=15.3
2025-04-28 13:24:54,532 INFO o.a.j.JMeter: file.encoding=UTF-8
2025-04-28 13:24:54,532 INFO o.a.j.JMeter: java.awt.headless=null
2025-04-28 13:24:54,532 INFO o.a.j.JMeter: Max memory     =1073741824
2025-04-28 13:24:54,532 INFO o.a.j.JMeter: Available Processors =8
2025-04-28 13:24:54,540 INFO o.a.j.JMeter: Default Locale=English (EN)
2025-04-28 13:24:54,540 INFO o.a.j.JMeter: JMeter  Locale=English (EN)
2025-04-28 13:24:54,540 INFO o.a.j.JMeter: JMeterHome=/opt/homebrew/Cellar/jmeter/5.6.3/libexec
2025-04-28 13:24:54,540 INFO o.a.j.JMeter: user.dir  =/Users/shatayu/Documents/Sem2/236/Lab2/Ongoing Updates/Code
2025-04-28 13:24:54,541 INFO o.a.j.JMeter: PWD       =/Users/shatayu/Documents/Sem2/236/Lab2/Ongoing Updates/Code
2025-04-28 13:24:54,544 INFO o.a.j.JMeter: IP: 127.0.0.1 Name: Shatayus-M1-Pro-MacBook-Pro.local FullName: localhost
2025-04-28 13:24:54,553 INFO o.a.j.JMeter: Loaded icon properties from org/apache/jmeter/images/icon.properties
2025-04-28 13:24:54,941 INFO o.a.j.JMeterGuiLauncher: Setting LAF to: com.github.weisj.darklaf.DarkLaf:com.github.weisj.darklaf.theme.DarculaTheme
2025-04-28 13:24:57,140 INFO o.a.j.r.ClassFinder: Will scan jar /opt/homebrew/Cellar/jmeter/5.6.3/libexec/lib/ext/jmeter-plugins-manager-1.9.jar with filter ExtendsClassFilter [parents=[interface org.apache.jmeter.gui.action.Command], inner=false, contains=null, notContains=null]. Consider exposing JMeter plugins via META-INF/services, and add JMeter-Skip-Class-Scanning=true manifest attribute so JMeter can skip classfile scanning
2025-04-28 13:24:57,251 INFO o.a.j.r.ClassFinder: Will scan jar /opt/homebrew/Cellar/jmeter/5.6.3/libexec/lib/ext/jmeter-plugins-manager-1.9.jar with filter ExtendsClassFilter [parents=[interface org.apache.jmeter.gui.plugin.MenuCreator], inner=false, contains=null, notContains=null]. Consider exposing JMeter plugins via META-INF/services, and add JMeter-Skip-Class-Scanning=true manifest attribute so JMeter can skip classfile scanning
2025-04-28 13:24:57,329 INFO o.j.r.JARSourceHTTP: Requesting https://jmeter-plugins.org/repo/?installID=mac_os_x-2216b898860b626fe4991742737c29bb-gui
2025-04-28 13:24:58,361 INFO o.j.r.PluginManager: Plugins Status: [jpgc-plugins-manager=1.9, jmeter-core=5.6.3, jmeter-ftp=5.6.3, jmeter-http=5.6.3, jmeter-jdbc=5.6.3, jmeter-jms=5.6.3, jmeter-junit=5.6.3, jmeter-java=5.6.3, jmeter-ldap=5.6.3, jmeter-mail=5.6.3, jmeter-mongodb=5.6.3, jmeter-native=5.6.3, jmeter-tcp=5.6.3, jmeter-components=5.6.3]
2025-04-28 13:24:58,361 INFO o.j.r.PluginManagerMenuItem: Plugins Manager has upgrades: [jpgc-plugins-manager]
2025-04-28 13:25:09,967 INFO o.a.j.s.FileServer: Default base='/Users/shatayu/Documents/Sem2/236/Lab2/Ongoing Updates/Code'
2025-04-28 13:25:09,969 INFO o.a.j.g.a.Load: Loading file: /Users/shatayu/Documents/Sem2/236/Lab2/Ongoing Updates/Code/JmeterPlan_Pair4.jmx
2025-04-28 13:25:09,969 INFO o.a.j.s.FileServer: Set new base='/Users/shatayu/Documents/Sem2/236/Lab2/Ongoing Updates/Code'
2025-04-28 13:25:10,066 INFO o.a.j.s.SaveService: Testplan (JMX) version: 2.2. Testlog (JTL) version: 2.2
2025-04-28 13:25:10,070 INFO o.a.j.s.SaveService: Using SaveService properties version 5.0
2025-04-28 13:25:10,071 INFO o.a.j.s.SaveService: Using SaveService properties file encoding UTF-8
2025-04-28 13:25:10,072 INFO o.a.j.s.SaveService: Loading file: /Users/shatayu/Documents/Sem2/236/Lab2/Ongoing Updates/Code/JmeterPlan_Pair4.jmx
2025-04-28 13:25:10,120 INFO o.a.j.p.h.s.HTTPSamplerBase: Parser for text/html is org.apache.jmeter.protocol.http.parser.LagartoBasedHtmlParser
2025-04-28 13:25:10,121 INFO o.a.j.p.h.s.HTTPSamplerBase: Parser for application/xhtml+xml is org.apache.jmeter.protocol.http.parser.LagartoBasedHtmlParser
2025-04-28 13:25:10,121 INFO o.a.j.p.h.s.HTTPSamplerBase: Parser for application/xml is org.apache.jmeter.protocol.http.parser.LagartoBasedHtmlParser
2025-04-28 13:25:10,121 INFO o.a.j.p.h.s.HTTPSamplerBase: Parser for text/xml is org.apache.jmeter.protocol.http.parser.LagartoBasedHtmlParser
2025-04-28 13:25:10,121 INFO o.a.j.p.h.s.HTTPSamplerBase: Parser for text/vnd.wap.wml is org.apache.jmeter.protocol.http.parser.RegexpHTMLParser
2025-04-28 13:25:10,121 INFO o.a.j.p.h.s.HTTPSamplerBase: Parser for text/css is org.apache.jmeter.protocol.http.parser.CssParser
2025-04-28 13:25:10,247 INFO o.a.j.s.FileServer: Set new base='/Users/shatayu/Documents/Sem2/236/Lab2/Ongoing Updates/Code'
2025-04-28 13:29:13,981 INFO o.a.j.s.SampleResult: Note: Sample TimeStamps are START times
2025-04-28 13:29:13,982 INFO o.a.j.s.SampleResult: sampleresult.default.encoding is set to UTF-8
2025-04-28 13:29:13,982 INFO o.a.j.s.SampleResult: sampleresult.useNanoTime=true
2025-04-28 13:29:13,982 INFO o.a.j.s.SampleResult: sampleresult.nanoThreadSleep=5000
2025-04-28 13:29:14,061 INFO o.a.j.r.ClassFinder: Will scan jar /opt/homebrew/Cellar/jmeter/5.6.3/libexec/lib/ext/jmeter-plugins-manager-1.9.jar with filter ExtendsClassFilter [parents=[interface org.apache.jmeter.visualizers.ResultRenderer], inner=false, contains=null, notContains=null]. Consider exposing JMeter plugins via META-INF/services, and add JMeter-Skip-Class-Scanning=true manifest attribute so JMeter can skip classfile scanning
2025-04-28 13:29:14,072 INFO o.a.j.r.ClassFinder: Will scan jar /opt/homebrew/Cellar/jmeter/5.6.3/libexec/lib/ext/jmeter-plugins-manager-1.9.jar with filter ExtendsClassFilter [parents=[interface org.apache.jmeter.visualizers.RequestView], inner=false, contains=null, notContains=null]. Consider exposing JMeter plugins via META-INF/services, and add JMeter-Skip-Class-Scanning=true manifest attribute so JMeter can skip classfile scanning
2025-04-28 13:29:27,902 INFO o.a.j.r.ClassFinder: Will scan jar /opt/homebrew/Cellar/jmeter/5.6.3/libexec/lib/ext/jmeter-plugins-manager-1.9.jar with filter ExtendsClassFilter [parents=[interface org.apache.jmeter.visualizers.ResultRenderer], inner=false, contains=null, notContains=null]. Consider exposing JMeter plugins via META-INF/services, and add JMeter-Skip-Class-Scanning=true manifest attribute so JMeter can skip classfile scanning
2025-04-28 13:29:27,913 INFO o.a.j.r.ClassFinder: Will scan jar /opt/homebrew/Cellar/jmeter/5.6.3/libexec/lib/ext/jmeter-plugins-manager-1.9.jar with filter ExtendsClassFilter [parents=[interface org.apache.jmeter.visualizers.RequestView], inner=false, contains=null, notContains=null]. Consider exposing JMeter plugins via META-INF/services, and add JMeter-Skip-Class-Scanning=true manifest attribute so JMeter can skip classfile scanning
2025-04-28 13:29:37,468 INFO o.a.j.r.ClassFinder: Will scan jar /opt/homebrew/Cellar/jmeter/5.6.3/libexec/lib/ext/jmeter-plugins-manager-1.9.jar with filter ExtendsClassFilter [parents=[interface org.apache.jmeter.visualizers.ResultRenderer], inner=false, contains=null, notContains=null]. Consider exposing JMeter plugins via META-INF/services, and add JMeter-Skip-Class-Scanning=true manifest attribute so JMeter can skip classfile scanning
2025-04-28 13:29:37,480 INFO o.a.j.r.ClassFinder: Will scan jar /opt/homebrew/Cellar/jmeter/5.6.3/libexec/lib/ext/jmeter-plugins-manager-1.9.jar with filter ExtendsClassFilter [parents=[interface org.apache.jmeter.visualizers.RequestView], inner=false, contains=null, notContains=null]. Consider exposing JMeter plugins via META-INF/services, and add JMeter-Skip-Class-Scanning=true manifest attribute so JMeter can skip classfile scanning
2025-04-28 13:29:41,029 INFO o.a.j.e.StandardJMeterEngine: Running the test!
2025-04-28 13:29:41,029 INFO o.a.j.s.SampleEvent: List of sample_variables: []
2025-04-28 13:29:41,030 INFO o.a.j.s.SampleEvent: List of sample_variables: []
2025-04-28 13:29:41,030 INFO o.a.j.e.u.CompoundVariable: Note: Function class names must contain the string: '.functions.'
2025-04-28 13:29:41,030 INFO o.a.j.e.u.CompoundVariable: Note: Function class names must not contain the string: '.gui.'
2025-04-28 13:29:41,068 INFO o.a.j.r.ClassFinder: Will scan jar /opt/homebrew/Cellar/jmeter/5.6.3/libexec/lib/ext/jmeter-plugins-manager-1.9.jar with filter ExtendsClassFilter [parents=[interface org.apache.jmeter.functions.Function], inner=false, contains=null, notContains=null]. Consider exposing JMeter plugins via META-INF/services, and add JMeter-Skip-Class-Scanning=true manifest attribute so JMeter can skip classfile scanning
2025-04-28 13:29:41,071 INFO o.a.j.g.u.JMeterMenuBar: setRunning(true, *local*)
2025-04-28 13:29:41,128 INFO o.a.j.e.StandardJMeterEngine: Starting ThreadGroup: 1 : 50 Concurrent Users
2025-04-28 13:29:41,129 INFO o.a.j.e.StandardJMeterEngine: Starting 50 threads for group 50 Concurrent Users.
2025-04-28 13:29:41,129 INFO o.a.j.e.StandardJMeterEngine: Thread will continue on error
2025-04-28 13:29:41,129 INFO o.a.j.t.ThreadGroup: Starting thread group... number=1 threads=50 ramp-up=5 delayedStart=false
2025-04-28 13:29:41,134 INFO o.a.j.t.JMeterThread: Thread started: 50 Concurrent Users 1-1
2025-04-28 13:29:41,142 INFO o.a.j.p.h.s.HTTPHCAbstractImpl: Local host = Shatayus-M1-Pro-MacBook-Pro.local
2025-04-28 13:29:41,148 INFO o.a.j.p.h.s.HTTPHC4Impl: HTTP request retry count = 0
2025-04-28 13:29:41,150 INFO o.a.j.t.ThreadGroup: Started thread group number 1
2025-04-28 13:29:41,150 INFO o.a.j.e.StandardJMeterEngine: Starting ThreadGroup: 2 : 5 Concurrent Users
2025-04-28 13:29:41,150 INFO o.a.j.e.StandardJMeterEngine: Starting 5 threads for group 5 Concurrent Users.
2025-04-28 13:29:41,150 INFO o.a.j.e.StandardJMeterEngine: Thread will continue on error
2025-04-28 13:29:41,150 INFO o.a.j.t.ThreadGroup: Starting thread group... number=2 threads=5 ramp-up=1 delayedStart=false
2025-04-28 13:29:41,151 INFO o.a.j.t.JMeterThread: Thread started: 5 Concurrent Users 2-1
2025-04-28 13:29:41,151 INFO o.a.j.t.ThreadGroup: Started thread group number 2
2025-04-28 13:29:41,151 INFO o.a.j.e.StandardJMeterEngine: All thread groups have been started
2025-04-28 13:29:41,230 INFO o.a.j.t.JMeterThread: Thread started: 50 Concurrent Users 1-2
2025-04-28 13:29:41,287 INFO o.a.j.t.JMeterThread: Thread is done: 5 Concurrent Users 2-1
2025-04-28 13:29:41,287 INFO o.a.j.t.JMeterThread: Thread finished: 5 Concurrent Users 2-1
2025-04-28 13:29:41,334 INFO o.a.j.t.JMeterThread: Thread started: 50 Concurrent Users 1-3
2025-04-28 13:29:41,350 INFO o.a.j.t.JMeterThread: Thread started: 5 Concurrent Users 2-2
2025-04-28 13:29:41,435 INFO o.a.j.t.JMeterThread: Thread started: 50 Concurrent Users 1-4
2025-04-28 13:29:41,476 INFO o.a.j.t.JMeterThread: Thread is done: 5 Concurrent Users 2-2
2025-04-28 13:29:41,476 INFO o.a.j.t.JMeterThread: Thread finished: 5 Concurrent Users 2-2
2025-04-28 13:29:41,532 INFO o.a.j.t.JMeterThread: Thread started: 50 Concurrent Users 1-5
2025-04-28 13:29:41,554 INFO o.a.j.t.JMeterThread: Thread started: 5 Concurrent Users 2-3
2025-04-28 13:29:41,633 INFO o.a.j.t.JMeterThread: Thread started: 50 Concurrent Users 1-6
2025-04-28 13:29:41,734 INFO o.a.j.t.JMeterThread: Thread started: 50 Concurrent Users 1-7
2025-04-28 13:29:41,753 INFO o.a.j.t.JMeterThread: Thread is done: 50 Concurrent Users 1-1
2025-04-28 13:29:41,754 INFO o.a.j.t.JMeterThread: Thread finished: 50 Concurrent Users 1-1
2025-04-28 13:29:41,755 INFO o.a.j.t.JMeterThread: Thread started: 5 Concurrent Users 2-4
2025-04-28 13:29:41,832 INFO o.a.j.t.JMeterThread: Thread started: 50 Concurrent Users 1-8
2025-04-28 13:29:41,931 INFO o.a.j.t.JMeterThread: Thread is done: 5 Concurrent Users 2-4
2025-04-28 13:29:41,931 INFO o.a.j.t.JMeterThread: Thread finished: 5 Concurrent Users 2-4
2025-04-28 13:29:41,931 INFO o.a.j.t.JMeterThread: Thread is done: 50 Concurrent Users 1-2
2025-04-28 13:29:41,932 INFO o.a.j.t.JMeterThread: Thread finished: 50 Concurrent Users 1-2
2025-04-28 13:29:41,934 INFO o.a.j.t.JMeterThread: Thread started: 50 Concurrent Users 1-9
2025-04-28 13:29:41,955 INFO o.a.j.t.JMeterThread: Thread started: 5 Concurrent Users 2-5
2025-04-28 13:29:42,025 INFO o.a.j.t.JMeterThread: Thread is done: 50 Concurrent Users 1-3
2025-04-28 13:29:42,025 INFO o.a.j.t.JMeterThread: Thread finished: 50 Concurrent Users 1-3
2025-04-28 13:29:42,032 INFO o.a.j.t.JMeterThread: Thread started: 50 Concurrent Users 1-10
2025-04-28 13:29:42,134 INFO o.a.j.t.JMeterThread: Thread started: 50 Concurrent Users 1-11
2025-04-28 13:29:42,146 INFO o.a.j.t.JMeterThread: Thread is done: 50 Concurrent Users 1-4
2025-04-28 13:29:42,146 INFO o.a.j.t.JMeterThread: Thread finished: 50 Concurrent Users 1-4
2025-04-28 13:29:42,147 INFO o.a.j.t.JMeterThread: Thread is done: 5 Concurrent Users 2-5
2025-04-28 13:29:42,147 INFO o.a.j.t.JMeterThread: Thread is done: 50 Concurrent Users 1-5
2025-04-28 13:29:42,147 INFO o.a.j.t.JMeterThread: Thread finished: 5 Concurrent Users 2-5
2025-04-28 13:29:42,147 INFO o.a.j.t.JMeterThread: Thread finished: 50 Concurrent Users 1-5
2025-04-28 13:29:42,175 INFO o.a.j.t.JMeterThread: Thread is done: 5 Concurrent Users 2-3
2025-04-28 13:29:42,175 INFO o.a.j.t.JMeterThread: Thread finished: 5 Concurrent Users 2-3
2025-04-28 13:29:42,234 INFO o.a.j.t.JMeterThread: Thread started: 50 Concurrent Users 1-12
2025-04-28 13:29:42,331 INFO o.a.j.t.JMeterThread: Thread started: 50 Concurrent Users 1-13
2025-04-28 13:29:42,432 INFO o.a.j.t.JMeterThread: Thread started: 50 Concurrent Users 1-14
2025-04-28 13:29:42,520 INFO o.a.j.t.JMeterThread: Thread is done: 50 Concurrent Users 1-7
2025-04-28 13:29:42,520 INFO o.a.j.t.JMeterThread: Thread finished: 50 Concurrent Users 1-7
2025-04-28 13:29:42,533 INFO o.a.j.t.JMeterThread: Thread started: 50 Concurrent Users 1-15
2025-04-28 13:29:42,607 INFO o.a.j.t.JMeterThread: Thread is done: 50 Concurrent Users 1-9
2025-04-28 13:29:42,607 INFO o.a.j.t.JMeterThread: Thread finished: 50 Concurrent Users 1-9
2025-04-28 13:29:42,634 INFO o.a.j.t.JMeterThread: Thread started: 50 Concurrent Users 1-16
2025-04-28 13:29:42,735 INFO o.a.j.t.JMeterThread: Thread started: 50 Concurrent Users 1-17
2025-04-28 13:29:42,749 INFO o.a.j.t.JMeterThread: Thread is done: 50 Concurrent Users 1-11
2025-04-28 13:29:42,749 INFO o.a.j.t.JMeterThread: Thread finished: 50 Concurrent Users 1-11
2025-04-28 13:29:42,759 INFO o.a.j.t.JMeterThread: Thread is done: 50 Concurrent Users 1-6
2025-04-28 13:29:42,759 INFO o.a.j.t.JMeterThread: Thread finished: 50 Concurrent Users 1-6
2025-04-28 13:29:42,761 INFO o.a.j.t.JMeterThread: Thread is done: 50 Concurrent Users 1-10
2025-04-28 13:29:42,761 INFO o.a.j.t.JMeterThread: Thread finished: 50 Concurrent Users 1-10
2025-04-28 13:29:42,834 INFO o.a.j.t.JMeterThread: Thread started: 50 Concurrent Users 1-18
2025-04-28 13:29:42,844 INFO o.a.j.t.JMeterThread: Thread is done: 50 Concurrent Users 1-12
2025-04-28 13:29:42,844 INFO o.a.j.t.JMeterThread: Thread finished: 50 Concurrent Users 1-12
2025-04-28 13:29:42,935 INFO o.a.j.t.JMeterThread: Thread started: 50 Concurrent Users 1-19
2025-04-28 13:29:42,977 INFO o.a.j.t.JMeterThread: Thread is done: 50 Concurrent Users 1-14
2025-04-28 13:29:42,977 INFO o.a.j.t.JMeterThread: Thread finished: 50 Concurrent Users 1-14
2025-04-28 13:29:43,032 INFO o.a.j.t.JMeterThread: Thread started: 50 Concurrent Users 1-20
2025-04-28 13:29:43,045 INFO o.a.j.t.JMeterThread: Thread is done: 50 Concurrent Users 1-15
2025-04-28 13:29:43,045 INFO o.a.j.t.JMeterThread: Thread finished: 50 Concurrent Users 1-15
2025-04-28 13:29:43,135 INFO o.a.j.t.JMeterThread: Thread started: 50 Concurrent Users 1-21
2025-04-28 13:29:43,136 INFO o.a.j.t.JMeterThread: Thread is done: 50 Concurrent Users 1-16
2025-04-28 13:29:43,136 INFO o.a.j.t.JMeterThread: Thread finished: 50 Concurrent Users 1-16
2025-04-28 13:29:43,232 INFO o.a.j.t.JMeterThread: Thread started: 50 Concurrent Users 1-22
2025-04-28 13:29:43,274 INFO o.a.j.t.JMeterThread: Thread is done: 50 Concurrent Users 1-13
2025-04-28 13:29:43,275 INFO o.a.j.t.JMeterThread: Thread finished: 50 Concurrent Users 1-13
2025-04-28 13:29:43,277 INFO o.a.j.t.JMeterThread: Thread is done: 50 Concurrent Users 1-17
2025-04-28 13:29:43,277 INFO o.a.j.t.JMeterThread: Thread finished: 50 Concurrent Users 1-17
2025-04-28 13:29:43,331 INFO o.a.j.t.JMeterThread: Thread started: 50 Concurrent Users 1-23
2025-04-28 13:29:43,359 INFO o.a.j.t.JMeterThread: Thread is done: 50 Concurrent Users 1-18
2025-04-28 13:29:43,359 INFO o.a.j.t.JMeterThread: Thread finished: 50 Concurrent Users 1-18
2025-04-28 13:29:43,394 INFO o.a.j.t.JMeterThread: Thread is done: 50 Concurrent Users 1-8
2025-04-28 13:29:43,394 INFO o.a.j.t.JMeterThread: Thread finished: 50 Concurrent Users 1-8
2025-04-28 13:29:43,432 INFO o.a.j.t.JMeterThread: Thread started: 50 Concurrent Users 1-24
2025-04-28 13:29:43,513 INFO o.a.j.t.JMeterThread: Thread is done: 50 Concurrent Users 1-19
2025-04-28 13:29:43,513 INFO o.a.j.t.JMeterThread: Thread finished: 50 Concurrent Users 1-19
2025-04-28 13:29:43,534 INFO o.a.j.t.JMeterThread: Thread started: 50 Concurrent Users 1-25
2025-04-28 13:29:43,574 INFO o.a.j.t.JMeterThread: Thread is done: 50 Concurrent Users 1-20
2025-04-28 13:29:43,574 INFO o.a.j.t.JMeterThread: Thread finished: 50 Concurrent Users 1-20
2025-04-28 13:29:43,635 INFO o.a.j.t.JMeterThread: Thread started: 50 Concurrent Users 1-26
2025-04-28 13:29:43,658 INFO o.a.j.t.JMeterThread: Thread is done: 50 Concurrent Users 1-21
2025-04-28 13:29:43,658 INFO o.a.j.t.JMeterThread: Thread finished: 50 Concurrent Users 1-21
2025-04-28 13:29:43,728 INFO o.a.j.t.JMeterThread: Thread is done: 50 Concurrent Users 1-22
2025-04-28 13:29:43,728 INFO o.a.j.t.JMeterThread: Thread finished: 50 Concurrent Users 1-22
2025-04-28 13:29:43,735 INFO o.a.j.t.JMeterThread: Thread started: 50 Concurrent Users 1-27
2025-04-28 13:29:43,832 INFO o.a.j.t.JMeterThread: Thread started: 50 Concurrent Users 1-28
2025-04-28 13:29:43,866 INFO o.a.j.t.JMeterThread: Thread is done: 50 Concurrent Users 1-23
2025-04-28 13:29:43,867 INFO o.a.j.t.JMeterThread: Thread finished: 50 Concurrent Users 1-23
2025-04-28 13:29:43,934 INFO o.a.j.t.JMeterThread: Thread started: 50 Concurrent Users 1-29
2025-04-28 13:29:44,022 INFO o.a.j.t.JMeterThread: Thread is done: 50 Concurrent Users 1-24
2025-04-28 13:29:44,023 INFO o.a.j.t.JMeterThread: Thread finished: 50 Concurrent Users 1-24
2025-04-28 13:29:44,028 INFO o.a.j.t.JMeterThread: Thread is done: 50 Concurrent Users 1-25
2025-04-28 13:29:44,028 INFO o.a.j.t.JMeterThread: Thread finished: 50 Concurrent Users 1-25
2025-04-28 13:29:44,035 INFO o.a.j.t.JMeterThread: Thread started: 50 Concurrent Users 1-30
2025-04-28 13:29:44,135 INFO o.a.j.t.JMeterThread: Thread started: 50 Concurrent Users 1-31
2025-04-28 13:29:44,234 INFO o.a.j.t.JMeterThread: Thread started: 50 Concurrent Users 1-32
2025-04-28 13:29:44,242 INFO o.a.j.t.JMeterThread: Thread is done: 50 Concurrent Users 1-26
2025-04-28 13:29:44,242 INFO o.a.j.t.JMeterThread: Thread finished: 50 Concurrent Users 1-26
2025-04-28 13:29:44,331 INFO o.a.j.t.JMeterThread: Thread started: 50 Concurrent Users 1-33
2025-04-28 13:29:44,334 INFO o.a.j.t.JMeterThread: Thread is done: 50 Concurrent Users 1-27
2025-04-28 13:29:44,334 INFO o.a.j.t.JMeterThread: Thread finished: 50 Concurrent Users 1-27
2025-04-28 13:29:44,406 INFO o.a.j.t.JMeterThread: Thread is done: 50 Concurrent Users 1-28
2025-04-28 13:29:44,406 INFO o.a.j.t.JMeterThread: Thread finished: 50 Concurrent Users 1-28
2025-04-28 13:29:44,434 INFO o.a.j.t.JMeterThread: Thread started: 50 Concurrent Users 1-34
2025-04-28 13:29:44,530 INFO o.a.j.t.JMeterThread: Thread started: 50 Concurrent Users 1-35
2025-04-28 13:29:44,620 INFO o.a.j.t.JMeterThread: Thread is done: 50 Concurrent Users 1-29
2025-04-28 13:29:44,620 INFO o.a.j.t.JMeterThread: Thread finished: 50 Concurrent Users 1-29
2025-04-28 13:29:44,624 INFO o.a.j.t.JMeterThread: Thread is done: 50 Concurrent Users 1-30
2025-04-28 13:29:44,624 INFO o.a.j.t.JMeterThread: Thread finished: 50 Concurrent Users 1-30
2025-04-28 13:29:44,633 INFO o.a.j.t.JMeterThread: Thread started: 50 Concurrent Users 1-36
2025-04-28 13:29:44,703 INFO o.a.j.t.JMeterThread: Thread is done: 50 Concurrent Users 1-31
2025-04-28 13:29:44,703 INFO o.a.j.t.JMeterThread: Thread finished: 50 Concurrent Users 1-31
2025-04-28 13:29:44,733 INFO o.a.j.t.JMeterThread: Thread started: 50 Concurrent Users 1-37
2025-04-28 13:29:44,797 INFO o.a.j.t.JMeterThread: Thread is done: 50 Concurrent Users 1-32
2025-04-28 13:29:44,797 INFO o.a.j.t.JMeterThread: Thread finished: 50 Concurrent Users 1-32
2025-04-28 13:29:44,835 INFO o.a.j.t.JMeterThread: Thread started: 50 Concurrent Users 1-38
2025-04-28 13:29:44,865 INFO o.a.j.t.JMeterThread: Thread is done: 50 Concurrent Users 1-33
2025-04-28 13:29:44,865 INFO o.a.j.t.JMeterThread: Thread finished: 50 Concurrent Users 1-33
2025-04-28 13:29:44,932 INFO o.a.j.t.JMeterThread: Thread started: 50 Concurrent Users 1-39
2025-04-28 13:29:44,948 INFO o.a.j.t.JMeterThread: Thread is done: 50 Concurrent Users 1-34
2025-04-28 13:29:44,948 INFO o.a.j.t.JMeterThread: Thread finished: 50 Concurrent Users 1-34
2025-04-28 13:29:45,034 INFO o.a.j.t.JMeterThread: Thread started: 50 Concurrent Users 1-40
2025-04-28 13:29:45,062 INFO o.a.j.t.JMeterThread: Thread is done: 50 Concurrent Users 1-35
2025-04-28 13:29:45,062 INFO o.a.j.t.JMeterThread: Thread finished: 50 Concurrent Users 1-35
2025-04-28 13:29:45,136 INFO o.a.j.t.JMeterThread: Thread started: 50 Concurrent Users 1-41
2025-04-28 13:29:45,167 INFO o.a.j.t.JMeterThread: Thread is done: 50 Concurrent Users 1-36
2025-04-28 13:29:45,167 INFO o.a.j.t.JMeterThread: Thread finished: 50 Concurrent Users 1-36
2025-04-28 13:29:45,231 INFO o.a.j.t.JMeterThread: Thread started: 50 Concurrent Users 1-42
2025-04-28 13:29:45,237 INFO o.a.j.t.JMeterThread: Thread is done: 50 Concurrent Users 1-37
2025-04-28 13:29:45,237 INFO o.a.j.t.JMeterThread: Thread finished: 50 Concurrent Users 1-37
2025-04-28 13:29:45,331 INFO o.a.j.t.JMeterThread: Thread started: 50 Concurrent Users 1-43
2025-04-28 13:29:45,409 INFO o.a.j.t.JMeterThread: Thread is done: 50 Concurrent Users 1-38
2025-04-28 13:29:45,409 INFO o.a.j.t.JMeterThread: Thread finished: 50 Concurrent Users 1-38
2025-04-28 13:29:45,433 INFO o.a.j.t.JMeterThread: Thread started: 50 Concurrent Users 1-44
2025-04-28 13:29:45,488 INFO o.a.j.t.JMeterThread: Thread is done: 50 Concurrent Users 1-39
2025-04-28 13:29:45,489 INFO o.a.j.t.JMeterThread: Thread finished: 50 Concurrent Users 1-39
2025-04-28 13:29:45,533 INFO o.a.j.t.JMeterThread: Thread started: 50 Concurrent Users 1-45
2025-04-28 13:29:45,588 INFO o.a.j.t.JMeterThread: Thread is done: 50 Concurrent Users 1-40
2025-04-28 13:29:45,588 INFO o.a.j.t.JMeterThread: Thread finished: 50 Concurrent Users 1-40
2025-04-28 13:29:45,634 INFO o.a.j.t.JMeterThread: Thread started: 50 Concurrent Users 1-46
2025-04-28 13:29:45,667 INFO o.a.j.t.JMeterThread: Thread is done: 50 Concurrent Users 1-41
2025-04-28 13:29:45,667 INFO o.a.j.t.JMeterThread: Thread finished: 50 Concurrent Users 1-41
2025-04-28 13:29:45,733 INFO o.a.j.t.JMeterThread: Thread started: 50 Concurrent Users 1-47
2025-04-28 13:29:45,822 INFO o.a.j.t.JMeterThread: Thread is done: 50 Concurrent Users 1-42
2025-04-28 13:29:45,822 INFO o.a.j.t.JMeterThread: Thread finished: 50 Concurrent Users 1-42
2025-04-28 13:29:45,833 INFO o.a.j.t.JMeterThread: Thread is done: 50 Concurrent Users 1-43
2025-04-28 13:29:45,833 INFO o.a.j.t.JMeterThread: Thread finished: 50 Concurrent Users 1-43
2025-04-28 13:29:45,834 INFO o.a.j.t.JMeterThread: Thread started: 50 Concurrent Users 1-48
2025-04-28 13:29:45,935 INFO o.a.j.t.JMeterThread: Thread started: 50 Concurrent Users 1-49
2025-04-28 13:29:45,973 INFO o.a.j.t.JMeterThread: Thread is done: 50 Concurrent Users 1-44
2025-04-28 13:29:45,973 INFO o.a.j.t.JMeterThread: Thread finished: 50 Concurrent Users 1-44
2025-04-28 13:29:46,033 INFO o.a.j.t.JMeterThread: Thread started: 50 Concurrent Users 1-50
2025-04-28 13:29:46,111 INFO o.a.j.t.JMeterThread: Thread is done: 50 Concurrent Users 1-45
2025-04-28 13:29:46,111 INFO o.a.j.t.JMeterThread: Thread finished: 50 Concurrent Users 1-45
2025-04-28 13:29:46,189 INFO o.a.j.t.JMeterThread: Thread is done: 50 Concurrent Users 1-46
2025-04-28 13:29:46,190 INFO o.a.j.t.JMeterThread: Thread finished: 50 Concurrent Users 1-46
2025-04-28 13:29:46,256 INFO o.a.j.t.JMeterThread: Thread is done: 50 Concurrent Users 1-47
2025-04-28 13:29:46,256 INFO o.a.j.t.JMeterThread: Thread finished: 50 Concurrent Users 1-47
2025-04-28 13:29:46,339 INFO o.a.j.t.JMeterThread: Thread is done: 50 Concurrent Users 1-48
2025-04-28 13:29:46,339 INFO o.a.j.t.JMeterThread: Thread finished: 50 Concurrent Users 1-48
2025-04-28 13:29:46,490 INFO o.a.j.t.JMeterThread: Thread is done: 50 Concurrent Users 1-49
2025-04-28 13:29:46,490 INFO o.a.j.t.JMeterThread: Thread finished: 50 Concurrent Users 1-49
2025-04-28 13:29:46,633 INFO o.a.j.t.JMeterThread: Thread is done: 50 Concurrent Users 1-50
2025-04-28 13:29:46,633 INFO o.a.j.t.JMeterThread: Thread finished: 50 Concurrent Users 1-50
2025-04-28 13:29:46,633 INFO o.a.j.e.StandardJMeterEngine: Notifying test listeners of end of test
2025-04-28 13:29:46,634 INFO o.a.j.g.u.JMeterMenuBar: setRunning(false, *local*)
2025-04-28 13:29:55,709 INFO o.a.j.e.StandardJMeterEngine: Running the test!
2025-04-28 13:29:55,710 INFO o.a.j.s.SampleEvent: List of sample_variables: []
2025-04-28 13:29:55,710 INFO o.a.j.g.u.JMeterMenuBar: setRunning(true, *local*)
2025-04-28 13:29:55,742 INFO o.a.j.e.StandardJMeterEngine: Starting ThreadGroup: 1 : 50 Concurrent Users
2025-04-28 13:29:55,742 INFO o.a.j.e.StandardJMeterEngine: Starting 50 threads for group 50 Concurrent Users.
2025-04-28 13:29:55,742 INFO o.a.j.e.StandardJMeterEngine: Thread will continue on error
2025-04-28 13:29:55,742 INFO o.a.j.t.ThreadGroup: Starting thread group... number=1 threads=50 ramp-up=5 delayedStart=false
2025-04-28 13:29:55,743 INFO o.a.j.t.JMeterThread: Thread started: 50 Concurrent Users 1-1
2025-04-28 13:29:55,754 INFO o.a.j.t.ThreadGroup: Started thread group number 1
2025-04-28 13:29:55,755 INFO o.a.j.e.StandardJMeterEngine: Starting ThreadGroup: 2 : 5 Concurrent Users
2025-04-28 13:29:55,755 INFO o.a.j.e.StandardJMeterEngine: Starting 5 threads for group 5 Concurrent Users.
2025-04-28 13:29:55,755 INFO o.a.j.e.StandardJMeterEngine: Thread will continue on error
2025-04-28 13:29:55,755 INFO o.a.j.t.ThreadGroup: Starting thread group... number=2 threads=5 ramp-up=1 delayedStart=false
2025-04-28 13:29:55,755 INFO o.a.j.t.JMeterThread: Thread started: 5 Concurrent Users 2-1
2025-04-28 13:29:55,755 INFO o.a.j.t.ThreadGroup: Started thread group number 2
2025-04-28 13:29:55,755 INFO o.a.j.e.StandardJMeterEngine: All thread groups have been started
2025-04-28 13:29:55,841 INFO o.a.j.t.JMeterThread: Thread is done: 5 Concurrent Users 2-1
2025-04-28 13:29:55,841 INFO o.a.j.t.JMeterThread: Thread finished: 5 Concurrent Users 2-1
2025-04-28 13:29:55,844 INFO o.a.j.t.JMeterThread: Thread started: 50 Concurrent Users 1-2
2025-04-28 13:29:55,945 INFO o.a.j.t.JMeterThread: Thread started: 50 Concurrent Users 1-3
2025-04-28 13:29:55,957 INFO o.a.j.t.JMeterThread: Thread started: 5 Concurrent Users 2-2
2025-04-28 13:29:56,049 INFO o.a.j.t.JMeterThread: Thread started: 50 Concurrent Users 1-4
2025-04-28 13:29:56,086 INFO o.a.j.t.JMeterThread: Thread is done: 5 Concurrent Users 2-2
2025-04-28 13:29:56,086 INFO o.a.j.t.JMeterThread: Thread finished: 5 Concurrent Users 2-2
2025-04-28 13:29:56,145 INFO o.a.j.t.JMeterThread: Thread started: 50 Concurrent Users 1-5
2025-04-28 13:29:56,160 INFO o.a.j.t.JMeterThread: Thread started: 5 Concurrent Users 2-3
2025-04-28 13:29:56,227 INFO o.a.j.t.JMeterThread: Thread is done: 50 Concurrent Users 1-1
2025-04-28 13:29:56,227 INFO o.a.j.t.JMeterThread: Thread finished: 50 Concurrent Users 1-1
2025-04-28 13:29:56,234 INFO o.a.j.t.JMeterThread: Thread is done: 5 Concurrent Users 2-3
2025-04-28 13:29:56,234 INFO o.a.j.t.JMeterThread: Thread finished: 5 Concurrent Users 2-3
2025-04-28 13:29:56,245 INFO o.a.j.t.JMeterThread: Thread started: 50 Concurrent Users 1-6
2025-04-28 13:29:56,345 INFO o.a.j.t.JMeterThread: Thread started: 50 Concurrent Users 1-7
2025-04-28 13:29:56,359 INFO o.a.j.t.JMeterThread: Thread started: 5 Concurrent Users 2-4
2025-04-28 13:29:56,411 INFO o.a.j.t.JMeterThread: Thread is done: 50 Concurrent Users 1-2
2025-04-28 13:29:56,411 INFO o.a.j.t.JMeterThread: Thread finished: 50 Concurrent Users 1-2
2025-04-28 13:29:56,439 INFO o.a.j.t.JMeterThread: Thread is done: 5 Concurrent Users 2-4
2025-04-28 13:29:56,439 INFO o.a.j.t.JMeterThread: Thread finished: 5 Concurrent Users 2-4
2025-04-28 13:29:56,445 INFO o.a.j.t.JMeterThread: Thread started: 50 Concurrent Users 1-8
2025-04-28 13:29:56,504 INFO o.a.j.t.JMeterThread: Thread is done: 50 Concurrent Users 1-3
2025-04-28 13:29:56,504 INFO o.a.j.t.JMeterThread: Thread finished: 50 Concurrent Users 1-3
2025-04-28 13:29:56,548 INFO o.a.j.t.JMeterThread: Thread started: 50 Concurrent Users 1-9
2025-04-28 13:29:56,556 INFO o.a.j.t.JMeterThread: Thread started: 5 Concurrent Users 2-5
2025-04-28 13:29:56,647 INFO o.a.j.t.JMeterThread: Thread started: 50 Concurrent Users 1-10
2025-04-28 13:29:56,669 INFO o.a.j.t.JMeterThread: Thread is done: 5 Concurrent Users 2-5
2025-04-28 13:29:56,670 INFO o.a.j.t.JMeterThread: Thread finished: 5 Concurrent Users 2-5
2025-04-28 13:29:56,670 INFO o.a.j.t.JMeterThread: Thread is done: 50 Concurrent Users 1-4
2025-04-28 13:29:56,671 INFO o.a.j.t.JMeterThread: Thread finished: 50 Concurrent Users 1-4
2025-04-28 13:29:56,675 INFO o.a.j.t.JMeterThread: Thread is done: 50 Concurrent Users 1-5
2025-04-28 13:29:56,675 INFO o.a.j.t.JMeterThread: Thread finished: 50 Concurrent Users 1-5
2025-04-28 13:29:56,749 INFO o.a.j.t.JMeterThread: Thread started: 50 Concurrent Users 1-11
2025-04-28 13:29:56,761 INFO o.a.j.t.JMeterThread: Thread is done: 50 Concurrent Users 1-6
2025-04-28 13:29:56,761 INFO o.a.j.t.JMeterThread: Thread finished: 50 Concurrent Users 1-6
2025-04-28 13:29:56,849 INFO o.a.j.t.JMeterThread: Thread started: 50 Concurrent Users 1-12
2025-04-28 13:29:56,944 INFO o.a.j.t.JMeterThread: Thread started: 50 Concurrent Users 1-13
2025-04-28 13:29:56,946 INFO o.a.j.t.JMeterThread: Thread is done: 50 Concurrent Users 1-7
2025-04-28 13:29:56,946 INFO o.a.j.t.JMeterThread: Thread finished: 50 Concurrent Users 1-7
2025-04-28 13:29:57,045 INFO o.a.j.t.JMeterThread: Thread started: 50 Concurrent Users 1-14
2025-04-28 13:29:57,130 INFO o.a.j.t.JMeterThread: Thread is done: 50 Concurrent Users 1-8
2025-04-28 13:29:57,131 INFO o.a.j.t.JMeterThread: Thread finished: 50 Concurrent Users 1-8
2025-04-28 13:29:57,149 INFO o.a.j.t.JMeterThread: Thread started: 50 Concurrent Users 1-15
2025-04-28 13:29:57,200 INFO o.a.j.t.JMeterThread: Thread is done: 50 Concurrent Users 1-9
2025-04-28 13:29:57,200 INFO o.a.j.t.JMeterThread: Thread finished: 50 Concurrent Users 1-9
2025-04-28 13:29:57,201 INFO o.a.j.t.JMeterThread: Thread is done: 50 Concurrent Users 1-10
2025-04-28 13:29:57,201 INFO o.a.j.t.JMeterThread: Thread finished: 50 Concurrent Users 1-10
2025-04-28 13:29:57,247 INFO o.a.j.t.JMeterThread: Thread started: 50 Concurrent Users 1-16
2025-04-28 13:29:57,346 INFO o.a.j.t.JMeterThread: Thread started: 50 Concurrent Users 1-17
2025-04-28 13:29:57,379 INFO o.a.j.t.JMeterThread: Thread is done: 50 Concurrent Users 1-11
2025-04-28 13:29:57,379 INFO o.a.j.t.JMeterThread: Thread finished: 50 Concurrent Users 1-11
2025-04-28 13:29:57,444 INFO o.a.j.t.JMeterThread: Thread started: 50 Concurrent Users 1-18
2025-04-28 13:29:57,448 INFO o.a.j.t.JMeterThread: Thread is done: 50 Concurrent Users 1-12
2025-04-28 13:29:57,448 INFO o.a.j.t.JMeterThread: Thread finished: 50 Concurrent Users 1-12
2025-04-28 13:29:57,544 INFO o.a.j.t.JMeterThread: Thread started: 50 Concurrent Users 1-19
2025-04-28 13:29:57,548 INFO o.a.j.t.JMeterThread: Thread is done: 50 Concurrent Users 1-13
2025-04-28 13:29:57,549 INFO o.a.j.t.JMeterThread: Thread finished: 50 Concurrent Users 1-13
2025-04-28 13:29:57,643 INFO o.a.j.t.JMeterThread: Thread started: 50 Concurrent Users 1-20
2025-04-28 13:29:57,645 INFO o.a.j.t.JMeterThread: Thread is done: 50 Concurrent Users 1-14
2025-04-28 13:29:57,645 INFO o.a.j.t.JMeterThread: Thread finished: 50 Concurrent Users 1-14
2025-04-28 13:29:57,645 INFO o.a.j.t.JMeterThread: Thread is done: 50 Concurrent Users 1-15
2025-04-28 13:29:57,645 INFO o.a.j.t.JMeterThread: Thread finished: 50 Concurrent Users 1-15
2025-04-28 13:29:57,745 INFO o.a.j.t.JMeterThread: Thread started: 50 Concurrent Users 1-21
2025-04-28 13:29:57,801 INFO o.a.j.t.JMeterThread: Thread is done: 50 Concurrent Users 1-16
2025-04-28 13:29:57,801 INFO o.a.j.t.JMeterThread: Thread finished: 50 Concurrent Users 1-16
2025-04-28 13:29:57,848 INFO o.a.j.t.JMeterThread: Thread started: 50 Concurrent Users 1-22
2025-04-28 13:29:57,888 INFO o.a.j.t.JMeterThread: Thread is done: 50 Concurrent Users 1-17
2025-04-28 13:29:57,888 INFO o.a.j.t.JMeterThread: Thread finished: 50 Concurrent Users 1-17
2025-04-28 13:29:57,945 INFO o.a.j.t.JMeterThread: Thread started: 50 Concurrent Users 1-23
2025-04-28 13:29:57,954 INFO o.a.j.t.JMeterThread: Thread is done: 50 Concurrent Users 1-18
2025-04-28 13:29:57,955 INFO o.a.j.t.JMeterThread: Thread finished: 50 Concurrent Users 1-18
2025-04-28 13:29:58,044 INFO o.a.j.t.JMeterThread: Thread started: 50 Concurrent Users 1-24
2025-04-28 13:29:58,147 INFO o.a.j.t.JMeterThread: Thread started: 50 Concurrent Users 1-25
2025-04-28 13:29:58,167 INFO o.a.j.t.JMeterThread: Thread is done: 50 Concurrent Users 1-20
2025-04-28 13:29:58,167 INFO o.a.j.t.JMeterThread: Thread finished: 50 Concurrent Users 1-20
2025-04-28 13:29:58,169 INFO o.a.j.t.JMeterThread: Thread is done: 50 Concurrent Users 1-19
2025-04-28 13:29:58,169 INFO o.a.j.t.JMeterThread: Thread finished: 50 Concurrent Users 1-19
2025-04-28 13:29:58,239 INFO o.a.j.t.JMeterThread: Thread is done: 50 Concurrent Users 1-21
2025-04-28 13:29:58,239 INFO o.a.j.t.JMeterThread: Thread finished: 50 Concurrent Users 1-21
2025-04-28 13:29:58,245 INFO o.a.j.t.JMeterThread: Thread started: 50 Concurrent Users 1-26
2025-04-28 13:29:58,315 INFO o.a.j.t.JMeterThread: Thread is done: 50 Concurrent Users 1-22
2025-04-28 13:29:58,315 INFO o.a.j.t.JMeterThread: Thread finished: 50 Concurrent Users 1-22
2025-04-28 13:29:58,344 INFO o.a.j.t.JMeterThread: Thread started: 50 Concurrent Users 1-27
2025-04-28 13:29:58,447 INFO o.a.j.t.JMeterThread: Thread started: 50 Concurrent Users 1-28
2025-04-28 13:29:58,527 INFO o.a.j.t.JMeterThread: Thread is done: 50 Concurrent Users 1-23
2025-04-28 13:29:58,527 INFO o.a.j.t.JMeterThread: Thread finished: 50 Concurrent Users 1-23
2025-04-28 13:29:58,547 INFO o.a.j.t.JMeterThread: Thread started: 50 Concurrent Users 1-29
2025-04-28 13:29:58,644 INFO o.a.j.t.JMeterThread: Thread started: 50 Concurrent Users 1-30
2025-04-28 13:29:58,746 INFO o.a.j.t.JMeterThread: Thread started: 50 Concurrent Users 1-31
2025-04-28 13:29:58,806 INFO o.a.j.t.JMeterThread: Thread is done: 50 Concurrent Users 1-24
2025-04-28 13:29:58,807 INFO o.a.j.t.JMeterThread: Thread finished: 50 Concurrent Users 1-24
2025-04-28 13:29:58,844 INFO o.a.j.t.JMeterThread: Thread started: 50 Concurrent Users 1-32
2025-04-28 13:29:58,878 INFO o.a.j.t.JMeterThread: Thread is done: 50 Concurrent Users 1-25
2025-04-28 13:29:58,878 INFO o.a.j.t.JMeterThread: Thread finished: 50 Concurrent Users 1-25
2025-04-28 13:29:58,945 INFO o.a.j.t.JMeterThread: Thread started: 50 Concurrent Users 1-33
2025-04-28 13:29:58,967 INFO o.a.j.t.JMeterThread: Thread is done: 50 Concurrent Users 1-26
2025-04-28 13:29:58,967 INFO o.a.j.t.JMeterThread: Thread finished: 50 Concurrent Users 1-26
2025-04-28 13:29:59,046 INFO o.a.j.t.JMeterThread: Thread is done: 50 Concurrent Users 1-27
2025-04-28 13:29:59,046 INFO o.a.j.t.JMeterThread: Thread finished: 50 Concurrent Users 1-27
2025-04-28 13:29:59,048 INFO o.a.j.t.JMeterThread: Thread started: 50 Concurrent Users 1-34
2025-04-28 13:29:59,121 INFO o.a.j.t.JMeterThread: Thread is done: 50 Concurrent Users 1-28
2025-04-28 13:29:59,121 INFO o.a.j.t.JMeterThread: Thread finished: 50 Concurrent Users 1-28
2025-04-28 13:29:59,143 INFO o.a.j.t.JMeterThread: Thread started: 50 Concurrent Users 1-35
2025-04-28 13:29:59,244 INFO o.a.j.t.JMeterThread: Thread started: 50 Concurrent Users 1-36
2025-04-28 13:29:59,301 INFO o.a.j.t.JMeterThread: Thread is done: 50 Concurrent Users 1-29
2025-04-28 13:29:59,302 INFO o.a.j.t.JMeterThread: Thread finished: 50 Concurrent Users 1-29
2025-04-28 13:29:59,327 INFO o.a.j.t.JMeterThread: Thread is done: 50 Concurrent Users 1-31
2025-04-28 13:29:59,327 INFO o.a.j.t.JMeterThread: Thread is done: 50 Concurrent Users 1-30
2025-04-28 13:29:59,327 INFO o.a.j.t.JMeterThread: Thread finished: 50 Concurrent Users 1-31
2025-04-28 13:29:59,327 INFO o.a.j.t.JMeterThread: Thread finished: 50 Concurrent Users 1-30
2025-04-28 13:29:59,343 INFO o.a.j.t.JMeterThread: Thread started: 50 Concurrent Users 1-37
2025-04-28 13:29:59,390 INFO o.a.j.t.JMeterThread: Thread is done: 50 Concurrent Users 1-32
2025-04-28 13:29:59,390 INFO o.a.j.t.JMeterThread: Thread finished: 50 Concurrent Users 1-32
2025-04-28 13:29:59,449 INFO o.a.j.t.JMeterThread: Thread started: 50 Concurrent Users 1-38
2025-04-28 13:29:59,486 INFO o.a.j.t.JMeterThread: Thread is done: 50 Concurrent Users 1-33
2025-04-28 13:29:59,487 INFO o.a.j.t.JMeterThread: Thread finished: 50 Concurrent Users 1-33
2025-04-28 13:29:59,546 INFO o.a.j.t.JMeterThread: Thread started: 50 Concurrent Users 1-39
2025-04-28 13:29:59,636 INFO o.a.j.t.JMeterThread: Thread is done: 50 Concurrent Users 1-34
2025-04-28 13:29:59,636 INFO o.a.j.t.JMeterThread: Thread finished: 50 Concurrent Users 1-34
2025-04-28 13:29:59,647 INFO o.a.j.t.JMeterThread: Thread started: 50 Concurrent Users 1-40
2025-04-28 13:29:59,749 INFO o.a.j.t.JMeterThread: Thread started: 50 Concurrent Users 1-41
2025-04-28 13:29:59,756 INFO o.a.j.t.JMeterThread: Thread is done: 50 Concurrent Users 1-35
2025-04-28 13:29:59,756 INFO o.a.j.t.JMeterThread: Thread finished: 50 Concurrent Users 1-35
2025-04-28 13:29:59,822 INFO o.a.j.t.JMeterThread: Thread is done: 50 Concurrent Users 1-36
2025-04-28 13:29:59,822 INFO o.a.j.t.JMeterThread: Thread finished: 50 Concurrent Users 1-36
2025-04-28 13:29:59,847 INFO o.a.j.t.JMeterThread: Thread started: 50 Concurrent Users 1-42
2025-04-28 13:29:59,910 INFO o.a.j.t.JMeterThread: Thread is done: 50 Concurrent Users 1-37
2025-04-28 13:29:59,910 INFO o.a.j.t.JMeterThread: Thread finished: 50 Concurrent Users 1-37
2025-04-28 13:29:59,944 INFO o.a.j.t.JMeterThread: Thread started: 50 Concurrent Users 1-43
2025-04-28 13:30:00,016 INFO o.a.j.t.JMeterThread: Thread is done: 50 Concurrent Users 1-38
2025-04-28 13:30:00,016 INFO o.a.j.t.JMeterThread: Thread finished: 50 Concurrent Users 1-38
2025-04-28 13:30:00,044 INFO o.a.j.t.JMeterThread: Thread started: 50 Concurrent Users 1-44
2025-04-28 13:30:00,058 INFO o.a.j.t.JMeterThread: Thread is done: 50 Concurrent Users 1-39
2025-04-28 13:30:00,058 INFO o.a.j.t.JMeterThread: Thread finished: 50 Concurrent Users 1-39
2025-04-28 13:30:00,150 INFO o.a.j.t.JMeterThread: Thread started: 50 Concurrent Users 1-45
2025-04-28 13:30:00,172 INFO o.a.j.t.JMeterThread: Thread is done: 50 Concurrent Users 1-40
2025-04-28 13:30:00,172 INFO o.a.j.t.JMeterThread: Thread finished: 50 Concurrent Users 1-40
2025-04-28 13:30:00,248 INFO o.a.j.t.JMeterThread: Thread started: 50 Concurrent Users 1-46
2025-04-28 13:30:00,286 INFO o.a.j.t.JMeterThread: Thread is done: 50 Concurrent Users 1-41
2025-04-28 13:30:00,286 INFO o.a.j.t.JMeterThread: Thread finished: 50 Concurrent Users 1-41
2025-04-28 13:30:00,351 INFO o.a.j.t.JMeterThread: Thread started: 50 Concurrent Users 1-47
2025-04-28 13:30:00,371 INFO o.a.j.t.JMeterThread: Thread is done: 50 Concurrent Users 1-42
2025-04-28 13:30:00,371 INFO o.a.j.t.JMeterThread: Thread finished: 50 Concurrent Users 1-42
2025-04-28 13:30:00,448 INFO o.a.j.t.JMeterThread: Thread started: 50 Concurrent Users 1-48
2025-04-28 13:30:00,534 INFO o.a.j.t.JMeterThread: Thread is done: 50 Concurrent Users 1-43
2025-04-28 13:30:00,534 INFO o.a.j.t.JMeterThread: Thread finished: 50 Concurrent Users 1-43
2025-04-28 13:30:00,548 INFO o.a.j.t.JMeterThread: Thread started: 50 Concurrent Users 1-49
2025-04-28 13:30:00,603 INFO o.a.j.t.JMeterThread: Thread is done: 50 Concurrent Users 1-44
2025-04-28 13:30:00,604 INFO o.a.j.t.JMeterThread: Thread finished: 50 Concurrent Users 1-44
2025-04-28 13:30:00,644 INFO o.a.j.t.JMeterThread: Thread started: 50 Concurrent Users 1-50
2025-04-28 13:30:00,700 INFO o.a.j.t.JMeterThread: Thread is done: 50 Concurrent Users 1-45
2025-04-28 13:30:00,700 INFO o.a.j.t.JMeterThread: Thread finished: 50 Concurrent Users 1-45
2025-04-28 13:30:00,805 INFO o.a.j.t.JMeterThread: Thread is done: 50 Concurrent Users 1-46
2025-04-28 13:30:00,806 INFO o.a.j.t.JMeterThread: Thread finished: 50 Concurrent Users 1-46
2025-04-28 13:30:00,867 INFO o.a.j.t.JMeterThread: Thread is done: 50 Concurrent Users 1-47
2025-04-28 13:30:00,867 INFO o.a.j.t.JMeterThread: Thread finished: 50 Concurrent Users 1-47
2025-04-28 13:30:01,017 INFO o.a.j.t.JMeterThread: Thread is done: 50 Concurrent Users 1-48
2025-04-28 13:30:01,019 INFO o.a.j.t.JMeterThread: Thread finished: 50 Concurrent Users 1-48
2025-04-28 13:30:01,099 INFO o.a.j.t.JMeterThread: Thread is done: 50 Concurrent Users 1-49
2025-04-28 13:30:01,100 INFO o.a.j.t.JMeterThread: Thread finished: 50 Concurrent Users 1-49
2025-04-28 13:30:01,174 INFO o.a.j.t.JMeterThread: Thread is done: 50 Concurrent Users 1-50
2025-04-28 13:30:01,174 INFO o.a.j.t.JMeterThread: Thread finished: 50 Concurrent Users 1-50
2025-04-28 13:30:01,175 INFO o.a.j.e.StandardJMeterEngine: Notifying test listeners of end of test
2025-04-28 13:30:01,175 INFO o.a.j.g.u.JMeterMenuBar: setRunning(false, *local*)
2025-04-28 13:31:54,399 INFO o.a.j.e.StandardJMeterEngine: Running the test!
2025-04-28 13:31:54,400 INFO o.a.j.s.SampleEvent: List of sample_variables: []
2025-04-28 13:31:54,401 INFO o.a.j.g.u.JMeterMenuBar: setRunning(true, *local*)
2025-04-28 13:31:54,462 INFO o.a.j.e.StandardJMeterEngine: Starting ThreadGroup: 1 : 50 Concurrent Users
2025-04-28 13:31:54,462 INFO o.a.j.e.StandardJMeterEngine: Starting 50 threads for group 50 Concurrent Users.
2025-04-28 13:31:54,462 INFO o.a.j.e.StandardJMeterEngine: Thread will continue on error
2025-04-28 13:31:54,462 INFO o.a.j.t.ThreadGroup: Starting thread group... number=1 threads=50 ramp-up=5 delayedStart=false
2025-04-28 13:31:54,463 INFO o.a.j.t.JMeterThread: Thread started: 50 Concurrent Users 1-1
2025-04-28 13:31:54,476 INFO o.a.j.t.ThreadGroup: Started thread group number 1
2025-04-28 13:31:54,476 INFO o.a.j.e.StandardJMeterEngine: Starting ThreadGroup: 2 : 5 Concurrent Users
2025-04-28 13:31:54,476 INFO o.a.j.e.StandardJMeterEngine: Starting 5 threads for group 5 Concurrent Users.
2025-04-28 13:31:54,476 INFO o.a.j.e.StandardJMeterEngine: Thread will continue on error
2025-04-28 13:31:54,476 INFO o.a.j.t.ThreadGroup: Starting thread group... number=2 threads=5 ramp-up=1 delayedStart=false
2025-04-28 13:31:54,476 INFO o.a.j.t.JMeterThread: Thread started: 5 Concurrent Users 2-1
2025-04-28 13:31:54,478 INFO o.a.j.t.ThreadGroup: Started thread group number 2
2025-04-28 13:31:54,478 INFO o.a.j.e.StandardJMeterEngine: All thread groups have been started
2025-04-28 13:31:54,566 INFO o.a.j.t.JMeterThread: Thread started: 50 Concurrent Users 1-2
2025-04-28 13:31:54,667 INFO o.a.j.t.JMeterThread: Thread started: 50 Concurrent Users 1-3
2025-04-28 13:31:54,668 INFO o.a.j.t.JMeterThread: Thread is done: 5 Concurrent Users 2-1
2025-04-28 13:31:54,668 INFO o.a.j.t.JMeterThread: Thread finished: 5 Concurrent Users 2-1
2025-04-28 13:31:54,677 INFO o.a.j.t.JMeterThread: Thread started: 5 Concurrent Users 2-2
2025-04-28 13:31:54,766 INFO o.a.j.t.JMeterThread: Thread started: 50 Concurrent Users 1-4
2025-04-28 13:31:54,840 INFO o.a.j.t.JMeterThread: Thread is done: 5 Concurrent Users 2-2
2025-04-28 13:31:54,840 INFO o.a.j.t.JMeterThread: Thread finished: 5 Concurrent Users 2-2
2025-04-28 13:31:54,868 INFO o.a.j.t.JMeterThread: Thread started: 50 Concurrent Users 1-5
2025-04-28 13:31:54,879 INFO o.a.j.t.JMeterThread: Thread started: 5 Concurrent Users 2-3
2025-04-28 13:31:54,967 INFO o.a.j.t.JMeterThread: Thread started: 50 Concurrent Users 1-6
2025-04-28 13:31:55,033 INFO o.a.j.t.JMeterThread: Thread is done: 5 Concurrent Users 2-3
2025-04-28 13:31:55,033 INFO o.a.j.t.JMeterThread: Thread finished: 5 Concurrent Users 2-3
2025-04-28 13:31:55,066 INFO o.a.j.t.JMeterThread: Thread started: 50 Concurrent Users 1-7
2025-04-28 13:31:55,082 INFO o.a.j.t.JMeterThread: Thread started: 5 Concurrent Users 2-4
2025-04-28 13:31:55,167 INFO o.a.j.t.JMeterThread: Thread started: 50 Concurrent Users 1-8
2025-04-28 13:31:55,191 INFO o.a.j.t.JMeterThread: Thread is done: 50 Concurrent Users 1-1
2025-04-28 13:31:55,191 INFO o.a.j.t.JMeterThread: Thread finished: 50 Concurrent Users 1-1
2025-04-28 13:31:55,194 INFO o.a.j.t.JMeterThread: Thread is done: 50 Concurrent Users 1-2
2025-04-28 13:31:55,195 INFO o.a.j.t.JMeterThread: Thread finished: 50 Concurrent Users 1-2
2025-04-28 13:31:55,263 INFO o.a.j.t.JMeterThread: Thread started: 50 Concurrent Users 1-9
2025-04-28 13:31:55,274 INFO o.a.j.t.JMeterThread: Thread is done: 5 Concurrent Users 2-4
2025-04-28 13:31:55,274 INFO o.a.j.t.JMeterThread: Thread finished: 5 Concurrent Users 2-4
2025-04-28 13:31:55,282 INFO o.a.j.t.JMeterThread: Thread started: 5 Concurrent Users 2-5
2025-04-28 13:31:55,368 INFO o.a.j.t.JMeterThread: Thread started: 50 Concurrent Users 1-10
2025-04-28 13:31:55,454 INFO o.a.j.t.JMeterThread: Thread is done: 5 Concurrent Users 2-5
2025-04-28 13:31:55,454 INFO o.a.j.t.JMeterThread: Thread finished: 5 Concurrent Users 2-5
2025-04-28 13:31:55,459 INFO o.a.j.t.JMeterThread: Thread is done: 50 Concurrent Users 1-3
2025-04-28 13:31:55,459 INFO o.a.j.t.JMeterThread: Thread finished: 50 Concurrent Users 1-3
2025-04-28 13:31:55,462 INFO o.a.j.t.JMeterThread: Thread started: 50 Concurrent Users 1-11
2025-04-28 13:31:55,567 INFO o.a.j.t.JMeterThread: Thread started: 50 Concurrent Users 1-12
2025-04-28 13:31:55,636 INFO o.a.j.t.JMeterThread: Thread is done: 50 Concurrent Users 1-4
2025-04-28 13:31:55,636 INFO o.a.j.t.JMeterThread: Thread finished: 50 Concurrent Users 1-4
2025-04-28 13:31:55,664 INFO o.a.j.t.JMeterThread: Thread started: 50 Concurrent Users 1-13
2025-04-28 13:31:55,722 INFO o.a.j.t.JMeterThread: Thread is done: 50 Concurrent Users 1-5
2025-04-28 13:31:55,722 INFO o.a.j.t.JMeterThread: Thread finished: 50 Concurrent Users 1-5
2025-04-28 13:31:55,767 INFO o.a.j.t.JMeterThread: Thread started: 50 Concurrent Users 1-14
2025-04-28 13:31:55,823 INFO o.a.j.t.JMeterThread: Thread is done: 50 Concurrent Users 1-6
2025-04-28 13:31:55,823 INFO o.a.j.t.JMeterThread: Thread finished: 50 Concurrent Users 1-6
2025-04-28 13:31:55,868 INFO o.a.j.t.JMeterThread: Thread started: 50 Concurrent Users 1-15
2025-04-28 13:31:55,900 INFO o.a.j.t.JMeterThread: Thread is done: 50 Concurrent Users 1-8
2025-04-28 13:31:55,900 INFO o.a.j.t.JMeterThread: Thread finished: 50 Concurrent Users 1-8
2025-04-28 13:31:55,901 INFO o.a.j.t.JMeterThread: Thread is done: 50 Concurrent Users 1-7
2025-04-28 13:31:55,901 INFO o.a.j.t.JMeterThread: Thread finished: 50 Concurrent Users 1-7
2025-04-28 13:31:55,966 INFO o.a.j.t.JMeterThread: Thread is done: 50 Concurrent Users 1-9
2025-04-28 13:31:55,966 INFO o.a.j.t.JMeterThread: Thread finished: 50 Concurrent Users 1-9
2025-04-28 13:31:55,967 INFO o.a.j.t.JMeterThread: Thread started: 50 Concurrent Users 1-16
2025-04-28 13:31:56,059 INFO o.a.j.t.JMeterThread: Thread is done: 50 Concurrent Users 1-10
2025-04-28 13:31:56,060 INFO o.a.j.t.JMeterThread: Thread finished: 50 Concurrent Users 1-10
2025-04-28 13:31:56,065 INFO o.a.j.t.JMeterThread: Thread started: 50 Concurrent Users 1-17
2025-04-28 13:31:56,157 INFO o.a.j.t.JMeterThread: Thread is done: 50 Concurrent Users 1-11
2025-04-28 13:31:56,157 INFO o.a.j.t.JMeterThread: Thread finished: 50 Concurrent Users 1-11
2025-04-28 13:31:56,164 INFO o.a.j.t.JMeterThread: Thread is done: 50 Concurrent Users 1-12
2025-04-28 13:31:56,164 INFO o.a.j.t.JMeterThread: Thread finished: 50 Concurrent Users 1-12
2025-04-28 13:31:56,167 INFO o.a.j.t.JMeterThread: Thread started: 50 Concurrent Users 1-18
2025-04-28 13:31:56,239 INFO o.a.j.t.JMeterThread: Thread is done: 50 Concurrent Users 1-13
2025-04-28 13:31:56,240 INFO o.a.j.t.JMeterThread: Thread finished: 50 Concurrent Users 1-13
2025-04-28 13:31:56,268 INFO o.a.j.t.JMeterThread: Thread started: 50 Concurrent Users 1-19
2025-04-28 13:31:56,315 INFO o.a.j.t.JMeterThread: Thread is done: 50 Concurrent Users 1-14
2025-04-28 13:31:56,315 INFO o.a.j.t.JMeterThread: Thread finished: 50 Concurrent Users 1-14
2025-04-28 13:31:56,365 INFO o.a.j.t.JMeterThread: Thread started: 50 Concurrent Users 1-20
2025-04-28 13:31:56,416 INFO o.a.j.t.JMeterThread: Thread is done: 50 Concurrent Users 1-15
2025-04-28 13:31:56,417 INFO o.a.j.t.JMeterThread: Thread finished: 50 Concurrent Users 1-15
2025-04-28 13:31:56,464 INFO o.a.j.t.JMeterThread: Thread started: 50 Concurrent Users 1-21
2025-04-28 13:31:56,476 INFO o.a.j.t.JMeterThread: Thread is done: 50 Concurrent Users 1-16
2025-04-28 13:31:56,476 INFO o.a.j.t.JMeterThread: Thread finished: 50 Concurrent Users 1-16
2025-04-28 13:31:56,564 INFO o.a.j.t.JMeterThread: Thread started: 50 Concurrent Users 1-22
2025-04-28 13:31:56,669 INFO o.a.j.t.JMeterThread: Thread started: 50 Concurrent Users 1-23
2025-04-28 13:31:56,685 INFO o.a.j.t.JMeterThread: Thread is done: 50 Concurrent Users 1-17
2025-04-28 13:31:56,685 INFO o.a.j.t.JMeterThread: Thread finished: 50 Concurrent Users 1-17
2025-04-28 13:31:56,690 INFO o.a.j.t.JMeterThread: Thread is done: 50 Concurrent Users 1-18
2025-04-28 13:31:56,690 INFO o.a.j.t.JMeterThread: Thread finished: 50 Concurrent Users 1-18
2025-04-28 13:31:56,766 INFO o.a.j.t.JMeterThread: Thread started: 50 Concurrent Users 1-24
2025-04-28 13:31:56,844 INFO o.a.j.t.JMeterThread: Thread is done: 50 Concurrent Users 1-19
2025-04-28 13:31:56,845 INFO o.a.j.t.JMeterThread: Thread finished: 50 Concurrent Users 1-19
2025-04-28 13:31:56,869 INFO o.a.j.t.JMeterThread: Thread started: 50 Concurrent Users 1-25
2025-04-28 13:31:56,937 INFO o.a.j.t.JMeterThread: Thread is done: 50 Concurrent Users 1-20
2025-04-28 13:31:56,937 INFO o.a.j.t.JMeterThread: Thread finished: 50 Concurrent Users 1-20
2025-04-28 13:31:56,965 INFO o.a.j.t.JMeterThread: Thread started: 50 Concurrent Users 1-26
2025-04-28 13:31:57,023 INFO o.a.j.t.JMeterThread: Thread is done: 50 Concurrent Users 1-21
2025-04-28 13:31:57,023 INFO o.a.j.t.JMeterThread: Thread finished: 50 Concurrent Users 1-21
2025-04-28 13:31:57,067 INFO o.a.j.t.JMeterThread: Thread started: 50 Concurrent Users 1-27
2025-04-28 13:31:57,091 INFO o.a.j.t.JMeterThread: Thread is done: 50 Concurrent Users 1-22
2025-04-28 13:31:57,091 INFO o.a.j.t.JMeterThread: Thread finished: 50 Concurrent Users 1-22
2025-04-28 13:31:57,167 INFO o.a.j.t.JMeterThread: Thread started: 50 Concurrent Users 1-28
2025-04-28 13:31:57,209 INFO o.a.j.t.JMeterThread: Thread is done: 50 Concurrent Users 1-23
2025-04-28 13:31:57,209 INFO o.a.j.t.JMeterThread: Thread finished: 50 Concurrent Users 1-23
2025-04-28 13:31:57,264 INFO o.a.j.t.JMeterThread: Thread started: 50 Concurrent Users 1-29
2025-04-28 13:31:57,283 INFO o.a.j.t.JMeterThread: Thread is done: 50 Concurrent Users 1-24
2025-04-28 13:31:57,283 INFO o.a.j.t.JMeterThread: Thread finished: 50 Concurrent Users 1-24
2025-04-28 13:31:57,368 INFO o.a.j.t.JMeterThread: Thread started: 50 Concurrent Users 1-30
2025-04-28 13:31:57,434 INFO o.a.j.t.JMeterThread: Thread is done: 50 Concurrent Users 1-25
2025-04-28 13:31:57,434 INFO o.a.j.t.JMeterThread: Thread finished: 50 Concurrent Users 1-25
2025-04-28 13:31:57,464 INFO o.a.j.t.JMeterThread: Thread started: 50 Concurrent Users 1-31
2025-04-28 13:31:57,511 INFO o.a.j.t.JMeterThread: Thread is done: 50 Concurrent Users 1-26
2025-04-28 13:31:57,511 INFO o.a.j.t.JMeterThread: Thread finished: 50 Concurrent Users 1-26
2025-04-28 13:31:57,568 INFO o.a.j.t.JMeterThread: Thread started: 50 Concurrent Users 1-32
2025-04-28 13:31:57,584 INFO o.a.j.t.JMeterThread: Thread is done: 50 Concurrent Users 1-27
2025-04-28 13:31:57,584 INFO o.a.j.t.JMeterThread: Thread finished: 50 Concurrent Users 1-27
2025-04-28 13:31:57,665 INFO o.a.j.t.JMeterThread: Thread started: 50 Concurrent Users 1-33
2025-04-28 13:31:57,744 INFO o.a.j.t.JMeterThread: Thread is done: 50 Concurrent Users 1-28
2025-04-28 13:31:57,744 INFO o.a.j.t.JMeterThread: Thread finished: 50 Concurrent Users 1-28
2025-04-28 13:31:57,765 INFO o.a.j.t.JMeterThread: Thread started: 50 Concurrent Users 1-34
2025-04-28 13:31:57,804 INFO o.a.j.t.JMeterThread: Thread is done: 50 Concurrent Users 1-29
2025-04-28 13:31:57,804 INFO o.a.j.t.JMeterThread: Thread finished: 50 Concurrent Users 1-29
2025-04-28 13:31:57,867 INFO o.a.j.t.JMeterThread: Thread started: 50 Concurrent Users 1-35
2025-04-28 13:31:57,890 INFO o.a.j.t.JMeterThread: Thread is done: 50 Concurrent Users 1-30
2025-04-28 13:31:57,890 INFO o.a.j.t.JMeterThread: Thread finished: 50 Concurrent Users 1-30
2025-04-28 13:31:57,967 INFO o.a.j.t.JMeterThread: Thread started: 50 Concurrent Users 1-36
2025-04-28 13:31:57,974 INFO o.a.j.t.JMeterThread: Thread is done: 50 Concurrent Users 1-31
2025-04-28 13:31:57,974 INFO o.a.j.t.JMeterThread: Thread finished: 50 Concurrent Users 1-31
2025-04-28 13:31:58,062 INFO o.a.j.t.JMeterThread: Thread started: 50 Concurrent Users 1-37
2025-04-28 13:31:58,131 INFO o.a.j.t.JMeterThread: Thread is done: 50 Concurrent Users 1-32
2025-04-28 13:31:58,131 INFO o.a.j.t.JMeterThread: Thread finished: 50 Concurrent Users 1-32
2025-04-28 13:31:58,167 INFO o.a.j.t.JMeterThread: Thread started: 50 Concurrent Users 1-38
2025-04-28 13:31:58,266 INFO o.a.j.t.JMeterThread: Thread is done: 50 Concurrent Users 1-33
2025-04-28 13:31:58,266 INFO o.a.j.t.JMeterThread: Thread finished: 50 Concurrent Users 1-33
2025-04-28 13:31:58,267 INFO o.a.j.t.JMeterThread: Thread started: 50 Concurrent Users 1-39
2025-04-28 13:31:58,368 INFO o.a.j.t.JMeterThread: Thread started: 50 Concurrent Users 1-40
2025-04-28 13:31:58,374 INFO o.a.j.t.JMeterThread: Thread is done: 50 Concurrent Users 1-34
2025-04-28 13:31:58,374 INFO o.a.j.t.JMeterThread: Thread finished: 50 Concurrent Users 1-34
2025-04-28 13:31:58,440 INFO o.a.j.t.JMeterThread: Thread is done: 50 Concurrent Users 1-35
2025-04-28 13:31:58,440 INFO o.a.j.t.JMeterThread: Thread finished: 50 Concurrent Users 1-35
2025-04-28 13:31:58,468 INFO o.a.j.t.JMeterThread: Thread started: 50 Concurrent Users 1-41
2025-04-28 13:31:58,543 INFO o.a.j.t.JMeterThread: Thread is done: 50 Concurrent Users 1-36
2025-04-28 13:31:58,543 INFO o.a.j.t.JMeterThread: Thread finished: 50 Concurrent Users 1-36
2025-04-28 13:31:58,566 INFO o.a.j.t.JMeterThread: Thread started: 50 Concurrent Users 1-42
2025-04-28 13:31:58,639 INFO o.a.j.t.JMeterThread: Thread is done: 50 Concurrent Users 1-37
2025-04-28 13:31:58,639 INFO o.a.j.t.JMeterThread: Thread finished: 50 Concurrent Users 1-37
2025-04-28 13:31:58,668 INFO o.a.j.t.JMeterThread: Thread started: 50 Concurrent Users 1-43
2025-04-28 13:31:58,764 INFO o.a.j.t.JMeterThread: Thread started: 50 Concurrent Users 1-44
2025-04-28 13:31:58,858 INFO o.a.j.t.JMeterThread: Thread is done: 50 Concurrent Users 1-38
2025-04-28 13:31:58,858 INFO o.a.j.t.JMeterThread: Thread finished: 50 Concurrent Users 1-38
2025-04-28 13:31:58,859 INFO o.a.j.t.JMeterThread: Thread is done: 50 Concurrent Users 1-39
2025-04-28 13:31:58,859 INFO o.a.j.t.JMeterThread: Thread finished: 50 Concurrent Users 1-39
2025-04-28 13:31:58,869 INFO o.a.j.t.JMeterThread: Thread started: 50 Concurrent Users 1-45
2025-04-28 13:31:58,956 INFO o.a.j.t.JMeterThread: Thread is done: 50 Concurrent Users 1-40
2025-04-28 13:31:58,956 INFO o.a.j.t.JMeterThread: Thread finished: 50 Concurrent Users 1-40
2025-04-28 13:31:58,964 INFO o.a.j.t.JMeterThread: Thread started: 50 Concurrent Users 1-46
2025-04-28 13:31:59,041 INFO o.a.j.t.JMeterThread: Thread is done: 50 Concurrent Users 1-41
2025-04-28 13:31:59,041 INFO o.a.j.t.JMeterThread: Thread finished: 50 Concurrent Users 1-41
2025-04-28 13:31:59,067 INFO o.a.j.t.JMeterThread: Thread started: 50 Concurrent Users 1-47
2025-04-28 13:31:59,120 INFO o.a.j.t.JMeterThread: Thread is done: 50 Concurrent Users 1-42
2025-04-28 13:31:59,120 INFO o.a.j.t.JMeterThread: Thread finished: 50 Concurrent Users 1-42
2025-04-28 13:31:59,168 INFO o.a.j.t.JMeterThread: Thread started: 50 Concurrent Users 1-48
2025-04-28 13:31:59,205 INFO o.a.j.t.JMeterThread: Thread is done: 50 Concurrent Users 1-43
2025-04-28 13:31:59,205 INFO o.a.j.t.JMeterThread: Thread finished: 50 Concurrent Users 1-43
2025-04-28 13:31:59,263 INFO o.a.j.t.JMeterThread: Thread started: 50 Concurrent Users 1-49
2025-04-28 13:31:59,315 INFO o.a.j.t.JMeterThread: Thread is done: 50 Concurrent Users 1-44
2025-04-28 13:31:59,315 INFO o.a.j.t.JMeterThread: Thread finished: 50 Concurrent Users 1-44
2025-04-28 13:31:59,366 INFO o.a.j.t.JMeterThread: Thread started: 50 Concurrent Users 1-50
2025-04-28 13:31:59,394 INFO o.a.j.t.JMeterThread: Thread is done: 50 Concurrent Users 1-45
2025-04-28 13:31:59,394 INFO o.a.j.t.JMeterThread: Thread finished: 50 Concurrent Users 1-45
2025-04-28 13:31:59,471 INFO o.a.j.t.JMeterThread: Thread is done: 50 Concurrent Users 1-46
2025-04-28 13:31:59,471 INFO o.a.j.t.JMeterThread: Thread finished: 50 Concurrent Users 1-46
2025-04-28 13:31:59,634 INFO o.a.j.t.JMeterThread: Thread is done: 50 Concurrent Users 1-47
2025-04-28 13:31:59,634 INFO o.a.j.t.JMeterThread: Thread finished: 50 Concurrent Users 1-47
2025-04-28 13:31:59,721 INFO o.a.j.t.JMeterThread: Thread is done: 50 Concurrent Users 1-48
2025-04-28 13:31:59,721 INFO o.a.j.t.JMeterThread: Thread finished: 50 Concurrent Users 1-48
2025-04-28 13:31:59,850 INFO o.a.j.t.JMeterThread: Thread is done: 50 Concurrent Users 1-49
2025-04-28 13:31:59,850 INFO o.a.j.t.JMeterThread: Thread finished: 50 Concurrent Users 1-49
2025-04-28 13:31:59,928 INFO o.a.j.t.JMeterThread: Thread is done: 50 Concurrent Users 1-50
2025-04-28 13:31:59,928 INFO o.a.j.t.JMeterThread: Thread finished: 50 Concurrent Users 1-50
2025-04-28 13:31:59,930 INFO o.a.j.e.StandardJMeterEngine: Notifying test listeners of end of test
2025-04-28 13:31:59,930 INFO o.a.j.g.u.JMeterMenuBar: setRunning(false, *local*)
2025-04-28 13:32:09,388 INFO o.a.j.e.StandardJMeterEngine: Running the test!
2025-04-28 13:32:09,389 INFO o.a.j.s.SampleEvent: List of sample_variables: []
2025-04-28 13:32:09,389 INFO o.a.j.g.u.JMeterMenuBar: setRunning(true, *local*)
2025-04-28 13:32:09,447 INFO o.a.j.e.StandardJMeterEngine: Starting ThreadGroup: 1 : 50 Concurrent Users
2025-04-28 13:32:09,448 INFO o.a.j.e.StandardJMeterEngine: Starting 50 threads for group 50 Concurrent Users.
2025-04-28 13:32:09,448 INFO o.a.j.e.StandardJMeterEngine: Thread will continue on error
2025-04-28 13:32:09,448 INFO o.a.j.t.ThreadGroup: Starting thread group... number=1 threads=50 ramp-up=5 delayedStart=false
2025-04-28 13:32:09,448 INFO o.a.j.t.JMeterThread: Thread started: 50 Concurrent Users 1-1
2025-04-28 13:32:09,459 INFO o.a.j.t.ThreadGroup: Started thread group number 1
2025-04-28 13:32:09,459 INFO o.a.j.e.StandardJMeterEngine: Starting ThreadGroup: 2 : 5 Concurrent Users
2025-04-28 13:32:09,459 INFO o.a.j.e.StandardJMeterEngine: Starting 5 threads for group 5 Concurrent Users.
2025-04-28 13:32:09,459 INFO o.a.j.e.StandardJMeterEngine: Thread will continue on error
2025-04-28 13:32:09,460 INFO o.a.j.t.ThreadGroup: Starting thread group... number=2 threads=5 ramp-up=1 delayedStart=false
2025-04-28 13:32:09,460 INFO o.a.j.t.JMeterThread: Thread started: 5 Concurrent Users 2-1
2025-04-28 13:32:09,462 INFO o.a.j.t.ThreadGroup: Started thread group number 2
2025-04-28 13:32:09,462 INFO o.a.j.e.StandardJMeterEngine: All thread groups have been started
2025-04-28 13:32:09,554 INFO o.a.j.t.JMeterThread: Thread started: 50 Concurrent Users 1-2
2025-04-28 13:32:09,629 INFO o.a.j.t.JMeterThread: Thread is done: 5 Concurrent Users 2-1
2025-04-28 13:32:09,629 INFO o.a.j.t.JMeterThread: Thread finished: 5 Concurrent Users 2-1
2025-04-28 13:32:09,654 INFO o.a.j.t.JMeterThread: Thread started: 50 Concurrent Users 1-3
2025-04-28 13:32:09,664 INFO o.a.j.t.JMeterThread: Thread started: 5 Concurrent Users 2-2
2025-04-28 13:32:09,752 INFO o.a.j.t.JMeterThread: Thread started: 50 Concurrent Users 1-4
2025-04-28 13:32:09,853 INFO o.a.j.t.JMeterThread: Thread started: 50 Concurrent Users 1-5
2025-04-28 13:32:09,861 INFO o.a.j.t.JMeterThread: Thread started: 5 Concurrent Users 2-3
2025-04-28 13:32:09,880 INFO o.a.j.t.JMeterThread: Thread is done: 5 Concurrent Users 2-2
2025-04-28 13:32:09,880 INFO o.a.j.t.JMeterThread: Thread finished: 5 Concurrent Users 2-2
2025-04-28 13:32:09,951 INFO o.a.j.t.JMeterThread: Thread started: 50 Concurrent Users 1-6
2025-04-28 13:32:10,036 INFO o.a.j.t.JMeterThread: Thread is done: 5 Concurrent Users 2-3
2025-04-28 13:32:10,036 INFO o.a.j.t.JMeterThread: Thread finished: 5 Concurrent Users 2-3
2025-04-28 13:32:10,049 INFO o.a.j.t.JMeterThread: Thread started: 50 Concurrent Users 1-7
2025-04-28 13:32:10,064 INFO o.a.j.t.JMeterThread: Thread started: 5 Concurrent Users 2-4
2025-04-28 13:32:10,152 INFO o.a.j.t.JMeterThread: Thread started: 50 Concurrent Users 1-8
2025-04-28 13:32:10,218 INFO o.a.j.t.JMeterThread: Thread is done: 5 Concurrent Users 2-4
2025-04-28 13:32:10,219 INFO o.a.j.t.JMeterThread: Thread finished: 5 Concurrent Users 2-4
2025-04-28 13:32:10,223 INFO o.a.j.t.JMeterThread: Thread is done: 50 Concurrent Users 1-1
2025-04-28 13:32:10,223 INFO o.a.j.t.JMeterThread: Thread finished: 50 Concurrent Users 1-1
2025-04-28 13:32:10,252 INFO o.a.j.t.JMeterThread: Thread started: 50 Concurrent Users 1-9
2025-04-28 13:32:10,265 INFO o.a.j.t.JMeterThread: Thread started: 5 Concurrent Users 2-5
2025-04-28 13:32:10,330 INFO o.a.j.t.JMeterThread: Thread is done: 50 Concurrent Users 1-2
2025-04-28 13:32:10,330 INFO o.a.j.t.JMeterThread: Thread finished: 50 Concurrent Users 1-2
2025-04-28 13:32:10,335 INFO o.a.j.t.JMeterThread: Thread is done: 50 Concurrent Users 1-3
2025-04-28 13:32:10,335 INFO o.a.j.t.JMeterThread: Thread finished: 50 Concurrent Users 1-3
2025-04-28 13:32:10,352 INFO o.a.j.t.JMeterThread: Thread started: 50 Concurrent Users 1-10
2025-04-28 13:32:10,451 INFO o.a.j.t.JMeterThread: Thread started: 50 Concurrent Users 1-11
2025-04-28 13:32:10,482 INFO o.a.j.t.JMeterThread: Thread is done: 50 Concurrent Users 1-4
2025-04-28 13:32:10,482 INFO o.a.j.t.JMeterThread: Thread is done: 5 Concurrent Users 2-5
2025-04-28 13:32:10,482 INFO o.a.j.t.JMeterThread: Thread finished: 50 Concurrent Users 1-4
2025-04-28 13:32:10,482 INFO o.a.j.t.JMeterThread: Thread finished: 5 Concurrent Users 2-5
2025-04-28 13:32:10,552 INFO o.a.j.t.JMeterThread: Thread started: 50 Concurrent Users 1-12
2025-04-28 13:32:10,563 INFO o.a.j.t.JMeterThread: Thread is done: 50 Concurrent Users 1-6
2025-04-28 13:32:10,563 INFO o.a.j.t.JMeterThread: Thread is done: 50 Concurrent Users 1-5
2025-04-28 13:32:10,563 INFO o.a.j.t.JMeterThread: Thread finished: 50 Concurrent Users 1-6
2025-04-28 13:32:10,564 INFO o.a.j.t.JMeterThread: Thread finished: 50 Concurrent Users 1-5
2025-04-28 13:32:10,652 INFO o.a.j.t.JMeterThread: Thread started: 50 Concurrent Users 1-13
2025-04-28 13:32:10,661 INFO o.a.j.t.JMeterThread: Thread is done: 50 Concurrent Users 1-7
2025-04-28 13:32:10,662 INFO o.a.j.t.JMeterThread: Thread finished: 50 Concurrent Users 1-7
2025-04-28 13:32:10,752 INFO o.a.j.t.JMeterThread: Thread started: 50 Concurrent Users 1-14
2025-04-28 13:32:10,851 INFO o.a.j.t.JMeterThread: Thread is done: 50 Concurrent Users 1-8
2025-04-28 13:32:10,851 INFO o.a.j.t.JMeterThread: Thread finished: 50 Concurrent Users 1-8
2025-04-28 13:32:10,853 INFO o.a.j.t.JMeterThread: Thread started: 50 Concurrent Users 1-15
2025-04-28 13:32:10,936 INFO o.a.j.t.JMeterThread: Thread is done: 50 Concurrent Users 1-9
2025-04-28 13:32:10,936 INFO o.a.j.t.JMeterThread: Thread finished: 50 Concurrent Users 1-9
2025-04-28 13:32:10,937 INFO o.a.j.t.JMeterThread: Thread is done: 50 Concurrent Users 1-10
2025-04-28 13:32:10,937 INFO o.a.j.t.JMeterThread: Thread finished: 50 Concurrent Users 1-10
2025-04-28 13:32:10,950 INFO o.a.j.t.JMeterThread: Thread started: 50 Concurrent Users 1-16
2025-04-28 13:32:11,051 INFO o.a.j.t.JMeterThread: Thread started: 50 Concurrent Users 1-17
2025-04-28 13:32:11,151 INFO o.a.j.t.JMeterThread: Thread started: 50 Concurrent Users 1-18
2025-04-28 13:32:11,175 INFO o.a.j.t.JMeterThread: Thread is done: 50 Concurrent Users 1-11
2025-04-28 13:32:11,175 INFO o.a.j.t.JMeterThread: Thread finished: 50 Concurrent Users 1-11
2025-04-28 13:32:11,176 INFO o.a.j.t.JMeterThread: Thread is done: 50 Concurrent Users 1-12
2025-04-28 13:32:11,176 INFO o.a.j.t.JMeterThread: Thread finished: 50 Concurrent Users 1-12
2025-04-28 13:32:11,251 INFO o.a.j.t.JMeterThread: Thread started: 50 Concurrent Users 1-19
2025-04-28 13:32:11,257 INFO o.a.j.t.JMeterThread: Thread is done: 50 Concurrent Users 1-13
2025-04-28 13:32:11,257 INFO o.a.j.t.JMeterThread: Thread finished: 50 Concurrent Users 1-13
2025-04-28 13:32:11,354 INFO o.a.j.t.JMeterThread: Thread started: 50 Concurrent Users 1-20
2025-04-28 13:32:11,453 INFO o.a.j.t.JMeterThread: Thread started: 50 Concurrent Users 1-21
2025-04-28 13:32:11,455 INFO o.a.j.t.JMeterThread: Thread is done: 50 Concurrent Users 1-14
2025-04-28 13:32:11,455 INFO o.a.j.t.JMeterThread: Thread finished: 50 Concurrent Users 1-14
2025-04-28 13:32:11,457 INFO o.a.j.t.JMeterThread: Thread is done: 50 Concurrent Users 1-15
2025-04-28 13:32:11,457 INFO o.a.j.t.JMeterThread: Thread finished: 50 Concurrent Users 1-15
2025-04-28 13:32:11,551 INFO o.a.j.t.JMeterThread: Thread started: 50 Concurrent Users 1-22
2025-04-28 13:32:11,616 INFO o.a.j.t.JMeterThread: Thread is done: 50 Concurrent Users 1-16
2025-04-28 13:32:11,616 INFO o.a.j.t.JMeterThread: Thread finished: 50 Concurrent Users 1-16
2025-04-28 13:32:11,617 INFO o.a.j.t.JMeterThread: Thread is done: 50 Concurrent Users 1-17
2025-04-28 13:32:11,617 INFO o.a.j.t.JMeterThread: Thread finished: 50 Concurrent Users 1-17
2025-04-28 13:32:11,652 INFO o.a.j.t.JMeterThread: Thread started: 50 Concurrent Users 1-23
2025-04-28 13:32:11,702 INFO o.a.j.t.JMeterThread: Thread is done: 50 Concurrent Users 1-18
2025-04-28 13:32:11,702 INFO o.a.j.t.JMeterThread: Thread finished: 50 Concurrent Users 1-18
2025-04-28 13:32:11,754 INFO o.a.j.t.JMeterThread: Thread started: 50 Concurrent Users 1-24
2025-04-28 13:32:11,776 INFO o.a.j.t.JMeterThread: Thread is done: 50 Concurrent Users 1-19
2025-04-28 13:32:11,777 INFO o.a.j.t.JMeterThread: Thread finished: 50 Concurrent Users 1-19
2025-04-28 13:32:11,853 INFO o.a.j.t.JMeterThread: Thread started: 50 Concurrent Users 1-25
2025-04-28 13:32:11,904 INFO o.a.j.t.JMeterThread: Thread is done: 50 Concurrent Users 1-20
2025-04-28 13:32:11,904 INFO o.a.j.t.JMeterThread: Thread finished: 50 Concurrent Users 1-20
2025-04-28 13:32:11,952 INFO o.a.j.t.JMeterThread: Thread started: 50 Concurrent Users 1-26
2025-04-28 13:32:11,991 INFO o.a.j.t.JMeterThread: Thread is done: 50 Concurrent Users 1-21
2025-04-28 13:32:11,991 INFO o.a.j.t.JMeterThread: Thread finished: 50 Concurrent Users 1-21
2025-04-28 13:32:12,052 INFO o.a.j.t.JMeterThread: Thread started: 50 Concurrent Users 1-27
2025-04-28 13:32:12,078 INFO o.a.j.t.JMeterThread: Thread is done: 50 Concurrent Users 1-22
2025-04-28 13:32:12,078 INFO o.a.j.t.JMeterThread: Thread finished: 50 Concurrent Users 1-22
2025-04-28 13:32:12,149 INFO o.a.j.t.JMeterThread: Thread started: 50 Concurrent Users 1-28
2025-04-28 13:32:12,249 INFO o.a.j.t.JMeterThread: Thread started: 50 Concurrent Users 1-29
2025-04-28 13:32:12,280 INFO o.a.j.t.JMeterThread: Thread is done: 50 Concurrent Users 1-23
2025-04-28 13:32:12,280 INFO o.a.j.t.JMeterThread: Thread finished: 50 Concurrent Users 1-23
2025-04-28 13:32:12,327 INFO o.a.j.t.JMeterThread: Thread is done: 50 Concurrent Users 1-24
2025-04-28 13:32:12,327 INFO o.a.j.t.JMeterThread: Thread finished: 50 Concurrent Users 1-24
2025-04-28 13:32:12,354 INFO o.a.j.t.JMeterThread: Thread started: 50 Concurrent Users 1-30
2025-04-28 13:32:12,451 INFO o.a.j.t.JMeterThread: Thread started: 50 Concurrent Users 1-31
2025-04-28 13:32:12,500 INFO o.a.j.t.JMeterThread: Thread is done: 50 Concurrent Users 1-25
2025-04-28 13:32:12,500 INFO o.a.j.t.JMeterThread: Thread finished: 50 Concurrent Users 1-25
2025-04-28 13:32:12,504 INFO o.a.j.t.JMeterThread: Thread is done: 50 Concurrent Users 1-26
2025-04-28 13:32:12,504 INFO o.a.j.t.JMeterThread: Thread finished: 50 Concurrent Users 1-26
2025-04-28 13:32:12,552 INFO o.a.j.t.JMeterThread: Thread started: 50 Concurrent Users 1-32
2025-04-28 13:32:12,651 INFO o.a.j.t.JMeterThread: Thread started: 50 Concurrent Users 1-33
2025-04-28 13:32:12,667 INFO o.a.j.t.JMeterThread: Thread is done: 50 Concurrent Users 1-27
2025-04-28 13:32:12,668 INFO o.a.j.t.JMeterThread: Thread finished: 50 Concurrent Users 1-27
2025-04-28 13:32:12,689 INFO o.a.j.t.JMeterThread: Thread is done: 50 Concurrent Users 1-28
2025-04-28 13:32:12,689 INFO o.a.j.t.JMeterThread: Thread finished: 50 Concurrent Users 1-28
2025-04-28 13:32:12,752 INFO o.a.j.t.JMeterThread: Thread started: 50 Concurrent Users 1-34
2025-04-28 13:32:12,851 INFO o.a.j.t.JMeterThread: Thread started: 50 Concurrent Users 1-35
2025-04-28 13:32:12,950 INFO o.a.j.t.JMeterThread: Thread is done: 50 Concurrent Users 1-30
2025-04-28 13:32:12,950 INFO o.a.j.t.JMeterThread: Thread finished: 50 Concurrent Users 1-30
2025-04-28 13:32:12,952 INFO o.a.j.t.JMeterThread: Thread started: 50 Concurrent Users 1-36
2025-04-28 13:32:12,954 INFO o.a.j.t.JMeterThread: Thread is done: 50 Concurrent Users 1-29
2025-04-28 13:32:12,954 INFO o.a.j.t.JMeterThread: Thread finished: 50 Concurrent Users 1-29
2025-04-28 13:32:13,034 INFO o.a.j.t.JMeterThread: Thread is done: 50 Concurrent Users 1-31
2025-04-28 13:32:13,034 INFO o.a.j.t.JMeterThread: Thread finished: 50 Concurrent Users 1-31
2025-04-28 13:32:13,050 INFO o.a.j.t.JMeterThread: Thread started: 50 Concurrent Users 1-37
2025-04-28 13:32:13,143 INFO o.a.j.t.JMeterThread: Thread is done: 50 Concurrent Users 1-32
2025-04-28 13:32:13,143 INFO o.a.j.t.JMeterThread: Thread finished: 50 Concurrent Users 1-32
2025-04-28 13:32:13,148 INFO o.a.j.t.JMeterThread: Thread started: 50 Concurrent Users 1-38
2025-04-28 13:32:13,216 INFO o.a.j.t.JMeterThread: Thread is done: 50 Concurrent Users 1-33
2025-04-28 13:32:13,216 INFO o.a.j.t.JMeterThread: Thread finished: 50 Concurrent Users 1-33
2025-04-28 13:32:13,248 INFO o.a.j.t.JMeterThread: Thread started: 50 Concurrent Users 1-39
2025-04-28 13:32:13,296 INFO o.a.j.t.JMeterThread: Thread is done: 50 Concurrent Users 1-34
2025-04-28 13:32:13,296 INFO o.a.j.t.JMeterThread: Thread finished: 50 Concurrent Users 1-34
2025-04-28 13:32:13,350 INFO o.a.j.t.JMeterThread: Thread started: 50 Concurrent Users 1-40
2025-04-28 13:32:13,454 INFO o.a.j.t.JMeterThread: Thread started: 50 Concurrent Users 1-41
2025-04-28 13:32:13,471 INFO o.a.j.t.JMeterThread: Thread is done: 50 Concurrent Users 1-35
2025-04-28 13:32:13,471 INFO o.a.j.t.JMeterThread: Thread finished: 50 Concurrent Users 1-35
2025-04-28 13:32:13,541 INFO o.a.j.t.JMeterThread: Thread is done: 50 Concurrent Users 1-36
2025-04-28 13:32:13,542 INFO o.a.j.t.JMeterThread: Thread finished: 50 Concurrent Users 1-36
2025-04-28 13:32:13,553 INFO o.a.j.t.JMeterThread: Thread started: 50 Concurrent Users 1-42
2025-04-28 13:32:13,610 INFO o.a.j.t.JMeterThread: Thread is done: 50 Concurrent Users 1-37
2025-04-28 13:32:13,610 INFO o.a.j.t.JMeterThread: Thread finished: 50 Concurrent Users 1-37
2025-04-28 13:32:13,651 INFO o.a.j.t.JMeterThread: Thread started: 50 Concurrent Users 1-43
2025-04-28 13:32:13,716 INFO o.a.j.t.JMeterThread: Thread is done: 50 Concurrent Users 1-38
2025-04-28 13:32:13,716 INFO o.a.j.t.JMeterThread: Thread finished: 50 Concurrent Users 1-38
2025-04-28 13:32:13,752 INFO o.a.j.t.JMeterThread: Thread started: 50 Concurrent Users 1-44
2025-04-28 13:32:13,795 INFO o.a.j.t.JMeterThread: Thread is done: 50 Concurrent Users 1-39
2025-04-28 13:32:13,795 INFO o.a.j.t.JMeterThread: Thread finished: 50 Concurrent Users 1-39
2025-04-28 13:32:13,853 INFO o.a.j.t.JMeterThread: Thread started: 50 Concurrent Users 1-45
2025-04-28 13:32:13,877 INFO o.a.j.t.JMeterThread: Thread is done: 50 Concurrent Users 1-40
2025-04-28 13:32:13,878 INFO o.a.j.t.JMeterThread: Thread finished: 50 Concurrent Users 1-40
2025-04-28 13:32:13,953 INFO o.a.j.t.JMeterThread: Thread started: 50 Concurrent Users 1-46
2025-04-28 13:32:14,001 INFO o.a.j.t.JMeterThread: Thread is done: 50 Concurrent Users 1-41
2025-04-28 13:32:14,001 INFO o.a.j.t.JMeterThread: Thread finished: 50 Concurrent Users 1-41
2025-04-28 13:32:14,049 INFO o.a.j.t.JMeterThread: Thread started: 50 Concurrent Users 1-47
2025-04-28 13:32:14,091 INFO o.a.j.t.JMeterThread: Thread is done: 50 Concurrent Users 1-42
2025-04-28 13:32:14,091 INFO o.a.j.t.JMeterThread: Thread finished: 50 Concurrent Users 1-42
2025-04-28 13:32:14,152 INFO o.a.j.t.JMeterThread: Thread started: 50 Concurrent Users 1-48
2025-04-28 13:32:14,160 INFO o.a.j.t.JMeterThread: Thread is done: 50 Concurrent Users 1-43
2025-04-28 13:32:14,160 INFO o.a.j.t.JMeterThread: Thread finished: 50 Concurrent Users 1-43
2025-04-28 13:32:14,253 INFO o.a.j.t.JMeterThread: Thread started: 50 Concurrent Users 1-49
2025-04-28 13:32:14,348 INFO o.a.j.t.JMeterThread: Thread is done: 50 Concurrent Users 1-44
2025-04-28 13:32:14,348 INFO o.a.j.t.JMeterThread: Thread finished: 50 Concurrent Users 1-44
2025-04-28 13:32:14,349 INFO o.a.j.t.JMeterThread: Thread started: 50 Concurrent Users 1-50
2025-04-28 13:32:14,402 INFO o.a.j.t.JMeterThread: Thread is done: 50 Concurrent Users 1-45
2025-04-28 13:32:14,402 INFO o.a.j.t.JMeterThread: Thread finished: 50 Concurrent Users 1-45
2025-04-28 13:32:14,523 INFO o.a.j.t.JMeterThread: Thread is done: 50 Concurrent Users 1-46
2025-04-28 13:32:14,523 INFO o.a.j.t.JMeterThread: Thread finished: 50 Concurrent Users 1-46
2025-04-28 13:32:14,600 INFO o.a.j.t.JMeterThread: Thread is done: 50 Concurrent Users 1-47
2025-04-28 13:32:14,600 INFO o.a.j.t.JMeterThread: Thread finished: 50 Concurrent Users 1-47
2025-04-28 13:32:14,688 INFO o.a.j.t.JMeterThread: Thread is done: 50 Concurrent Users 1-48
2025-04-28 13:32:14,688 INFO o.a.j.t.JMeterThread: Thread finished: 50 Concurrent Users 1-48
2025-04-28 13:32:14,849 INFO o.a.j.t.JMeterThread: Thread is done: 50 Concurrent Users 1-49
2025-04-28 13:32:14,849 INFO o.a.j.t.JMeterThread: Thread finished: 50 Concurrent Users 1-49
2025-04-28 13:32:14,933 INFO o.a.j.t.JMeterThread: Thread is done: 50 Concurrent Users 1-50
2025-04-28 13:32:14,934 INFO o.a.j.t.JMeterThread: Thread finished: 50 Concurrent Users 1-50
2025-04-28 13:32:14,934 INFO o.a.j.e.StandardJMeterEngine: Notifying test listeners of end of test
2025-04-28 13:32:14,934 INFO o.a.j.g.u.JMeterMenuBar: setRunning(false, *local*)
