[2024-11-15T07:24:24.640+0000] {processor.py:161} INFO - Started process (PID=290) to work on /opt/airflow/dags/FinanceDataAnalytics_ETL.py
[2024-11-15T07:24:24.641+0000] {processor.py:830} INFO - Processing file /opt/airflow/dags/FinanceDataAnalytics_ETL.py for tasks to queue
[2024-11-15T07:24:24.643+0000] {logging_mixin.py:188} INFO - [2024-11-15T07:24:24.642+0000] {dagbag.py:545} INFO - Filling up the DagBag from /opt/airflow/dags/FinanceDataAnalytics_ETL.py
[2024-11-15T07:24:24.671+0000] {processor.py:840} INFO - DAG(s) 'Stock_Data_ETL' retrieved from /opt/airflow/dags/FinanceDataAnalytics_ETL.py
[2024-11-15T07:24:24.760+0000] {logging_mixin.py:188} INFO - [2024-11-15T07:24:24.760+0000] {override.py:1829} INFO - Created Permission View: can delete on DAG:Stock_Data_ETL
[2024-11-15T07:24:24.767+0000] {logging_mixin.py:188} INFO - [2024-11-15T07:24:24.767+0000] {override.py:1829} INFO - Created Permission View: can edit on DAG:Stock_Data_ETL
[2024-11-15T07:24:24.773+0000] {logging_mixin.py:188} INFO - [2024-11-15T07:24:24.772+0000] {override.py:1829} INFO - Created Permission View: can read on DAG:Stock_Data_ETL
[2024-11-15T07:24:24.773+0000] {logging_mixin.py:188} INFO - [2024-11-15T07:24:24.773+0000] {dag.py:3096} INFO - Sync 1 DAGs
[2024-11-15T07:24:24.781+0000] {logging_mixin.py:188} INFO - [2024-11-15T07:24:24.781+0000] {dag.py:3118} INFO - Creating ORM DAG for Stock_Data_ETL
[2024-11-15T07:24:24.788+0000] {logging_mixin.py:188} INFO - [2024-11-15T07:24:24.788+0000] {dag.py:3954} INFO - Setting next_dagrun for Stock_Data_ETL to 2024-11-13 21:30:00+00:00, run_after=2024-11-14 21:30:00+00:00
[2024-11-15T07:24:24.802+0000] {processor.py:183} INFO - Processing /opt/airflow/dags/FinanceDataAnalytics_ETL.py took 0.168 seconds
[2024-11-15T07:24:55.129+0000] {processor.py:161} INFO - Started process (PID=333) to work on /opt/airflow/dags/FinanceDataAnalytics_ETL.py
[2024-11-15T07:24:55.132+0000] {processor.py:830} INFO - Processing file /opt/airflow/dags/FinanceDataAnalytics_ETL.py for tasks to queue
[2024-11-15T07:24:55.134+0000] {logging_mixin.py:188} INFO - [2024-11-15T07:24:55.134+0000] {dagbag.py:545} INFO - Filling up the DagBag from /opt/airflow/dags/FinanceDataAnalytics_ETL.py
[2024-11-15T07:24:55.148+0000] {processor.py:840} INFO - DAG(s) 'Stock_Data_ETL' retrieved from /opt/airflow/dags/FinanceDataAnalytics_ETL.py
[2024-11-15T07:24:55.164+0000] {logging_mixin.py:188} INFO - [2024-11-15T07:24:55.164+0000] {dag.py:3096} INFO - Sync 1 DAGs
[2024-11-15T07:24:55.177+0000] {logging_mixin.py:188} INFO - [2024-11-15T07:24:55.177+0000] {dag.py:3954} INFO - Setting next_dagrun for Stock_Data_ETL to 2024-11-13 21:30:00+00:00, run_after=2024-11-14 21:30:00+00:00
[2024-11-15T07:24:55.190+0000] {processor.py:183} INFO - Processing /opt/airflow/dags/FinanceDataAnalytics_ETL.py took 0.064 seconds
[2024-11-15T07:25:25.535+0000] {processor.py:161} INFO - Started process (PID=354) to work on /opt/airflow/dags/FinanceDataAnalytics_ETL.py
[2024-11-15T07:25:25.538+0000] {processor.py:830} INFO - Processing file /opt/airflow/dags/FinanceDataAnalytics_ETL.py for tasks to queue
[2024-11-15T07:25:25.540+0000] {logging_mixin.py:188} INFO - [2024-11-15T07:25:25.540+0000] {dagbag.py:545} INFO - Filling up the DagBag from /opt/airflow/dags/FinanceDataAnalytics_ETL.py
[2024-11-15T07:25:25.557+0000] {processor.py:840} INFO - DAG(s) 'Stock_Data_ETL' retrieved from /opt/airflow/dags/FinanceDataAnalytics_ETL.py
[2024-11-15T07:25:25.573+0000] {logging_mixin.py:188} INFO - [2024-11-15T07:25:25.573+0000] {dag.py:3096} INFO - Sync 1 DAGs
[2024-11-15T07:25:25.586+0000] {logging_mixin.py:188} INFO - [2024-11-15T07:25:25.586+0000] {dag.py:3954} INFO - Setting next_dagrun for Stock_Data_ETL to 2024-11-13 21:30:00+00:00, run_after=2024-11-14 21:30:00+00:00
[2024-11-15T07:25:25.597+0000] {processor.py:183} INFO - Processing /opt/airflow/dags/FinanceDataAnalytics_ETL.py took 0.069 seconds
