[2024-11-15T07:24:24.632+0000] {processor.py:161} INFO - Started process (PID=287) to work on /opt/airflow/dags/FinanceDataAnalytics_Prediction.py
[2024-11-15T07:24:24.637+0000] {processor.py:830} INFO - Processing file /opt/airflow/dags/FinanceDataAnalytics_Prediction.py for tasks to queue
[2024-11-15T07:24:24.640+0000] {logging_mixin.py:188} INFO - [2024-11-15T07:24:24.639+0000] {dagbag.py:545} INFO - Filling up the DagBag from /opt/airflow/dags/FinanceDataAnalytics_Prediction.py
[2024-11-15T07:24:24.668+0000] {processor.py:840} INFO - DAG(s) 'Stock_Prediction' retrieved from /opt/airflow/dags/FinanceDataAnalytics_Prediction.py
[2024-11-15T07:24:24.751+0000] {logging_mixin.py:188} INFO - [2024-11-15T07:24:24.751+0000] {override.py:1829} INFO - Created Permission View: can delete on DAG:Stock_Prediction
[2024-11-15T07:24:24.759+0000] {logging_mixin.py:188} INFO - [2024-11-15T07:24:24.759+0000] {override.py:1829} INFO - Created Permission View: can edit on DAG:Stock_Prediction
[2024-11-15T07:24:24.764+0000] {logging_mixin.py:188} INFO - [2024-11-15T07:24:24.764+0000] {override.py:1829} INFO - Created Permission View: can read on DAG:Stock_Prediction
[2024-11-15T07:24:24.764+0000] {logging_mixin.py:188} INFO - [2024-11-15T07:24:24.764+0000] {dag.py:3096} INFO - Sync 1 DAGs
[2024-11-15T07:24:24.773+0000] {logging_mixin.py:188} INFO - [2024-11-15T07:24:24.773+0000] {dag.py:3118} INFO - Creating ORM DAG for Stock_Prediction
[2024-11-15T07:24:24.774+0000] {logging_mixin.py:188} INFO - [2024-11-15T07:24:24.774+0000] {dag.py:3954} INFO - Setting next_dagrun for Stock_Prediction to None, run_after=None
[2024-11-15T07:24:24.786+0000] {processor.py:183} INFO - Processing /opt/airflow/dags/FinanceDataAnalytics_Prediction.py took 0.159 seconds
[2024-11-15T07:24:55.124+0000] {processor.py:161} INFO - Started process (PID=330) to work on /opt/airflow/dags/FinanceDataAnalytics_Prediction.py
[2024-11-15T07:24:55.125+0000] {processor.py:830} INFO - Processing file /opt/airflow/dags/FinanceDataAnalytics_Prediction.py for tasks to queue
[2024-11-15T07:24:55.126+0000] {logging_mixin.py:188} INFO - [2024-11-15T07:24:55.126+0000] {dagbag.py:545} INFO - Filling up the DagBag from /opt/airflow/dags/FinanceDataAnalytics_Prediction.py
[2024-11-15T07:24:55.142+0000] {processor.py:840} INFO - DAG(s) 'Stock_Prediction' retrieved from /opt/airflow/dags/FinanceDataAnalytics_Prediction.py
[2024-11-15T07:24:55.155+0000] {logging_mixin.py:188} INFO - [2024-11-15T07:24:55.155+0000] {dag.py:3096} INFO - Sync 1 DAGs
[2024-11-15T07:24:55.164+0000] {logging_mixin.py:188} INFO - [2024-11-15T07:24:55.164+0000] {dag.py:3954} INFO - Setting next_dagrun for Stock_Prediction to None, run_after=None
[2024-11-15T07:24:55.175+0000] {processor.py:183} INFO - Processing /opt/airflow/dags/FinanceDataAnalytics_Prediction.py took 0.056 seconds
[2024-11-15T07:25:25.528+0000] {processor.py:161} INFO - Started process (PID=351) to work on /opt/airflow/dags/FinanceDataAnalytics_Prediction.py
[2024-11-15T07:25:25.529+0000] {processor.py:830} INFO - Processing file /opt/airflow/dags/FinanceDataAnalytics_Prediction.py for tasks to queue
[2024-11-15T07:25:25.531+0000] {logging_mixin.py:188} INFO - [2024-11-15T07:25:25.531+0000] {dagbag.py:545} INFO - Filling up the DagBag from /opt/airflow/dags/FinanceDataAnalytics_Prediction.py
[2024-11-15T07:25:25.545+0000] {processor.py:840} INFO - DAG(s) 'Stock_Prediction' retrieved from /opt/airflow/dags/FinanceDataAnalytics_Prediction.py
[2024-11-15T07:25:25.561+0000] {logging_mixin.py:188} INFO - [2024-11-15T07:25:25.560+0000] {dag.py:3096} INFO - Sync 1 DAGs
[2024-11-15T07:25:25.569+0000] {logging_mixin.py:188} INFO - [2024-11-15T07:25:25.569+0000] {dag.py:3954} INFO - Setting next_dagrun for Stock_Prediction to None, run_after=None
[2024-11-15T07:25:25.581+0000] {processor.py:183} INFO - Processing /opt/airflow/dags/FinanceDataAnalytics_Prediction.py took 0.059 seconds
