[2024-11-09T22:05:11.000+0000] {local_task_job_runner.py:120} INFO - ::group::Pre task execution logs
[2024-11-09T22:05:11.015+0000] {taskinstance.py:2076} INFO - Dependencies all met for dep_context=non-requeueable deps ti=<TaskInstance: Stock_Data_ETL.extract_stock_data scheduled__2024-11-08T21:30:00+00:00 [queued]>
[2024-11-09T22:05:11.019+0000] {taskinstance.py:2076} INFO - Dependencies all met for dep_context=requeueable deps ti=<TaskInstance: Stock_Data_ETL.extract_stock_data scheduled__2024-11-08T21:30:00+00:00 [queued]>
[2024-11-09T22:05:11.019+0000] {taskinstance.py:2306} INFO - Starting attempt 1 of 2
[2024-11-09T22:05:11.025+0000] {taskinstance.py:2330} INFO - Executing <Task(_PythonDecoratedOperator): extract_stock_data> on 2024-11-08 21:30:00+00:00
[2024-11-09T22:05:11.031+0000] {logging_mixin.py:188} WARNING - /home/***/.local/lib/python3.12/site-packages/***/task/task_runner/standard_task_runner.py:61 DeprecationWarning: This process (pid=569) is multi-threaded, use of fork() may lead to deadlocks in the child.
[2024-11-09T22:05:11.030+0000] {standard_task_runner.py:90} INFO - Running: ['***', 'tasks', 'run', 'Stock_Data_ETL', 'extract_stock_data', 'scheduled__2024-11-08T21:30:00+00:00', '--job-id', '39', '--raw', '--subdir', 'DAGS_FOLDER/FinanceDataAnalytics_ETL_Pair9.ipynb.py', '--cfg-path', '/tmp/tmpv9gebe7y']
[2024-11-09T22:05:11.032+0000] {standard_task_runner.py:91} INFO - Job 39: Subtask extract_stock_data
[2024-11-09T22:05:11.032+0000] {standard_task_runner.py:63} INFO - Started process 577 to run task
[2024-11-09T22:05:11.069+0000] {task_command.py:426} INFO - Running <TaskInstance: Stock_Data_ETL.extract_stock_data scheduled__2024-11-08T21:30:00+00:00 [running]> on host c8883bd7101d
[2024-11-09T22:05:11.114+0000] {taskinstance.py:2648} INFO - Exporting env vars: AIRFLOW_CTX_DAG_EMAIL='shatayu.thakur@sjsu.edu,pranav.raveendran@sjsu.edu' AIRFLOW_CTX_DAG_OWNER='Pair 9' AIRFLOW_CTX_DAG_ID='Stock_Data_ETL' AIRFLOW_CTX_TASK_ID='extract_stock_data' AIRFLOW_CTX_EXECUTION_DATE='2024-11-08T21:30:00+00:00' AIRFLOW_CTX_TRY_NUMBER='1' AIRFLOW_CTX_DAG_RUN_ID='scheduled__2024-11-08T21:30:00+00:00'
[2024-11-09T22:05:11.115+0000] {taskinstance.py:430} INFO - ::endgroup::
[2024-11-09T22:05:11.115+0000] {logging_mixin.py:188} INFO - Starting Extraction for Apple Stock Data...
[2024-11-09T22:05:11.120+0000] {taskinstance.py:441} INFO - ::group::Post task execution logs
[2024-11-09T22:05:11.120+0000] {taskinstance.py:2905} ERROR - Task failed with exception
Traceback (most recent call last):
  File "/home/airflow/.local/lib/python3.12/site-packages/airflow/models/taskinstance.py", line 465, in _execute_task
    result = _execute_callable(context=context, **execute_callable_kwargs)
             ^^^^^^^^^^^^^^^^^^^^^^^^^^^^^^^^^^^^^^^^^^^^^^^^^^^^^^^^^^^^^
  File "/home/airflow/.local/lib/python3.12/site-packages/airflow/models/taskinstance.py", line 432, in _execute_callable
    return execute_callable(context=context, **execute_callable_kwargs)
           ^^^^^^^^^^^^^^^^^^^^^^^^^^^^^^^^^^^^^^^^^^^^^^^^^^^^^^^^^^^^
  File "/home/airflow/.local/lib/python3.12/site-packages/airflow/models/baseoperator.py", line 400, in wrapper
    return func(self, *args, **kwargs)
           ^^^^^^^^^^^^^^^^^^^^^^^^^^^
  File "/home/airflow/.local/lib/python3.12/site-packages/airflow/decorators/base.py", line 265, in execute
    return_value = super().execute(context)
                   ^^^^^^^^^^^^^^^^^^^^^^^^
  File "/home/airflow/.local/lib/python3.12/site-packages/airflow/models/baseoperator.py", line 400, in wrapper
    return func(self, *args, **kwargs)
           ^^^^^^^^^^^^^^^^^^^^^^^^^^^
  File "/home/airflow/.local/lib/python3.12/site-packages/airflow/operators/python.py", line 235, in execute
    return_value = self.execute_callable()
                   ^^^^^^^^^^^^^^^^^^^^^^^
  File "/home/airflow/.local/lib/python3.12/site-packages/airflow/operators/python.py", line 252, in execute_callable
    return self.python_callable(*self.op_args, **self.op_kwargs)
           ^^^^^^^^^^^^^^^^^^^^^^^^^^^^^^^^^^^^^^^^^^^^^^^^^^^^^
  File "/opt/airflow/dags/FinanceDataAnalytics_ETL_Pair9.ipynb.py", line 55, in extract_stock_data
    vantage_api_key = Variable.get('vantage_api_key')
                      ^^^^^^^^^^^^^^^^^^^^^^^^^^^^^^^
  File "/home/airflow/.local/lib/python3.12/site-packages/airflow/models/variable.py", line 143, in get
    raise KeyError(f"Variable {key} does not exist")
KeyError: 'Variable vantage_api_key does not exist'
[2024-11-09T22:05:11.126+0000] {taskinstance.py:1206} INFO - Marking task as UP_FOR_RETRY. dag_id=Stock_Data_ETL, task_id=extract_stock_data, run_id=scheduled__2024-11-08T21:30:00+00:00, execution_date=20241108T213000, start_date=20241109T220511, end_date=20241109T220511
[2024-11-09T22:05:11.136+0000] {logging_mixin.py:188} WARNING - /home/***/.local/lib/python3.12/site-packages/***/utils/email.py:154 RemovedInAirflow3Warning: Fetching SMTP credentials from configuration variables will be deprecated in a future release. Please set credentials using a connection instead.
[2024-11-09T22:05:11.136+0000] {configuration.py:1050} WARNING - section/key [smtp/smtp_user] not found in config
[2024-11-09T22:05:11.137+0000] {email.py:271} INFO - Email alerting: attempt 1
[2024-11-09T22:05:11.141+0000] {configuration.py:1050} WARNING - section/key [smtp/smtp_user] not found in config
[2024-11-09T22:05:11.141+0000] {email.py:271} INFO - Email alerting: attempt 1
[2024-11-09T22:05:11.141+0000] {taskinstance.py:879} ERROR - Failed to send email to: ['shatayu.thakur@sjsu.edu', 'pranav.raveendran@sjsu.edu']
Traceback (most recent call last):
  File "/home/airflow/.local/lib/python3.12/site-packages/airflow/models/taskinstance.py", line 2479, in _run_raw_task
    self._execute_task_with_callbacks(context, test_mode, session=session)
  File "/home/airflow/.local/lib/python3.12/site-packages/airflow/models/taskinstance.py", line 2676, in _execute_task_with_callbacks
    result = self._execute_task(context, task_orig)
             ^^^^^^^^^^^^^^^^^^^^^^^^^^^^^^^^^^^^^^
  File "/home/airflow/.local/lib/python3.12/site-packages/airflow/models/taskinstance.py", line 2701, in _execute_task
    return _execute_task(self, context, task_orig)
           ^^^^^^^^^^^^^^^^^^^^^^^^^^^^^^^^^^^^^^^
  File "/home/airflow/.local/lib/python3.12/site-packages/airflow/models/taskinstance.py", line 465, in _execute_task
    result = _execute_callable(context=context, **execute_callable_kwargs)
             ^^^^^^^^^^^^^^^^^^^^^^^^^^^^^^^^^^^^^^^^^^^^^^^^^^^^^^^^^^^^^
  File "/home/airflow/.local/lib/python3.12/site-packages/airflow/models/taskinstance.py", line 432, in _execute_callable
    return execute_callable(context=context, **execute_callable_kwargs)
           ^^^^^^^^^^^^^^^^^^^^^^^^^^^^^^^^^^^^^^^^^^^^^^^^^^^^^^^^^^^^
  File "/home/airflow/.local/lib/python3.12/site-packages/airflow/models/baseoperator.py", line 400, in wrapper
    return func(self, *args, **kwargs)
           ^^^^^^^^^^^^^^^^^^^^^^^^^^^
  File "/home/airflow/.local/lib/python3.12/site-packages/airflow/decorators/base.py", line 265, in execute
    return_value = super().execute(context)
                   ^^^^^^^^^^^^^^^^^^^^^^^^
  File "/home/airflow/.local/lib/python3.12/site-packages/airflow/models/baseoperator.py", line 400, in wrapper
    return func(self, *args, **kwargs)
           ^^^^^^^^^^^^^^^^^^^^^^^^^^^
  File "/home/airflow/.local/lib/python3.12/site-packages/airflow/operators/python.py", line 235, in execute
    return_value = self.execute_callable()
                   ^^^^^^^^^^^^^^^^^^^^^^^
  File "/home/airflow/.local/lib/python3.12/site-packages/airflow/operators/python.py", line 252, in execute_callable
    return self.python_callable(*self.op_args, **self.op_kwargs)
           ^^^^^^^^^^^^^^^^^^^^^^^^^^^^^^^^^^^^^^^^^^^^^^^^^^^^^
  File "/opt/airflow/dags/FinanceDataAnalytics_ETL_Pair9.ipynb.py", line 55, in extract_stock_data
    vantage_api_key = Variable.get('vantage_api_key')
                      ^^^^^^^^^^^^^^^^^^^^^^^^^^^^^^^
  File "/home/airflow/.local/lib/python3.12/site-packages/airflow/models/variable.py", line 143, in get
    raise KeyError(f"Variable {key} does not exist")
KeyError: 'Variable vantage_api_key does not exist'

During handling of the above exception, another exception occurred:

Traceback (most recent call last):
  File "/home/airflow/.local/lib/python3.12/site-packages/airflow/models/taskinstance.py", line 1063, in _email_alert
    send_email(task.email, subject, html_content)
  File "/home/airflow/.local/lib/python3.12/site-packages/airflow/utils/email.py", line 80, in send_email
    return backend(
           ^^^^^^^^
  File "/home/airflow/.local/lib/python3.12/site-packages/airflow/utils/email.py", line 154, in send_email_smtp
    send_mime_email(e_from=mail_from, e_to=recipients, mime_msg=msg, conn_id=conn_id, dryrun=dryrun)
  File "/home/airflow/.local/lib/python3.12/site-packages/airflow/utils/email.py", line 273, in send_mime_email
    smtp_conn = _get_smtp_connection(smtp_host, smtp_port, smtp_timeout, smtp_ssl)
                ^^^^^^^^^^^^^^^^^^^^^^^^^^^^^^^^^^^^^^^^^^^^^^^^^^^^^^^^^^^^^^^^^^
  File "/home/airflow/.local/lib/python3.12/site-packages/airflow/utils/email.py", line 317, in _get_smtp_connection
    return smtplib.SMTP(host=host, port=port, timeout=timeout)
           ^^^^^^^^^^^^^^^^^^^^^^^^^^^^^^^^^^^^^^^^^^^^^^^^^^^
  File "/usr/local/lib/python3.12/smtplib.py", line 255, in __init__
    (code, msg) = self.connect(host, port)
                  ^^^^^^^^^^^^^^^^^^^^^^^^
  File "/usr/local/lib/python3.12/smtplib.py", line 341, in connect
    self.sock = self._get_socket(host, port, self.timeout)
                ^^^^^^^^^^^^^^^^^^^^^^^^^^^^^^^^^^^^^^^^^^
  File "/usr/local/lib/python3.12/smtplib.py", line 312, in _get_socket
    return socket.create_connection((host, port), timeout,
           ^^^^^^^^^^^^^^^^^^^^^^^^^^^^^^^^^^^^^^^^^^^^^^^
  File "/usr/local/lib/python3.12/socket.py", line 852, in create_connection
    raise exceptions[0]
  File "/usr/local/lib/python3.12/socket.py", line 837, in create_connection
    sock.connect(sa)
ConnectionRefusedError: [Errno 111] Connection refused

During handling of the above exception, another exception occurred:

Traceback (most recent call last):
  File "/home/airflow/.local/lib/python3.12/site-packages/airflow/models/taskinstance.py", line 877, in _handle_failure
    task_instance.email_alert(error, failure_context["task"])
  File "/home/airflow/.local/lib/python3.12/site-packages/airflow/models/taskinstance.py", line 3163, in email_alert
    _email_alert(task_instance=self, exception=exception, task=task)
  File "/home/airflow/.local/lib/python3.12/site-packages/airflow/models/taskinstance.py", line 1065, in _email_alert
    send_email(task.email, subject, html_content_err)
  File "/home/airflow/.local/lib/python3.12/site-packages/airflow/utils/email.py", line 80, in send_email
    return backend(
           ^^^^^^^^
  File "/home/airflow/.local/lib/python3.12/site-packages/airflow/utils/email.py", line 154, in send_email_smtp
    send_mime_email(e_from=mail_from, e_to=recipients, mime_msg=msg, conn_id=conn_id, dryrun=dryrun)
  File "/home/airflow/.local/lib/python3.12/site-packages/airflow/utils/email.py", line 273, in send_mime_email
    smtp_conn = _get_smtp_connection(smtp_host, smtp_port, smtp_timeout, smtp_ssl)
                ^^^^^^^^^^^^^^^^^^^^^^^^^^^^^^^^^^^^^^^^^^^^^^^^^^^^^^^^^^^^^^^^^^
  File "/home/airflow/.local/lib/python3.12/site-packages/airflow/utils/email.py", line 317, in _get_smtp_connection
    return smtplib.SMTP(host=host, port=port, timeout=timeout)
           ^^^^^^^^^^^^^^^^^^^^^^^^^^^^^^^^^^^^^^^^^^^^^^^^^^^
  File "/usr/local/lib/python3.12/smtplib.py", line 255, in __init__
    (code, msg) = self.connect(host, port)
                  ^^^^^^^^^^^^^^^^^^^^^^^^
  File "/usr/local/lib/python3.12/smtplib.py", line 341, in connect
    self.sock = self._get_socket(host, port, self.timeout)
                ^^^^^^^^^^^^^^^^^^^^^^^^^^^^^^^^^^^^^^^^^^
  File "/usr/local/lib/python3.12/smtplib.py", line 312, in _get_socket
    return socket.create_connection((host, port), timeout,
           ^^^^^^^^^^^^^^^^^^^^^^^^^^^^^^^^^^^^^^^^^^^^^^^
  File "/usr/local/lib/python3.12/socket.py", line 852, in create_connection
    raise exceptions[0]
  File "/usr/local/lib/python3.12/socket.py", line 837, in create_connection
    sock.connect(sa)
ConnectionRefusedError: [Errno 111] Connection refused
[2024-11-09T22:05:11.148+0000] {standard_task_runner.py:110} ERROR - Failed to execute job 39 for task extract_stock_data ('Variable vantage_api_key does not exist'; 577)
[2024-11-09T22:05:11.172+0000] {local_task_job_runner.py:240} INFO - Task exited with return code 1
[2024-11-09T22:05:11.186+0000] {taskinstance.py:3498} INFO - 0 downstream tasks scheduled from follow-on schedule check
[2024-11-09T22:05:11.187+0000] {local_task_job_runner.py:222} INFO - ::endgroup::
[2024-11-10T02:31:02.791+0000] {local_task_job_runner.py:120} INFO - ::group::Pre task execution logs
[2024-11-10T02:31:02.805+0000] {taskinstance.py:2076} INFO - Dependencies all met for dep_context=non-requeueable deps ti=<TaskInstance: Stock_Data_ETL.extract_stock_data scheduled__2024-11-08T21:30:00+00:00 [queued]>
[2024-11-10T02:31:02.811+0000] {taskinstance.py:2076} INFO - Dependencies all met for dep_context=requeueable deps ti=<TaskInstance: Stock_Data_ETL.extract_stock_data scheduled__2024-11-08T21:30:00+00:00 [queued]>
[2024-11-10T02:31:02.811+0000] {taskinstance.py:2306} INFO - Starting attempt 1 of 2
[2024-11-10T02:31:02.820+0000] {taskinstance.py:2330} INFO - Executing <Task(_PythonDecoratedOperator): extract_stock_data> on 2024-11-08 21:30:00+00:00
[2024-11-10T02:31:02.827+0000] {logging_mixin.py:188} WARNING - /home/***/.local/lib/python3.12/site-packages/***/task/task_runner/standard_task_runner.py:61 DeprecationWarning: This process (pid=5110) is multi-threaded, use of fork() may lead to deadlocks in the child.
[2024-11-10T02:31:02.826+0000] {standard_task_runner.py:90} INFO - Running: ['***', 'tasks', 'run', 'Stock_Data_ETL', 'extract_stock_data', 'scheduled__2024-11-08T21:30:00+00:00', '--job-id', '101', '--raw', '--subdir', 'DAGS_FOLDER/FinanceDataAnalytics_ETL_Pair9.ipynb.py', '--cfg-path', '/tmp/tmpy6yh9ysz']
[2024-11-10T02:31:02.828+0000] {standard_task_runner.py:91} INFO - Job 101: Subtask extract_stock_data
[2024-11-10T02:31:02.828+0000] {standard_task_runner.py:63} INFO - Started process 5115 to run task
[2024-11-10T02:31:02.857+0000] {task_command.py:426} INFO - Running <TaskInstance: Stock_Data_ETL.extract_stock_data scheduled__2024-11-08T21:30:00+00:00 [running]> on host c8883bd7101d
[2024-11-10T02:31:02.897+0000] {taskinstance.py:2648} INFO - Exporting env vars: AIRFLOW_CTX_DAG_EMAIL='shatayu.thakur@sjsu.edu,pranav.raveendran@sjsu.edu' AIRFLOW_CTX_DAG_OWNER='Pair 9' AIRFLOW_CTX_DAG_ID='Stock_Data_ETL' AIRFLOW_CTX_TASK_ID='extract_stock_data' AIRFLOW_CTX_EXECUTION_DATE='2024-11-08T21:30:00+00:00' AIRFLOW_CTX_TRY_NUMBER='1' AIRFLOW_CTX_DAG_RUN_ID='scheduled__2024-11-08T21:30:00+00:00'
[2024-11-10T02:31:02.898+0000] {taskinstance.py:430} INFO - ::endgroup::
[2024-11-10T02:31:02.899+0000] {logging_mixin.py:188} INFO - Starting Extraction for Apple Stock Data...
[2024-11-10T02:31:03.238+0000] {logging_mixin.py:188} INFO - <---------- Last Refreshed: 2024-11-08 

Symbol: AAPL ---------->
[2024-11-10T02:31:03.242+0000] {logging_mixin.py:188} INFO - Stock Data Extraction Complete
[2024-11-10T02:31:03.243+0000] {python.py:237} INFO - Done. Returned value was: [{'1. open': '227.1700', '2. high': '228.6600', '3. low': '226.4050', '4. close': '226.9600', '5. volume': '38328824', 'date': '2024-11-08'}, {'1. open': '224.6250', '2. high': '227.8750', '3. low': '224.5700', '4. close': '227.4800', '5. volume': '42137691', 'date': '2024-11-07'}, {'1. open': '222.6100', '2. high': '226.0650', '3. low': '221.1900', '4. close': '222.7200', '5. volume': '54561121', 'date': '2024-11-06'}, {'1. open': '221.7950', '2. high': '223.9500', '3. low': '221.1400', '4. close': '223.4500', '5. volume': '28111338', 'date': '2024-11-05'}, {'1. open': '220.9900', '2. high': '222.7900', '3. low': '219.7100', '4. close': '222.0100', '5. volume': '44944468', 'date': '2024-11-04'}, {'1. open': '220.9650', '2. high': '225.3500', '3. low': '220.2700', '4. close': '222.9100', '5. volume': '65276741', 'date': '2024-11-01'}, {'1. open': '229.3400', '2. high': '229.8300', '3. low': '225.3700', '4. close': '225.9100', '5. volume': '64370086', 'date': '2024-10-31'}, {'1. open': '232.6100', '2. high': '233.4700', '3. low': '229.5500', '4. close': '230.1000', '5. volume': '47070907', 'date': '2024-10-30'}, {'1. open': '233.1000', '2. high': '234.3250', '3. low': '232.3200', '4. close': '233.6700', '5. volume': '35417247', 'date': '2024-10-29'}, {'1. open': '233.3200', '2. high': '234.7300', '3. low': '232.5500', '4. close': '233.4000', '5. volume': '36087134', 'date': '2024-10-28'}, {'1. open': '229.7400', '2. high': '233.2200', '3. low': '229.5700', '4. close': '231.4100', '5. volume': '38802304', 'date': '2024-10-25'}, {'1. open': '229.9800', '2. high': '230.8200', '3. low': '228.4100', '4. close': '230.5700', '5. volume': '31109503', 'date': '2024-10-24'}, {'1. open': '234.0800', '2. high': '235.1440', '3. low': '227.7600', '4. close': '230.7600', '5. volume': '52286979', 'date': '2024-10-23'}, {'1. open': '233.8850', '2. high': '236.2200', '3. low': '232.6000', '4. close': '235.8600', '5. volume': '38846578', 'date': '2024-10-22'}, {'1. open': '234.4500', '2. high': '236.8500', '3. low': '234.4500', '4. close': '236.4800', '5. volume': '36254470', 'date': '2024-10-21'}, {'1. open': '236.1800', '2. high': '236.1800', '3. low': '234.0100', '4. close': '235.0000', '5. volume': '46431472', 'date': '2024-10-18'}, {'1. open': '233.4300', '2. high': '233.8500', '3. low': '230.5200', '4. close': '232.1500', '5. volume': '32993810', 'date': '2024-10-17'}, {'1. open': '231.6000', '2. high': '232.1200', '3. low': '229.8400', '4. close': '231.7800', '5. volume': '34082240', 'date': '2024-10-16'}, {'1. open': '233.6100', '2. high': '237.4900', '3. low': '232.3700', '4. close': '233.8500', '5. volume': '64751367', 'date': '2024-10-15'}, {'1. open': '228.7000', '2. high': '231.7300', '3. low': '228.6000', '4. close': '231.3000', '5. volume': '39882085', 'date': '2024-10-14'}, {'1. open': '229.3000', '2. high': '229.4100', '3. low': '227.3400', '4. close': '227.5500', '5. volume': '31759188', 'date': '2024-10-11'}, {'1. open': '227.7800', '2. high': '229.5000', '3. low': '227.1700', '4. close': '229.0400', '5. volume': '28183544', 'date': '2024-10-10'}, {'1. open': '225.2300', '2. high': '229.7500', '3. low': '224.8300', '4. close': '229.5400', '5. volume': '33591091', 'date': '2024-10-09'}, {'1. open': '224.3000', '2. high': '225.9800', '3. low': '223.2500', '4. close': '225.7700', '5. volume': '31855693', 'date': '2024-10-08'}, {'1. open': '224.5000', '2. high': '225.6900', '3. low': '221.3300', '4. close': '221.6900', '5. volume': '39505354', 'date': '2024-10-07'}, {'1. open': '227.9000', '2. high': '228.0000', '3. low': '224.1300', '4. close': '226.8000', '5. volume': '37345098', 'date': '2024-10-04'}, {'1. open': '225.1400', '2. high': '226.8050', '3. low': '223.3200', '4. close': '225.6700', '5. volume': '34044158', 'date': '2024-10-03'}, {'1. open': '225.8900', '2. high': '227.3700', '3. low': '223.0200', '4. close': '226.7800', '5. volume': '32880605', 'date': '2024-10-02'}, {'1. open': '229.5200', '2. high': '229.6500', '3. low': '223.7400', '4. close': '226.2100', '5. volume': '63285048', 'date': '2024-10-01'}, {'1. open': '230.0400', '2. high': '233.0000', '3. low': '229.6500', '4. close': '233.0000', '5. volume': '54793391', 'date': '2024-09-30'}, {'1. open': '228.4600', '2. high': '229.5200', '3. low': '227.3000', '4. close': '227.7900', '5. volume': '34025967', 'date': '2024-09-27'}, {'1. open': '227.3000', '2. high': '228.5000', '3. low': '225.4100', '4. close': '227.5200', '5. volume': '36636707', 'date': '2024-09-26'}, {'1. open': '224.9300', '2. high': '227.2900', '3. low': '224.0200', '4. close': '226.3700', '5. volume': '42308715', 'date': '2024-09-25'}, {'1. open': '228.6450', '2. high': '229.3500', '3. low': '225.7300', '4. close': '227.3700', '5. volume': '43556068', 'date': '2024-09-24'}, {'1. open': '227.3400', '2. high': '229.4500', '3. low': '225.8100', '4. close': '226.4700', '5. volume': '54146023', 'date': '2024-09-23'}, {'1. open': '229.9700', '2. high': '233.0900', '3. low': '227.6200', '4. close': '228.2000', '5. volume': '318679888', 'date': '2024-09-20'}, {'1. open': '224.9900', '2. high': '229.8200', '3. low': '224.6300', '4. close': '228.8700', '5. volume': '66781315', 'date': '2024-09-19'}, {'1. open': '217.5500', '2. high': '222.7100', '3. low': '217.5400', '4. close': '220.6900', '5. volume': '59894928', 'date': '2024-09-18'}, {'1. open': '215.7500', '2. high': '216.9000', '3. low': '214.5000', '4. close': '216.7900', '5. volume': '45519339', 'date': '2024-09-17'}, {'1. open': '216.5400', '2. high': '217.2200', '3. low': '213.9200', '4. close': '216.3200', '5. volume': '59357427', 'date': '2024-09-16'}, {'1. open': '223.5800', '2. high': '224.0400', '3. low': '221.9100', '4. close': '222.5000', '5. volume': '36766619', 'date': '2024-09-13'}, {'1. open': '222.5000', '2. high': '223.5500', '3. low': '219.8200', '4. close': '222.7700', '5. volume': '37498225', 'date': '2024-09-12'}, {'1. open': '221.4550', '2. high': '223.0900', '3. low': '217.8900', '4. close': '222.6600', '5. volume': '44587072', 'date': '2024-09-11'}, {'1. open': '218.9200', '2. high': '221.4800', '3. low': '216.7300', '4. close': '220.1100', '5. volume': '51591033', 'date': '2024-09-10'}, {'1. open': '220.8200', '2. high': '221.2700', '3. low': '216.7100', '4. close': '220.9100', '5. volume': '67179965', 'date': '2024-09-09'}, {'1. open': '223.9500', '2. high': '225.2400', '3. low': '219.7700', '4. close': '220.8200', '5. volume': '48423011', 'date': '2024-09-06'}, {'1. open': '221.6250', '2. high': '225.4800', '3. low': '221.5200', '4. close': '222.3800', '5. volume': '36615398', 'date': '2024-09-05'}, {'1. open': '221.6600', '2. high': '221.7800', '3. low': '217.4800', '4. close': '220.8500', '5. volume': '43262758', 'date': '2024-09-04'}, {'1. open': '228.5500', '2. high': '229.0000', '3. low': '221.1700', '4. close': '222.7700', '5. volume': '50190574', 'date': '2024-09-03'}, {'1. open': '230.1900', '2. high': '230.4000', '3. low': '227.4800', '4. close': '229.0000', '5. volume': '52990770', 'date': '2024-08-30'}, {'1. open': '230.1000', '2. high': '232.9200', '3. low': '228.8800', '4. close': '229.7900', '5. volume': '51906297', 'date': '2024-08-29'}, {'1. open': '227.9200', '2. high': '229.8600', '3. low': '225.6800', '4. close': '226.4900', '5. volume': '38052167', 'date': '2024-08-28'}, {'1. open': '225.9950', '2. high': '228.8500', '3. low': '224.8900', '4. close': '228.0300', '5. volume': '35934559', 'date': '2024-08-27'}, {'1. open': '226.7600', '2. high': '227.2800', '3. low': '223.8905', '4. close': '227.1800', '5. volume': '30602208', 'date': '2024-08-26'}, {'1. open': '225.6589', '2. high': '228.2200', '3. low': '224.3300', '4. close': '226.8400', '5. volume': '38677250', 'date': '2024-08-23'}, {'1. open': '227.7900', '2. high': '228.3400', '3. low': '223.9000', '4. close': '224.5300', '5. volume': '43695321', 'date': '2024-08-22'}, {'1. open': '226.5200', '2. high': '227.9800', '3. low': '225.0500', '4. close': '226.4000', '5. volume': '34765480', 'date': '2024-08-21'}, {'1. open': '225.7700', '2. high': '227.1700', '3. low': '225.4500', '4. close': '226.5100', '5. volume': '30299033', 'date': '2024-08-20'}, {'1. open': '225.7200', '2. high': '225.9900', '3. low': '223.0400', '4. close': '225.8900', '5. volume': '40687813', 'date': '2024-08-19'}, {'1. open': '223.9200', '2. high': '226.8271', '3. low': '223.6501', '4. close': '226.0500', '5. volume': '44340240', 'date': '2024-08-16'}, {'1. open': '224.6000', '2. high': '225.3500', '3. low': '222.7600', '4. close': '224.7200', '5. volume': '46414013', 'date': '2024-08-15'}, {'1. open': '220.5700', '2. high': '223.0300', '3. low': '219.7000', '4. close': '221.7200', '5. volume': '41960574', 'date': '2024-08-14'}, {'1. open': '219.0100', '2. high': '221.8900', '3. low': '219.0100', '4. close': '221.2700', '5. volume': '44155331', 'date': '2024-08-13'}, {'1. open': '216.0700', '2. high': '219.5099', '3. low': '215.6000', '4. close': '217.5300', '5. volume': '38028092', 'date': '2024-08-12'}, {'1. open': '212.1000', '2. high': '216.7800', '3. low': '211.9700', '4. close': '216.2400', '5. volume': '42201646', 'date': '2024-08-09'}, {'1. open': '213.1100', '2. high': '214.2000', '3. low': '208.8300', '4. close': '213.3100', '5. volume': '47161149', 'date': '2024-08-08'}, {'1. open': '206.9000', '2. high': '213.6400', '3. low': '206.3900', '4. close': '209.8200', '5. volume': '63516417', 'date': '2024-08-07'}, {'1. open': '205.3000', '2. high': '209.9900', '3. low': '201.0700', '4. close': '207.2300', '5. volume': '69660488', 'date': '2024-08-06'}, {'1. open': '199.0900', '2. high': '213.5000', '3. low': '196.0000', '4. close': '209.2700', '5. volume': '119548589', 'date': '2024-08-05'}, {'1. open': '219.1500', '2. high': '225.6000', '3. low': '217.7100', '4. close': '219.8600', '5. volume': '105568560', 'date': '2024-08-02'}, {'1. open': '224.3700', '2. high': '224.4800', '3. low': '217.0200', '4. close': '218.3600', '5. volume': '62500996', 'date': '2024-08-01'}, {'1. open': '221.4400', '2. high': '223.8200', '3. low': '220.6300', '4. close': '222.0800', '5. volume': '50036262', 'date': '2024-07-31'}, {'1. open': '219.1900', '2. high': '220.3250', '3. low': '216.1200', '4. close': '218.8000', '5. volume': '41643840', 'date': '2024-07-30'}, {'1. open': '216.9600', '2. high': '219.3000', '3. low': '215.7500', '4. close': '218.2400', '5. volume': '36311778', 'date': '2024-07-29'}, {'1. open': '218.7000', '2. high': '219.4900', '3. low': '216.0100', '4. close': '217.9600', '5. volume': '41601345', 'date': '2024-07-26'}, {'1. open': '218.9300', '2. high': '220.8500', '3. low': '214.6200', '4. close': '217.4900', '5. volume': '51391199', 'date': '2024-07-25'}, {'1. open': '224.0000', '2. high': '224.8000', '3. low': '217.1300', '4. close': '218.5400', '5. volume': '61777576', 'date': '2024-07-24'}, {'1. open': '224.3650', '2. high': '226.9400', '3. low': '222.6800', '4. close': '225.0100', '5. volume': '39960260', 'date': '2024-07-23'}, {'1. open': '227.0100', '2. high': '227.7800', '3. low': '223.0900', '4. close': '223.9600', '5. volume': '48201835', 'date': '2024-07-22'}, {'1. open': '224.8200', '2. high': '226.8000', '3. low': '223.2750', '4. close': '224.3100', '5. volume': '49151453', 'date': '2024-07-19'}, {'1. open': '230.2800', '2. high': '230.4400', '3. low': '222.2700', '4. close': '224.1800', '5. volume': '66034585', 'date': '2024-07-18'}, {'1. open': '229.4500', '2. high': '231.4599', '3. low': '226.6400', '4. close': '228.8800', '5. volume': '57345884', 'date': '2024-07-17'}, {'1. open': '235.0000', '2. high': '236.2700', '3. low': '232.3300', '4. close': '234.8200', '5. volume': '43234278', 'date': '2024-07-16'}, {'1. open': '236.4800', '2. high': '237.2300', '3. low': '233.0900', '4. close': '234.4000', '5. volume': '62631252', 'date': '2024-07-15'}, {'1. open': '228.9200', '2. high': '232.6400', '3. low': '228.6800', '4. close': '230.5400', '5. volume': '53046527', 'date': '2024-07-12'}, {'1. open': '231.3900', '2. high': '232.3900', '3. low': '225.7700', '4. close': '227.5700', '5. volume': '64710617', 'date': '2024-07-11'}, {'1. open': '229.3000', '2. high': '233.0800', '3. low': '229.2500', '4. close': '232.9800', '5. volume': '62627687', 'date': '2024-07-10'}, {'1. open': '227.9300', '2. high': '229.4000', '3. low': '226.3721', '4. close': '228.6800', '5. volume': '48169822', 'date': '2024-07-09'}, {'1. open': '227.0900', '2. high': '227.8500', '3. low': '223.2500', '4. close': '227.8200', '5. volume': '59085861', 'date': '2024-07-08'}, {'1. open': '221.6500', '2. high': '226.4500', '3. low': '221.6500', '4. close': '226.3400', '5. volume': '60412408', 'date': '2024-07-05'}, {'1. open': '220.0000', '2. high': '221.5500', '3. low': '219.0300', '4. close': '221.5500', '5. volume': '37369801', 'date': '2024-07-03'}, {'1. open': '216.1500', '2. high': '220.3800', '3. low': '215.1000', '4. close': '220.2700', '5. volume': '58046178', 'date': '2024-07-02'}, {'1. open': '212.0900', '2. high': '217.5100', '3. low': '211.9200', '4. close': '216.7500', '5. volume': '60402929', 'date': '2024-07-01'}, {'1. open': '215.7700', '2. high': '216.0700', '3. low': '210.3000', '4. close': '210.6200', '5. volume': '82542718', 'date': '2024-06-28'}, {'1. open': '214.6900', '2. high': '215.7395', '3. low': '212.3500', '4. close': '214.1000', '5. volume': '49772707', 'date': '2024-06-27'}, {'1. open': '211.5000', '2. high': '214.8600', '3. low': '210.6400', '4. close': '213.2500', '5. volume': '66213186', 'date': '2024-06-26'}, {'1. open': '209.1500', '2. high': '211.3800', '3. low': '208.6100', '4. close': '209.0700', '5. volume': '56713868', 'date': '2024-06-25'}, {'1. open': '207.7200', '2. high': '212.7000', '3. low': '206.5900', '4. close': '208.1400', '5. volume': '80727006', 'date': '2024-06-24'}, {'1. open': '210.3900', '2. high': '211.8900', '3. low': '207.1100', '4. close': '207.4900', '5. volume': '246421353', 'date': '2024-06-21'}, {'1. open': '213.9300', '2. high': '214.2400', '3. low': '208.8500', '4. close': '209.6800', '5. volume': '86172451', 'date': '2024-06-20'}]
[2024-11-10T02:31:03.247+0000] {taskinstance.py:441} INFO - ::group::Post task execution logs
[2024-11-10T02:31:03.262+0000] {taskinstance.py:1206} INFO - Marking task as SUCCESS. dag_id=Stock_Data_ETL, task_id=extract_stock_data, run_id=scheduled__2024-11-08T21:30:00+00:00, execution_date=20241108T213000, start_date=20241110T023102, end_date=20241110T023103
[2024-11-10T02:31:03.308+0000] {local_task_job_runner.py:240} INFO - Task exited with return code 0
[2024-11-10T02:31:03.323+0000] {taskinstance.py:3498} INFO - 1 downstream tasks scheduled from follow-on schedule check
[2024-11-10T02:31:03.326+0000] {local_task_job_runner.py:222} INFO - ::endgroup::
[2024-11-10T05:48:11.296+0000] {local_task_job_runner.py:120} INFO - ::group::Pre task execution logs
[2024-11-10T05:48:11.312+0000] {taskinstance.py:2076} INFO - Dependencies all met for dep_context=non-requeueable deps ti=<TaskInstance: Stock_Data_ETL.extract_stock_data scheduled__2024-11-08T21:30:00+00:00 [queued]>
[2024-11-10T05:48:11.317+0000] {taskinstance.py:2076} INFO - Dependencies all met for dep_context=requeueable deps ti=<TaskInstance: Stock_Data_ETL.extract_stock_data scheduled__2024-11-08T21:30:00+00:00 [queued]>
[2024-11-10T05:48:11.317+0000] {taskinstance.py:2306} INFO - Starting attempt 1 of 2
[2024-11-10T05:48:11.326+0000] {taskinstance.py:2330} INFO - Executing <Task(_PythonDecoratedOperator): extract_stock_data> on 2024-11-08 21:30:00+00:00
[2024-11-10T05:48:11.333+0000] {logging_mixin.py:188} WARNING - /home/***/.local/lib/python3.12/site-packages/***/task/task_runner/standard_task_runner.py:61 DeprecationWarning: This process (pid=295) is multi-threaded, use of fork() may lead to deadlocks in the child.
[2024-11-10T05:48:11.331+0000] {standard_task_runner.py:90} INFO - Running: ['***', 'tasks', 'run', 'Stock_Data_ETL', 'extract_stock_data', 'scheduled__2024-11-08T21:30:00+00:00', '--job-id', '112', '--raw', '--subdir', 'DAGS_FOLDER/FinanceDataAnalytics_ETL_Pair9.ipynb.py', '--cfg-path', '/tmp/tmpcb8gu0qj']
[2024-11-10T05:48:11.333+0000] {standard_task_runner.py:63} INFO - Started process 302 to run task
[2024-11-10T05:48:11.333+0000] {standard_task_runner.py:91} INFO - Job 112: Subtask extract_stock_data
[2024-11-10T05:48:11.364+0000] {task_command.py:426} INFO - Running <TaskInstance: Stock_Data_ETL.extract_stock_data scheduled__2024-11-08T21:30:00+00:00 [running]> on host 2538ecb7b4d3
[2024-11-10T05:48:11.403+0000] {taskinstance.py:2648} INFO - Exporting env vars: AIRFLOW_CTX_DAG_EMAIL='shatayu.thakur@sjsu.edu' AIRFLOW_CTX_DAG_OWNER='Pair 9' AIRFLOW_CTX_DAG_ID='Stock_Data_ETL' AIRFLOW_CTX_TASK_ID='extract_stock_data' AIRFLOW_CTX_EXECUTION_DATE='2024-11-08T21:30:00+00:00' AIRFLOW_CTX_TRY_NUMBER='1' AIRFLOW_CTX_DAG_RUN_ID='scheduled__2024-11-08T21:30:00+00:00'
[2024-11-10T05:48:11.404+0000] {taskinstance.py:430} INFO - ::endgroup::
[2024-11-10T05:48:11.404+0000] {logging_mixin.py:188} INFO - Starting Extraction for Apple Stock Data...
[2024-11-10T05:48:11.630+0000] {logging_mixin.py:188} INFO - <---------- Last Refreshed: 2024-11-08 

Symbol: AAPL ---------->
[2024-11-10T05:48:11.630+0000] {logging_mixin.py:188} INFO - Stock Data Extraction Complete
[2024-11-10T05:48:11.631+0000] {python.py:237} INFO - Done. Returned value was: [{'1. open': '227.1700', '2. high': '228.6600', '3. low': '226.4050', '4. close': '226.9600', '5. volume': '38328824', 'date': '2024-11-08'}, {'1. open': '224.6250', '2. high': '227.8750', '3. low': '224.5700', '4. close': '227.4800', '5. volume': '42137691', 'date': '2024-11-07'}, {'1. open': '222.6100', '2. high': '226.0650', '3. low': '221.1900', '4. close': '222.7200', '5. volume': '54561121', 'date': '2024-11-06'}, {'1. open': '221.7950', '2. high': '223.9500', '3. low': '221.1400', '4. close': '223.4500', '5. volume': '28111338', 'date': '2024-11-05'}, {'1. open': '220.9900', '2. high': '222.7900', '3. low': '219.7100', '4. close': '222.0100', '5. volume': '44944468', 'date': '2024-11-04'}, {'1. open': '220.9650', '2. high': '225.3500', '3. low': '220.2700', '4. close': '222.9100', '5. volume': '65276741', 'date': '2024-11-01'}, {'1. open': '229.3400', '2. high': '229.8300', '3. low': '225.3700', '4. close': '225.9100', '5. volume': '64370086', 'date': '2024-10-31'}, {'1. open': '232.6100', '2. high': '233.4700', '3. low': '229.5500', '4. close': '230.1000', '5. volume': '47070907', 'date': '2024-10-30'}, {'1. open': '233.1000', '2. high': '234.3250', '3. low': '232.3200', '4. close': '233.6700', '5. volume': '35417247', 'date': '2024-10-29'}, {'1. open': '233.3200', '2. high': '234.7300', '3. low': '232.5500', '4. close': '233.4000', '5. volume': '36087134', 'date': '2024-10-28'}, {'1. open': '229.7400', '2. high': '233.2200', '3. low': '229.5700', '4. close': '231.4100', '5. volume': '38802304', 'date': '2024-10-25'}, {'1. open': '229.9800', '2. high': '230.8200', '3. low': '228.4100', '4. close': '230.5700', '5. volume': '31109503', 'date': '2024-10-24'}, {'1. open': '234.0800', '2. high': '235.1440', '3. low': '227.7600', '4. close': '230.7600', '5. volume': '52286979', 'date': '2024-10-23'}, {'1. open': '233.8850', '2. high': '236.2200', '3. low': '232.6000', '4. close': '235.8600', '5. volume': '38846578', 'date': '2024-10-22'}, {'1. open': '234.4500', '2. high': '236.8500', '3. low': '234.4500', '4. close': '236.4800', '5. volume': '36254470', 'date': '2024-10-21'}, {'1. open': '236.1800', '2. high': '236.1800', '3. low': '234.0100', '4. close': '235.0000', '5. volume': '46431472', 'date': '2024-10-18'}, {'1. open': '233.4300', '2. high': '233.8500', '3. low': '230.5200', '4. close': '232.1500', '5. volume': '32993810', 'date': '2024-10-17'}, {'1. open': '231.6000', '2. high': '232.1200', '3. low': '229.8400', '4. close': '231.7800', '5. volume': '34082240', 'date': '2024-10-16'}, {'1. open': '233.6100', '2. high': '237.4900', '3. low': '232.3700', '4. close': '233.8500', '5. volume': '64751367', 'date': '2024-10-15'}, {'1. open': '228.7000', '2. high': '231.7300', '3. low': '228.6000', '4. close': '231.3000', '5. volume': '39882085', 'date': '2024-10-14'}, {'1. open': '229.3000', '2. high': '229.4100', '3. low': '227.3400', '4. close': '227.5500', '5. volume': '31759188', 'date': '2024-10-11'}, {'1. open': '227.7800', '2. high': '229.5000', '3. low': '227.1700', '4. close': '229.0400', '5. volume': '28183544', 'date': '2024-10-10'}, {'1. open': '225.2300', '2. high': '229.7500', '3. low': '224.8300', '4. close': '229.5400', '5. volume': '33591091', 'date': '2024-10-09'}, {'1. open': '224.3000', '2. high': '225.9800', '3. low': '223.2500', '4. close': '225.7700', '5. volume': '31855693', 'date': '2024-10-08'}, {'1. open': '224.5000', '2. high': '225.6900', '3. low': '221.3300', '4. close': '221.6900', '5. volume': '39505354', 'date': '2024-10-07'}, {'1. open': '227.9000', '2. high': '228.0000', '3. low': '224.1300', '4. close': '226.8000', '5. volume': '37345098', 'date': '2024-10-04'}, {'1. open': '225.1400', '2. high': '226.8050', '3. low': '223.3200', '4. close': '225.6700', '5. volume': '34044158', 'date': '2024-10-03'}, {'1. open': '225.8900', '2. high': '227.3700', '3. low': '223.0200', '4. close': '226.7800', '5. volume': '32880605', 'date': '2024-10-02'}, {'1. open': '229.5200', '2. high': '229.6500', '3. low': '223.7400', '4. close': '226.2100', '5. volume': '63285048', 'date': '2024-10-01'}, {'1. open': '230.0400', '2. high': '233.0000', '3. low': '229.6500', '4. close': '233.0000', '5. volume': '54793391', 'date': '2024-09-30'}, {'1. open': '228.4600', '2. high': '229.5200', '3. low': '227.3000', '4. close': '227.7900', '5. volume': '34025967', 'date': '2024-09-27'}, {'1. open': '227.3000', '2. high': '228.5000', '3. low': '225.4100', '4. close': '227.5200', '5. volume': '36636707', 'date': '2024-09-26'}, {'1. open': '224.9300', '2. high': '227.2900', '3. low': '224.0200', '4. close': '226.3700', '5. volume': '42308715', 'date': '2024-09-25'}, {'1. open': '228.6450', '2. high': '229.3500', '3. low': '225.7300', '4. close': '227.3700', '5. volume': '43556068', 'date': '2024-09-24'}, {'1. open': '227.3400', '2. high': '229.4500', '3. low': '225.8100', '4. close': '226.4700', '5. volume': '54146023', 'date': '2024-09-23'}, {'1. open': '229.9700', '2. high': '233.0900', '3. low': '227.6200', '4. close': '228.2000', '5. volume': '318679888', 'date': '2024-09-20'}, {'1. open': '224.9900', '2. high': '229.8200', '3. low': '224.6300', '4. close': '228.8700', '5. volume': '66781315', 'date': '2024-09-19'}, {'1. open': '217.5500', '2. high': '222.7100', '3. low': '217.5400', '4. close': '220.6900', '5. volume': '59894928', 'date': '2024-09-18'}, {'1. open': '215.7500', '2. high': '216.9000', '3. low': '214.5000', '4. close': '216.7900', '5. volume': '45519339', 'date': '2024-09-17'}, {'1. open': '216.5400', '2. high': '217.2200', '3. low': '213.9200', '4. close': '216.3200', '5. volume': '59357427', 'date': '2024-09-16'}, {'1. open': '223.5800', '2. high': '224.0400', '3. low': '221.9100', '4. close': '222.5000', '5. volume': '36766619', 'date': '2024-09-13'}, {'1. open': '222.5000', '2. high': '223.5500', '3. low': '219.8200', '4. close': '222.7700', '5. volume': '37498225', 'date': '2024-09-12'}, {'1. open': '221.4550', '2. high': '223.0900', '3. low': '217.8900', '4. close': '222.6600', '5. volume': '44587072', 'date': '2024-09-11'}, {'1. open': '218.9200', '2. high': '221.4800', '3. low': '216.7300', '4. close': '220.1100', '5. volume': '51591033', 'date': '2024-09-10'}, {'1. open': '220.8200', '2. high': '221.2700', '3. low': '216.7100', '4. close': '220.9100', '5. volume': '67179965', 'date': '2024-09-09'}, {'1. open': '223.9500', '2. high': '225.2400', '3. low': '219.7700', '4. close': '220.8200', '5. volume': '48423011', 'date': '2024-09-06'}, {'1. open': '221.6250', '2. high': '225.4800', '3. low': '221.5200', '4. close': '222.3800', '5. volume': '36615398', 'date': '2024-09-05'}, {'1. open': '221.6600', '2. high': '221.7800', '3. low': '217.4800', '4. close': '220.8500', '5. volume': '43262758', 'date': '2024-09-04'}, {'1. open': '228.5500', '2. high': '229.0000', '3. low': '221.1700', '4. close': '222.7700', '5. volume': '50190574', 'date': '2024-09-03'}, {'1. open': '230.1900', '2. high': '230.4000', '3. low': '227.4800', '4. close': '229.0000', '5. volume': '52990770', 'date': '2024-08-30'}, {'1. open': '230.1000', '2. high': '232.9200', '3. low': '228.8800', '4. close': '229.7900', '5. volume': '51906297', 'date': '2024-08-29'}, {'1. open': '227.9200', '2. high': '229.8600', '3. low': '225.6800', '4. close': '226.4900', '5. volume': '38052167', 'date': '2024-08-28'}, {'1. open': '225.9950', '2. high': '228.8500', '3. low': '224.8900', '4. close': '228.0300', '5. volume': '35934559', 'date': '2024-08-27'}, {'1. open': '226.7600', '2. high': '227.2800', '3. low': '223.8905', '4. close': '227.1800', '5. volume': '30602208', 'date': '2024-08-26'}, {'1. open': '225.6589', '2. high': '228.2200', '3. low': '224.3300', '4. close': '226.8400', '5. volume': '38677250', 'date': '2024-08-23'}, {'1. open': '227.7900', '2. high': '228.3400', '3. low': '223.9000', '4. close': '224.5300', '5. volume': '43695321', 'date': '2024-08-22'}, {'1. open': '226.5200', '2. high': '227.9800', '3. low': '225.0500', '4. close': '226.4000', '5. volume': '34765480', 'date': '2024-08-21'}, {'1. open': '225.7700', '2. high': '227.1700', '3. low': '225.4500', '4. close': '226.5100', '5. volume': '30299033', 'date': '2024-08-20'}, {'1. open': '225.7200', '2. high': '225.9900', '3. low': '223.0400', '4. close': '225.8900', '5. volume': '40687813', 'date': '2024-08-19'}, {'1. open': '223.9200', '2. high': '226.8271', '3. low': '223.6501', '4. close': '226.0500', '5. volume': '44340240', 'date': '2024-08-16'}, {'1. open': '224.6000', '2. high': '225.3500', '3. low': '222.7600', '4. close': '224.7200', '5. volume': '46414013', 'date': '2024-08-15'}, {'1. open': '220.5700', '2. high': '223.0300', '3. low': '219.7000', '4. close': '221.7200', '5. volume': '41960574', 'date': '2024-08-14'}, {'1. open': '219.0100', '2. high': '221.8900', '3. low': '219.0100', '4. close': '221.2700', '5. volume': '44155331', 'date': '2024-08-13'}, {'1. open': '216.0700', '2. high': '219.5099', '3. low': '215.6000', '4. close': '217.5300', '5. volume': '38028092', 'date': '2024-08-12'}, {'1. open': '212.1000', '2. high': '216.7800', '3. low': '211.9700', '4. close': '216.2400', '5. volume': '42201646', 'date': '2024-08-09'}, {'1. open': '213.1100', '2. high': '214.2000', '3. low': '208.8300', '4. close': '213.3100', '5. volume': '47161149', 'date': '2024-08-08'}, {'1. open': '206.9000', '2. high': '213.6400', '3. low': '206.3900', '4. close': '209.8200', '5. volume': '63516417', 'date': '2024-08-07'}, {'1. open': '205.3000', '2. high': '209.9900', '3. low': '201.0700', '4. close': '207.2300', '5. volume': '69660488', 'date': '2024-08-06'}, {'1. open': '199.0900', '2. high': '213.5000', '3. low': '196.0000', '4. close': '209.2700', '5. volume': '119548589', 'date': '2024-08-05'}, {'1. open': '219.1500', '2. high': '225.6000', '3. low': '217.7100', '4. close': '219.8600', '5. volume': '105568560', 'date': '2024-08-02'}, {'1. open': '224.3700', '2. high': '224.4800', '3. low': '217.0200', '4. close': '218.3600', '5. volume': '62500996', 'date': '2024-08-01'}, {'1. open': '221.4400', '2. high': '223.8200', '3. low': '220.6300', '4. close': '222.0800', '5. volume': '50036262', 'date': '2024-07-31'}, {'1. open': '219.1900', '2. high': '220.3250', '3. low': '216.1200', '4. close': '218.8000', '5. volume': '41643840', 'date': '2024-07-30'}, {'1. open': '216.9600', '2. high': '219.3000', '3. low': '215.7500', '4. close': '218.2400', '5. volume': '36311778', 'date': '2024-07-29'}, {'1. open': '218.7000', '2. high': '219.4900', '3. low': '216.0100', '4. close': '217.9600', '5. volume': '41601345', 'date': '2024-07-26'}, {'1. open': '218.9300', '2. high': '220.8500', '3. low': '214.6200', '4. close': '217.4900', '5. volume': '51391199', 'date': '2024-07-25'}, {'1. open': '224.0000', '2. high': '224.8000', '3. low': '217.1300', '4. close': '218.5400', '5. volume': '61777576', 'date': '2024-07-24'}, {'1. open': '224.3650', '2. high': '226.9400', '3. low': '222.6800', '4. close': '225.0100', '5. volume': '39960260', 'date': '2024-07-23'}, {'1. open': '227.0100', '2. high': '227.7800', '3. low': '223.0900', '4. close': '223.9600', '5. volume': '48201835', 'date': '2024-07-22'}, {'1. open': '224.8200', '2. high': '226.8000', '3. low': '223.2750', '4. close': '224.3100', '5. volume': '49151453', 'date': '2024-07-19'}, {'1. open': '230.2800', '2. high': '230.4400', '3. low': '222.2700', '4. close': '224.1800', '5. volume': '66034585', 'date': '2024-07-18'}, {'1. open': '229.4500', '2. high': '231.4599', '3. low': '226.6400', '4. close': '228.8800', '5. volume': '57345884', 'date': '2024-07-17'}, {'1. open': '235.0000', '2. high': '236.2700', '3. low': '232.3300', '4. close': '234.8200', '5. volume': '43234278', 'date': '2024-07-16'}, {'1. open': '236.4800', '2. high': '237.2300', '3. low': '233.0900', '4. close': '234.4000', '5. volume': '62631252', 'date': '2024-07-15'}, {'1. open': '228.9200', '2. high': '232.6400', '3. low': '228.6800', '4. close': '230.5400', '5. volume': '53046527', 'date': '2024-07-12'}, {'1. open': '231.3900', '2. high': '232.3900', '3. low': '225.7700', '4. close': '227.5700', '5. volume': '64710617', 'date': '2024-07-11'}, {'1. open': '229.3000', '2. high': '233.0800', '3. low': '229.2500', '4. close': '232.9800', '5. volume': '62627687', 'date': '2024-07-10'}, {'1. open': '227.9300', '2. high': '229.4000', '3. low': '226.3721', '4. close': '228.6800', '5. volume': '48169822', 'date': '2024-07-09'}, {'1. open': '227.0900', '2. high': '227.8500', '3. low': '223.2500', '4. close': '227.8200', '5. volume': '59085861', 'date': '2024-07-08'}, {'1. open': '221.6500', '2. high': '226.4500', '3. low': '221.6500', '4. close': '226.3400', '5. volume': '60412408', 'date': '2024-07-05'}, {'1. open': '220.0000', '2. high': '221.5500', '3. low': '219.0300', '4. close': '221.5500', '5. volume': '37369801', 'date': '2024-07-03'}, {'1. open': '216.1500', '2. high': '220.3800', '3. low': '215.1000', '4. close': '220.2700', '5. volume': '58046178', 'date': '2024-07-02'}, {'1. open': '212.0900', '2. high': '217.5100', '3. low': '211.9200', '4. close': '216.7500', '5. volume': '60402929', 'date': '2024-07-01'}, {'1. open': '215.7700', '2. high': '216.0700', '3. low': '210.3000', '4. close': '210.6200', '5. volume': '82542718', 'date': '2024-06-28'}, {'1. open': '214.6900', '2. high': '215.7395', '3. low': '212.3500', '4. close': '214.1000', '5. volume': '49772707', 'date': '2024-06-27'}, {'1. open': '211.5000', '2. high': '214.8600', '3. low': '210.6400', '4. close': '213.2500', '5. volume': '66213186', 'date': '2024-06-26'}, {'1. open': '209.1500', '2. high': '211.3800', '3. low': '208.6100', '4. close': '209.0700', '5. volume': '56713868', 'date': '2024-06-25'}, {'1. open': '207.7200', '2. high': '212.7000', '3. low': '206.5900', '4. close': '208.1400', '5. volume': '80727006', 'date': '2024-06-24'}, {'1. open': '210.3900', '2. high': '211.8900', '3. low': '207.1100', '4. close': '207.4900', '5. volume': '246421353', 'date': '2024-06-21'}, {'1. open': '213.9300', '2. high': '214.2400', '3. low': '208.8500', '4. close': '209.6800', '5. volume': '86172451', 'date': '2024-06-20'}]
[2024-11-10T05:48:11.633+0000] {taskinstance.py:441} INFO - ::group::Post task execution logs
[2024-11-10T05:48:11.649+0000] {taskinstance.py:1206} INFO - Marking task as SUCCESS. dag_id=Stock_Data_ETL, task_id=extract_stock_data, run_id=scheduled__2024-11-08T21:30:00+00:00, execution_date=20241108T213000, start_date=20241110T054811, end_date=20241110T054811
[2024-11-10T05:48:11.651+0000] {taskinstance.py:1182} ERROR - Error when executing notify_success callback
Traceback (most recent call last):
  File "/home/airflow/.local/lib/python3.12/site-packages/airflow/models/taskinstance.py", line 1179, in _run_finished_callback
    callback(context)
  File "/opt/airflow/dags/FinanceDataAnalytics_ETL_Pair9.ipynb.py", line 30, in notify_success
    send_slack_notification(f"DAG {context['dag'].dag_id} succeeded!")
  File "/opt/airflow/dags/FinanceDataAnalytics_ETL_Pair9.ipynb.py", line 23, in send_slack_notification
    webhook_url = Variable.get("SLACK_WEBHOOK_URL")  # Ensure SLACK_WEBHOOK_URL is set as an Airflow Variable
                  ^^^^^^^^^^^^^^^^^^^^^^^^^^^^^^^^^
  File "/home/airflow/.local/lib/python3.12/site-packages/airflow/models/variable.py", line 143, in get
    raise KeyError(f"Variable {key} does not exist")
KeyError: 'Variable SLACK_WEBHOOK_URL does not exist'
[2024-11-10T05:48:11.679+0000] {local_task_job_runner.py:240} INFO - Task exited with return code 0
[2024-11-10T05:48:11.686+0000] {local_task_job_runner.py:222} INFO - ::endgroup::
[2024-11-10T06:41:54.761+0000] {local_task_job_runner.py:120} INFO - ::group::Pre task execution logs
[2024-11-10T06:41:54.775+0000] {taskinstance.py:2076} INFO - Dependencies all met for dep_context=non-requeueable deps ti=<TaskInstance: Stock_Data_ETL.extract_stock_data scheduled__2024-11-08T21:30:00+00:00 [queued]>
[2024-11-10T06:41:54.781+0000] {taskinstance.py:2076} INFO - Dependencies all met for dep_context=requeueable deps ti=<TaskInstance: Stock_Data_ETL.extract_stock_data scheduled__2024-11-08T21:30:00+00:00 [queued]>
[2024-11-10T06:41:54.782+0000] {taskinstance.py:2306} INFO - Starting attempt 1 of 2
[2024-11-10T06:41:54.792+0000] {taskinstance.py:2330} INFO - Executing <Task(_PythonDecoratedOperator): extract_stock_data> on 2024-11-08 21:30:00+00:00
[2024-11-10T06:41:54.797+0000] {standard_task_runner.py:90} INFO - Running: ['***', 'tasks', 'run', 'Stock_Data_ETL', 'extract_stock_data', 'scheduled__2024-11-08T21:30:00+00:00', '--job-id', '137', '--raw', '--subdir', 'DAGS_FOLDER/FinanceDataAnalytics_ETL_Pair9.ipynb.py', '--cfg-path', '/tmp/tmpam379cf2']
[2024-11-10T06:41:54.799+0000] {standard_task_runner.py:91} INFO - Job 137: Subtask extract_stock_data
[2024-11-10T06:41:54.799+0000] {logging_mixin.py:188} WARNING - /home/***/.local/lib/python3.12/site-packages/***/task/task_runner/standard_task_runner.py:61 DeprecationWarning: This process (pid=1099) is multi-threaded, use of fork() may lead to deadlocks in the child.
[2024-11-10T06:41:54.800+0000] {standard_task_runner.py:63} INFO - Started process 1106 to run task
[2024-11-10T06:41:54.827+0000] {task_command.py:426} INFO - Running <TaskInstance: Stock_Data_ETL.extract_stock_data scheduled__2024-11-08T21:30:00+00:00 [running]> on host 2538ecb7b4d3
[2024-11-10T06:41:54.867+0000] {taskinstance.py:2648} INFO - Exporting env vars: AIRFLOW_CTX_DAG_EMAIL='shatayu.thakur@sjsu.edu' AIRFLOW_CTX_DAG_OWNER='Pair 9' AIRFLOW_CTX_DAG_ID='Stock_Data_ETL' AIRFLOW_CTX_TASK_ID='extract_stock_data' AIRFLOW_CTX_EXECUTION_DATE='2024-11-08T21:30:00+00:00' AIRFLOW_CTX_TRY_NUMBER='1' AIRFLOW_CTX_DAG_RUN_ID='scheduled__2024-11-08T21:30:00+00:00'
[2024-11-10T06:41:54.868+0000] {taskinstance.py:430} INFO - ::endgroup::
[2024-11-10T06:41:54.868+0000] {logging_mixin.py:188} INFO - Starting Extraction for Apple Stock Data...
[2024-11-10T06:41:55.077+0000] {logging_mixin.py:188} INFO - <---------- Last Refreshed: 2024-11-08 

Symbol: AAPL ---------->
[2024-11-10T06:41:55.077+0000] {logging_mixin.py:188} INFO - Stock Data Extraction Complete
[2024-11-10T06:41:55.078+0000] {python.py:237} INFO - Done. Returned value was: [{'1. open': '227.1700', '2. high': '228.6600', '3. low': '226.4050', '4. close': '226.9600', '5. volume': '38328824', 'date': '2024-11-08'}, {'1. open': '224.6250', '2. high': '227.8750', '3. low': '224.5700', '4. close': '227.4800', '5. volume': '42137691', 'date': '2024-11-07'}, {'1. open': '222.6100', '2. high': '226.0650', '3. low': '221.1900', '4. close': '222.7200', '5. volume': '54561121', 'date': '2024-11-06'}, {'1. open': '221.7950', '2. high': '223.9500', '3. low': '221.1400', '4. close': '223.4500', '5. volume': '28111338', 'date': '2024-11-05'}, {'1. open': '220.9900', '2. high': '222.7900', '3. low': '219.7100', '4. close': '222.0100', '5. volume': '44944468', 'date': '2024-11-04'}, {'1. open': '220.9650', '2. high': '225.3500', '3. low': '220.2700', '4. close': '222.9100', '5. volume': '65276741', 'date': '2024-11-01'}, {'1. open': '229.3400', '2. high': '229.8300', '3. low': '225.3700', '4. close': '225.9100', '5. volume': '64370086', 'date': '2024-10-31'}, {'1. open': '232.6100', '2. high': '233.4700', '3. low': '229.5500', '4. close': '230.1000', '5. volume': '47070907', 'date': '2024-10-30'}, {'1. open': '233.1000', '2. high': '234.3250', '3. low': '232.3200', '4. close': '233.6700', '5. volume': '35417247', 'date': '2024-10-29'}, {'1. open': '233.3200', '2. high': '234.7300', '3. low': '232.5500', '4. close': '233.4000', '5. volume': '36087134', 'date': '2024-10-28'}, {'1. open': '229.7400', '2. high': '233.2200', '3. low': '229.5700', '4. close': '231.4100', '5. volume': '38802304', 'date': '2024-10-25'}, {'1. open': '229.9800', '2. high': '230.8200', '3. low': '228.4100', '4. close': '230.5700', '5. volume': '31109503', 'date': '2024-10-24'}, {'1. open': '234.0800', '2. high': '235.1440', '3. low': '227.7600', '4. close': '230.7600', '5. volume': '52286979', 'date': '2024-10-23'}, {'1. open': '233.8850', '2. high': '236.2200', '3. low': '232.6000', '4. close': '235.8600', '5. volume': '38846578', 'date': '2024-10-22'}, {'1. open': '234.4500', '2. high': '236.8500', '3. low': '234.4500', '4. close': '236.4800', '5. volume': '36254470', 'date': '2024-10-21'}, {'1. open': '236.1800', '2. high': '236.1800', '3. low': '234.0100', '4. close': '235.0000', '5. volume': '46431472', 'date': '2024-10-18'}, {'1. open': '233.4300', '2. high': '233.8500', '3. low': '230.5200', '4. close': '232.1500', '5. volume': '32993810', 'date': '2024-10-17'}, {'1. open': '231.6000', '2. high': '232.1200', '3. low': '229.8400', '4. close': '231.7800', '5. volume': '34082240', 'date': '2024-10-16'}, {'1. open': '233.6100', '2. high': '237.4900', '3. low': '232.3700', '4. close': '233.8500', '5. volume': '64751367', 'date': '2024-10-15'}, {'1. open': '228.7000', '2. high': '231.7300', '3. low': '228.6000', '4. close': '231.3000', '5. volume': '39882085', 'date': '2024-10-14'}, {'1. open': '229.3000', '2. high': '229.4100', '3. low': '227.3400', '4. close': '227.5500', '5. volume': '31759188', 'date': '2024-10-11'}, {'1. open': '227.7800', '2. high': '229.5000', '3. low': '227.1700', '4. close': '229.0400', '5. volume': '28183544', 'date': '2024-10-10'}, {'1. open': '225.2300', '2. high': '229.7500', '3. low': '224.8300', '4. close': '229.5400', '5. volume': '33591091', 'date': '2024-10-09'}, {'1. open': '224.3000', '2. high': '225.9800', '3. low': '223.2500', '4. close': '225.7700', '5. volume': '31855693', 'date': '2024-10-08'}, {'1. open': '224.5000', '2. high': '225.6900', '3. low': '221.3300', '4. close': '221.6900', '5. volume': '39505354', 'date': '2024-10-07'}, {'1. open': '227.9000', '2. high': '228.0000', '3. low': '224.1300', '4. close': '226.8000', '5. volume': '37345098', 'date': '2024-10-04'}, {'1. open': '225.1400', '2. high': '226.8050', '3. low': '223.3200', '4. close': '225.6700', '5. volume': '34044158', 'date': '2024-10-03'}, {'1. open': '225.8900', '2. high': '227.3700', '3. low': '223.0200', '4. close': '226.7800', '5. volume': '32880605', 'date': '2024-10-02'}, {'1. open': '229.5200', '2. high': '229.6500', '3. low': '223.7400', '4. close': '226.2100', '5. volume': '63285048', 'date': '2024-10-01'}, {'1. open': '230.0400', '2. high': '233.0000', '3. low': '229.6500', '4. close': '233.0000', '5. volume': '54793391', 'date': '2024-09-30'}, {'1. open': '228.4600', '2. high': '229.5200', '3. low': '227.3000', '4. close': '227.7900', '5. volume': '34025967', 'date': '2024-09-27'}, {'1. open': '227.3000', '2. high': '228.5000', '3. low': '225.4100', '4. close': '227.5200', '5. volume': '36636707', 'date': '2024-09-26'}, {'1. open': '224.9300', '2. high': '227.2900', '3. low': '224.0200', '4. close': '226.3700', '5. volume': '42308715', 'date': '2024-09-25'}, {'1. open': '228.6450', '2. high': '229.3500', '3. low': '225.7300', '4. close': '227.3700', '5. volume': '43556068', 'date': '2024-09-24'}, {'1. open': '227.3400', '2. high': '229.4500', '3. low': '225.8100', '4. close': '226.4700', '5. volume': '54146023', 'date': '2024-09-23'}, {'1. open': '229.9700', '2. high': '233.0900', '3. low': '227.6200', '4. close': '228.2000', '5. volume': '318679888', 'date': '2024-09-20'}, {'1. open': '224.9900', '2. high': '229.8200', '3. low': '224.6300', '4. close': '228.8700', '5. volume': '66781315', 'date': '2024-09-19'}, {'1. open': '217.5500', '2. high': '222.7100', '3. low': '217.5400', '4. close': '220.6900', '5. volume': '59894928', 'date': '2024-09-18'}, {'1. open': '215.7500', '2. high': '216.9000', '3. low': '214.5000', '4. close': '216.7900', '5. volume': '45519339', 'date': '2024-09-17'}, {'1. open': '216.5400', '2. high': '217.2200', '3. low': '213.9200', '4. close': '216.3200', '5. volume': '59357427', 'date': '2024-09-16'}, {'1. open': '223.5800', '2. high': '224.0400', '3. low': '221.9100', '4. close': '222.5000', '5. volume': '36766619', 'date': '2024-09-13'}, {'1. open': '222.5000', '2. high': '223.5500', '3. low': '219.8200', '4. close': '222.7700', '5. volume': '37498225', 'date': '2024-09-12'}, {'1. open': '221.4550', '2. high': '223.0900', '3. low': '217.8900', '4. close': '222.6600', '5. volume': '44587072', 'date': '2024-09-11'}, {'1. open': '218.9200', '2. high': '221.4800', '3. low': '216.7300', '4. close': '220.1100', '5. volume': '51591033', 'date': '2024-09-10'}, {'1. open': '220.8200', '2. high': '221.2700', '3. low': '216.7100', '4. close': '220.9100', '5. volume': '67179965', 'date': '2024-09-09'}, {'1. open': '223.9500', '2. high': '225.2400', '3. low': '219.7700', '4. close': '220.8200', '5. volume': '48423011', 'date': '2024-09-06'}, {'1. open': '221.6250', '2. high': '225.4800', '3. low': '221.5200', '4. close': '222.3800', '5. volume': '36615398', 'date': '2024-09-05'}, {'1. open': '221.6600', '2. high': '221.7800', '3. low': '217.4800', '4. close': '220.8500', '5. volume': '43262758', 'date': '2024-09-04'}, {'1. open': '228.5500', '2. high': '229.0000', '3. low': '221.1700', '4. close': '222.7700', '5. volume': '50190574', 'date': '2024-09-03'}, {'1. open': '230.1900', '2. high': '230.4000', '3. low': '227.4800', '4. close': '229.0000', '5. volume': '52990770', 'date': '2024-08-30'}, {'1. open': '230.1000', '2. high': '232.9200', '3. low': '228.8800', '4. close': '229.7900', '5. volume': '51906297', 'date': '2024-08-29'}, {'1. open': '227.9200', '2. high': '229.8600', '3. low': '225.6800', '4. close': '226.4900', '5. volume': '38052167', 'date': '2024-08-28'}, {'1. open': '225.9950', '2. high': '228.8500', '3. low': '224.8900', '4. close': '228.0300', '5. volume': '35934559', 'date': '2024-08-27'}, {'1. open': '226.7600', '2. high': '227.2800', '3. low': '223.8905', '4. close': '227.1800', '5. volume': '30602208', 'date': '2024-08-26'}, {'1. open': '225.6589', '2. high': '228.2200', '3. low': '224.3300', '4. close': '226.8400', '5. volume': '38677250', 'date': '2024-08-23'}, {'1. open': '227.7900', '2. high': '228.3400', '3. low': '223.9000', '4. close': '224.5300', '5. volume': '43695321', 'date': '2024-08-22'}, {'1. open': '226.5200', '2. high': '227.9800', '3. low': '225.0500', '4. close': '226.4000', '5. volume': '34765480', 'date': '2024-08-21'}, {'1. open': '225.7700', '2. high': '227.1700', '3. low': '225.4500', '4. close': '226.5100', '5. volume': '30299033', 'date': '2024-08-20'}, {'1. open': '225.7200', '2. high': '225.9900', '3. low': '223.0400', '4. close': '225.8900', '5. volume': '40687813', 'date': '2024-08-19'}, {'1. open': '223.9200', '2. high': '226.8271', '3. low': '223.6501', '4. close': '226.0500', '5. volume': '44340240', 'date': '2024-08-16'}, {'1. open': '224.6000', '2. high': '225.3500', '3. low': '222.7600', '4. close': '224.7200', '5. volume': '46414013', 'date': '2024-08-15'}, {'1. open': '220.5700', '2. high': '223.0300', '3. low': '219.7000', '4. close': '221.7200', '5. volume': '41960574', 'date': '2024-08-14'}, {'1. open': '219.0100', '2. high': '221.8900', '3. low': '219.0100', '4. close': '221.2700', '5. volume': '44155331', 'date': '2024-08-13'}, {'1. open': '216.0700', '2. high': '219.5099', '3. low': '215.6000', '4. close': '217.5300', '5. volume': '38028092', 'date': '2024-08-12'}, {'1. open': '212.1000', '2. high': '216.7800', '3. low': '211.9700', '4. close': '216.2400', '5. volume': '42201646', 'date': '2024-08-09'}, {'1. open': '213.1100', '2. high': '214.2000', '3. low': '208.8300', '4. close': '213.3100', '5. volume': '47161149', 'date': '2024-08-08'}, {'1. open': '206.9000', '2. high': '213.6400', '3. low': '206.3900', '4. close': '209.8200', '5. volume': '63516417', 'date': '2024-08-07'}, {'1. open': '205.3000', '2. high': '209.9900', '3. low': '201.0700', '4. close': '207.2300', '5. volume': '69660488', 'date': '2024-08-06'}, {'1. open': '199.0900', '2. high': '213.5000', '3. low': '196.0000', '4. close': '209.2700', '5. volume': '119548589', 'date': '2024-08-05'}, {'1. open': '219.1500', '2. high': '225.6000', '3. low': '217.7100', '4. close': '219.8600', '5. volume': '105568560', 'date': '2024-08-02'}, {'1. open': '224.3700', '2. high': '224.4800', '3. low': '217.0200', '4. close': '218.3600', '5. volume': '62500996', 'date': '2024-08-01'}, {'1. open': '221.4400', '2. high': '223.8200', '3. low': '220.6300', '4. close': '222.0800', '5. volume': '50036262', 'date': '2024-07-31'}, {'1. open': '219.1900', '2. high': '220.3250', '3. low': '216.1200', '4. close': '218.8000', '5. volume': '41643840', 'date': '2024-07-30'}, {'1. open': '216.9600', '2. high': '219.3000', '3. low': '215.7500', '4. close': '218.2400', '5. volume': '36311778', 'date': '2024-07-29'}, {'1. open': '218.7000', '2. high': '219.4900', '3. low': '216.0100', '4. close': '217.9600', '5. volume': '41601345', 'date': '2024-07-26'}, {'1. open': '218.9300', '2. high': '220.8500', '3. low': '214.6200', '4. close': '217.4900', '5. volume': '51391199', 'date': '2024-07-25'}, {'1. open': '224.0000', '2. high': '224.8000', '3. low': '217.1300', '4. close': '218.5400', '5. volume': '61777576', 'date': '2024-07-24'}, {'1. open': '224.3650', '2. high': '226.9400', '3. low': '222.6800', '4. close': '225.0100', '5. volume': '39960260', 'date': '2024-07-23'}, {'1. open': '227.0100', '2. high': '227.7800', '3. low': '223.0900', '4. close': '223.9600', '5. volume': '48201835', 'date': '2024-07-22'}, {'1. open': '224.8200', '2. high': '226.8000', '3. low': '223.2750', '4. close': '224.3100', '5. volume': '49151453', 'date': '2024-07-19'}, {'1. open': '230.2800', '2. high': '230.4400', '3. low': '222.2700', '4. close': '224.1800', '5. volume': '66034585', 'date': '2024-07-18'}, {'1. open': '229.4500', '2. high': '231.4599', '3. low': '226.6400', '4. close': '228.8800', '5. volume': '57345884', 'date': '2024-07-17'}, {'1. open': '235.0000', '2. high': '236.2700', '3. low': '232.3300', '4. close': '234.8200', '5. volume': '43234278', 'date': '2024-07-16'}, {'1. open': '236.4800', '2. high': '237.2300', '3. low': '233.0900', '4. close': '234.4000', '5. volume': '62631252', 'date': '2024-07-15'}, {'1. open': '228.9200', '2. high': '232.6400', '3. low': '228.6800', '4. close': '230.5400', '5. volume': '53046527', 'date': '2024-07-12'}, {'1. open': '231.3900', '2. high': '232.3900', '3. low': '225.7700', '4. close': '227.5700', '5. volume': '64710617', 'date': '2024-07-11'}, {'1. open': '229.3000', '2. high': '233.0800', '3. low': '229.2500', '4. close': '232.9800', '5. volume': '62627687', 'date': '2024-07-10'}, {'1. open': '227.9300', '2. high': '229.4000', '3. low': '226.3721', '4. close': '228.6800', '5. volume': '48169822', 'date': '2024-07-09'}, {'1. open': '227.0900', '2. high': '227.8500', '3. low': '223.2500', '4. close': '227.8200', '5. volume': '59085861', 'date': '2024-07-08'}, {'1. open': '221.6500', '2. high': '226.4500', '3. low': '221.6500', '4. close': '226.3400', '5. volume': '60412408', 'date': '2024-07-05'}, {'1. open': '220.0000', '2. high': '221.5500', '3. low': '219.0300', '4. close': '221.5500', '5. volume': '37369801', 'date': '2024-07-03'}, {'1. open': '216.1500', '2. high': '220.3800', '3. low': '215.1000', '4. close': '220.2700', '5. volume': '58046178', 'date': '2024-07-02'}, {'1. open': '212.0900', '2. high': '217.5100', '3. low': '211.9200', '4. close': '216.7500', '5. volume': '60402929', 'date': '2024-07-01'}, {'1. open': '215.7700', '2. high': '216.0700', '3. low': '210.3000', '4. close': '210.6200', '5. volume': '82542718', 'date': '2024-06-28'}, {'1. open': '214.6900', '2. high': '215.7395', '3. low': '212.3500', '4. close': '214.1000', '5. volume': '49772707', 'date': '2024-06-27'}, {'1. open': '211.5000', '2. high': '214.8600', '3. low': '210.6400', '4. close': '213.2500', '5. volume': '66213186', 'date': '2024-06-26'}, {'1. open': '209.1500', '2. high': '211.3800', '3. low': '208.6100', '4. close': '209.0700', '5. volume': '56713868', 'date': '2024-06-25'}, {'1. open': '207.7200', '2. high': '212.7000', '3. low': '206.5900', '4. close': '208.1400', '5. volume': '80727006', 'date': '2024-06-24'}, {'1. open': '210.3900', '2. high': '211.8900', '3. low': '207.1100', '4. close': '207.4900', '5. volume': '246421353', 'date': '2024-06-21'}, {'1. open': '213.9300', '2. high': '214.2400', '3. low': '208.8500', '4. close': '209.6800', '5. volume': '86172451', 'date': '2024-06-20'}]
[2024-11-10T06:41:55.080+0000] {taskinstance.py:441} INFO - ::group::Post task execution logs
[2024-11-10T06:41:55.093+0000] {taskinstance.py:1206} INFO - Marking task as SUCCESS. dag_id=Stock_Data_ETL, task_id=extract_stock_data, run_id=scheduled__2024-11-08T21:30:00+00:00, execution_date=20241108T213000, start_date=20241110T064154, end_date=20241110T064155
[2024-11-10T06:41:55.391+0000] {local_task_job_runner.py:240} INFO - Task exited with return code 0
[2024-11-10T06:41:55.408+0000] {taskinstance.py:3498} INFO - 1 downstream tasks scheduled from follow-on schedule check
[2024-11-10T06:41:55.409+0000] {local_task_job_runner.py:222} INFO - ::endgroup::
