[2024-11-12T21:31:43.264+0000] {local_task_job_runner.py:120} INFO - ::group::Pre task execution logs
[2024-11-12T21:31:43.276+0000] {taskinstance.py:2076} INFO - Dependencies all met for dep_context=non-requeueable deps ti=<TaskInstance: Stock_Data_ETL.trigger_stock_prediction scheduled__2024-11-11T21:30:00+00:00 [queued]>
[2024-11-12T21:31:43.280+0000] {taskinstance.py:2076} INFO - Dependencies all met for dep_context=requeueable deps ti=<TaskInstance: Stock_Data_ETL.trigger_stock_prediction scheduled__2024-11-11T21:30:00+00:00 [queued]>
[2024-11-12T21:31:43.280+0000] {taskinstance.py:2306} INFO - Starting attempt 1 of 2
[2024-11-12T21:31:43.284+0000] {taskinstance.py:2330} INFO - Executing <Task(TriggerDagRunOperator): trigger_stock_prediction> on 2024-11-11 21:30:00+00:00
[2024-11-12T21:31:43.289+0000] {logging_mixin.py:188} WARNING - /home/***/.local/lib/python3.12/site-packages/***/task/task_runner/standard_task_runner.py:61 DeprecationWarning: This process (pid=32075) is multi-threaded, use of fork() may lead to deadlocks in the child.
[2024-11-12T21:31:43.289+0000] {standard_task_runner.py:63} INFO - Started process 32078 to run task
[2024-11-12T21:31:43.289+0000] {standard_task_runner.py:90} INFO - Running: ['***', 'tasks', 'run', 'Stock_Data_ETL', 'trigger_stock_prediction', 'scheduled__2024-11-11T21:30:00+00:00', '--job-id', '166', '--raw', '--subdir', 'DAGS_FOLDER/FinanceDataAnalytics_ETL_Pair9.ipynb.py', '--cfg-path', '/tmp/tmp1binrngf']
[2024-11-12T21:31:43.290+0000] {standard_task_runner.py:91} INFO - Job 166: Subtask trigger_stock_prediction
[2024-11-12T21:31:43.310+0000] {task_command.py:426} INFO - Running <TaskInstance: Stock_Data_ETL.trigger_stock_prediction scheduled__2024-11-11T21:30:00+00:00 [running]> on host 2538ecb7b4d3
[2024-11-12T21:31:43.346+0000] {taskinstance.py:2648} INFO - Exporting env vars: AIRFLOW_CTX_DAG_EMAIL='shatayu.thakur@sjsu.edu' AIRFLOW_CTX_DAG_OWNER='Pair 9' AIRFLOW_CTX_DAG_ID='Stock_Data_ETL' AIRFLOW_CTX_TASK_ID='trigger_stock_prediction' AIRFLOW_CTX_EXECUTION_DATE='2024-11-11T21:30:00+00:00' AIRFLOW_CTX_TRY_NUMBER='1' AIRFLOW_CTX_DAG_RUN_ID='scheduled__2024-11-11T21:30:00+00:00'
[2024-11-12T21:31:43.347+0000] {taskinstance.py:430} INFO - ::endgroup::
[2024-11-12T21:31:43.373+0000] {trigger_dagrun.py:222} INFO - Waiting for Stock_Prediction on 2024-11-12 21:31:43.347636+00:00 to become allowed state ['success'] ...
[2024-11-12T21:32:43.394+0000] {trigger_dagrun.py:222} INFO - Waiting for Stock_Prediction on 2024-11-12 21:31:43.347636+00:00 to become allowed state ['success'] ...
[2024-11-12T21:33:43.414+0000] {trigger_dagrun.py:222} INFO - Waiting for Stock_Prediction on 2024-11-12 21:31:43.347636+00:00 to become allowed state ['success'] ...
[2024-11-12T21:34:43.432+0000] {trigger_dagrun.py:235} INFO - Stock_Prediction finished with allowed state success
[2024-11-12T21:34:43.436+0000] {taskinstance.py:441} INFO - ::group::Post task execution logs
[2024-11-12T21:34:43.445+0000] {taskinstance.py:1206} INFO - Marking task as SUCCESS. dag_id=Stock_Data_ETL, task_id=trigger_stock_prediction, run_id=scheduled__2024-11-11T21:30:00+00:00, execution_date=20241111T213000, start_date=20241112T213143, end_date=20241112T213443
[2024-11-12T21:34:43.735+0000] {local_task_job_runner.py:240} INFO - Task exited with return code 0
[2024-11-12T21:34:43.746+0000] {taskinstance.py:3498} INFO - 0 downstream tasks scheduled from follow-on schedule check
[2024-11-12T21:34:43.747+0000] {local_task_job_runner.py:222} INFO - ::endgroup::
