[2024-11-10T00:42:49.058+0000] {local_task_job_runner.py:120} INFO - ::group::Pre task execution logs
[2024-11-10T00:42:49.074+0000] {taskinstance.py:2076} INFO - Dependencies all met for dep_context=non-requeueable deps ti=<TaskInstance: Stock_Data_ETL.trigger_stock_prediction manual__2024-11-09T22:20:35.658017+00:00 [queued]>
[2024-11-10T00:42:49.078+0000] {taskinstance.py:2076} INFO - Dependencies all met for dep_context=requeueable deps ti=<TaskInstance: Stock_Data_ETL.trigger_stock_prediction manual__2024-11-09T22:20:35.658017+00:00 [queued]>
[2024-11-10T00:42:49.079+0000] {taskinstance.py:2306} INFO - Starting attempt 1 of 2
[2024-11-10T00:42:49.086+0000] {taskinstance.py:2330} INFO - Executing <Task(TriggerDagRunOperator): trigger_stock_prediction> on 2024-11-09 22:20:35.658017+00:00
[2024-11-10T00:42:49.091+0000] {logging_mixin.py:188} WARNING - /home/***/.local/lib/python3.12/site-packages/***/task/task_runner/standard_task_runner.py:61 DeprecationWarning: This process (pid=2945) is multi-threaded, use of fork() may lead to deadlocks in the child.
[2024-11-10T00:42:49.093+0000] {standard_task_runner.py:63} INFO - Started process 2948 to run task
[2024-11-10T00:42:49.091+0000] {standard_task_runner.py:90} INFO - Running: ['***', 'tasks', 'run', 'Stock_Data_ETL', 'trigger_stock_prediction', 'manual__2024-11-09T22:20:35.658017+00:00', '--job-id', '89', '--raw', '--subdir', 'DAGS_FOLDER/FinanceDataAnalytics_ETL_Pair9.ipynb.py', '--cfg-path', '/tmp/tmphtgxc8ig']
[2024-11-10T00:42:49.094+0000] {standard_task_runner.py:91} INFO - Job 89: Subtask trigger_stock_prediction
[2024-11-10T00:42:49.128+0000] {task_command.py:426} INFO - Running <TaskInstance: Stock_Data_ETL.trigger_stock_prediction manual__2024-11-09T22:20:35.658017+00:00 [running]> on host c8883bd7101d
[2024-11-10T00:42:49.176+0000] {taskinstance.py:2648} INFO - Exporting env vars: AIRFLOW_CTX_DAG_EMAIL='shatayu.thakur@sjsu.edu,pranav.raveendran@sjsu.edu' AIRFLOW_CTX_DAG_OWNER='Pair 9' AIRFLOW_CTX_DAG_ID='Stock_Data_ETL' AIRFLOW_CTX_TASK_ID='trigger_stock_prediction' AIRFLOW_CTX_EXECUTION_DATE='2024-11-09T22:20:35.658017+00:00' AIRFLOW_CTX_TRY_NUMBER='1' AIRFLOW_CTX_DAG_RUN_ID='manual__2024-11-09T22:20:35.658017+00:00'
[2024-11-10T00:42:49.178+0000] {taskinstance.py:430} INFO - ::endgroup::
[2024-11-10T00:42:49.215+0000] {trigger_dagrun.py:222} INFO - Waiting for Stock_Prediction on 2024-11-10 00:42:49.178198+00:00 to become allowed state ['success'] ...
[2024-11-10T00:43:49.230+0000] {trigger_dagrun.py:222} INFO - Waiting for Stock_Prediction on 2024-11-10 00:42:49.178198+00:00 to become allowed state ['success'] ...
[2024-11-10T00:44:49.243+0000] {trigger_dagrun.py:222} INFO - Waiting for Stock_Prediction on 2024-11-10 00:42:49.178198+00:00 to become allowed state ['success'] ...
[2024-11-10T00:45:49.259+0000] {trigger_dagrun.py:222} INFO - Waiting for Stock_Prediction on 2024-11-10 00:42:49.178198+00:00 to become allowed state ['success'] ...
[2024-11-10T00:46:49.271+0000] {trigger_dagrun.py:222} INFO - Waiting for Stock_Prediction on 2024-11-10 00:42:49.178198+00:00 to become allowed state ['success'] ...
[2024-11-10T00:47:49.286+0000] {trigger_dagrun.py:222} INFO - Waiting for Stock_Prediction on 2024-11-10 00:42:49.178198+00:00 to become allowed state ['success'] ...
[2024-11-10T00:48:49.310+0000] {trigger_dagrun.py:222} INFO - Waiting for Stock_Prediction on 2024-11-10 00:42:49.178198+00:00 to become allowed state ['success'] ...
[2024-11-10T00:49:49.323+0000] {trigger_dagrun.py:222} INFO - Waiting for Stock_Prediction on 2024-11-10 00:42:49.178198+00:00 to become allowed state ['success'] ...
[2024-11-10T00:50:49.343+0000] {trigger_dagrun.py:235} INFO - Stock_Prediction finished with allowed state success
[2024-11-10T00:50:49.345+0000] {taskinstance.py:441} INFO - ::group::Post task execution logs
[2024-11-10T00:50:49.359+0000] {taskinstance.py:1206} INFO - Marking task as SUCCESS. dag_id=Stock_Data_ETL, task_id=trigger_stock_prediction, run_id=manual__2024-11-09T22:20:35.658017+00:00, execution_date=20241109T222035, start_date=20241110T004249, end_date=20241110T005049
[2024-11-10T00:50:49.395+0000] {local_task_job_runner.py:240} INFO - Task exited with return code 0
[2024-11-10T00:50:49.408+0000] {taskinstance.py:3498} INFO - 0 downstream tasks scheduled from follow-on schedule check
[2024-11-10T00:50:49.409+0000] {local_task_job_runner.py:222} INFO - ::endgroup::
