[2024-11-10T02:32:27.307+0000] {local_task_job_runner.py:120} INFO - ::group::Pre task execution logs
[2024-11-10T02:32:27.319+0000] {taskinstance.py:2076} INFO - Dependencies all met for dep_context=non-requeueable deps ti=<TaskInstance: Stock_Data_ETL.trigger_stock_prediction scheduled__2024-11-08T21:30:00+00:00 [queued]>
[2024-11-10T02:32:27.322+0000] {taskinstance.py:2076} INFO - Dependencies all met for dep_context=requeueable deps ti=<TaskInstance: Stock_Data_ETL.trigger_stock_prediction scheduled__2024-11-08T21:30:00+00:00 [queued]>
[2024-11-10T02:32:27.323+0000] {taskinstance.py:2306} INFO - Starting attempt 1 of 2
[2024-11-10T02:32:27.328+0000] {taskinstance.py:2330} INFO - Executing <Task(TriggerDagRunOperator): trigger_stock_prediction> on 2024-11-08 21:30:00+00:00
[2024-11-10T02:32:27.332+0000] {logging_mixin.py:188} WARNING - /home/***/.local/lib/python3.12/site-packages/***/task/task_runner/standard_task_runner.py:61 DeprecationWarning: This process (pid=5171) is multi-threaded, use of fork() may lead to deadlocks in the child.
[2024-11-10T02:32:27.333+0000] {standard_task_runner.py:63} INFO - Started process 5174 to run task
[2024-11-10T02:32:27.333+0000] {standard_task_runner.py:90} INFO - Running: ['***', 'tasks', 'run', 'Stock_Data_ETL', 'trigger_stock_prediction', 'scheduled__2024-11-08T21:30:00+00:00', '--job-id', '105', '--raw', '--subdir', 'DAGS_FOLDER/FinanceDataAnalytics_ETL_Pair9.ipynb.py', '--cfg-path', '/tmp/tmpuc_uibk2']
[2024-11-10T02:32:27.334+0000] {standard_task_runner.py:91} INFO - Job 105: Subtask trigger_stock_prediction
[2024-11-10T02:32:27.355+0000] {task_command.py:426} INFO - Running <TaskInstance: Stock_Data_ETL.trigger_stock_prediction scheduled__2024-11-08T21:30:00+00:00 [running]> on host c8883bd7101d
[2024-11-10T02:32:27.389+0000] {taskinstance.py:2648} INFO - Exporting env vars: AIRFLOW_CTX_DAG_EMAIL='shatayu.thakur@sjsu.edu,pranav.raveendran@sjsu.edu' AIRFLOW_CTX_DAG_OWNER='Pair 9' AIRFLOW_CTX_DAG_ID='Stock_Data_ETL' AIRFLOW_CTX_TASK_ID='trigger_stock_prediction' AIRFLOW_CTX_EXECUTION_DATE='2024-11-08T21:30:00+00:00' AIRFLOW_CTX_TRY_NUMBER='1' AIRFLOW_CTX_DAG_RUN_ID='scheduled__2024-11-08T21:30:00+00:00'
[2024-11-10T02:32:27.390+0000] {taskinstance.py:430} INFO - ::endgroup::
[2024-11-10T02:32:27.417+0000] {trigger_dagrun.py:222} INFO - Waiting for Stock_Prediction on 2024-11-10 02:32:27.390349+00:00 to become allowed state ['success'] ...
[2024-11-10T02:33:27.423+0000] {trigger_dagrun.py:222} INFO - Waiting for Stock_Prediction on 2024-11-10 02:32:27.390349+00:00 to become allowed state ['success'] ...
[2024-11-10T02:34:27.440+0000] {trigger_dagrun.py:235} INFO - Stock_Prediction finished with allowed state success
[2024-11-10T02:34:27.442+0000] {taskinstance.py:441} INFO - ::group::Post task execution logs
[2024-11-10T02:34:27.450+0000] {taskinstance.py:1206} INFO - Marking task as SUCCESS. dag_id=Stock_Data_ETL, task_id=trigger_stock_prediction, run_id=scheduled__2024-11-08T21:30:00+00:00, execution_date=20241108T213000, start_date=20241110T023227, end_date=20241110T023427
[2024-11-10T02:34:27.504+0000] {local_task_job_runner.py:240} INFO - Task exited with return code 0
[2024-11-10T02:34:27.513+0000] {taskinstance.py:3498} INFO - 0 downstream tasks scheduled from follow-on schedule check
[2024-11-10T02:34:27.514+0000] {local_task_job_runner.py:222} INFO - ::endgroup::
[2024-11-10T05:49:32.941+0000] {local_task_job_runner.py:120} INFO - ::group::Pre task execution logs
[2024-11-10T05:49:32.953+0000] {taskinstance.py:2076} INFO - Dependencies all met for dep_context=non-requeueable deps ti=<TaskInstance: Stock_Data_ETL.trigger_stock_prediction scheduled__2024-11-08T21:30:00+00:00 [queued]>
[2024-11-10T05:49:32.957+0000] {taskinstance.py:2076} INFO - Dependencies all met for dep_context=requeueable deps ti=<TaskInstance: Stock_Data_ETL.trigger_stock_prediction scheduled__2024-11-08T21:30:00+00:00 [queued]>
[2024-11-10T05:49:32.957+0000] {taskinstance.py:2306} INFO - Starting attempt 1 of 2
[2024-11-10T05:49:32.962+0000] {taskinstance.py:2330} INFO - Executing <Task(TriggerDagRunOperator): trigger_stock_prediction> on 2024-11-08 21:30:00+00:00
[2024-11-10T05:49:32.967+0000] {standard_task_runner.py:90} INFO - Running: ['***', 'tasks', 'run', 'Stock_Data_ETL', 'trigger_stock_prediction', 'scheduled__2024-11-08T21:30:00+00:00', '--job-id', '116', '--raw', '--subdir', 'DAGS_FOLDER/FinanceDataAnalytics_ETL_Pair9.ipynb.py', '--cfg-path', '/tmp/tmposkmouh7']
[2024-11-10T05:49:32.968+0000] {standard_task_runner.py:91} INFO - Job 116: Subtask trigger_stock_prediction
[2024-11-10T05:49:32.968+0000] {logging_mixin.py:188} WARNING - /home/***/.local/lib/python3.12/site-packages/***/task/task_runner/standard_task_runner.py:61 DeprecationWarning: This process (pid=363) is multi-threaded, use of fork() may lead to deadlocks in the child.
[2024-11-10T05:49:32.969+0000] {standard_task_runner.py:63} INFO - Started process 366 to run task
[2024-11-10T05:49:32.989+0000] {task_command.py:426} INFO - Running <TaskInstance: Stock_Data_ETL.trigger_stock_prediction scheduled__2024-11-08T21:30:00+00:00 [running]> on host 2538ecb7b4d3
[2024-11-10T05:49:33.021+0000] {taskinstance.py:2648} INFO - Exporting env vars: AIRFLOW_CTX_DAG_EMAIL='shatayu.thakur@sjsu.edu' AIRFLOW_CTX_DAG_OWNER='Pair 9' AIRFLOW_CTX_DAG_ID='Stock_Data_ETL' AIRFLOW_CTX_TASK_ID='trigger_stock_prediction' AIRFLOW_CTX_EXECUTION_DATE='2024-11-08T21:30:00+00:00' AIRFLOW_CTX_TRY_NUMBER='1' AIRFLOW_CTX_DAG_RUN_ID='scheduled__2024-11-08T21:30:00+00:00'
[2024-11-10T05:49:33.022+0000] {taskinstance.py:430} INFO - ::endgroup::
[2024-11-10T05:49:33.048+0000] {trigger_dagrun.py:222} INFO - Waiting for Stock_Prediction on 2024-11-10 05:49:33.022192+00:00 to become allowed state ['success'] ...
[2024-11-10T05:50:33.067+0000] {trigger_dagrun.py:222} INFO - Waiting for Stock_Prediction on 2024-11-10 05:49:33.022192+00:00 to become allowed state ['success'] ...
[2024-11-10T05:51:33.083+0000] {trigger_dagrun.py:222} INFO - Waiting for Stock_Prediction on 2024-11-10 05:49:33.022192+00:00 to become allowed state ['success'] ...
[2024-11-10T05:52:33.090+0000] {trigger_dagrun.py:235} INFO - Stock_Prediction finished with allowed state success
[2024-11-10T05:52:33.091+0000] {taskinstance.py:441} INFO - ::group::Post task execution logs
[2024-11-10T05:52:33.095+0000] {taskinstance.py:1206} INFO - Marking task as SUCCESS. dag_id=Stock_Data_ETL, task_id=trigger_stock_prediction, run_id=scheduled__2024-11-08T21:30:00+00:00, execution_date=20241108T213000, start_date=20241110T054932, end_date=20241110T055233
[2024-11-10T05:52:33.097+0000] {taskinstance.py:1182} ERROR - Error when executing notify_success callback
Traceback (most recent call last):
  File "/home/airflow/.local/lib/python3.12/site-packages/airflow/models/taskinstance.py", line 1179, in _run_finished_callback
    callback(context)
  File "/opt/airflow/dags/FinanceDataAnalytics_ETL_Pair9.ipynb.py", line 30, in notify_success
    send_slack_notification(f"DAG {context['dag'].dag_id} succeeded!")
  File "/opt/airflow/dags/FinanceDataAnalytics_ETL_Pair9.ipynb.py", line 23, in send_slack_notification
    webhook_url = Variable.get("SLACK_WEBHOOK_URL")  # Ensure SLACK_WEBHOOK_URL is set as an Airflow Variable
                  ^^^^^^^^^^^^^^^^^^^^^^^^^^^^^^^^^
  File "/home/airflow/.local/lib/python3.12/site-packages/airflow/models/variable.py", line 143, in get
    raise KeyError(f"Variable {key} does not exist")
KeyError: 'Variable SLACK_WEBHOOK_URL does not exist'
[2024-11-10T05:52:33.121+0000] {local_task_job_runner.py:240} INFO - Task exited with return code 0
[2024-11-10T05:52:33.128+0000] {taskinstance.py:3498} INFO - 0 downstream tasks scheduled from follow-on schedule check
[2024-11-10T05:52:33.129+0000] {local_task_job_runner.py:222} INFO - ::endgroup::
[2024-11-10T06:43:19.606+0000] {local_task_job_runner.py:120} INFO - ::group::Pre task execution logs
[2024-11-10T06:43:19.619+0000] {taskinstance.py:2076} INFO - Dependencies all met for dep_context=non-requeueable deps ti=<TaskInstance: Stock_Data_ETL.trigger_stock_prediction scheduled__2024-11-08T21:30:00+00:00 [queued]>
[2024-11-10T06:43:19.622+0000] {taskinstance.py:2076} INFO - Dependencies all met for dep_context=requeueable deps ti=<TaskInstance: Stock_Data_ETL.trigger_stock_prediction scheduled__2024-11-08T21:30:00+00:00 [queued]>
[2024-11-10T06:43:19.622+0000] {taskinstance.py:2306} INFO - Starting attempt 1 of 2
[2024-11-10T06:43:19.627+0000] {taskinstance.py:2330} INFO - Executing <Task(TriggerDagRunOperator): trigger_stock_prediction> on 2024-11-08 21:30:00+00:00
[2024-11-10T06:43:19.632+0000] {logging_mixin.py:188} WARNING - /home/***/.local/lib/python3.12/site-packages/***/task/task_runner/standard_task_runner.py:61 DeprecationWarning: This process (pid=1162) is multi-threaded, use of fork() may lead to deadlocks in the child.
[2024-11-10T06:43:19.631+0000] {standard_task_runner.py:90} INFO - Running: ['***', 'tasks', 'run', 'Stock_Data_ETL', 'trigger_stock_prediction', 'scheduled__2024-11-08T21:30:00+00:00', '--job-id', '141', '--raw', '--subdir', 'DAGS_FOLDER/FinanceDataAnalytics_ETL_Pair9.ipynb.py', '--cfg-path', '/tmp/tmpi460ot9l']
[2024-11-10T06:43:19.632+0000] {standard_task_runner.py:91} INFO - Job 141: Subtask trigger_stock_prediction
[2024-11-10T06:43:19.632+0000] {standard_task_runner.py:63} INFO - Started process 1165 to run task
[2024-11-10T06:43:19.652+0000] {task_command.py:426} INFO - Running <TaskInstance: Stock_Data_ETL.trigger_stock_prediction scheduled__2024-11-08T21:30:00+00:00 [running]> on host 2538ecb7b4d3
[2024-11-10T06:43:19.685+0000] {taskinstance.py:2648} INFO - Exporting env vars: AIRFLOW_CTX_DAG_EMAIL='shatayu.thakur@sjsu.edu' AIRFLOW_CTX_DAG_OWNER='Pair 9' AIRFLOW_CTX_DAG_ID='Stock_Data_ETL' AIRFLOW_CTX_TASK_ID='trigger_stock_prediction' AIRFLOW_CTX_EXECUTION_DATE='2024-11-08T21:30:00+00:00' AIRFLOW_CTX_TRY_NUMBER='1' AIRFLOW_CTX_DAG_RUN_ID='scheduled__2024-11-08T21:30:00+00:00'
[2024-11-10T06:43:19.686+0000] {taskinstance.py:430} INFO - ::endgroup::
[2024-11-10T06:43:19.713+0000] {trigger_dagrun.py:222} INFO - Waiting for Stock_Prediction on 2024-11-10 06:43:19.686825+00:00 to become allowed state ['success'] ...
[2024-11-10T06:44:19.728+0000] {trigger_dagrun.py:222} INFO - Waiting for Stock_Prediction on 2024-11-10 06:43:19.686825+00:00 to become allowed state ['success'] ...
[2024-11-10T06:45:19.749+0000] {trigger_dagrun.py:222} INFO - Waiting for Stock_Prediction on 2024-11-10 06:43:19.686825+00:00 to become allowed state ['success'] ...
[2024-11-10T06:46:19.768+0000] {trigger_dagrun.py:235} INFO - Stock_Prediction finished with allowed state success
[2024-11-10T06:46:19.771+0000] {taskinstance.py:441} INFO - ::group::Post task execution logs
[2024-11-10T06:46:19.779+0000] {taskinstance.py:1206} INFO - Marking task as SUCCESS. dag_id=Stock_Data_ETL, task_id=trigger_stock_prediction, run_id=scheduled__2024-11-08T21:30:00+00:00, execution_date=20241108T213000, start_date=20241110T064319, end_date=20241110T064619
[2024-11-10T06:46:20.076+0000] {local_task_job_runner.py:240} INFO - Task exited with return code 0
[2024-11-10T06:46:20.090+0000] {taskinstance.py:3498} INFO - 0 downstream tasks scheduled from follow-on schedule check
[2024-11-10T06:46:20.091+0000] {local_task_job_runner.py:222} INFO - ::endgroup::
