[2024-11-09T22:35:22.351+0000] {local_task_job_runner.py:120} INFO - ::group::Pre task execution logs
[2024-11-09T22:35:22.364+0000] {taskinstance.py:2076} INFO - Dependencies all met for dep_context=non-requeueable deps ti=<TaskInstance: Stock_Prediction.predict manual__2024-11-09T22:33:28.912077+00:00 [queued]>
[2024-11-09T22:35:22.367+0000] {taskinstance.py:2076} INFO - Dependencies all met for dep_context=requeueable deps ti=<TaskInstance: Stock_Prediction.predict manual__2024-11-09T22:33:28.912077+00:00 [queued]>
[2024-11-09T22:35:22.367+0000] {taskinstance.py:2306} INFO - Starting attempt 1 of 2
[2024-11-09T22:35:22.372+0000] {taskinstance.py:2330} INFO - Executing <Task(_PythonDecoratedOperator): predict> on 2024-11-09 22:33:28.912077+00:00
[2024-11-09T22:35:22.376+0000] {logging_mixin.py:188} WARNING - /home/***/.local/lib/python3.12/site-packages/***/task/task_runner/standard_task_runner.py:61 DeprecationWarning: This process (pid=1682) is multi-threaded, use of fork() may lead to deadlocks in the child.
[2024-11-09T22:35:22.377+0000] {standard_task_runner.py:63} INFO - Started process 1685 to run task
[2024-11-09T22:35:22.377+0000] {standard_task_runner.py:90} INFO - Running: ['***', 'tasks', 'run', 'Stock_Prediction', 'predict', 'manual__2024-11-09T22:33:28.912077+00:00', '--job-id', '79', '--raw', '--subdir', 'DAGS_FOLDER/FinanceDataAnalytics_Prediction_Pair9.ipynb.py', '--cfg-path', '/tmp/tmpa6kv2gtq']
[2024-11-09T22:35:22.377+0000] {standard_task_runner.py:91} INFO - Job 79: Subtask predict
[2024-11-09T22:35:22.398+0000] {task_command.py:426} INFO - Running <TaskInstance: Stock_Prediction.predict manual__2024-11-09T22:33:28.912077+00:00 [running]> on host c8883bd7101d
[2024-11-09T22:35:22.430+0000] {taskinstance.py:2648} INFO - Exporting env vars: AIRFLOW_CTX_DAG_EMAIL='shatayu.thakur@sjsu.edu,pranav.raveendran@sjsu.edu' AIRFLOW_CTX_DAG_OWNER='Pair 9' AIRFLOW_CTX_DAG_ID='Stock_Prediction' AIRFLOW_CTX_TASK_ID='predict' AIRFLOW_CTX_EXECUTION_DATE='2024-11-09T22:33:28.912077+00:00' AIRFLOW_CTX_TRY_NUMBER='1' AIRFLOW_CTX_DAG_RUN_ID='manual__2024-11-09T22:33:28.912077+00:00'
[2024-11-09T22:35:22.431+0000] {taskinstance.py:430} INFO - ::endgroup::
[2024-11-09T22:35:41.344+0000] {cursor.py:1149} INFO - Number of results in first chunk: 1
[2024-11-09T22:35:42.359+0000] {cursor.py:1149} INFO - Number of results in first chunk: 1
[2024-11-09T22:35:42.360+0000] {python.py:237} INFO - Done. Returned value was: None
[2024-11-09T22:35:42.362+0000] {taskinstance.py:441} INFO - ::group::Post task execution logs
[2024-11-09T22:35:42.371+0000] {taskinstance.py:1206} INFO - Marking task as SUCCESS. dag_id=Stock_Prediction, task_id=predict, run_id=manual__2024-11-09T22:33:28.912077+00:00, execution_date=20241109T223328, start_date=20241109T223522, end_date=20241109T223542
[2024-11-09T22:35:42.410+0000] {local_task_job_runner.py:240} INFO - Task exited with return code 0
[2024-11-09T22:35:42.422+0000] {taskinstance.py:3498} INFO - 0 downstream tasks scheduled from follow-on schedule check
[2024-11-09T22:35:42.423+0000] {local_task_job_runner.py:222} INFO - ::endgroup::
