[2024-11-10T02:33:48.714+0000] {local_task_job_runner.py:120} INFO - ::group::Pre task execution logs
[2024-11-10T02:33:48.726+0000] {taskinstance.py:2076} INFO - Dependencies all met for dep_context=non-requeueable deps ti=<TaskInstance: Stock_Prediction.predict manual__2024-11-10T02:32:27.390349+00:00 [queued]>
[2024-11-10T02:33:48.729+0000] {taskinstance.py:2076} INFO - Dependencies all met for dep_context=requeueable deps ti=<TaskInstance: Stock_Prediction.predict manual__2024-11-10T02:32:27.390349+00:00 [queued]>
[2024-11-10T02:33:48.729+0000] {taskinstance.py:2306} INFO - Starting attempt 1 of 2
[2024-11-10T02:33:48.734+0000] {taskinstance.py:2330} INFO - Executing <Task(_PythonDecoratedOperator): predict> on 2024-11-10 02:32:27.390349+00:00
[2024-11-10T02:33:48.738+0000] {logging_mixin.py:188} WARNING - /home/***/.local/lib/python3.12/site-packages/***/task/task_runner/standard_task_runner.py:61 DeprecationWarning: This process (pid=5217) is multi-threaded, use of fork() may lead to deadlocks in the child.
[2024-11-10T02:33:48.738+0000] {standard_task_runner.py:63} INFO - Started process 5220 to run task
[2024-11-10T02:33:48.738+0000] {standard_task_runner.py:90} INFO - Running: ['***', 'tasks', 'run', 'Stock_Prediction', 'predict', 'manual__2024-11-10T02:32:27.390349+00:00', '--job-id', '107', '--raw', '--subdir', 'DAGS_FOLDER/FinanceDataAnalytics_Prediction_Pair9.ipynb.py', '--cfg-path', '/tmp/tmp2_bvea4c']
[2024-11-10T02:33:48.739+0000] {standard_task_runner.py:91} INFO - Job 107: Subtask predict
[2024-11-10T02:33:48.761+0000] {task_command.py:426} INFO - Running <TaskInstance: Stock_Prediction.predict manual__2024-11-10T02:32:27.390349+00:00 [running]> on host c8883bd7101d
[2024-11-10T02:33:48.795+0000] {taskinstance.py:2648} INFO - Exporting env vars: AIRFLOW_CTX_DAG_EMAIL='shatayu.thakur@sjsu.edu,pranav.raveendran@sjsu.edu' AIRFLOW_CTX_DAG_OWNER='Pair 9' AIRFLOW_CTX_DAG_ID='Stock_Prediction' AIRFLOW_CTX_TASK_ID='predict' AIRFLOW_CTX_EXECUTION_DATE='2024-11-10T02:32:27.390349+00:00' AIRFLOW_CTX_TRY_NUMBER='1' AIRFLOW_CTX_DAG_RUN_ID='manual__2024-11-10T02:32:27.390349+00:00'
[2024-11-10T02:33:48.795+0000] {taskinstance.py:430} INFO - ::endgroup::
[2024-11-10T02:33:48.800+0000] {base.py:84} INFO - Using connection ID 'snowflake_conn' for task execution.
[2024-11-10T02:33:48.800+0000] {connection.py:399} INFO - Snowflake Connector for Python Version: 3.10.0, Python Version: 3.12.3, Platform: Linux-6.10.11-linuxkit-aarch64-with-glibc2.36
[2024-11-10T02:33:48.801+0000] {connection.py:1239} INFO - This connection is in OCSP Fail Open Mode. TLS Certificates would be checked for validity and revocation status. Any other Certificate Revocation related exceptions or OCSP Responder failures would be disregarded in favor of connectivity.
[2024-11-10T02:34:05.871+0000] {cursor.py:1149} INFO - Number of results in first chunk: 1
[2024-11-10T02:34:06.693+0000] {cursor.py:1149} INFO - Number of results in first chunk: 1
[2024-11-10T02:34:06.694+0000] {connection.py:762} INFO - closed
[2024-11-10T02:34:06.746+0000] {connection.py:768} INFO - No async queries seem to be running, deleting session
[2024-11-10T02:34:06.811+0000] {python.py:237} INFO - Done. Returned value was: None
[2024-11-10T02:34:06.812+0000] {taskinstance.py:441} INFO - ::group::Post task execution logs
[2024-11-10T02:34:06.821+0000] {taskinstance.py:1206} INFO - Marking task as SUCCESS. dag_id=Stock_Prediction, task_id=predict, run_id=manual__2024-11-10T02:32:27.390349+00:00, execution_date=20241110T023227, start_date=20241110T023348, end_date=20241110T023406
[2024-11-10T02:34:06.867+0000] {local_task_job_runner.py:240} INFO - Task exited with return code 0
[2024-11-10T02:34:06.874+0000] {taskinstance.py:3498} INFO - 0 downstream tasks scheduled from follow-on schedule check
[2024-11-10T02:34:06.875+0000] {local_task_job_runner.py:222} INFO - ::endgroup::
