[2024-11-13T08:00:17.169+0000] {processor.py:161} INFO - Started process (PID=133) to work on /home/airflow/.local/lib/python3.12/site-packages/airflow/example_dags/example_subdag_operator.py
[2024-11-13T08:00:17.170+0000] {processor.py:830} INFO - Processing file /home/airflow/.local/lib/python3.12/site-packages/airflow/example_dags/example_subdag_operator.py for tasks to queue
[2024-11-13T08:00:17.171+0000] {logging_mixin.py:188} INFO - [2024-11-13T08:00:17.171+0000] {dagbag.py:545} INFO - Filling up the DagBag from /home/airflow/.local/lib/python3.12/site-packages/airflow/example_dags/example_subdag_operator.py
[2024-11-13T08:00:17.186+0000] {processor.py:840} INFO - DAG(s) 'example_subdag_operator.section-1', 'example_subdag_operator.section-2', 'example_subdag_operator' retrieved from /home/airflow/.local/lib/python3.12/site-packages/airflow/example_dags/example_subdag_operator.py
[2024-11-13T08:00:17.191+0000] {logging_mixin.py:188} INFO - [2024-11-13T08:00:17.191+0000] {dag.py:3096} INFO - Sync 3 DAGs
[2024-11-13T08:00:17.205+0000] {logging_mixin.py:188} INFO - [2024-11-13T08:00:17.205+0000] {dag.py:3954} INFO - Setting next_dagrun for example_subdag_operator to 2022-01-01 00:00:00+00:00, run_after=2022-01-01 00:00:00+00:00
[2024-11-13T08:00:17.207+0000] {logging_mixin.py:188} INFO - [2024-11-13T08:00:17.207+0000] {dag.py:3954} INFO - Setting next_dagrun for example_subdag_operator.section-1 to None, run_after=None
[2024-11-13T08:00:17.209+0000] {logging_mixin.py:188} INFO - [2024-11-13T08:00:17.209+0000] {dag.py:3954} INFO - Setting next_dagrun for example_subdag_operator.section-2 to None, run_after=None
[2024-11-13T08:00:17.212+0000] {logging_mixin.py:188} INFO - [2024-11-13T08:00:17.212+0000] {dag.py:3096} INFO - Sync 2 DAGs
[2024-11-13T08:00:17.215+0000] {logging_mixin.py:188} INFO - [2024-11-13T08:00:17.215+0000] {dag.py:3954} INFO - Setting next_dagrun for example_subdag_operator.section-1 to None, run_after=None
[2024-11-13T08:00:17.216+0000] {logging_mixin.py:188} INFO - [2024-11-13T08:00:17.216+0000] {dag.py:3954} INFO - Setting next_dagrun for example_subdag_operator.section-2 to None, run_after=None
[2024-11-13T08:00:17.225+0000] {processor.py:183} INFO - Processing /home/airflow/.local/lib/python3.12/site-packages/airflow/example_dags/example_subdag_operator.py took 0.058 seconds
[2024-11-13T08:00:47.981+0000] {processor.py:161} INFO - Started process (PID=192) to work on /home/airflow/.local/lib/python3.12/site-packages/airflow/example_dags/example_subdag_operator.py
[2024-11-13T08:00:47.983+0000] {processor.py:830} INFO - Processing file /home/airflow/.local/lib/python3.12/site-packages/airflow/example_dags/example_subdag_operator.py for tasks to queue
[2024-11-13T08:00:47.984+0000] {logging_mixin.py:188} INFO - [2024-11-13T08:00:47.984+0000] {dagbag.py:545} INFO - Filling up the DagBag from /home/airflow/.local/lib/python3.12/site-packages/airflow/example_dags/example_subdag_operator.py
[2024-11-13T08:00:48.000+0000] {processor.py:840} INFO - DAG(s) 'example_subdag_operator.section-1', 'example_subdag_operator.section-2', 'example_subdag_operator' retrieved from /home/airflow/.local/lib/python3.12/site-packages/airflow/example_dags/example_subdag_operator.py
[2024-11-13T08:00:48.046+0000] {logging_mixin.py:188} INFO - [2024-11-13T08:00:48.046+0000] {dag.py:3096} INFO - Sync 3 DAGs
[2024-11-13T08:00:48.057+0000] {logging_mixin.py:188} INFO - [2024-11-13T08:00:48.057+0000] {dag.py:3954} INFO - Setting next_dagrun for example_subdag_operator to 2022-01-01 00:00:00+00:00, run_after=2022-01-01 00:00:00+00:00
[2024-11-13T08:00:48.059+0000] {logging_mixin.py:188} INFO - [2024-11-13T08:00:48.059+0000] {dag.py:3954} INFO - Setting next_dagrun for example_subdag_operator.section-1 to None, run_after=None
[2024-11-13T08:00:48.059+0000] {logging_mixin.py:188} INFO - [2024-11-13T08:00:48.059+0000] {dag.py:3954} INFO - Setting next_dagrun for example_subdag_operator.section-2 to None, run_after=None
[2024-11-13T08:00:48.065+0000] {logging_mixin.py:188} INFO - [2024-11-13T08:00:48.065+0000] {dag.py:3096} INFO - Sync 2 DAGs
[2024-11-13T08:00:48.069+0000] {logging_mixin.py:188} INFO - [2024-11-13T08:00:48.069+0000] {dag.py:3954} INFO - Setting next_dagrun for example_subdag_operator.section-1 to None, run_after=None
[2024-11-13T08:00:48.070+0000] {logging_mixin.py:188} INFO - [2024-11-13T08:00:48.070+0000] {dag.py:3954} INFO - Setting next_dagrun for example_subdag_operator.section-2 to None, run_after=None
[2024-11-13T08:00:48.077+0000] {processor.py:183} INFO - Processing /home/airflow/.local/lib/python3.12/site-packages/airflow/example_dags/example_subdag_operator.py took 0.099 seconds
[2024-11-13T08:01:18.323+0000] {processor.py:161} INFO - Started process (PID=251) to work on /home/airflow/.local/lib/python3.12/site-packages/airflow/example_dags/example_subdag_operator.py
[2024-11-13T08:01:18.324+0000] {processor.py:830} INFO - Processing file /home/airflow/.local/lib/python3.12/site-packages/airflow/example_dags/example_subdag_operator.py for tasks to queue
[2024-11-13T08:01:18.325+0000] {logging_mixin.py:188} INFO - [2024-11-13T08:01:18.325+0000] {dagbag.py:545} INFO - Filling up the DagBag from /home/airflow/.local/lib/python3.12/site-packages/airflow/example_dags/example_subdag_operator.py
[2024-11-13T08:01:18.337+0000] {processor.py:840} INFO - DAG(s) 'example_subdag_operator.section-1', 'example_subdag_operator.section-2', 'example_subdag_operator' retrieved from /home/airflow/.local/lib/python3.12/site-packages/airflow/example_dags/example_subdag_operator.py
[2024-11-13T08:01:18.344+0000] {logging_mixin.py:188} INFO - [2024-11-13T08:01:18.344+0000] {dag.py:3096} INFO - Sync 3 DAGs
[2024-11-13T08:01:18.356+0000] {logging_mixin.py:188} INFO - [2024-11-13T08:01:18.356+0000] {dag.py:3954} INFO - Setting next_dagrun for example_subdag_operator to 2022-01-01 00:00:00+00:00, run_after=2022-01-01 00:00:00+00:00
[2024-11-13T08:01:18.358+0000] {logging_mixin.py:188} INFO - [2024-11-13T08:01:18.357+0000] {dag.py:3954} INFO - Setting next_dagrun for example_subdag_operator.section-1 to None, run_after=None
[2024-11-13T08:01:18.358+0000] {logging_mixin.py:188} INFO - [2024-11-13T08:01:18.358+0000] {dag.py:3954} INFO - Setting next_dagrun for example_subdag_operator.section-2 to None, run_after=None
[2024-11-13T08:01:18.361+0000] {logging_mixin.py:188} INFO - [2024-11-13T08:01:18.361+0000] {dag.py:3096} INFO - Sync 2 DAGs
[2024-11-13T08:01:18.365+0000] {logging_mixin.py:188} INFO - [2024-11-13T08:01:18.365+0000] {dag.py:3954} INFO - Setting next_dagrun for example_subdag_operator.section-1 to None, run_after=None
[2024-11-13T08:01:18.365+0000] {logging_mixin.py:188} INFO - [2024-11-13T08:01:18.365+0000] {dag.py:3954} INFO - Setting next_dagrun for example_subdag_operator.section-2 to None, run_after=None
[2024-11-13T08:01:18.374+0000] {processor.py:183} INFO - Processing /home/airflow/.local/lib/python3.12/site-packages/airflow/example_dags/example_subdag_operator.py took 0.054 seconds
[2024-11-13T08:01:49.356+0000] {processor.py:161} INFO - Started process (PID=310) to work on /home/airflow/.local/lib/python3.12/site-packages/airflow/example_dags/example_subdag_operator.py
[2024-11-13T08:01:49.357+0000] {processor.py:830} INFO - Processing file /home/airflow/.local/lib/python3.12/site-packages/airflow/example_dags/example_subdag_operator.py for tasks to queue
[2024-11-13T08:01:49.359+0000] {logging_mixin.py:188} INFO - [2024-11-13T08:01:49.359+0000] {dagbag.py:545} INFO - Filling up the DagBag from /home/airflow/.local/lib/python3.12/site-packages/airflow/example_dags/example_subdag_operator.py
[2024-11-13T08:01:49.375+0000] {processor.py:840} INFO - DAG(s) 'example_subdag_operator.section-1', 'example_subdag_operator.section-2', 'example_subdag_operator' retrieved from /home/airflow/.local/lib/python3.12/site-packages/airflow/example_dags/example_subdag_operator.py
[2024-11-13T08:01:49.383+0000] {logging_mixin.py:188} INFO - [2024-11-13T08:01:49.383+0000] {dag.py:3096} INFO - Sync 3 DAGs
[2024-11-13T08:01:49.396+0000] {logging_mixin.py:188} INFO - [2024-11-13T08:01:49.396+0000] {dag.py:3954} INFO - Setting next_dagrun for example_subdag_operator to 2022-01-01 00:00:00+00:00, run_after=2022-01-01 00:00:00+00:00
[2024-11-13T08:01:49.399+0000] {logging_mixin.py:188} INFO - [2024-11-13T08:01:49.399+0000] {dag.py:3954} INFO - Setting next_dagrun for example_subdag_operator.section-1 to None, run_after=None
[2024-11-13T08:01:49.399+0000] {logging_mixin.py:188} INFO - [2024-11-13T08:01:49.399+0000] {dag.py:3954} INFO - Setting next_dagrun for example_subdag_operator.section-2 to None, run_after=None
[2024-11-13T08:01:49.405+0000] {logging_mixin.py:188} INFO - [2024-11-13T08:01:49.405+0000] {dag.py:3096} INFO - Sync 2 DAGs
[2024-11-13T08:01:49.411+0000] {logging_mixin.py:188} INFO - [2024-11-13T08:01:49.410+0000] {dag.py:3954} INFO - Setting next_dagrun for example_subdag_operator.section-1 to None, run_after=None
[2024-11-13T08:01:49.411+0000] {logging_mixin.py:188} INFO - [2024-11-13T08:01:49.411+0000] {dag.py:3954} INFO - Setting next_dagrun for example_subdag_operator.section-2 to None, run_after=None
[2024-11-13T08:01:49.418+0000] {processor.py:183} INFO - Processing /home/airflow/.local/lib/python3.12/site-packages/airflow/example_dags/example_subdag_operator.py took 0.066 seconds
[2024-11-13T08:02:20.392+0000] {processor.py:161} INFO - Started process (PID=369) to work on /home/airflow/.local/lib/python3.12/site-packages/airflow/example_dags/example_subdag_operator.py
[2024-11-13T08:02:20.395+0000] {processor.py:830} INFO - Processing file /home/airflow/.local/lib/python3.12/site-packages/airflow/example_dags/example_subdag_operator.py for tasks to queue
[2024-11-13T08:02:20.396+0000] {logging_mixin.py:188} INFO - [2024-11-13T08:02:20.395+0000] {dagbag.py:545} INFO - Filling up the DagBag from /home/airflow/.local/lib/python3.12/site-packages/airflow/example_dags/example_subdag_operator.py
[2024-11-13T08:02:20.414+0000] {processor.py:840} INFO - DAG(s) 'example_subdag_operator.section-1', 'example_subdag_operator.section-2', 'example_subdag_operator' retrieved from /home/airflow/.local/lib/python3.12/site-packages/airflow/example_dags/example_subdag_operator.py
[2024-11-13T08:02:20.422+0000] {logging_mixin.py:188} INFO - [2024-11-13T08:02:20.421+0000] {dag.py:3096} INFO - Sync 3 DAGs
[2024-11-13T08:02:20.432+0000] {logging_mixin.py:188} INFO - [2024-11-13T08:02:20.432+0000] {dag.py:3954} INFO - Setting next_dagrun for example_subdag_operator to 2022-01-01 00:00:00+00:00, run_after=2022-01-01 00:00:00+00:00
[2024-11-13T08:02:20.435+0000] {logging_mixin.py:188} INFO - [2024-11-13T08:02:20.435+0000] {dag.py:3954} INFO - Setting next_dagrun for example_subdag_operator.section-1 to None, run_after=None
[2024-11-13T08:02:20.436+0000] {logging_mixin.py:188} INFO - [2024-11-13T08:02:20.436+0000] {dag.py:3954} INFO - Setting next_dagrun for example_subdag_operator.section-2 to None, run_after=None
[2024-11-13T08:02:20.441+0000] {logging_mixin.py:188} INFO - [2024-11-13T08:02:20.441+0000] {dag.py:3096} INFO - Sync 2 DAGs
[2024-11-13T08:02:20.444+0000] {logging_mixin.py:188} INFO - [2024-11-13T08:02:20.444+0000] {dag.py:3954} INFO - Setting next_dagrun for example_subdag_operator.section-1 to None, run_after=None
[2024-11-13T08:02:20.445+0000] {logging_mixin.py:188} INFO - [2024-11-13T08:02:20.445+0000] {dag.py:3954} INFO - Setting next_dagrun for example_subdag_operator.section-2 to None, run_after=None
[2024-11-13T08:02:20.452+0000] {processor.py:183} INFO - Processing /home/airflow/.local/lib/python3.12/site-packages/airflow/example_dags/example_subdag_operator.py took 0.063 seconds
[2024-11-13T08:02:51.315+0000] {processor.py:161} INFO - Started process (PID=428) to work on /home/airflow/.local/lib/python3.12/site-packages/airflow/example_dags/example_subdag_operator.py
[2024-11-13T08:02:51.315+0000] {processor.py:830} INFO - Processing file /home/airflow/.local/lib/python3.12/site-packages/airflow/example_dags/example_subdag_operator.py for tasks to queue
[2024-11-13T08:02:51.317+0000] {logging_mixin.py:188} INFO - [2024-11-13T08:02:51.317+0000] {dagbag.py:545} INFO - Filling up the DagBag from /home/airflow/.local/lib/python3.12/site-packages/airflow/example_dags/example_subdag_operator.py
[2024-11-13T08:02:51.331+0000] {processor.py:840} INFO - DAG(s) 'example_subdag_operator.section-1', 'example_subdag_operator.section-2', 'example_subdag_operator' retrieved from /home/airflow/.local/lib/python3.12/site-packages/airflow/example_dags/example_subdag_operator.py
[2024-11-13T08:02:51.339+0000] {logging_mixin.py:188} INFO - [2024-11-13T08:02:51.339+0000] {dag.py:3096} INFO - Sync 3 DAGs
[2024-11-13T08:02:51.349+0000] {logging_mixin.py:188} INFO - [2024-11-13T08:02:51.349+0000] {dag.py:3954} INFO - Setting next_dagrun for example_subdag_operator to 2022-01-01 00:00:00+00:00, run_after=2022-01-01 00:00:00+00:00
[2024-11-13T08:02:51.351+0000] {logging_mixin.py:188} INFO - [2024-11-13T08:02:51.351+0000] {dag.py:3954} INFO - Setting next_dagrun for example_subdag_operator.section-1 to None, run_after=None
[2024-11-13T08:02:51.351+0000] {logging_mixin.py:188} INFO - [2024-11-13T08:02:51.351+0000] {dag.py:3954} INFO - Setting next_dagrun for example_subdag_operator.section-2 to None, run_after=None
[2024-11-13T08:02:51.356+0000] {logging_mixin.py:188} INFO - [2024-11-13T08:02:51.356+0000] {dag.py:3096} INFO - Sync 2 DAGs
[2024-11-13T08:02:51.361+0000] {logging_mixin.py:188} INFO - [2024-11-13T08:02:51.361+0000] {dag.py:3954} INFO - Setting next_dagrun for example_subdag_operator.section-1 to None, run_after=None
[2024-11-13T08:02:51.361+0000] {logging_mixin.py:188} INFO - [2024-11-13T08:02:51.361+0000] {dag.py:3954} INFO - Setting next_dagrun for example_subdag_operator.section-2 to None, run_after=None
[2024-11-13T08:02:51.369+0000] {processor.py:183} INFO - Processing /home/airflow/.local/lib/python3.12/site-packages/airflow/example_dags/example_subdag_operator.py took 0.057 seconds
[2024-11-13T08:03:22.188+0000] {processor.py:161} INFO - Started process (PID=487) to work on /home/airflow/.local/lib/python3.12/site-packages/airflow/example_dags/example_subdag_operator.py
[2024-11-13T08:03:22.190+0000] {processor.py:830} INFO - Processing file /home/airflow/.local/lib/python3.12/site-packages/airflow/example_dags/example_subdag_operator.py for tasks to queue
[2024-11-13T08:03:22.192+0000] {logging_mixin.py:188} INFO - [2024-11-13T08:03:22.192+0000] {dagbag.py:545} INFO - Filling up the DagBag from /home/airflow/.local/lib/python3.12/site-packages/airflow/example_dags/example_subdag_operator.py
[2024-11-13T08:03:22.212+0000] {processor.py:840} INFO - DAG(s) 'example_subdag_operator.section-1', 'example_subdag_operator.section-2', 'example_subdag_operator' retrieved from /home/airflow/.local/lib/python3.12/site-packages/airflow/example_dags/example_subdag_operator.py
[2024-11-13T08:03:22.220+0000] {logging_mixin.py:188} INFO - [2024-11-13T08:03:22.220+0000] {dag.py:3096} INFO - Sync 3 DAGs
[2024-11-13T08:03:22.232+0000] {logging_mixin.py:188} INFO - [2024-11-13T08:03:22.232+0000] {dag.py:3954} INFO - Setting next_dagrun for example_subdag_operator to 2022-01-01 00:00:00+00:00, run_after=2022-01-01 00:00:00+00:00
[2024-11-13T08:03:22.235+0000] {logging_mixin.py:188} INFO - [2024-11-13T08:03:22.235+0000] {dag.py:3954} INFO - Setting next_dagrun for example_subdag_operator.section-1 to None, run_after=None
[2024-11-13T08:03:22.235+0000] {logging_mixin.py:188} INFO - [2024-11-13T08:03:22.235+0000] {dag.py:3954} INFO - Setting next_dagrun for example_subdag_operator.section-2 to None, run_after=None
[2024-11-13T08:03:22.238+0000] {logging_mixin.py:188} INFO - [2024-11-13T08:03:22.238+0000] {dag.py:3096} INFO - Sync 2 DAGs
[2024-11-13T08:03:22.242+0000] {logging_mixin.py:188} INFO - [2024-11-13T08:03:22.242+0000] {dag.py:3954} INFO - Setting next_dagrun for example_subdag_operator.section-1 to None, run_after=None
[2024-11-13T08:03:22.243+0000] {logging_mixin.py:188} INFO - [2024-11-13T08:03:22.243+0000] {dag.py:3954} INFO - Setting next_dagrun for example_subdag_operator.section-2 to None, run_after=None
[2024-11-13T08:03:22.249+0000] {processor.py:183} INFO - Processing /home/airflow/.local/lib/python3.12/site-packages/airflow/example_dags/example_subdag_operator.py took 0.067 seconds
[2024-11-13T08:03:53.145+0000] {processor.py:161} INFO - Started process (PID=546) to work on /home/airflow/.local/lib/python3.12/site-packages/airflow/example_dags/example_subdag_operator.py
[2024-11-13T08:03:53.145+0000] {processor.py:830} INFO - Processing file /home/airflow/.local/lib/python3.12/site-packages/airflow/example_dags/example_subdag_operator.py for tasks to queue
[2024-11-13T08:03:53.147+0000] {logging_mixin.py:188} INFO - [2024-11-13T08:03:53.146+0000] {dagbag.py:545} INFO - Filling up the DagBag from /home/airflow/.local/lib/python3.12/site-packages/airflow/example_dags/example_subdag_operator.py
[2024-11-13T08:03:53.162+0000] {processor.py:840} INFO - DAG(s) 'example_subdag_operator.section-1', 'example_subdag_operator.section-2', 'example_subdag_operator' retrieved from /home/airflow/.local/lib/python3.12/site-packages/airflow/example_dags/example_subdag_operator.py
[2024-11-13T08:03:53.173+0000] {logging_mixin.py:188} INFO - [2024-11-13T08:03:53.172+0000] {dag.py:3096} INFO - Sync 3 DAGs
[2024-11-13T08:03:53.184+0000] {logging_mixin.py:188} INFO - [2024-11-13T08:03:53.184+0000] {dag.py:3954} INFO - Setting next_dagrun for example_subdag_operator to 2022-01-01 00:00:00+00:00, run_after=2022-01-01 00:00:00+00:00
[2024-11-13T08:03:53.186+0000] {logging_mixin.py:188} INFO - [2024-11-13T08:03:53.186+0000] {dag.py:3954} INFO - Setting next_dagrun for example_subdag_operator.section-1 to None, run_after=None
[2024-11-13T08:03:53.188+0000] {logging_mixin.py:188} INFO - [2024-11-13T08:03:53.187+0000] {dag.py:3954} INFO - Setting next_dagrun for example_subdag_operator.section-2 to None, run_after=None
[2024-11-13T08:03:53.191+0000] {logging_mixin.py:188} INFO - [2024-11-13T08:03:53.191+0000] {dag.py:3096} INFO - Sync 2 DAGs
[2024-11-13T08:03:53.195+0000] {logging_mixin.py:188} INFO - [2024-11-13T08:03:53.195+0000] {dag.py:3954} INFO - Setting next_dagrun for example_subdag_operator.section-1 to None, run_after=None
[2024-11-13T08:03:53.196+0000] {logging_mixin.py:188} INFO - [2024-11-13T08:03:53.196+0000] {dag.py:3954} INFO - Setting next_dagrun for example_subdag_operator.section-2 to None, run_after=None
[2024-11-13T08:03:53.205+0000] {processor.py:183} INFO - Processing /home/airflow/.local/lib/python3.12/site-packages/airflow/example_dags/example_subdag_operator.py took 0.065 seconds
[2024-11-13T08:04:23.994+0000] {processor.py:161} INFO - Started process (PID=605) to work on /home/airflow/.local/lib/python3.12/site-packages/airflow/example_dags/example_subdag_operator.py
[2024-11-13T08:04:23.995+0000] {processor.py:830} INFO - Processing file /home/airflow/.local/lib/python3.12/site-packages/airflow/example_dags/example_subdag_operator.py for tasks to queue
[2024-11-13T08:04:23.996+0000] {logging_mixin.py:188} INFO - [2024-11-13T08:04:23.996+0000] {dagbag.py:545} INFO - Filling up the DagBag from /home/airflow/.local/lib/python3.12/site-packages/airflow/example_dags/example_subdag_operator.py
[2024-11-13T08:04:24.014+0000] {processor.py:840} INFO - DAG(s) 'example_subdag_operator.section-1', 'example_subdag_operator.section-2', 'example_subdag_operator' retrieved from /home/airflow/.local/lib/python3.12/site-packages/airflow/example_dags/example_subdag_operator.py
[2024-11-13T08:04:24.025+0000] {logging_mixin.py:188} INFO - [2024-11-13T08:04:24.024+0000] {dag.py:3096} INFO - Sync 3 DAGs
[2024-11-13T08:04:24.036+0000] {logging_mixin.py:188} INFO - [2024-11-13T08:04:24.036+0000] {dag.py:3954} INFO - Setting next_dagrun for example_subdag_operator to 2022-01-01 00:00:00+00:00, run_after=2022-01-01 00:00:00+00:00
[2024-11-13T08:04:24.038+0000] {logging_mixin.py:188} INFO - [2024-11-13T08:04:24.038+0000] {dag.py:3954} INFO - Setting next_dagrun for example_subdag_operator.section-1 to None, run_after=None
[2024-11-13T08:04:24.039+0000] {logging_mixin.py:188} INFO - [2024-11-13T08:04:24.039+0000] {dag.py:3954} INFO - Setting next_dagrun for example_subdag_operator.section-2 to None, run_after=None
[2024-11-13T08:04:24.043+0000] {logging_mixin.py:188} INFO - [2024-11-13T08:04:24.043+0000] {dag.py:3096} INFO - Sync 2 DAGs
[2024-11-13T08:04:24.048+0000] {logging_mixin.py:188} INFO - [2024-11-13T08:04:24.048+0000] {dag.py:3954} INFO - Setting next_dagrun for example_subdag_operator.section-1 to None, run_after=None
[2024-11-13T08:04:24.049+0000] {logging_mixin.py:188} INFO - [2024-11-13T08:04:24.049+0000] {dag.py:3954} INFO - Setting next_dagrun for example_subdag_operator.section-2 to None, run_after=None
[2024-11-13T08:04:24.056+0000] {processor.py:183} INFO - Processing /home/airflow/.local/lib/python3.12/site-packages/airflow/example_dags/example_subdag_operator.py took 0.068 seconds
[2024-11-13T08:04:54.122+0000] {processor.py:161} INFO - Started process (PID=663) to work on /home/airflow/.local/lib/python3.12/site-packages/airflow/example_dags/example_subdag_operator.py
[2024-11-13T08:04:54.123+0000] {processor.py:830} INFO - Processing file /home/airflow/.local/lib/python3.12/site-packages/airflow/example_dags/example_subdag_operator.py for tasks to queue
[2024-11-13T08:04:54.124+0000] {logging_mixin.py:188} INFO - [2024-11-13T08:04:54.124+0000] {dagbag.py:545} INFO - Filling up the DagBag from /home/airflow/.local/lib/python3.12/site-packages/airflow/example_dags/example_subdag_operator.py
[2024-11-13T08:04:54.137+0000] {processor.py:840} INFO - DAG(s) 'example_subdag_operator.section-1', 'example_subdag_operator.section-2', 'example_subdag_operator' retrieved from /home/airflow/.local/lib/python3.12/site-packages/airflow/example_dags/example_subdag_operator.py
[2024-11-13T08:04:54.146+0000] {logging_mixin.py:188} INFO - [2024-11-13T08:04:54.145+0000] {dag.py:3096} INFO - Sync 3 DAGs
[2024-11-13T08:04:54.174+0000] {logging_mixin.py:188} INFO - [2024-11-13T08:04:54.174+0000] {dag.py:3954} INFO - Setting next_dagrun for example_subdag_operator to 2022-01-01 00:00:00+00:00, run_after=2022-01-01 00:00:00+00:00
[2024-11-13T08:04:54.180+0000] {logging_mixin.py:188} INFO - [2024-11-13T08:04:54.180+0000] {dag.py:3954} INFO - Setting next_dagrun for example_subdag_operator.section-1 to None, run_after=None
[2024-11-13T08:04:54.181+0000] {logging_mixin.py:188} INFO - [2024-11-13T08:04:54.181+0000] {dag.py:3954} INFO - Setting next_dagrun for example_subdag_operator.section-2 to None, run_after=None
[2024-11-13T08:04:54.186+0000] {logging_mixin.py:188} INFO - [2024-11-13T08:04:54.185+0000] {dag.py:3096} INFO - Sync 2 DAGs
[2024-11-13T08:04:54.191+0000] {logging_mixin.py:188} INFO - [2024-11-13T08:04:54.191+0000] {dag.py:3954} INFO - Setting next_dagrun for example_subdag_operator.section-1 to None, run_after=None
[2024-11-13T08:04:54.191+0000] {logging_mixin.py:188} INFO - [2024-11-13T08:04:54.191+0000] {dag.py:3954} INFO - Setting next_dagrun for example_subdag_operator.section-2 to None, run_after=None
[2024-11-13T08:04:54.197+0000] {processor.py:183} INFO - Processing /home/airflow/.local/lib/python3.12/site-packages/airflow/example_dags/example_subdag_operator.py took 0.079 seconds
[2024-11-13T08:05:24.210+0000] {processor.py:161} INFO - Started process (PID=722) to work on /home/airflow/.local/lib/python3.12/site-packages/airflow/example_dags/example_subdag_operator.py
[2024-11-13T08:05:24.211+0000] {processor.py:830} INFO - Processing file /home/airflow/.local/lib/python3.12/site-packages/airflow/example_dags/example_subdag_operator.py for tasks to queue
[2024-11-13T08:05:24.212+0000] {logging_mixin.py:188} INFO - [2024-11-13T08:05:24.212+0000] {dagbag.py:545} INFO - Filling up the DagBag from /home/airflow/.local/lib/python3.12/site-packages/airflow/example_dags/example_subdag_operator.py
[2024-11-13T08:05:24.224+0000] {processor.py:840} INFO - DAG(s) 'example_subdag_operator.section-1', 'example_subdag_operator.section-2', 'example_subdag_operator' retrieved from /home/airflow/.local/lib/python3.12/site-packages/airflow/example_dags/example_subdag_operator.py
[2024-11-13T08:05:24.231+0000] {logging_mixin.py:188} INFO - [2024-11-13T08:05:24.230+0000] {dag.py:3096} INFO - Sync 3 DAGs
[2024-11-13T08:05:24.240+0000] {logging_mixin.py:188} INFO - [2024-11-13T08:05:24.240+0000] {dag.py:3954} INFO - Setting next_dagrun for example_subdag_operator to 2022-01-01 00:00:00+00:00, run_after=2022-01-01 00:00:00+00:00
[2024-11-13T08:05:24.242+0000] {logging_mixin.py:188} INFO - [2024-11-13T08:05:24.242+0000] {dag.py:3954} INFO - Setting next_dagrun for example_subdag_operator.section-1 to None, run_after=None
[2024-11-13T08:05:24.242+0000] {logging_mixin.py:188} INFO - [2024-11-13T08:05:24.242+0000] {dag.py:3954} INFO - Setting next_dagrun for example_subdag_operator.section-2 to None, run_after=None
[2024-11-13T08:05:24.245+0000] {logging_mixin.py:188} INFO - [2024-11-13T08:05:24.245+0000] {dag.py:3096} INFO - Sync 2 DAGs
[2024-11-13T08:05:24.247+0000] {logging_mixin.py:188} INFO - [2024-11-13T08:05:24.247+0000] {dag.py:3954} INFO - Setting next_dagrun for example_subdag_operator.section-1 to None, run_after=None
[2024-11-13T08:05:24.248+0000] {logging_mixin.py:188} INFO - [2024-11-13T08:05:24.247+0000] {dag.py:3954} INFO - Setting next_dagrun for example_subdag_operator.section-2 to None, run_after=None
[2024-11-13T08:05:24.252+0000] {processor.py:183} INFO - Processing /home/airflow/.local/lib/python3.12/site-packages/airflow/example_dags/example_subdag_operator.py took 0.044 seconds
[2024-11-13T08:05:54.324+0000] {processor.py:161} INFO - Started process (PID=781) to work on /home/airflow/.local/lib/python3.12/site-packages/airflow/example_dags/example_subdag_operator.py
[2024-11-13T08:05:54.325+0000] {processor.py:830} INFO - Processing file /home/airflow/.local/lib/python3.12/site-packages/airflow/example_dags/example_subdag_operator.py for tasks to queue
[2024-11-13T08:05:54.327+0000] {logging_mixin.py:188} INFO - [2024-11-13T08:05:54.327+0000] {dagbag.py:545} INFO - Filling up the DagBag from /home/airflow/.local/lib/python3.12/site-packages/airflow/example_dags/example_subdag_operator.py
[2024-11-13T08:05:54.340+0000] {processor.py:840} INFO - DAG(s) 'example_subdag_operator.section-1', 'example_subdag_operator.section-2', 'example_subdag_operator' retrieved from /home/airflow/.local/lib/python3.12/site-packages/airflow/example_dags/example_subdag_operator.py
[2024-11-13T08:05:54.349+0000] {logging_mixin.py:188} INFO - [2024-11-13T08:05:54.348+0000] {dag.py:3096} INFO - Sync 3 DAGs
[2024-11-13T08:05:54.359+0000] {logging_mixin.py:188} INFO - [2024-11-13T08:05:54.359+0000] {dag.py:3954} INFO - Setting next_dagrun for example_subdag_operator to 2022-01-01 00:00:00+00:00, run_after=2022-01-01 00:00:00+00:00
[2024-11-13T08:05:54.361+0000] {logging_mixin.py:188} INFO - [2024-11-13T08:05:54.361+0000] {dag.py:3954} INFO - Setting next_dagrun for example_subdag_operator.section-1 to None, run_after=None
[2024-11-13T08:05:54.363+0000] {logging_mixin.py:188} INFO - [2024-11-13T08:05:54.363+0000] {dag.py:3954} INFO - Setting next_dagrun for example_subdag_operator.section-2 to None, run_after=None
[2024-11-13T08:05:54.368+0000] {logging_mixin.py:188} INFO - [2024-11-13T08:05:54.368+0000] {dag.py:3096} INFO - Sync 2 DAGs
[2024-11-13T08:05:54.372+0000] {logging_mixin.py:188} INFO - [2024-11-13T08:05:54.372+0000] {dag.py:3954} INFO - Setting next_dagrun for example_subdag_operator.section-1 to None, run_after=None
[2024-11-13T08:05:54.372+0000] {logging_mixin.py:188} INFO - [2024-11-13T08:05:54.372+0000] {dag.py:3954} INFO - Setting next_dagrun for example_subdag_operator.section-2 to None, run_after=None
[2024-11-13T08:05:54.378+0000] {processor.py:183} INFO - Processing /home/airflow/.local/lib/python3.12/site-packages/airflow/example_dags/example_subdag_operator.py took 0.056 seconds
[2024-11-13T08:06:25.315+0000] {processor.py:161} INFO - Started process (PID=840) to work on /home/airflow/.local/lib/python3.12/site-packages/airflow/example_dags/example_subdag_operator.py
[2024-11-13T08:06:25.316+0000] {processor.py:830} INFO - Processing file /home/airflow/.local/lib/python3.12/site-packages/airflow/example_dags/example_subdag_operator.py for tasks to queue
[2024-11-13T08:06:25.317+0000] {logging_mixin.py:188} INFO - [2024-11-13T08:06:25.317+0000] {dagbag.py:545} INFO - Filling up the DagBag from /home/airflow/.local/lib/python3.12/site-packages/airflow/example_dags/example_subdag_operator.py
[2024-11-13T08:06:25.329+0000] {processor.py:840} INFO - DAG(s) 'example_subdag_operator.section-1', 'example_subdag_operator.section-2', 'example_subdag_operator' retrieved from /home/airflow/.local/lib/python3.12/site-packages/airflow/example_dags/example_subdag_operator.py
[2024-11-13T08:06:25.338+0000] {logging_mixin.py:188} INFO - [2024-11-13T08:06:25.337+0000] {dag.py:3096} INFO - Sync 3 DAGs
[2024-11-13T08:06:25.348+0000] {logging_mixin.py:188} INFO - [2024-11-13T08:06:25.348+0000] {dag.py:3954} INFO - Setting next_dagrun for example_subdag_operator to 2022-01-01 00:00:00+00:00, run_after=2022-01-01 00:00:00+00:00
[2024-11-13T08:06:25.351+0000] {logging_mixin.py:188} INFO - [2024-11-13T08:06:25.351+0000] {dag.py:3954} INFO - Setting next_dagrun for example_subdag_operator.section-1 to None, run_after=None
[2024-11-13T08:06:25.351+0000] {logging_mixin.py:188} INFO - [2024-11-13T08:06:25.351+0000] {dag.py:3954} INFO - Setting next_dagrun for example_subdag_operator.section-2 to None, run_after=None
[2024-11-13T08:06:25.355+0000] {logging_mixin.py:188} INFO - [2024-11-13T08:06:25.355+0000] {dag.py:3096} INFO - Sync 2 DAGs
[2024-11-13T08:06:25.357+0000] {logging_mixin.py:188} INFO - [2024-11-13T08:06:25.357+0000] {dag.py:3954} INFO - Setting next_dagrun for example_subdag_operator.section-1 to None, run_after=None
[2024-11-13T08:06:25.357+0000] {logging_mixin.py:188} INFO - [2024-11-13T08:06:25.357+0000] {dag.py:3954} INFO - Setting next_dagrun for example_subdag_operator.section-2 to None, run_after=None
[2024-11-13T08:06:25.362+0000] {processor.py:183} INFO - Processing /home/airflow/.local/lib/python3.12/site-packages/airflow/example_dags/example_subdag_operator.py took 0.050 seconds
[2024-11-13T08:06:56.243+0000] {processor.py:161} INFO - Started process (PID=899) to work on /home/airflow/.local/lib/python3.12/site-packages/airflow/example_dags/example_subdag_operator.py
[2024-11-13T08:06:56.244+0000] {processor.py:830} INFO - Processing file /home/airflow/.local/lib/python3.12/site-packages/airflow/example_dags/example_subdag_operator.py for tasks to queue
[2024-11-13T08:06:56.245+0000] {logging_mixin.py:188} INFO - [2024-11-13T08:06:56.245+0000] {dagbag.py:545} INFO - Filling up the DagBag from /home/airflow/.local/lib/python3.12/site-packages/airflow/example_dags/example_subdag_operator.py
[2024-11-13T08:06:56.258+0000] {processor.py:840} INFO - DAG(s) 'example_subdag_operator.section-1', 'example_subdag_operator.section-2', 'example_subdag_operator' retrieved from /home/airflow/.local/lib/python3.12/site-packages/airflow/example_dags/example_subdag_operator.py
[2024-11-13T08:06:56.266+0000] {logging_mixin.py:188} INFO - [2024-11-13T08:06:56.266+0000] {dag.py:3096} INFO - Sync 3 DAGs
[2024-11-13T08:06:56.277+0000] {logging_mixin.py:188} INFO - [2024-11-13T08:06:56.277+0000] {dag.py:3954} INFO - Setting next_dagrun for example_subdag_operator to 2022-01-01 00:00:00+00:00, run_after=2022-01-01 00:00:00+00:00
[2024-11-13T08:06:56.280+0000] {logging_mixin.py:188} INFO - [2024-11-13T08:06:56.280+0000] {dag.py:3954} INFO - Setting next_dagrun for example_subdag_operator.section-1 to None, run_after=None
[2024-11-13T08:06:56.282+0000] {logging_mixin.py:188} INFO - [2024-11-13T08:06:56.281+0000] {dag.py:3954} INFO - Setting next_dagrun for example_subdag_operator.section-2 to None, run_after=None
[2024-11-13T08:06:56.285+0000] {logging_mixin.py:188} INFO - [2024-11-13T08:06:56.285+0000] {dag.py:3096} INFO - Sync 2 DAGs
[2024-11-13T08:06:56.288+0000] {logging_mixin.py:188} INFO - [2024-11-13T08:06:56.288+0000] {dag.py:3954} INFO - Setting next_dagrun for example_subdag_operator.section-1 to None, run_after=None
[2024-11-13T08:06:56.290+0000] {logging_mixin.py:188} INFO - [2024-11-13T08:06:56.289+0000] {dag.py:3954} INFO - Setting next_dagrun for example_subdag_operator.section-2 to None, run_after=None
[2024-11-13T08:06:56.297+0000] {processor.py:183} INFO - Processing /home/airflow/.local/lib/python3.12/site-packages/airflow/example_dags/example_subdag_operator.py took 0.057 seconds
