[2024-11-13T08:00:17.293+0000] {processor.py:161} INFO - Started process (PID=137) to work on /home/airflow/.local/lib/python3.12/site-packages/airflow/example_dags/example_branch_day_of_week_operator.py
[2024-11-13T08:00:17.295+0000] {processor.py:830} INFO - Processing file /home/airflow/.local/lib/python3.12/site-packages/airflow/example_dags/example_branch_day_of_week_operator.py for tasks to queue
[2024-11-13T08:00:17.296+0000] {logging_mixin.py:188} INFO - [2024-11-13T08:00:17.296+0000] {dagbag.py:545} INFO - Filling up the DagBag from /home/airflow/.local/lib/python3.12/site-packages/airflow/example_dags/example_branch_day_of_week_operator.py
[2024-11-13T08:00:17.301+0000] {processor.py:840} INFO - DAG(s) 'example_weekday_branch_operator' retrieved from /home/airflow/.local/lib/python3.12/site-packages/airflow/example_dags/example_branch_day_of_week_operator.py
[2024-11-13T08:00:17.324+0000] {logging_mixin.py:188} INFO - [2024-11-13T08:00:17.323+0000] {dag.py:3096} INFO - Sync 1 DAGs
[2024-11-13T08:00:17.341+0000] {logging_mixin.py:188} INFO - [2024-11-13T08:00:17.341+0000] {dag.py:3954} INFO - Setting next_dagrun for example_weekday_branch_operator to 2024-11-12 00:00:00+00:00, run_after=2024-11-13 00:00:00+00:00
[2024-11-13T08:00:17.354+0000] {processor.py:183} INFO - Processing /home/airflow/.local/lib/python3.12/site-packages/airflow/example_dags/example_branch_day_of_week_operator.py took 0.063 seconds
[2024-11-13T08:00:48.176+0000] {processor.py:161} INFO - Started process (PID=196) to work on /home/airflow/.local/lib/python3.12/site-packages/airflow/example_dags/example_branch_day_of_week_operator.py
[2024-11-13T08:00:48.177+0000] {processor.py:830} INFO - Processing file /home/airflow/.local/lib/python3.12/site-packages/airflow/example_dags/example_branch_day_of_week_operator.py for tasks to queue
[2024-11-13T08:00:48.178+0000] {logging_mixin.py:188} INFO - [2024-11-13T08:00:48.178+0000] {dagbag.py:545} INFO - Filling up the DagBag from /home/airflow/.local/lib/python3.12/site-packages/airflow/example_dags/example_branch_day_of_week_operator.py
[2024-11-13T08:00:48.182+0000] {processor.py:840} INFO - DAG(s) 'example_weekday_branch_operator' retrieved from /home/airflow/.local/lib/python3.12/site-packages/airflow/example_dags/example_branch_day_of_week_operator.py
[2024-11-13T08:00:48.231+0000] {logging_mixin.py:188} INFO - [2024-11-13T08:00:48.230+0000] {dag.py:3096} INFO - Sync 1 DAGs
[2024-11-13T08:00:48.240+0000] {logging_mixin.py:188} INFO - [2024-11-13T08:00:48.240+0000] {dag.py:3954} INFO - Setting next_dagrun for example_weekday_branch_operator to 2024-11-12 00:00:00+00:00, run_after=2024-11-13 00:00:00+00:00
[2024-11-13T08:00:48.253+0000] {processor.py:183} INFO - Processing /home/airflow/.local/lib/python3.12/site-packages/airflow/example_dags/example_branch_day_of_week_operator.py took 0.080 seconds
[2024-11-13T08:01:18.448+0000] {processor.py:161} INFO - Started process (PID=255) to work on /home/airflow/.local/lib/python3.12/site-packages/airflow/example_dags/example_branch_day_of_week_operator.py
[2024-11-13T08:01:18.449+0000] {processor.py:830} INFO - Processing file /home/airflow/.local/lib/python3.12/site-packages/airflow/example_dags/example_branch_day_of_week_operator.py for tasks to queue
[2024-11-13T08:01:18.450+0000] {logging_mixin.py:188} INFO - [2024-11-13T08:01:18.450+0000] {dagbag.py:545} INFO - Filling up the DagBag from /home/airflow/.local/lib/python3.12/site-packages/airflow/example_dags/example_branch_day_of_week_operator.py
[2024-11-13T08:01:18.453+0000] {processor.py:840} INFO - DAG(s) 'example_weekday_branch_operator' retrieved from /home/airflow/.local/lib/python3.12/site-packages/airflow/example_dags/example_branch_day_of_week_operator.py
[2024-11-13T08:01:18.464+0000] {logging_mixin.py:188} INFO - [2024-11-13T08:01:18.464+0000] {dag.py:3096} INFO - Sync 1 DAGs
[2024-11-13T08:01:18.474+0000] {logging_mixin.py:188} INFO - [2024-11-13T08:01:18.474+0000] {dag.py:3954} INFO - Setting next_dagrun for example_weekday_branch_operator to 2024-11-12 00:00:00+00:00, run_after=2024-11-13 00:00:00+00:00
[2024-11-13T08:01:18.482+0000] {processor.py:183} INFO - Processing /home/airflow/.local/lib/python3.12/site-packages/airflow/example_dags/example_branch_day_of_week_operator.py took 0.037 seconds
[2024-11-13T08:01:49.484+0000] {processor.py:161} INFO - Started process (PID=314) to work on /home/airflow/.local/lib/python3.12/site-packages/airflow/example_dags/example_branch_day_of_week_operator.py
[2024-11-13T08:01:49.486+0000] {processor.py:830} INFO - Processing file /home/airflow/.local/lib/python3.12/site-packages/airflow/example_dags/example_branch_day_of_week_operator.py for tasks to queue
[2024-11-13T08:01:49.487+0000] {logging_mixin.py:188} INFO - [2024-11-13T08:01:49.487+0000] {dagbag.py:545} INFO - Filling up the DagBag from /home/airflow/.local/lib/python3.12/site-packages/airflow/example_dags/example_branch_day_of_week_operator.py
[2024-11-13T08:01:49.491+0000] {processor.py:840} INFO - DAG(s) 'example_weekday_branch_operator' retrieved from /home/airflow/.local/lib/python3.12/site-packages/airflow/example_dags/example_branch_day_of_week_operator.py
[2024-11-13T08:01:49.511+0000] {logging_mixin.py:188} INFO - [2024-11-13T08:01:49.510+0000] {dag.py:3096} INFO - Sync 1 DAGs
[2024-11-13T08:01:49.522+0000] {logging_mixin.py:188} INFO - [2024-11-13T08:01:49.522+0000] {dag.py:3954} INFO - Setting next_dagrun for example_weekday_branch_operator to 2024-11-12 00:00:00+00:00, run_after=2024-11-13 00:00:00+00:00
[2024-11-13T08:01:49.533+0000] {processor.py:183} INFO - Processing /home/airflow/.local/lib/python3.12/site-packages/airflow/example_dags/example_branch_day_of_week_operator.py took 0.052 seconds
[2024-11-13T08:02:20.522+0000] {processor.py:161} INFO - Started process (PID=373) to work on /home/airflow/.local/lib/python3.12/site-packages/airflow/example_dags/example_branch_day_of_week_operator.py
[2024-11-13T08:02:20.525+0000] {processor.py:830} INFO - Processing file /home/airflow/.local/lib/python3.12/site-packages/airflow/example_dags/example_branch_day_of_week_operator.py for tasks to queue
[2024-11-13T08:02:20.526+0000] {logging_mixin.py:188} INFO - [2024-11-13T08:02:20.526+0000] {dagbag.py:545} INFO - Filling up the DagBag from /home/airflow/.local/lib/python3.12/site-packages/airflow/example_dags/example_branch_day_of_week_operator.py
[2024-11-13T08:02:20.530+0000] {processor.py:840} INFO - DAG(s) 'example_weekday_branch_operator' retrieved from /home/airflow/.local/lib/python3.12/site-packages/airflow/example_dags/example_branch_day_of_week_operator.py
[2024-11-13T08:02:20.541+0000] {logging_mixin.py:188} INFO - [2024-11-13T08:02:20.541+0000] {dag.py:3096} INFO - Sync 1 DAGs
[2024-11-13T08:02:20.565+0000] {logging_mixin.py:188} INFO - [2024-11-13T08:02:20.565+0000] {dag.py:3954} INFO - Setting next_dagrun for example_weekday_branch_operator to 2024-11-12 00:00:00+00:00, run_after=2024-11-13 00:00:00+00:00
[2024-11-13T08:02:20.599+0000] {processor.py:183} INFO - Processing /home/airflow/.local/lib/python3.12/site-packages/airflow/example_dags/example_branch_day_of_week_operator.py took 0.080 seconds
[2024-11-13T08:02:51.437+0000] {processor.py:161} INFO - Started process (PID=432) to work on /home/airflow/.local/lib/python3.12/site-packages/airflow/example_dags/example_branch_day_of_week_operator.py
[2024-11-13T08:02:51.439+0000] {processor.py:830} INFO - Processing file /home/airflow/.local/lib/python3.12/site-packages/airflow/example_dags/example_branch_day_of_week_operator.py for tasks to queue
[2024-11-13T08:02:51.440+0000] {logging_mixin.py:188} INFO - [2024-11-13T08:02:51.440+0000] {dagbag.py:545} INFO - Filling up the DagBag from /home/airflow/.local/lib/python3.12/site-packages/airflow/example_dags/example_branch_day_of_week_operator.py
[2024-11-13T08:02:51.444+0000] {processor.py:840} INFO - DAG(s) 'example_weekday_branch_operator' retrieved from /home/airflow/.local/lib/python3.12/site-packages/airflow/example_dags/example_branch_day_of_week_operator.py
[2024-11-13T08:02:51.456+0000] {logging_mixin.py:188} INFO - [2024-11-13T08:02:51.456+0000] {dag.py:3096} INFO - Sync 1 DAGs
[2024-11-13T08:02:51.467+0000] {logging_mixin.py:188} INFO - [2024-11-13T08:02:51.467+0000] {dag.py:3954} INFO - Setting next_dagrun for example_weekday_branch_operator to 2024-11-12 00:00:00+00:00, run_after=2024-11-13 00:00:00+00:00
[2024-11-13T08:02:51.477+0000] {processor.py:183} INFO - Processing /home/airflow/.local/lib/python3.12/site-packages/airflow/example_dags/example_branch_day_of_week_operator.py took 0.043 seconds
[2024-11-13T08:03:22.314+0000] {processor.py:161} INFO - Started process (PID=491) to work on /home/airflow/.local/lib/python3.12/site-packages/airflow/example_dags/example_branch_day_of_week_operator.py
[2024-11-13T08:03:22.315+0000] {processor.py:830} INFO - Processing file /home/airflow/.local/lib/python3.12/site-packages/airflow/example_dags/example_branch_day_of_week_operator.py for tasks to queue
[2024-11-13T08:03:22.316+0000] {logging_mixin.py:188} INFO - [2024-11-13T08:03:22.316+0000] {dagbag.py:545} INFO - Filling up the DagBag from /home/airflow/.local/lib/python3.12/site-packages/airflow/example_dags/example_branch_day_of_week_operator.py
[2024-11-13T08:03:22.320+0000] {processor.py:840} INFO - DAG(s) 'example_weekday_branch_operator' retrieved from /home/airflow/.local/lib/python3.12/site-packages/airflow/example_dags/example_branch_day_of_week_operator.py
[2024-11-13T08:03:22.332+0000] {logging_mixin.py:188} INFO - [2024-11-13T08:03:22.332+0000] {dag.py:3096} INFO - Sync 1 DAGs
[2024-11-13T08:03:22.343+0000] {logging_mixin.py:188} INFO - [2024-11-13T08:03:22.343+0000] {dag.py:3954} INFO - Setting next_dagrun for example_weekday_branch_operator to 2024-11-12 00:00:00+00:00, run_after=2024-11-13 00:00:00+00:00
[2024-11-13T08:03:22.355+0000] {processor.py:183} INFO - Processing /home/airflow/.local/lib/python3.12/site-packages/airflow/example_dags/example_branch_day_of_week_operator.py took 0.044 seconds
[2024-11-13T08:03:53.268+0000] {processor.py:161} INFO - Started process (PID=550) to work on /home/airflow/.local/lib/python3.12/site-packages/airflow/example_dags/example_branch_day_of_week_operator.py
[2024-11-13T08:03:53.268+0000] {processor.py:830} INFO - Processing file /home/airflow/.local/lib/python3.12/site-packages/airflow/example_dags/example_branch_day_of_week_operator.py for tasks to queue
[2024-11-13T08:03:53.270+0000] {logging_mixin.py:188} INFO - [2024-11-13T08:03:53.269+0000] {dagbag.py:545} INFO - Filling up the DagBag from /home/airflow/.local/lib/python3.12/site-packages/airflow/example_dags/example_branch_day_of_week_operator.py
[2024-11-13T08:03:53.273+0000] {processor.py:840} INFO - DAG(s) 'example_weekday_branch_operator' retrieved from /home/airflow/.local/lib/python3.12/site-packages/airflow/example_dags/example_branch_day_of_week_operator.py
[2024-11-13T08:03:53.285+0000] {logging_mixin.py:188} INFO - [2024-11-13T08:03:53.285+0000] {dag.py:3096} INFO - Sync 1 DAGs
[2024-11-13T08:03:53.296+0000] {logging_mixin.py:188} INFO - [2024-11-13T08:03:53.296+0000] {dag.py:3954} INFO - Setting next_dagrun for example_weekday_branch_operator to 2024-11-12 00:00:00+00:00, run_after=2024-11-13 00:00:00+00:00
[2024-11-13T08:03:53.306+0000] {processor.py:183} INFO - Processing /home/airflow/.local/lib/python3.12/site-packages/airflow/example_dags/example_branch_day_of_week_operator.py took 0.041 seconds
[2024-11-13T08:04:24.118+0000] {processor.py:161} INFO - Started process (PID=609) to work on /home/airflow/.local/lib/python3.12/site-packages/airflow/example_dags/example_branch_day_of_week_operator.py
[2024-11-13T08:04:24.120+0000] {processor.py:830} INFO - Processing file /home/airflow/.local/lib/python3.12/site-packages/airflow/example_dags/example_branch_day_of_week_operator.py for tasks to queue
[2024-11-13T08:04:24.121+0000] {logging_mixin.py:188} INFO - [2024-11-13T08:04:24.121+0000] {dagbag.py:545} INFO - Filling up the DagBag from /home/airflow/.local/lib/python3.12/site-packages/airflow/example_dags/example_branch_day_of_week_operator.py
[2024-11-13T08:04:24.124+0000] {processor.py:840} INFO - DAG(s) 'example_weekday_branch_operator' retrieved from /home/airflow/.local/lib/python3.12/site-packages/airflow/example_dags/example_branch_day_of_week_operator.py
[2024-11-13T08:04:24.136+0000] {logging_mixin.py:188} INFO - [2024-11-13T08:04:24.135+0000] {dag.py:3096} INFO - Sync 1 DAGs
[2024-11-13T08:04:24.149+0000] {logging_mixin.py:188} INFO - [2024-11-13T08:04:24.148+0000] {dag.py:3954} INFO - Setting next_dagrun for example_weekday_branch_operator to 2024-11-12 00:00:00+00:00, run_after=2024-11-13 00:00:00+00:00
[2024-11-13T08:04:24.161+0000] {processor.py:183} INFO - Processing /home/airflow/.local/lib/python3.12/site-packages/airflow/example_dags/example_branch_day_of_week_operator.py took 0.047 seconds
[2024-11-13T08:04:54.280+0000] {processor.py:161} INFO - Started process (PID=667) to work on /home/airflow/.local/lib/python3.12/site-packages/airflow/example_dags/example_branch_day_of_week_operator.py
[2024-11-13T08:04:54.281+0000] {processor.py:830} INFO - Processing file /home/airflow/.local/lib/python3.12/site-packages/airflow/example_dags/example_branch_day_of_week_operator.py for tasks to queue
[2024-11-13T08:04:54.282+0000] {logging_mixin.py:188} INFO - [2024-11-13T08:04:54.282+0000] {dagbag.py:545} INFO - Filling up the DagBag from /home/airflow/.local/lib/python3.12/site-packages/airflow/example_dags/example_branch_day_of_week_operator.py
[2024-11-13T08:04:54.287+0000] {processor.py:840} INFO - DAG(s) 'example_weekday_branch_operator' retrieved from /home/airflow/.local/lib/python3.12/site-packages/airflow/example_dags/example_branch_day_of_week_operator.py
[2024-11-13T08:04:54.301+0000] {logging_mixin.py:188} INFO - [2024-11-13T08:04:54.301+0000] {dag.py:3096} INFO - Sync 1 DAGs
[2024-11-13T08:04:54.313+0000] {logging_mixin.py:188} INFO - [2024-11-13T08:04:54.313+0000] {dag.py:3954} INFO - Setting next_dagrun for example_weekday_branch_operator to 2024-11-12 00:00:00+00:00, run_after=2024-11-13 00:00:00+00:00
[2024-11-13T08:04:54.323+0000] {processor.py:183} INFO - Processing /home/airflow/.local/lib/python3.12/site-packages/airflow/example_dags/example_branch_day_of_week_operator.py took 0.047 seconds
[2024-11-13T08:05:24.373+0000] {processor.py:161} INFO - Started process (PID=726) to work on /home/airflow/.local/lib/python3.12/site-packages/airflow/example_dags/example_branch_day_of_week_operator.py
[2024-11-13T08:05:24.373+0000] {processor.py:830} INFO - Processing file /home/airflow/.local/lib/python3.12/site-packages/airflow/example_dags/example_branch_day_of_week_operator.py for tasks to queue
[2024-11-13T08:05:24.374+0000] {logging_mixin.py:188} INFO - [2024-11-13T08:05:24.374+0000] {dagbag.py:545} INFO - Filling up the DagBag from /home/airflow/.local/lib/python3.12/site-packages/airflow/example_dags/example_branch_day_of_week_operator.py
[2024-11-13T08:05:24.378+0000] {processor.py:840} INFO - DAG(s) 'example_weekday_branch_operator' retrieved from /home/airflow/.local/lib/python3.12/site-packages/airflow/example_dags/example_branch_day_of_week_operator.py
[2024-11-13T08:05:24.389+0000] {logging_mixin.py:188} INFO - [2024-11-13T08:05:24.389+0000] {dag.py:3096} INFO - Sync 1 DAGs
[2024-11-13T08:05:24.399+0000] {logging_mixin.py:188} INFO - [2024-11-13T08:05:24.399+0000] {dag.py:3954} INFO - Setting next_dagrun for example_weekday_branch_operator to 2024-11-12 00:00:00+00:00, run_after=2024-11-13 00:00:00+00:00
[2024-11-13T08:05:24.407+0000] {processor.py:183} INFO - Processing /home/airflow/.local/lib/python3.12/site-packages/airflow/example_dags/example_branch_day_of_week_operator.py took 0.037 seconds
[2024-11-13T08:05:54.452+0000] {processor.py:161} INFO - Started process (PID=785) to work on /home/airflow/.local/lib/python3.12/site-packages/airflow/example_dags/example_branch_day_of_week_operator.py
[2024-11-13T08:05:54.453+0000] {processor.py:830} INFO - Processing file /home/airflow/.local/lib/python3.12/site-packages/airflow/example_dags/example_branch_day_of_week_operator.py for tasks to queue
[2024-11-13T08:05:54.454+0000] {logging_mixin.py:188} INFO - [2024-11-13T08:05:54.454+0000] {dagbag.py:545} INFO - Filling up the DagBag from /home/airflow/.local/lib/python3.12/site-packages/airflow/example_dags/example_branch_day_of_week_operator.py
[2024-11-13T08:05:54.459+0000] {processor.py:840} INFO - DAG(s) 'example_weekday_branch_operator' retrieved from /home/airflow/.local/lib/python3.12/site-packages/airflow/example_dags/example_branch_day_of_week_operator.py
[2024-11-13T08:05:54.472+0000] {logging_mixin.py:188} INFO - [2024-11-13T08:05:54.471+0000] {dag.py:3096} INFO - Sync 1 DAGs
[2024-11-13T08:05:54.483+0000] {logging_mixin.py:188} INFO - [2024-11-13T08:05:54.483+0000] {dag.py:3954} INFO - Setting next_dagrun for example_weekday_branch_operator to 2024-11-12 00:00:00+00:00, run_after=2024-11-13 00:00:00+00:00
[2024-11-13T08:05:54.494+0000] {processor.py:183} INFO - Processing /home/airflow/.local/lib/python3.12/site-packages/airflow/example_dags/example_branch_day_of_week_operator.py took 0.045 seconds
[2024-11-13T08:06:25.432+0000] {processor.py:161} INFO - Started process (PID=844) to work on /home/airflow/.local/lib/python3.12/site-packages/airflow/example_dags/example_branch_day_of_week_operator.py
[2024-11-13T08:06:25.433+0000] {processor.py:830} INFO - Processing file /home/airflow/.local/lib/python3.12/site-packages/airflow/example_dags/example_branch_day_of_week_operator.py for tasks to queue
[2024-11-13T08:06:25.434+0000] {logging_mixin.py:188} INFO - [2024-11-13T08:06:25.434+0000] {dagbag.py:545} INFO - Filling up the DagBag from /home/airflow/.local/lib/python3.12/site-packages/airflow/example_dags/example_branch_day_of_week_operator.py
[2024-11-13T08:06:25.438+0000] {processor.py:840} INFO - DAG(s) 'example_weekday_branch_operator' retrieved from /home/airflow/.local/lib/python3.12/site-packages/airflow/example_dags/example_branch_day_of_week_operator.py
[2024-11-13T08:06:25.452+0000] {logging_mixin.py:188} INFO - [2024-11-13T08:06:25.452+0000] {dag.py:3096} INFO - Sync 1 DAGs
[2024-11-13T08:06:25.464+0000] {logging_mixin.py:188} INFO - [2024-11-13T08:06:25.464+0000] {dag.py:3954} INFO - Setting next_dagrun for example_weekday_branch_operator to 2024-11-12 00:00:00+00:00, run_after=2024-11-13 00:00:00+00:00
[2024-11-13T08:06:25.476+0000] {processor.py:183} INFO - Processing /home/airflow/.local/lib/python3.12/site-packages/airflow/example_dags/example_branch_day_of_week_operator.py took 0.047 seconds
[2024-11-13T08:06:56.380+0000] {processor.py:161} INFO - Started process (PID=903) to work on /home/airflow/.local/lib/python3.12/site-packages/airflow/example_dags/example_branch_day_of_week_operator.py
[2024-11-13T08:06:56.381+0000] {processor.py:830} INFO - Processing file /home/airflow/.local/lib/python3.12/site-packages/airflow/example_dags/example_branch_day_of_week_operator.py for tasks to queue
[2024-11-13T08:06:56.382+0000] {logging_mixin.py:188} INFO - [2024-11-13T08:06:56.382+0000] {dagbag.py:545} INFO - Filling up the DagBag from /home/airflow/.local/lib/python3.12/site-packages/airflow/example_dags/example_branch_day_of_week_operator.py
[2024-11-13T08:06:56.388+0000] {processor.py:840} INFO - DAG(s) 'example_weekday_branch_operator' retrieved from /home/airflow/.local/lib/python3.12/site-packages/airflow/example_dags/example_branch_day_of_week_operator.py
[2024-11-13T08:06:56.400+0000] {logging_mixin.py:188} INFO - [2024-11-13T08:06:56.400+0000] {dag.py:3096} INFO - Sync 1 DAGs
[2024-11-13T08:06:56.411+0000] {logging_mixin.py:188} INFO - [2024-11-13T08:06:56.411+0000] {dag.py:3954} INFO - Setting next_dagrun for example_weekday_branch_operator to 2024-11-12 00:00:00+00:00, run_after=2024-11-13 00:00:00+00:00
[2024-11-13T08:06:56.424+0000] {processor.py:183} INFO - Processing /home/airflow/.local/lib/python3.12/site-packages/airflow/example_dags/example_branch_day_of_week_operator.py took 0.047 seconds
