[2024-11-13T08:00:16.143+0000] {processor.py:161} INFO - Started process (PID=105) to work on /home/airflow/.local/lib/python3.12/site-packages/airflow/example_dags/example_sensors.py
[2024-11-13T08:00:16.144+0000] {processor.py:830} INFO - Processing file /home/airflow/.local/lib/python3.12/site-packages/airflow/example_dags/example_sensors.py for tasks to queue
[2024-11-13T08:00:16.145+0000] {logging_mixin.py:188} INFO - [2024-11-13T08:00:16.145+0000] {dagbag.py:545} INFO - Filling up the DagBag from /home/airflow/.local/lib/python3.12/site-packages/airflow/example_dags/example_sensors.py
[2024-11-13T08:00:16.152+0000] {processor.py:840} INFO - DAG(s) 'example_sensors' retrieved from /home/airflow/.local/lib/python3.12/site-packages/airflow/example_dags/example_sensors.py
[2024-11-13T08:00:16.159+0000] {logging_mixin.py:188} INFO - [2024-11-13T08:00:16.158+0000] {dag.py:3096} INFO - Sync 1 DAGs
[2024-11-13T08:00:16.166+0000] {logging_mixin.py:188} INFO - [2024-11-13T08:00:16.166+0000] {dag.py:3954} INFO - Setting next_dagrun for example_sensors to None, run_after=None
[2024-11-13T08:00:16.175+0000] {processor.py:183} INFO - Processing /home/airflow/.local/lib/python3.12/site-packages/airflow/example_dags/example_sensors.py took 0.035 seconds
[2024-11-13T08:00:46.422+0000] {processor.py:161} INFO - Started process (PID=164) to work on /home/airflow/.local/lib/python3.12/site-packages/airflow/example_dags/example_sensors.py
[2024-11-13T08:00:46.422+0000] {processor.py:830} INFO - Processing file /home/airflow/.local/lib/python3.12/site-packages/airflow/example_dags/example_sensors.py for tasks to queue
[2024-11-13T08:00:46.423+0000] {logging_mixin.py:188} INFO - [2024-11-13T08:00:46.423+0000] {dagbag.py:545} INFO - Filling up the DagBag from /home/airflow/.local/lib/python3.12/site-packages/airflow/example_dags/example_sensors.py
[2024-11-13T08:00:46.428+0000] {processor.py:840} INFO - DAG(s) 'example_sensors' retrieved from /home/airflow/.local/lib/python3.12/site-packages/airflow/example_dags/example_sensors.py
[2024-11-13T08:00:46.476+0000] {logging_mixin.py:188} INFO - [2024-11-13T08:00:46.476+0000] {dag.py:3096} INFO - Sync 1 DAGs
[2024-11-13T08:00:46.480+0000] {logging_mixin.py:188} INFO - [2024-11-13T08:00:46.480+0000] {dag.py:3954} INFO - Setting next_dagrun for example_sensors to None, run_after=None
[2024-11-13T08:00:46.489+0000] {processor.py:183} INFO - Processing /home/airflow/.local/lib/python3.12/site-packages/airflow/example_dags/example_sensors.py took 0.070 seconds
[2024-11-13T08:01:17.349+0000] {processor.py:161} INFO - Started process (PID=223) to work on /home/airflow/.local/lib/python3.12/site-packages/airflow/example_dags/example_sensors.py
[2024-11-13T08:01:17.350+0000] {processor.py:830} INFO - Processing file /home/airflow/.local/lib/python3.12/site-packages/airflow/example_dags/example_sensors.py for tasks to queue
[2024-11-13T08:01:17.351+0000] {logging_mixin.py:188} INFO - [2024-11-13T08:01:17.351+0000] {dagbag.py:545} INFO - Filling up the DagBag from /home/airflow/.local/lib/python3.12/site-packages/airflow/example_dags/example_sensors.py
[2024-11-13T08:01:17.355+0000] {processor.py:840} INFO - DAG(s) 'example_sensors' retrieved from /home/airflow/.local/lib/python3.12/site-packages/airflow/example_dags/example_sensors.py
[2024-11-13T08:01:17.370+0000] {logging_mixin.py:188} INFO - [2024-11-13T08:01:17.370+0000] {dag.py:3096} INFO - Sync 1 DAGs
[2024-11-13T08:01:17.376+0000] {logging_mixin.py:188} INFO - [2024-11-13T08:01:17.376+0000] {dag.py:3954} INFO - Setting next_dagrun for example_sensors to None, run_after=None
[2024-11-13T08:01:17.388+0000] {processor.py:183} INFO - Processing /home/airflow/.local/lib/python3.12/site-packages/airflow/example_dags/example_sensors.py took 0.042 seconds
[2024-11-13T08:01:48.343+0000] {processor.py:161} INFO - Started process (PID=282) to work on /home/airflow/.local/lib/python3.12/site-packages/airflow/example_dags/example_sensors.py
[2024-11-13T08:01:48.344+0000] {processor.py:830} INFO - Processing file /home/airflow/.local/lib/python3.12/site-packages/airflow/example_dags/example_sensors.py for tasks to queue
[2024-11-13T08:01:48.345+0000] {logging_mixin.py:188} INFO - [2024-11-13T08:01:48.345+0000] {dagbag.py:545} INFO - Filling up the DagBag from /home/airflow/.local/lib/python3.12/site-packages/airflow/example_dags/example_sensors.py
[2024-11-13T08:01:48.350+0000] {processor.py:840} INFO - DAG(s) 'example_sensors' retrieved from /home/airflow/.local/lib/python3.12/site-packages/airflow/example_dags/example_sensors.py
[2024-11-13T08:01:48.366+0000] {logging_mixin.py:188} INFO - [2024-11-13T08:01:48.366+0000] {dag.py:3096} INFO - Sync 1 DAGs
[2024-11-13T08:01:48.372+0000] {logging_mixin.py:188} INFO - [2024-11-13T08:01:48.372+0000] {dag.py:3954} INFO - Setting next_dagrun for example_sensors to None, run_after=None
[2024-11-13T08:01:48.384+0000] {processor.py:183} INFO - Processing /home/airflow/.local/lib/python3.12/site-packages/airflow/example_dags/example_sensors.py took 0.044 seconds
[2024-11-13T08:02:18.481+0000] {processor.py:161} INFO - Started process (PID=341) to work on /home/airflow/.local/lib/python3.12/site-packages/airflow/example_dags/example_sensors.py
[2024-11-13T08:02:18.482+0000] {processor.py:830} INFO - Processing file /home/airflow/.local/lib/python3.12/site-packages/airflow/example_dags/example_sensors.py for tasks to queue
[2024-11-13T08:02:18.483+0000] {logging_mixin.py:188} INFO - [2024-11-13T08:02:18.483+0000] {dagbag.py:545} INFO - Filling up the DagBag from /home/airflow/.local/lib/python3.12/site-packages/airflow/example_dags/example_sensors.py
[2024-11-13T08:02:18.488+0000] {processor.py:840} INFO - DAG(s) 'example_sensors' retrieved from /home/airflow/.local/lib/python3.12/site-packages/airflow/example_dags/example_sensors.py
[2024-11-13T08:02:18.504+0000] {logging_mixin.py:188} INFO - [2024-11-13T08:02:18.504+0000] {dag.py:3096} INFO - Sync 1 DAGs
[2024-11-13T08:02:18.511+0000] {logging_mixin.py:188} INFO - [2024-11-13T08:02:18.511+0000] {dag.py:3954} INFO - Setting next_dagrun for example_sensors to None, run_after=None
[2024-11-13T08:02:18.524+0000] {processor.py:183} INFO - Processing /home/airflow/.local/lib/python3.12/site-packages/airflow/example_dags/example_sensors.py took 0.046 seconds
[2024-11-13T08:02:49.500+0000] {processor.py:161} INFO - Started process (PID=400) to work on /home/airflow/.local/lib/python3.12/site-packages/airflow/example_dags/example_sensors.py
[2024-11-13T08:02:49.503+0000] {processor.py:830} INFO - Processing file /home/airflow/.local/lib/python3.12/site-packages/airflow/example_dags/example_sensors.py for tasks to queue
[2024-11-13T08:02:49.504+0000] {logging_mixin.py:188} INFO - [2024-11-13T08:02:49.504+0000] {dagbag.py:545} INFO - Filling up the DagBag from /home/airflow/.local/lib/python3.12/site-packages/airflow/example_dags/example_sensors.py
[2024-11-13T08:02:49.509+0000] {processor.py:840} INFO - DAG(s) 'example_sensors' retrieved from /home/airflow/.local/lib/python3.12/site-packages/airflow/example_dags/example_sensors.py
[2024-11-13T08:02:49.525+0000] {logging_mixin.py:188} INFO - [2024-11-13T08:02:49.525+0000] {dag.py:3096} INFO - Sync 1 DAGs
[2024-11-13T08:02:49.533+0000] {logging_mixin.py:188} INFO - [2024-11-13T08:02:49.532+0000] {dag.py:3954} INFO - Setting next_dagrun for example_sensors to None, run_after=None
[2024-11-13T08:02:49.544+0000] {processor.py:183} INFO - Processing /home/airflow/.local/lib/python3.12/site-packages/airflow/example_dags/example_sensors.py took 0.047 seconds
[2024-11-13T08:03:20.366+0000] {processor.py:161} INFO - Started process (PID=459) to work on /home/airflow/.local/lib/python3.12/site-packages/airflow/example_dags/example_sensors.py
[2024-11-13T08:03:20.367+0000] {processor.py:830} INFO - Processing file /home/airflow/.local/lib/python3.12/site-packages/airflow/example_dags/example_sensors.py for tasks to queue
[2024-11-13T08:03:20.368+0000] {logging_mixin.py:188} INFO - [2024-11-13T08:03:20.368+0000] {dagbag.py:545} INFO - Filling up the DagBag from /home/airflow/.local/lib/python3.12/site-packages/airflow/example_dags/example_sensors.py
[2024-11-13T08:03:20.374+0000] {processor.py:840} INFO - DAG(s) 'example_sensors' retrieved from /home/airflow/.local/lib/python3.12/site-packages/airflow/example_dags/example_sensors.py
[2024-11-13T08:03:20.391+0000] {logging_mixin.py:188} INFO - [2024-11-13T08:03:20.391+0000] {dag.py:3096} INFO - Sync 1 DAGs
[2024-11-13T08:03:20.400+0000] {logging_mixin.py:188} INFO - [2024-11-13T08:03:20.400+0000] {dag.py:3954} INFO - Setting next_dagrun for example_sensors to None, run_after=None
[2024-11-13T08:03:20.409+0000] {processor.py:183} INFO - Processing /home/airflow/.local/lib/python3.12/site-packages/airflow/example_dags/example_sensors.py took 0.046 seconds
[2024-11-13T08:03:51.332+0000] {processor.py:161} INFO - Started process (PID=518) to work on /home/airflow/.local/lib/python3.12/site-packages/airflow/example_dags/example_sensors.py
[2024-11-13T08:03:51.332+0000] {processor.py:830} INFO - Processing file /home/airflow/.local/lib/python3.12/site-packages/airflow/example_dags/example_sensors.py for tasks to queue
[2024-11-13T08:03:51.333+0000] {logging_mixin.py:188} INFO - [2024-11-13T08:03:51.333+0000] {dagbag.py:545} INFO - Filling up the DagBag from /home/airflow/.local/lib/python3.12/site-packages/airflow/example_dags/example_sensors.py
[2024-11-13T08:03:51.338+0000] {processor.py:840} INFO - DAG(s) 'example_sensors' retrieved from /home/airflow/.local/lib/python3.12/site-packages/airflow/example_dags/example_sensors.py
[2024-11-13T08:03:51.353+0000] {logging_mixin.py:188} INFO - [2024-11-13T08:03:51.353+0000] {dag.py:3096} INFO - Sync 1 DAGs
[2024-11-13T08:03:51.360+0000] {logging_mixin.py:188} INFO - [2024-11-13T08:03:51.360+0000] {dag.py:3954} INFO - Setting next_dagrun for example_sensors to None, run_after=None
[2024-11-13T08:03:51.372+0000] {processor.py:183} INFO - Processing /home/airflow/.local/lib/python3.12/site-packages/airflow/example_dags/example_sensors.py took 0.043 seconds
[2024-11-13T08:04:22.174+0000] {processor.py:161} INFO - Started process (PID=577) to work on /home/airflow/.local/lib/python3.12/site-packages/airflow/example_dags/example_sensors.py
[2024-11-13T08:04:22.175+0000] {processor.py:830} INFO - Processing file /home/airflow/.local/lib/python3.12/site-packages/airflow/example_dags/example_sensors.py for tasks to queue
[2024-11-13T08:04:22.176+0000] {logging_mixin.py:188} INFO - [2024-11-13T08:04:22.176+0000] {dagbag.py:545} INFO - Filling up the DagBag from /home/airflow/.local/lib/python3.12/site-packages/airflow/example_dags/example_sensors.py
[2024-11-13T08:04:22.180+0000] {processor.py:840} INFO - DAG(s) 'example_sensors' retrieved from /home/airflow/.local/lib/python3.12/site-packages/airflow/example_dags/example_sensors.py
[2024-11-13T08:04:22.197+0000] {logging_mixin.py:188} INFO - [2024-11-13T08:04:22.197+0000] {dag.py:3096} INFO - Sync 1 DAGs
[2024-11-13T08:04:22.203+0000] {logging_mixin.py:188} INFO - [2024-11-13T08:04:22.203+0000] {dag.py:3954} INFO - Setting next_dagrun for example_sensors to None, run_after=None
[2024-11-13T08:04:22.216+0000] {processor.py:183} INFO - Processing /home/airflow/.local/lib/python3.12/site-packages/airflow/example_dags/example_sensors.py took 0.045 seconds
[2024-11-13T08:04:53.110+0000] {processor.py:161} INFO - Started process (PID=635) to work on /home/airflow/.local/lib/python3.12/site-packages/airflow/example_dags/example_sensors.py
[2024-11-13T08:04:53.111+0000] {processor.py:830} INFO - Processing file /home/airflow/.local/lib/python3.12/site-packages/airflow/example_dags/example_sensors.py for tasks to queue
[2024-11-13T08:04:53.112+0000] {logging_mixin.py:188} INFO - [2024-11-13T08:04:53.112+0000] {dagbag.py:545} INFO - Filling up the DagBag from /home/airflow/.local/lib/python3.12/site-packages/airflow/example_dags/example_sensors.py
[2024-11-13T08:04:53.117+0000] {processor.py:840} INFO - DAG(s) 'example_sensors' retrieved from /home/airflow/.local/lib/python3.12/site-packages/airflow/example_dags/example_sensors.py
[2024-11-13T08:04:53.133+0000] {logging_mixin.py:188} INFO - [2024-11-13T08:04:53.133+0000] {dag.py:3096} INFO - Sync 1 DAGs
[2024-11-13T08:04:53.140+0000] {logging_mixin.py:188} INFO - [2024-11-13T08:04:53.140+0000] {dag.py:3954} INFO - Setting next_dagrun for example_sensors to None, run_after=None
[2024-11-13T08:04:53.155+0000] {processor.py:183} INFO - Processing /home/airflow/.local/lib/python3.12/site-packages/airflow/example_dags/example_sensors.py took 0.049 seconds
[2024-11-13T08:05:23.213+0000] {processor.py:161} INFO - Started process (PID=694) to work on /home/airflow/.local/lib/python3.12/site-packages/airflow/example_dags/example_sensors.py
[2024-11-13T08:05:23.214+0000] {processor.py:830} INFO - Processing file /home/airflow/.local/lib/python3.12/site-packages/airflow/example_dags/example_sensors.py for tasks to queue
[2024-11-13T08:05:23.216+0000] {logging_mixin.py:188} INFO - [2024-11-13T08:05:23.216+0000] {dagbag.py:545} INFO - Filling up the DagBag from /home/airflow/.local/lib/python3.12/site-packages/airflow/example_dags/example_sensors.py
[2024-11-13T08:05:23.223+0000] {processor.py:840} INFO - DAG(s) 'example_sensors' retrieved from /home/airflow/.local/lib/python3.12/site-packages/airflow/example_dags/example_sensors.py
[2024-11-13T08:05:23.237+0000] {logging_mixin.py:188} INFO - [2024-11-13T08:05:23.237+0000] {dag.py:3096} INFO - Sync 1 DAGs
[2024-11-13T08:05:23.243+0000] {logging_mixin.py:188} INFO - [2024-11-13T08:05:23.243+0000] {dag.py:3954} INFO - Setting next_dagrun for example_sensors to None, run_after=None
[2024-11-13T08:05:23.256+0000] {processor.py:183} INFO - Processing /home/airflow/.local/lib/python3.12/site-packages/airflow/example_dags/example_sensors.py took 0.047 seconds
[2024-11-13T08:05:53.313+0000] {processor.py:161} INFO - Started process (PID=753) to work on /home/airflow/.local/lib/python3.12/site-packages/airflow/example_dags/example_sensors.py
[2024-11-13T08:05:53.315+0000] {processor.py:830} INFO - Processing file /home/airflow/.local/lib/python3.12/site-packages/airflow/example_dags/example_sensors.py for tasks to queue
[2024-11-13T08:05:53.317+0000] {logging_mixin.py:188} INFO - [2024-11-13T08:05:53.317+0000] {dagbag.py:545} INFO - Filling up the DagBag from /home/airflow/.local/lib/python3.12/site-packages/airflow/example_dags/example_sensors.py
[2024-11-13T08:05:53.324+0000] {processor.py:840} INFO - DAG(s) 'example_sensors' retrieved from /home/airflow/.local/lib/python3.12/site-packages/airflow/example_dags/example_sensors.py
[2024-11-13T08:05:53.339+0000] {logging_mixin.py:188} INFO - [2024-11-13T08:05:53.339+0000] {dag.py:3096} INFO - Sync 1 DAGs
[2024-11-13T08:05:53.345+0000] {logging_mixin.py:188} INFO - [2024-11-13T08:05:53.345+0000] {dag.py:3954} INFO - Setting next_dagrun for example_sensors to None, run_after=None
[2024-11-13T08:05:53.357+0000] {processor.py:183} INFO - Processing /home/airflow/.local/lib/python3.12/site-packages/airflow/example_dags/example_sensors.py took 0.048 seconds
[2024-11-13T08:06:24.360+0000] {processor.py:161} INFO - Started process (PID=812) to work on /home/airflow/.local/lib/python3.12/site-packages/airflow/example_dags/example_sensors.py
[2024-11-13T08:06:24.361+0000] {processor.py:830} INFO - Processing file /home/airflow/.local/lib/python3.12/site-packages/airflow/example_dags/example_sensors.py for tasks to queue
[2024-11-13T08:06:24.363+0000] {logging_mixin.py:188} INFO - [2024-11-13T08:06:24.363+0000] {dagbag.py:545} INFO - Filling up the DagBag from /home/airflow/.local/lib/python3.12/site-packages/airflow/example_dags/example_sensors.py
[2024-11-13T08:06:24.369+0000] {processor.py:840} INFO - DAG(s) 'example_sensors' retrieved from /home/airflow/.local/lib/python3.12/site-packages/airflow/example_dags/example_sensors.py
[2024-11-13T08:06:24.383+0000] {logging_mixin.py:188} INFO - [2024-11-13T08:06:24.383+0000] {dag.py:3096} INFO - Sync 1 DAGs
[2024-11-13T08:06:24.392+0000] {logging_mixin.py:188} INFO - [2024-11-13T08:06:24.392+0000] {dag.py:3954} INFO - Setting next_dagrun for example_sensors to None, run_after=None
[2024-11-13T08:06:24.403+0000] {processor.py:183} INFO - Processing /home/airflow/.local/lib/python3.12/site-packages/airflow/example_dags/example_sensors.py took 0.046 seconds
[2024-11-13T08:06:55.323+0000] {processor.py:161} INFO - Started process (PID=871) to work on /home/airflow/.local/lib/python3.12/site-packages/airflow/example_dags/example_sensors.py
[2024-11-13T08:06:55.324+0000] {processor.py:830} INFO - Processing file /home/airflow/.local/lib/python3.12/site-packages/airflow/example_dags/example_sensors.py for tasks to queue
[2024-11-13T08:06:55.325+0000] {logging_mixin.py:188} INFO - [2024-11-13T08:06:55.325+0000] {dagbag.py:545} INFO - Filling up the DagBag from /home/airflow/.local/lib/python3.12/site-packages/airflow/example_dags/example_sensors.py
[2024-11-13T08:06:55.331+0000] {processor.py:840} INFO - DAG(s) 'example_sensors' retrieved from /home/airflow/.local/lib/python3.12/site-packages/airflow/example_dags/example_sensors.py
[2024-11-13T08:06:55.348+0000] {logging_mixin.py:188} INFO - [2024-11-13T08:06:55.348+0000] {dag.py:3096} INFO - Sync 1 DAGs
[2024-11-13T08:06:55.357+0000] {logging_mixin.py:188} INFO - [2024-11-13T08:06:55.357+0000] {dag.py:3954} INFO - Setting next_dagrun for example_sensors to None, run_after=None
[2024-11-13T08:06:55.367+0000] {processor.py:183} INFO - Processing /home/airflow/.local/lib/python3.12/site-packages/airflow/example_dags/example_sensors.py took 0.048 seconds
