[2024-11-13T08:00:16.870+0000] {processor.py:161} INFO - Started process (PID=124) to work on /home/airflow/.local/lib/python3.12/site-packages/airflow/example_dags/example_latest_only_with_trigger.py
[2024-11-13T08:00:16.870+0000] {processor.py:830} INFO - Processing file /home/airflow/.local/lib/python3.12/site-packages/airflow/example_dags/example_latest_only_with_trigger.py for tasks to queue
[2024-11-13T08:00:16.871+0000] {logging_mixin.py:188} INFO - [2024-11-13T08:00:16.871+0000] {dagbag.py:545} INFO - Filling up the DagBag from /home/airflow/.local/lib/python3.12/site-packages/airflow/example_dags/example_latest_only_with_trigger.py
[2024-11-13T08:00:16.877+0000] {processor.py:840} INFO - DAG(s) 'latest_only_with_trigger' retrieved from /home/airflow/.local/lib/python3.12/site-packages/airflow/example_dags/example_latest_only_with_trigger.py
[2024-11-13T08:00:16.887+0000] {logging_mixin.py:188} INFO - [2024-11-13T08:00:16.886+0000] {dag.py:3096} INFO - Sync 1 DAGs
[2024-11-13T08:00:16.899+0000] {logging_mixin.py:188} INFO - [2024-11-13T08:00:16.899+0000] {dag.py:3954} INFO - Setting next_dagrun for latest_only_with_trigger to 2024-11-13 04:00:00+00:00, run_after=2024-11-13 08:00:00+00:00
[2024-11-13T08:00:16.912+0000] {processor.py:183} INFO - Processing /home/airflow/.local/lib/python3.12/site-packages/airflow/example_dags/example_latest_only_with_trigger.py took 0.045 seconds
[2024-11-13T08:00:47.524+0000] {processor.py:161} INFO - Started process (PID=183) to work on /home/airflow/.local/lib/python3.12/site-packages/airflow/example_dags/example_latest_only_with_trigger.py
[2024-11-13T08:00:47.524+0000] {processor.py:830} INFO - Processing file /home/airflow/.local/lib/python3.12/site-packages/airflow/example_dags/example_latest_only_with_trigger.py for tasks to queue
[2024-11-13T08:00:47.525+0000] {logging_mixin.py:188} INFO - [2024-11-13T08:00:47.525+0000] {dagbag.py:545} INFO - Filling up the DagBag from /home/airflow/.local/lib/python3.12/site-packages/airflow/example_dags/example_latest_only_with_trigger.py
[2024-11-13T08:00:47.528+0000] {processor.py:840} INFO - DAG(s) 'latest_only_with_trigger' retrieved from /home/airflow/.local/lib/python3.12/site-packages/airflow/example_dags/example_latest_only_with_trigger.py
[2024-11-13T08:00:47.577+0000] {logging_mixin.py:188} INFO - [2024-11-13T08:00:47.577+0000] {dag.py:3096} INFO - Sync 1 DAGs
[2024-11-13T08:00:47.586+0000] {logging_mixin.py:188} INFO - [2024-11-13T08:00:47.586+0000] {dag.py:3954} INFO - Setting next_dagrun for latest_only_with_trigger to 2024-11-13 04:00:00+00:00, run_after=2024-11-13 08:00:00+00:00
[2024-11-13T08:00:47.595+0000] {processor.py:183} INFO - Processing /home/airflow/.local/lib/python3.12/site-packages/airflow/example_dags/example_latest_only_with_trigger.py took 0.074 seconds
[2024-11-13T08:01:18.026+0000] {processor.py:161} INFO - Started process (PID=242) to work on /home/airflow/.local/lib/python3.12/site-packages/airflow/example_dags/example_latest_only_with_trigger.py
[2024-11-13T08:01:18.026+0000] {processor.py:830} INFO - Processing file /home/airflow/.local/lib/python3.12/site-packages/airflow/example_dags/example_latest_only_with_trigger.py for tasks to queue
[2024-11-13T08:01:18.029+0000] {logging_mixin.py:188} INFO - [2024-11-13T08:01:18.029+0000] {dagbag.py:545} INFO - Filling up the DagBag from /home/airflow/.local/lib/python3.12/site-packages/airflow/example_dags/example_latest_only_with_trigger.py
[2024-11-13T08:01:18.032+0000] {processor.py:840} INFO - DAG(s) 'latest_only_with_trigger' retrieved from /home/airflow/.local/lib/python3.12/site-packages/airflow/example_dags/example_latest_only_with_trigger.py
[2024-11-13T08:01:18.042+0000] {logging_mixin.py:188} INFO - [2024-11-13T08:01:18.042+0000] {dag.py:3096} INFO - Sync 1 DAGs
[2024-11-13T08:01:18.052+0000] {logging_mixin.py:188} INFO - [2024-11-13T08:01:18.052+0000] {dag.py:3954} INFO - Setting next_dagrun for latest_only_with_trigger to 2024-11-13 04:00:00+00:00, run_after=2024-11-13 08:00:00+00:00
[2024-11-13T08:01:18.064+0000] {processor.py:183} INFO - Processing /home/airflow/.local/lib/python3.12/site-packages/airflow/example_dags/example_latest_only_with_trigger.py took 0.041 seconds
[2024-11-13T08:01:49.009+0000] {processor.py:161} INFO - Started process (PID=301) to work on /home/airflow/.local/lib/python3.12/site-packages/airflow/example_dags/example_latest_only_with_trigger.py
[2024-11-13T08:01:49.010+0000] {processor.py:830} INFO - Processing file /home/airflow/.local/lib/python3.12/site-packages/airflow/example_dags/example_latest_only_with_trigger.py for tasks to queue
[2024-11-13T08:01:49.011+0000] {logging_mixin.py:188} INFO - [2024-11-13T08:01:49.011+0000] {dagbag.py:545} INFO - Filling up the DagBag from /home/airflow/.local/lib/python3.12/site-packages/airflow/example_dags/example_latest_only_with_trigger.py
[2024-11-13T08:01:49.014+0000] {processor.py:840} INFO - DAG(s) 'latest_only_with_trigger' retrieved from /home/airflow/.local/lib/python3.12/site-packages/airflow/example_dags/example_latest_only_with_trigger.py
[2024-11-13T08:01:49.029+0000] {logging_mixin.py:188} INFO - [2024-11-13T08:01:49.028+0000] {dag.py:3096} INFO - Sync 1 DAGs
[2024-11-13T08:01:49.040+0000] {logging_mixin.py:188} INFO - [2024-11-13T08:01:49.040+0000] {dag.py:3954} INFO - Setting next_dagrun for latest_only_with_trigger to 2024-11-13 04:00:00+00:00, run_after=2024-11-13 08:00:00+00:00
[2024-11-13T08:01:49.048+0000] {processor.py:183} INFO - Processing /home/airflow/.local/lib/python3.12/site-packages/airflow/example_dags/example_latest_only_with_trigger.py took 0.042 seconds
[2024-11-13T08:02:19.147+0000] {processor.py:161} INFO - Started process (PID=360) to work on /home/airflow/.local/lib/python3.12/site-packages/airflow/example_dags/example_latest_only_with_trigger.py
[2024-11-13T08:02:19.148+0000] {processor.py:830} INFO - Processing file /home/airflow/.local/lib/python3.12/site-packages/airflow/example_dags/example_latest_only_with_trigger.py for tasks to queue
[2024-11-13T08:02:19.150+0000] {logging_mixin.py:188} INFO - [2024-11-13T08:02:19.150+0000] {dagbag.py:545} INFO - Filling up the DagBag from /home/airflow/.local/lib/python3.12/site-packages/airflow/example_dags/example_latest_only_with_trigger.py
[2024-11-13T08:02:19.153+0000] {processor.py:840} INFO - DAG(s) 'latest_only_with_trigger' retrieved from /home/airflow/.local/lib/python3.12/site-packages/airflow/example_dags/example_latest_only_with_trigger.py
[2024-11-13T08:02:19.165+0000] {logging_mixin.py:188} INFO - [2024-11-13T08:02:19.164+0000] {dag.py:3096} INFO - Sync 1 DAGs
[2024-11-13T08:02:19.175+0000] {logging_mixin.py:188} INFO - [2024-11-13T08:02:19.175+0000] {dag.py:3954} INFO - Setting next_dagrun for latest_only_with_trigger to 2024-11-13 04:00:00+00:00, run_after=2024-11-13 08:00:00+00:00
[2024-11-13T08:02:19.187+0000] {processor.py:183} INFO - Processing /home/airflow/.local/lib/python3.12/site-packages/airflow/example_dags/example_latest_only_with_trigger.py took 0.043 seconds
[2024-11-13T08:02:50.076+0000] {processor.py:161} INFO - Started process (PID=419) to work on /home/airflow/.local/lib/python3.12/site-packages/airflow/example_dags/example_latest_only_with_trigger.py
[2024-11-13T08:02:50.077+0000] {processor.py:830} INFO - Processing file /home/airflow/.local/lib/python3.12/site-packages/airflow/example_dags/example_latest_only_with_trigger.py for tasks to queue
[2024-11-13T08:02:50.078+0000] {logging_mixin.py:188} INFO - [2024-11-13T08:02:50.078+0000] {dagbag.py:545} INFO - Filling up the DagBag from /home/airflow/.local/lib/python3.12/site-packages/airflow/example_dags/example_latest_only_with_trigger.py
[2024-11-13T08:02:50.081+0000] {processor.py:840} INFO - DAG(s) 'latest_only_with_trigger' retrieved from /home/airflow/.local/lib/python3.12/site-packages/airflow/example_dags/example_latest_only_with_trigger.py
[2024-11-13T08:02:50.093+0000] {logging_mixin.py:188} INFO - [2024-11-13T08:02:50.092+0000] {dag.py:3096} INFO - Sync 1 DAGs
[2024-11-13T08:02:50.103+0000] {logging_mixin.py:188} INFO - [2024-11-13T08:02:50.102+0000] {dag.py:3954} INFO - Setting next_dagrun for latest_only_with_trigger to 2024-11-13 04:00:00+00:00, run_after=2024-11-13 08:00:00+00:00
[2024-11-13T08:02:50.116+0000] {processor.py:183} INFO - Processing /home/airflow/.local/lib/python3.12/site-packages/airflow/example_dags/example_latest_only_with_trigger.py took 0.043 seconds
[2024-11-13T08:03:20.932+0000] {processor.py:161} INFO - Started process (PID=478) to work on /home/airflow/.local/lib/python3.12/site-packages/airflow/example_dags/example_latest_only_with_trigger.py
[2024-11-13T08:03:20.933+0000] {processor.py:830} INFO - Processing file /home/airflow/.local/lib/python3.12/site-packages/airflow/example_dags/example_latest_only_with_trigger.py for tasks to queue
[2024-11-13T08:03:20.934+0000] {logging_mixin.py:188} INFO - [2024-11-13T08:03:20.934+0000] {dagbag.py:545} INFO - Filling up the DagBag from /home/airflow/.local/lib/python3.12/site-packages/airflow/example_dags/example_latest_only_with_trigger.py
[2024-11-13T08:03:20.937+0000] {processor.py:840} INFO - DAG(s) 'latest_only_with_trigger' retrieved from /home/airflow/.local/lib/python3.12/site-packages/airflow/example_dags/example_latest_only_with_trigger.py
[2024-11-13T08:03:20.948+0000] {logging_mixin.py:188} INFO - [2024-11-13T08:03:20.948+0000] {dag.py:3096} INFO - Sync 1 DAGs
[2024-11-13T08:03:20.958+0000] {logging_mixin.py:188} INFO - [2024-11-13T08:03:20.958+0000] {dag.py:3954} INFO - Setting next_dagrun for latest_only_with_trigger to 2024-11-13 04:00:00+00:00, run_after=2024-11-13 08:00:00+00:00
[2024-11-13T08:03:20.969+0000] {processor.py:183} INFO - Processing /home/airflow/.local/lib/python3.12/site-packages/airflow/example_dags/example_latest_only_with_trigger.py took 0.041 seconds
[2024-11-13T08:03:51.881+0000] {processor.py:161} INFO - Started process (PID=537) to work on /home/airflow/.local/lib/python3.12/site-packages/airflow/example_dags/example_latest_only_with_trigger.py
[2024-11-13T08:03:51.883+0000] {processor.py:830} INFO - Processing file /home/airflow/.local/lib/python3.12/site-packages/airflow/example_dags/example_latest_only_with_trigger.py for tasks to queue
[2024-11-13T08:03:51.884+0000] {logging_mixin.py:188} INFO - [2024-11-13T08:03:51.884+0000] {dagbag.py:545} INFO - Filling up the DagBag from /home/airflow/.local/lib/python3.12/site-packages/airflow/example_dags/example_latest_only_with_trigger.py
[2024-11-13T08:03:51.888+0000] {processor.py:840} INFO - DAG(s) 'latest_only_with_trigger' retrieved from /home/airflow/.local/lib/python3.12/site-packages/airflow/example_dags/example_latest_only_with_trigger.py
[2024-11-13T08:03:51.901+0000] {logging_mixin.py:188} INFO - [2024-11-13T08:03:51.900+0000] {dag.py:3096} INFO - Sync 1 DAGs
[2024-11-13T08:03:51.912+0000] {logging_mixin.py:188} INFO - [2024-11-13T08:03:51.912+0000] {dag.py:3954} INFO - Setting next_dagrun for latest_only_with_trigger to 2024-11-13 04:00:00+00:00, run_after=2024-11-13 08:00:00+00:00
[2024-11-13T08:03:51.921+0000] {processor.py:183} INFO - Processing /home/airflow/.local/lib/python3.12/site-packages/airflow/example_dags/example_latest_only_with_trigger.py took 0.043 seconds
[2024-11-13T08:04:22.734+0000] {processor.py:161} INFO - Started process (PID=596) to work on /home/airflow/.local/lib/python3.12/site-packages/airflow/example_dags/example_latest_only_with_trigger.py
[2024-11-13T08:04:22.735+0000] {processor.py:830} INFO - Processing file /home/airflow/.local/lib/python3.12/site-packages/airflow/example_dags/example_latest_only_with_trigger.py for tasks to queue
[2024-11-13T08:04:22.737+0000] {logging_mixin.py:188} INFO - [2024-11-13T08:04:22.737+0000] {dagbag.py:545} INFO - Filling up the DagBag from /home/airflow/.local/lib/python3.12/site-packages/airflow/example_dags/example_latest_only_with_trigger.py
[2024-11-13T08:04:22.740+0000] {processor.py:840} INFO - DAG(s) 'latest_only_with_trigger' retrieved from /home/airflow/.local/lib/python3.12/site-packages/airflow/example_dags/example_latest_only_with_trigger.py
[2024-11-13T08:04:22.753+0000] {logging_mixin.py:188} INFO - [2024-11-13T08:04:22.753+0000] {dag.py:3096} INFO - Sync 1 DAGs
[2024-11-13T08:04:22.764+0000] {logging_mixin.py:188} INFO - [2024-11-13T08:04:22.764+0000] {dag.py:3954} INFO - Setting next_dagrun for latest_only_with_trigger to 2024-11-13 04:00:00+00:00, run_after=2024-11-13 08:00:00+00:00
[2024-11-13T08:04:22.774+0000] {processor.py:183} INFO - Processing /home/airflow/.local/lib/python3.12/site-packages/airflow/example_dags/example_latest_only_with_trigger.py took 0.043 seconds
[2024-11-13T08:04:53.795+0000] {processor.py:161} INFO - Started process (PID=654) to work on /home/airflow/.local/lib/python3.12/site-packages/airflow/example_dags/example_latest_only_with_trigger.py
[2024-11-13T08:04:53.795+0000] {processor.py:830} INFO - Processing file /home/airflow/.local/lib/python3.12/site-packages/airflow/example_dags/example_latest_only_with_trigger.py for tasks to queue
[2024-11-13T08:04:53.797+0000] {logging_mixin.py:188} INFO - [2024-11-13T08:04:53.797+0000] {dagbag.py:545} INFO - Filling up the DagBag from /home/airflow/.local/lib/python3.12/site-packages/airflow/example_dags/example_latest_only_with_trigger.py
[2024-11-13T08:04:53.800+0000] {processor.py:840} INFO - DAG(s) 'latest_only_with_trigger' retrieved from /home/airflow/.local/lib/python3.12/site-packages/airflow/example_dags/example_latest_only_with_trigger.py
[2024-11-13T08:04:53.812+0000] {logging_mixin.py:188} INFO - [2024-11-13T08:04:53.812+0000] {dag.py:3096} INFO - Sync 1 DAGs
[2024-11-13T08:04:53.823+0000] {logging_mixin.py:188} INFO - [2024-11-13T08:04:53.823+0000] {dag.py:3954} INFO - Setting next_dagrun for latest_only_with_trigger to 2024-11-13 04:00:00+00:00, run_after=2024-11-13 08:00:00+00:00
[2024-11-13T08:04:53.833+0000] {processor.py:183} INFO - Processing /home/airflow/.local/lib/python3.12/site-packages/airflow/example_dags/example_latest_only_with_trigger.py took 0.041 seconds
[2024-11-13T08:05:23.926+0000] {processor.py:161} INFO - Started process (PID=713) to work on /home/airflow/.local/lib/python3.12/site-packages/airflow/example_dags/example_latest_only_with_trigger.py
[2024-11-13T08:05:23.927+0000] {processor.py:830} INFO - Processing file /home/airflow/.local/lib/python3.12/site-packages/airflow/example_dags/example_latest_only_with_trigger.py for tasks to queue
[2024-11-13T08:05:23.928+0000] {logging_mixin.py:188} INFO - [2024-11-13T08:05:23.928+0000] {dagbag.py:545} INFO - Filling up the DagBag from /home/airflow/.local/lib/python3.12/site-packages/airflow/example_dags/example_latest_only_with_trigger.py
[2024-11-13T08:05:23.931+0000] {processor.py:840} INFO - DAG(s) 'latest_only_with_trigger' retrieved from /home/airflow/.local/lib/python3.12/site-packages/airflow/example_dags/example_latest_only_with_trigger.py
[2024-11-13T08:05:23.942+0000] {logging_mixin.py:188} INFO - [2024-11-13T08:05:23.941+0000] {dag.py:3096} INFO - Sync 1 DAGs
[2024-11-13T08:05:23.951+0000] {logging_mixin.py:188} INFO - [2024-11-13T08:05:23.951+0000] {dag.py:3954} INFO - Setting next_dagrun for latest_only_with_trigger to 2024-11-13 04:00:00+00:00, run_after=2024-11-13 08:00:00+00:00
[2024-11-13T08:05:23.959+0000] {processor.py:183} INFO - Processing /home/airflow/.local/lib/python3.12/site-packages/airflow/example_dags/example_latest_only_with_trigger.py took 0.036 seconds
[2024-11-13T08:05:54.012+0000] {processor.py:161} INFO - Started process (PID=772) to work on /home/airflow/.local/lib/python3.12/site-packages/airflow/example_dags/example_latest_only_with_trigger.py
[2024-11-13T08:05:54.013+0000] {processor.py:830} INFO - Processing file /home/airflow/.local/lib/python3.12/site-packages/airflow/example_dags/example_latest_only_with_trigger.py for tasks to queue
[2024-11-13T08:05:54.014+0000] {logging_mixin.py:188} INFO - [2024-11-13T08:05:54.014+0000] {dagbag.py:545} INFO - Filling up the DagBag from /home/airflow/.local/lib/python3.12/site-packages/airflow/example_dags/example_latest_only_with_trigger.py
[2024-11-13T08:05:54.017+0000] {processor.py:840} INFO - DAG(s) 'latest_only_with_trigger' retrieved from /home/airflow/.local/lib/python3.12/site-packages/airflow/example_dags/example_latest_only_with_trigger.py
[2024-11-13T08:05:54.029+0000] {logging_mixin.py:188} INFO - [2024-11-13T08:05:54.029+0000] {dag.py:3096} INFO - Sync 1 DAGs
[2024-11-13T08:05:54.040+0000] {logging_mixin.py:188} INFO - [2024-11-13T08:05:54.040+0000] {dag.py:3954} INFO - Setting next_dagrun for latest_only_with_trigger to 2024-11-13 04:00:00+00:00, run_after=2024-11-13 08:00:00+00:00
[2024-11-13T08:05:54.051+0000] {processor.py:183} INFO - Processing /home/airflow/.local/lib/python3.12/site-packages/airflow/example_dags/example_latest_only_with_trigger.py took 0.042 seconds
[2024-11-13T08:06:25.058+0000] {processor.py:161} INFO - Started process (PID=831) to work on /home/airflow/.local/lib/python3.12/site-packages/airflow/example_dags/example_latest_only_with_trigger.py
[2024-11-13T08:06:25.059+0000] {processor.py:830} INFO - Processing file /home/airflow/.local/lib/python3.12/site-packages/airflow/example_dags/example_latest_only_with_trigger.py for tasks to queue
[2024-11-13T08:06:25.061+0000] {logging_mixin.py:188} INFO - [2024-11-13T08:06:25.060+0000] {dagbag.py:545} INFO - Filling up the DagBag from /home/airflow/.local/lib/python3.12/site-packages/airflow/example_dags/example_latest_only_with_trigger.py
[2024-11-13T08:06:25.064+0000] {processor.py:840} INFO - DAG(s) 'latest_only_with_trigger' retrieved from /home/airflow/.local/lib/python3.12/site-packages/airflow/example_dags/example_latest_only_with_trigger.py
[2024-11-13T08:06:25.076+0000] {logging_mixin.py:188} INFO - [2024-11-13T08:06:25.076+0000] {dag.py:3096} INFO - Sync 1 DAGs
[2024-11-13T08:06:25.088+0000] {logging_mixin.py:188} INFO - [2024-11-13T08:06:25.087+0000] {dag.py:3954} INFO - Setting next_dagrun for latest_only_with_trigger to 2024-11-13 04:00:00+00:00, run_after=2024-11-13 08:00:00+00:00
[2024-11-13T08:06:25.099+0000] {processor.py:183} INFO - Processing /home/airflow/.local/lib/python3.12/site-packages/airflow/example_dags/example_latest_only_with_trigger.py took 0.044 seconds
[2024-11-13T08:06:55.977+0000] {processor.py:161} INFO - Started process (PID=890) to work on /home/airflow/.local/lib/python3.12/site-packages/airflow/example_dags/example_latest_only_with_trigger.py
[2024-11-13T08:06:55.980+0000] {processor.py:830} INFO - Processing file /home/airflow/.local/lib/python3.12/site-packages/airflow/example_dags/example_latest_only_with_trigger.py for tasks to queue
[2024-11-13T08:06:55.982+0000] {logging_mixin.py:188} INFO - [2024-11-13T08:06:55.981+0000] {dagbag.py:545} INFO - Filling up the DagBag from /home/airflow/.local/lib/python3.12/site-packages/airflow/example_dags/example_latest_only_with_trigger.py
[2024-11-13T08:06:55.985+0000] {processor.py:840} INFO - DAG(s) 'latest_only_with_trigger' retrieved from /home/airflow/.local/lib/python3.12/site-packages/airflow/example_dags/example_latest_only_with_trigger.py
[2024-11-13T08:06:56.002+0000] {logging_mixin.py:188} INFO - [2024-11-13T08:06:56.001+0000] {dag.py:3096} INFO - Sync 1 DAGs
[2024-11-13T08:06:56.016+0000] {logging_mixin.py:188} INFO - [2024-11-13T08:06:56.016+0000] {dag.py:3954} INFO - Setting next_dagrun for latest_only_with_trigger to 2024-11-13 04:00:00+00:00, run_after=2024-11-13 08:00:00+00:00
[2024-11-13T08:06:56.026+0000] {processor.py:183} INFO - Processing /home/airflow/.local/lib/python3.12/site-packages/airflow/example_dags/example_latest_only_with_trigger.py took 0.052 seconds
