[2024-11-13T08:00:16.649+0000] {processor.py:161} INFO - Started process (PID=119) to work on /home/airflow/.local/lib/python3.12/site-packages/airflow/example_dags/example_branch_labels.py
[2024-11-13T08:00:16.650+0000] {processor.py:830} INFO - Processing file /home/airflow/.local/lib/python3.12/site-packages/airflow/example_dags/example_branch_labels.py for tasks to queue
[2024-11-13T08:00:16.651+0000] {logging_mixin.py:188} INFO - [2024-11-13T08:00:16.651+0000] {dagbag.py:545} INFO - Filling up the DagBag from /home/airflow/.local/lib/python3.12/site-packages/airflow/example_dags/example_branch_labels.py
[2024-11-13T08:00:16.656+0000] {processor.py:840} INFO - DAG(s) 'example_branch_labels' retrieved from /home/airflow/.local/lib/python3.12/site-packages/airflow/example_dags/example_branch_labels.py
[2024-11-13T08:00:16.662+0000] {logging_mixin.py:188} INFO - [2024-11-13T08:00:16.662+0000] {dag.py:3096} INFO - Sync 1 DAGs
[2024-11-13T08:00:16.673+0000] {logging_mixin.py:188} INFO - [2024-11-13T08:00:16.673+0000] {dag.py:3954} INFO - Setting next_dagrun for example_branch_labels to 2024-11-12 00:00:00+00:00, run_after=2024-11-13 00:00:00+00:00
[2024-11-13T08:00:16.681+0000] {processor.py:183} INFO - Processing /home/airflow/.local/lib/python3.12/site-packages/airflow/example_dags/example_branch_labels.py took 0.035 seconds
[2024-11-13T08:00:47.260+0000] {processor.py:161} INFO - Started process (PID=178) to work on /home/airflow/.local/lib/python3.12/site-packages/airflow/example_dags/example_branch_labels.py
[2024-11-13T08:00:47.261+0000] {processor.py:830} INFO - Processing file /home/airflow/.local/lib/python3.12/site-packages/airflow/example_dags/example_branch_labels.py for tasks to queue
[2024-11-13T08:00:47.262+0000] {logging_mixin.py:188} INFO - [2024-11-13T08:00:47.262+0000] {dagbag.py:545} INFO - Filling up the DagBag from /home/airflow/.local/lib/python3.12/site-packages/airflow/example_dags/example_branch_labels.py
[2024-11-13T08:00:47.266+0000] {processor.py:840} INFO - DAG(s) 'example_branch_labels' retrieved from /home/airflow/.local/lib/python3.12/site-packages/airflow/example_dags/example_branch_labels.py
[2024-11-13T08:00:47.317+0000] {logging_mixin.py:188} INFO - [2024-11-13T08:00:47.316+0000] {dag.py:3096} INFO - Sync 1 DAGs
[2024-11-13T08:00:47.326+0000] {logging_mixin.py:188} INFO - [2024-11-13T08:00:47.326+0000] {dag.py:3954} INFO - Setting next_dagrun for example_branch_labels to 2024-11-12 00:00:00+00:00, run_after=2024-11-13 00:00:00+00:00
[2024-11-13T08:00:47.339+0000] {processor.py:183} INFO - Processing /home/airflow/.local/lib/python3.12/site-packages/airflow/example_dags/example_branch_labels.py took 0.082 seconds
[2024-11-13T08:01:17.873+0000] {processor.py:161} INFO - Started process (PID=237) to work on /home/airflow/.local/lib/python3.12/site-packages/airflow/example_dags/example_branch_labels.py
[2024-11-13T08:01:17.874+0000] {processor.py:830} INFO - Processing file /home/airflow/.local/lib/python3.12/site-packages/airflow/example_dags/example_branch_labels.py for tasks to queue
[2024-11-13T08:01:17.875+0000] {logging_mixin.py:188} INFO - [2024-11-13T08:01:17.875+0000] {dagbag.py:545} INFO - Filling up the DagBag from /home/airflow/.local/lib/python3.12/site-packages/airflow/example_dags/example_branch_labels.py
[2024-11-13T08:01:17.879+0000] {processor.py:840} INFO - DAG(s) 'example_branch_labels' retrieved from /home/airflow/.local/lib/python3.12/site-packages/airflow/example_dags/example_branch_labels.py
[2024-11-13T08:01:17.892+0000] {logging_mixin.py:188} INFO - [2024-11-13T08:01:17.892+0000] {dag.py:3096} INFO - Sync 1 DAGs
[2024-11-13T08:01:17.903+0000] {logging_mixin.py:188} INFO - [2024-11-13T08:01:17.903+0000] {dag.py:3954} INFO - Setting next_dagrun for example_branch_labels to 2024-11-12 00:00:00+00:00, run_after=2024-11-13 00:00:00+00:00
[2024-11-13T08:01:17.913+0000] {processor.py:183} INFO - Processing /home/airflow/.local/lib/python3.12/site-packages/airflow/example_dags/example_branch_labels.py took 0.044 seconds
[2024-11-13T08:01:48.846+0000] {processor.py:161} INFO - Started process (PID=296) to work on /home/airflow/.local/lib/python3.12/site-packages/airflow/example_dags/example_branch_labels.py
[2024-11-13T08:01:48.847+0000] {processor.py:830} INFO - Processing file /home/airflow/.local/lib/python3.12/site-packages/airflow/example_dags/example_branch_labels.py for tasks to queue
[2024-11-13T08:01:48.848+0000] {logging_mixin.py:188} INFO - [2024-11-13T08:01:48.848+0000] {dagbag.py:545} INFO - Filling up the DagBag from /home/airflow/.local/lib/python3.12/site-packages/airflow/example_dags/example_branch_labels.py
[2024-11-13T08:01:48.852+0000] {processor.py:840} INFO - DAG(s) 'example_branch_labels' retrieved from /home/airflow/.local/lib/python3.12/site-packages/airflow/example_dags/example_branch_labels.py
[2024-11-13T08:01:48.866+0000] {logging_mixin.py:188} INFO - [2024-11-13T08:01:48.866+0000] {dag.py:3096} INFO - Sync 1 DAGs
[2024-11-13T08:01:48.877+0000] {logging_mixin.py:188} INFO - [2024-11-13T08:01:48.877+0000] {dag.py:3954} INFO - Setting next_dagrun for example_branch_labels to 2024-11-12 00:00:00+00:00, run_after=2024-11-13 00:00:00+00:00
[2024-11-13T08:01:48.890+0000] {processor.py:183} INFO - Processing /home/airflow/.local/lib/python3.12/site-packages/airflow/example_dags/example_branch_labels.py took 0.047 seconds
[2024-11-13T08:02:18.981+0000] {processor.py:161} INFO - Started process (PID=355) to work on /home/airflow/.local/lib/python3.12/site-packages/airflow/example_dags/example_branch_labels.py
[2024-11-13T08:02:18.982+0000] {processor.py:830} INFO - Processing file /home/airflow/.local/lib/python3.12/site-packages/airflow/example_dags/example_branch_labels.py for tasks to queue
[2024-11-13T08:02:18.983+0000] {logging_mixin.py:188} INFO - [2024-11-13T08:02:18.983+0000] {dagbag.py:545} INFO - Filling up the DagBag from /home/airflow/.local/lib/python3.12/site-packages/airflow/example_dags/example_branch_labels.py
[2024-11-13T08:02:18.987+0000] {processor.py:840} INFO - DAG(s) 'example_branch_labels' retrieved from /home/airflow/.local/lib/python3.12/site-packages/airflow/example_dags/example_branch_labels.py
[2024-11-13T08:02:19.003+0000] {logging_mixin.py:188} INFO - [2024-11-13T08:02:19.003+0000] {dag.py:3096} INFO - Sync 1 DAGs
[2024-11-13T08:02:19.014+0000] {logging_mixin.py:188} INFO - [2024-11-13T08:02:19.014+0000] {dag.py:3954} INFO - Setting next_dagrun for example_branch_labels to 2024-11-12 00:00:00+00:00, run_after=2024-11-13 00:00:00+00:00
[2024-11-13T08:02:19.024+0000] {processor.py:183} INFO - Processing /home/airflow/.local/lib/python3.12/site-packages/airflow/example_dags/example_branch_labels.py took 0.045 seconds
[2024-11-13T08:02:49.928+0000] {processor.py:161} INFO - Started process (PID=414) to work on /home/airflow/.local/lib/python3.12/site-packages/airflow/example_dags/example_branch_labels.py
[2024-11-13T08:02:49.929+0000] {processor.py:830} INFO - Processing file /home/airflow/.local/lib/python3.12/site-packages/airflow/example_dags/example_branch_labels.py for tasks to queue
[2024-11-13T08:02:49.930+0000] {logging_mixin.py:188} INFO - [2024-11-13T08:02:49.930+0000] {dagbag.py:545} INFO - Filling up the DagBag from /home/airflow/.local/lib/python3.12/site-packages/airflow/example_dags/example_branch_labels.py
[2024-11-13T08:02:49.935+0000] {processor.py:840} INFO - DAG(s) 'example_branch_labels' retrieved from /home/airflow/.local/lib/python3.12/site-packages/airflow/example_dags/example_branch_labels.py
[2024-11-13T08:02:49.945+0000] {logging_mixin.py:188} INFO - [2024-11-13T08:02:49.945+0000] {dag.py:3096} INFO - Sync 1 DAGs
[2024-11-13T08:02:49.956+0000] {logging_mixin.py:188} INFO - [2024-11-13T08:02:49.956+0000] {dag.py:3954} INFO - Setting next_dagrun for example_branch_labels to 2024-11-12 00:00:00+00:00, run_after=2024-11-13 00:00:00+00:00
[2024-11-13T08:02:49.964+0000] {processor.py:183} INFO - Processing /home/airflow/.local/lib/python3.12/site-packages/airflow/example_dags/example_branch_labels.py took 0.040 seconds
[2024-11-13T08:03:20.785+0000] {processor.py:161} INFO - Started process (PID=473) to work on /home/airflow/.local/lib/python3.12/site-packages/airflow/example_dags/example_branch_labels.py
[2024-11-13T08:03:20.787+0000] {processor.py:830} INFO - Processing file /home/airflow/.local/lib/python3.12/site-packages/airflow/example_dags/example_branch_labels.py for tasks to queue
[2024-11-13T08:03:20.789+0000] {logging_mixin.py:188} INFO - [2024-11-13T08:03:20.788+0000] {dagbag.py:545} INFO - Filling up the DagBag from /home/airflow/.local/lib/python3.12/site-packages/airflow/example_dags/example_branch_labels.py
[2024-11-13T08:03:20.793+0000] {processor.py:840} INFO - DAG(s) 'example_branch_labels' retrieved from /home/airflow/.local/lib/python3.12/site-packages/airflow/example_dags/example_branch_labels.py
[2024-11-13T08:03:20.806+0000] {logging_mixin.py:188} INFO - [2024-11-13T08:03:20.806+0000] {dag.py:3096} INFO - Sync 1 DAGs
[2024-11-13T08:03:20.817+0000] {logging_mixin.py:188} INFO - [2024-11-13T08:03:20.817+0000] {dag.py:3954} INFO - Setting next_dagrun for example_branch_labels to 2024-11-12 00:00:00+00:00, run_after=2024-11-13 00:00:00+00:00
[2024-11-13T08:03:20.826+0000] {processor.py:183} INFO - Processing /home/airflow/.local/lib/python3.12/site-packages/airflow/example_dags/example_branch_labels.py took 0.044 seconds
[2024-11-13T08:03:51.753+0000] {processor.py:161} INFO - Started process (PID=532) to work on /home/airflow/.local/lib/python3.12/site-packages/airflow/example_dags/example_branch_labels.py
[2024-11-13T08:03:51.755+0000] {processor.py:830} INFO - Processing file /home/airflow/.local/lib/python3.12/site-packages/airflow/example_dags/example_branch_labels.py for tasks to queue
[2024-11-13T08:03:51.758+0000] {logging_mixin.py:188} INFO - [2024-11-13T08:03:51.756+0000] {dagbag.py:545} INFO - Filling up the DagBag from /home/airflow/.local/lib/python3.12/site-packages/airflow/example_dags/example_branch_labels.py
[2024-11-13T08:03:51.762+0000] {processor.py:840} INFO - DAG(s) 'example_branch_labels' retrieved from /home/airflow/.local/lib/python3.12/site-packages/airflow/example_dags/example_branch_labels.py
[2024-11-13T08:03:51.776+0000] {logging_mixin.py:188} INFO - [2024-11-13T08:03:51.775+0000] {dag.py:3096} INFO - Sync 1 DAGs
[2024-11-13T08:03:51.786+0000] {logging_mixin.py:188} INFO - [2024-11-13T08:03:51.786+0000] {dag.py:3954} INFO - Setting next_dagrun for example_branch_labels to 2024-11-12 00:00:00+00:00, run_after=2024-11-13 00:00:00+00:00
[2024-11-13T08:03:51.795+0000] {processor.py:183} INFO - Processing /home/airflow/.local/lib/python3.12/site-packages/airflow/example_dags/example_branch_labels.py took 0.044 seconds
[2024-11-13T08:04:22.598+0000] {processor.py:161} INFO - Started process (PID=591) to work on /home/airflow/.local/lib/python3.12/site-packages/airflow/example_dags/example_branch_labels.py
[2024-11-13T08:04:22.599+0000] {processor.py:830} INFO - Processing file /home/airflow/.local/lib/python3.12/site-packages/airflow/example_dags/example_branch_labels.py for tasks to queue
[2024-11-13T08:04:22.601+0000] {logging_mixin.py:188} INFO - [2024-11-13T08:04:22.600+0000] {dagbag.py:545} INFO - Filling up the DagBag from /home/airflow/.local/lib/python3.12/site-packages/airflow/example_dags/example_branch_labels.py
[2024-11-13T08:04:22.605+0000] {processor.py:840} INFO - DAG(s) 'example_branch_labels' retrieved from /home/airflow/.local/lib/python3.12/site-packages/airflow/example_dags/example_branch_labels.py
[2024-11-13T08:04:22.617+0000] {logging_mixin.py:188} INFO - [2024-11-13T08:04:22.617+0000] {dag.py:3096} INFO - Sync 1 DAGs
[2024-11-13T08:04:22.628+0000] {logging_mixin.py:188} INFO - [2024-11-13T08:04:22.628+0000] {dag.py:3954} INFO - Setting next_dagrun for example_branch_labels to 2024-11-12 00:00:00+00:00, run_after=2024-11-13 00:00:00+00:00
[2024-11-13T08:04:22.642+0000] {processor.py:183} INFO - Processing /home/airflow/.local/lib/python3.12/site-packages/airflow/example_dags/example_branch_labels.py took 0.047 seconds
[2024-11-13T08:04:53.623+0000] {processor.py:161} INFO - Started process (PID=649) to work on /home/airflow/.local/lib/python3.12/site-packages/airflow/example_dags/example_branch_labels.py
[2024-11-13T08:04:53.625+0000] {processor.py:830} INFO - Processing file /home/airflow/.local/lib/python3.12/site-packages/airflow/example_dags/example_branch_labels.py for tasks to queue
[2024-11-13T08:04:53.626+0000] {logging_mixin.py:188} INFO - [2024-11-13T08:04:53.626+0000] {dagbag.py:545} INFO - Filling up the DagBag from /home/airflow/.local/lib/python3.12/site-packages/airflow/example_dags/example_branch_labels.py
[2024-11-13T08:04:53.630+0000] {processor.py:840} INFO - DAG(s) 'example_branch_labels' retrieved from /home/airflow/.local/lib/python3.12/site-packages/airflow/example_dags/example_branch_labels.py
[2024-11-13T08:04:53.641+0000] {logging_mixin.py:188} INFO - [2024-11-13T08:04:53.641+0000] {dag.py:3096} INFO - Sync 1 DAGs
[2024-11-13T08:04:53.652+0000] {logging_mixin.py:188} INFO - [2024-11-13T08:04:53.652+0000] {dag.py:3954} INFO - Setting next_dagrun for example_branch_labels to 2024-11-12 00:00:00+00:00, run_after=2024-11-13 00:00:00+00:00
[2024-11-13T08:04:53.664+0000] {processor.py:183} INFO - Processing /home/airflow/.local/lib/python3.12/site-packages/airflow/example_dags/example_branch_labels.py took 0.045 seconds
[2024-11-13T08:05:23.775+0000] {processor.py:161} INFO - Started process (PID=708) to work on /home/airflow/.local/lib/python3.12/site-packages/airflow/example_dags/example_branch_labels.py
[2024-11-13T08:05:23.776+0000] {processor.py:830} INFO - Processing file /home/airflow/.local/lib/python3.12/site-packages/airflow/example_dags/example_branch_labels.py for tasks to queue
[2024-11-13T08:05:23.777+0000] {logging_mixin.py:188} INFO - [2024-11-13T08:05:23.777+0000] {dagbag.py:545} INFO - Filling up the DagBag from /home/airflow/.local/lib/python3.12/site-packages/airflow/example_dags/example_branch_labels.py
[2024-11-13T08:05:23.781+0000] {processor.py:840} INFO - DAG(s) 'example_branch_labels' retrieved from /home/airflow/.local/lib/python3.12/site-packages/airflow/example_dags/example_branch_labels.py
[2024-11-13T08:05:23.792+0000] {logging_mixin.py:188} INFO - [2024-11-13T08:05:23.791+0000] {dag.py:3096} INFO - Sync 1 DAGs
[2024-11-13T08:05:23.801+0000] {logging_mixin.py:188} INFO - [2024-11-13T08:05:23.801+0000] {dag.py:3954} INFO - Setting next_dagrun for example_branch_labels to 2024-11-12 00:00:00+00:00, run_after=2024-11-13 00:00:00+00:00
[2024-11-13T08:05:23.808+0000] {processor.py:183} INFO - Processing /home/airflow/.local/lib/python3.12/site-packages/airflow/example_dags/example_branch_labels.py took 0.036 seconds
[2024-11-13T08:05:53.852+0000] {processor.py:161} INFO - Started process (PID=767) to work on /home/airflow/.local/lib/python3.12/site-packages/airflow/example_dags/example_branch_labels.py
[2024-11-13T08:05:53.853+0000] {processor.py:830} INFO - Processing file /home/airflow/.local/lib/python3.12/site-packages/airflow/example_dags/example_branch_labels.py for tasks to queue
[2024-11-13T08:05:53.854+0000] {logging_mixin.py:188} INFO - [2024-11-13T08:05:53.854+0000] {dagbag.py:545} INFO - Filling up the DagBag from /home/airflow/.local/lib/python3.12/site-packages/airflow/example_dags/example_branch_labels.py
[2024-11-13T08:05:53.857+0000] {processor.py:840} INFO - DAG(s) 'example_branch_labels' retrieved from /home/airflow/.local/lib/python3.12/site-packages/airflow/example_dags/example_branch_labels.py
[2024-11-13T08:05:53.868+0000] {logging_mixin.py:188} INFO - [2024-11-13T08:05:53.868+0000] {dag.py:3096} INFO - Sync 1 DAGs
[2024-11-13T08:05:53.878+0000] {logging_mixin.py:188} INFO - [2024-11-13T08:05:53.878+0000] {dag.py:3954} INFO - Setting next_dagrun for example_branch_labels to 2024-11-12 00:00:00+00:00, run_after=2024-11-13 00:00:00+00:00
[2024-11-13T08:05:53.886+0000] {processor.py:183} INFO - Processing /home/airflow/.local/lib/python3.12/site-packages/airflow/example_dags/example_branch_labels.py took 0.036 seconds
[2024-11-13T08:06:24.873+0000] {processor.py:161} INFO - Started process (PID=826) to work on /home/airflow/.local/lib/python3.12/site-packages/airflow/example_dags/example_branch_labels.py
[2024-11-13T08:06:24.874+0000] {processor.py:830} INFO - Processing file /home/airflow/.local/lib/python3.12/site-packages/airflow/example_dags/example_branch_labels.py for tasks to queue
[2024-11-13T08:06:24.876+0000] {logging_mixin.py:188} INFO - [2024-11-13T08:06:24.876+0000] {dagbag.py:545} INFO - Filling up the DagBag from /home/airflow/.local/lib/python3.12/site-packages/airflow/example_dags/example_branch_labels.py
[2024-11-13T08:06:24.880+0000] {processor.py:840} INFO - DAG(s) 'example_branch_labels' retrieved from /home/airflow/.local/lib/python3.12/site-packages/airflow/example_dags/example_branch_labels.py
[2024-11-13T08:06:24.895+0000] {logging_mixin.py:188} INFO - [2024-11-13T08:06:24.895+0000] {dag.py:3096} INFO - Sync 1 DAGs
[2024-11-13T08:06:24.909+0000] {logging_mixin.py:188} INFO - [2024-11-13T08:06:24.909+0000] {dag.py:3954} INFO - Setting next_dagrun for example_branch_labels to 2024-11-12 00:00:00+00:00, run_after=2024-11-13 00:00:00+00:00
[2024-11-13T08:06:24.921+0000] {processor.py:183} INFO - Processing /home/airflow/.local/lib/python3.12/site-packages/airflow/example_dags/example_branch_labels.py took 0.052 seconds
[2024-11-13T08:06:55.813+0000] {processor.py:161} INFO - Started process (PID=885) to work on /home/airflow/.local/lib/python3.12/site-packages/airflow/example_dags/example_branch_labels.py
[2024-11-13T08:06:55.814+0000] {processor.py:830} INFO - Processing file /home/airflow/.local/lib/python3.12/site-packages/airflow/example_dags/example_branch_labels.py for tasks to queue
[2024-11-13T08:06:55.816+0000] {logging_mixin.py:188} INFO - [2024-11-13T08:06:55.816+0000] {dagbag.py:545} INFO - Filling up the DagBag from /home/airflow/.local/lib/python3.12/site-packages/airflow/example_dags/example_branch_labels.py
[2024-11-13T08:06:55.821+0000] {processor.py:840} INFO - DAG(s) 'example_branch_labels' retrieved from /home/airflow/.local/lib/python3.12/site-packages/airflow/example_dags/example_branch_labels.py
[2024-11-13T08:06:55.835+0000] {logging_mixin.py:188} INFO - [2024-11-13T08:06:55.835+0000] {dag.py:3096} INFO - Sync 1 DAGs
[2024-11-13T08:06:55.849+0000] {logging_mixin.py:188} INFO - [2024-11-13T08:06:55.849+0000] {dag.py:3954} INFO - Setting next_dagrun for example_branch_labels to 2024-11-12 00:00:00+00:00, run_after=2024-11-13 00:00:00+00:00
[2024-11-13T08:06:55.863+0000] {processor.py:183} INFO - Processing /home/airflow/.local/lib/python3.12/site-packages/airflow/example_dags/example_branch_labels.py took 0.053 seconds
