[2024-11-13T08:00:16.037+0000] {processor.py:161} INFO - Started process (PID=102) to work on /home/airflow/.local/lib/python3.12/site-packages/airflow/example_dags/example_setup_teardown.py
[2024-11-13T08:00:16.038+0000] {processor.py:830} INFO - Processing file /home/airflow/.local/lib/python3.12/site-packages/airflow/example_dags/example_setup_teardown.py for tasks to queue
[2024-11-13T08:00:16.039+0000] {logging_mixin.py:188} INFO - [2024-11-13T08:00:16.038+0000] {dagbag.py:545} INFO - Filling up the DagBag from /home/airflow/.local/lib/python3.12/site-packages/airflow/example_dags/example_setup_teardown.py
[2024-11-13T08:00:16.046+0000] {processor.py:840} INFO - DAG(s) 'example_setup_teardown' retrieved from /home/airflow/.local/lib/python3.12/site-packages/airflow/example_dags/example_setup_teardown.py
[2024-11-13T08:00:16.054+0000] {logging_mixin.py:188} INFO - [2024-11-13T08:00:16.054+0000] {dag.py:3096} INFO - Sync 1 DAGs
[2024-11-13T08:00:16.066+0000] {logging_mixin.py:188} INFO - [2024-11-13T08:00:16.065+0000] {dag.py:3954} INFO - Setting next_dagrun for example_setup_teardown to 2024-11-12 00:00:00+00:00, run_after=2024-11-13 00:00:00+00:00
[2024-11-13T08:00:16.074+0000] {processor.py:183} INFO - Processing /home/airflow/.local/lib/python3.12/site-packages/airflow/example_dags/example_setup_teardown.py took 0.040 seconds
[2024-11-13T08:00:46.215+0000] {processor.py:161} INFO - Started process (PID=161) to work on /home/airflow/.local/lib/python3.12/site-packages/airflow/example_dags/example_setup_teardown.py
[2024-11-13T08:00:46.216+0000] {processor.py:830} INFO - Processing file /home/airflow/.local/lib/python3.12/site-packages/airflow/example_dags/example_setup_teardown.py for tasks to queue
[2024-11-13T08:00:46.218+0000] {logging_mixin.py:188} INFO - [2024-11-13T08:00:46.218+0000] {dagbag.py:545} INFO - Filling up the DagBag from /home/airflow/.local/lib/python3.12/site-packages/airflow/example_dags/example_setup_teardown.py
[2024-11-13T08:00:46.225+0000] {processor.py:840} INFO - DAG(s) 'example_setup_teardown' retrieved from /home/airflow/.local/lib/python3.12/site-packages/airflow/example_dags/example_setup_teardown.py
[2024-11-13T08:00:46.277+0000] {logging_mixin.py:188} INFO - [2024-11-13T08:00:46.277+0000] {dag.py:3096} INFO - Sync 1 DAGs
[2024-11-13T08:00:46.288+0000] {logging_mixin.py:188} INFO - [2024-11-13T08:00:46.288+0000] {dag.py:3954} INFO - Setting next_dagrun for example_setup_teardown to 2024-11-12 00:00:00+00:00, run_after=2024-11-13 00:00:00+00:00
[2024-11-13T08:00:46.298+0000] {processor.py:183} INFO - Processing /home/airflow/.local/lib/python3.12/site-packages/airflow/example_dags/example_setup_teardown.py took 0.087 seconds
[2024-11-13T08:01:17.248+0000] {processor.py:161} INFO - Started process (PID=220) to work on /home/airflow/.local/lib/python3.12/site-packages/airflow/example_dags/example_setup_teardown.py
[2024-11-13T08:01:17.248+0000] {processor.py:830} INFO - Processing file /home/airflow/.local/lib/python3.12/site-packages/airflow/example_dags/example_setup_teardown.py for tasks to queue
[2024-11-13T08:01:17.250+0000] {logging_mixin.py:188} INFO - [2024-11-13T08:01:17.249+0000] {dagbag.py:545} INFO - Filling up the DagBag from /home/airflow/.local/lib/python3.12/site-packages/airflow/example_dags/example_setup_teardown.py
[2024-11-13T08:01:17.253+0000] {processor.py:840} INFO - DAG(s) 'example_setup_teardown' retrieved from /home/airflow/.local/lib/python3.12/site-packages/airflow/example_dags/example_setup_teardown.py
[2024-11-13T08:01:17.266+0000] {logging_mixin.py:188} INFO - [2024-11-13T08:01:17.266+0000] {dag.py:3096} INFO - Sync 1 DAGs
[2024-11-13T08:01:17.277+0000] {logging_mixin.py:188} INFO - [2024-11-13T08:01:17.277+0000] {dag.py:3954} INFO - Setting next_dagrun for example_setup_teardown to 2024-11-12 00:00:00+00:00, run_after=2024-11-13 00:00:00+00:00
[2024-11-13T08:01:17.288+0000] {processor.py:183} INFO - Processing /home/airflow/.local/lib/python3.12/site-packages/airflow/example_dags/example_setup_teardown.py took 0.044 seconds
[2024-11-13T08:01:48.247+0000] {processor.py:161} INFO - Started process (PID=279) to work on /home/airflow/.local/lib/python3.12/site-packages/airflow/example_dags/example_setup_teardown.py
[2024-11-13T08:01:48.247+0000] {processor.py:830} INFO - Processing file /home/airflow/.local/lib/python3.12/site-packages/airflow/example_dags/example_setup_teardown.py for tasks to queue
[2024-11-13T08:01:48.248+0000] {logging_mixin.py:188} INFO - [2024-11-13T08:01:48.248+0000] {dagbag.py:545} INFO - Filling up the DagBag from /home/airflow/.local/lib/python3.12/site-packages/airflow/example_dags/example_setup_teardown.py
[2024-11-13T08:01:48.252+0000] {processor.py:840} INFO - DAG(s) 'example_setup_teardown' retrieved from /home/airflow/.local/lib/python3.12/site-packages/airflow/example_dags/example_setup_teardown.py
[2024-11-13T08:01:48.265+0000] {logging_mixin.py:188} INFO - [2024-11-13T08:01:48.265+0000] {dag.py:3096} INFO - Sync 1 DAGs
[2024-11-13T08:01:48.276+0000] {logging_mixin.py:188} INFO - [2024-11-13T08:01:48.276+0000] {dag.py:3954} INFO - Setting next_dagrun for example_setup_teardown to 2024-11-12 00:00:00+00:00, run_after=2024-11-13 00:00:00+00:00
[2024-11-13T08:01:48.287+0000] {processor.py:183} INFO - Processing /home/airflow/.local/lib/python3.12/site-packages/airflow/example_dags/example_setup_teardown.py took 0.043 seconds
[2024-11-13T08:02:18.371+0000] {processor.py:161} INFO - Started process (PID=338) to work on /home/airflow/.local/lib/python3.12/site-packages/airflow/example_dags/example_setup_teardown.py
[2024-11-13T08:02:18.373+0000] {processor.py:830} INFO - Processing file /home/airflow/.local/lib/python3.12/site-packages/airflow/example_dags/example_setup_teardown.py for tasks to queue
[2024-11-13T08:02:18.375+0000] {logging_mixin.py:188} INFO - [2024-11-13T08:02:18.375+0000] {dagbag.py:545} INFO - Filling up the DagBag from /home/airflow/.local/lib/python3.12/site-packages/airflow/example_dags/example_setup_teardown.py
[2024-11-13T08:02:18.387+0000] {processor.py:840} INFO - DAG(s) 'example_setup_teardown' retrieved from /home/airflow/.local/lib/python3.12/site-packages/airflow/example_dags/example_setup_teardown.py
[2024-11-13T08:02:18.402+0000] {logging_mixin.py:188} INFO - [2024-11-13T08:02:18.402+0000] {dag.py:3096} INFO - Sync 1 DAGs
[2024-11-13T08:02:18.414+0000] {logging_mixin.py:188} INFO - [2024-11-13T08:02:18.414+0000] {dag.py:3954} INFO - Setting next_dagrun for example_setup_teardown to 2024-11-12 00:00:00+00:00, run_after=2024-11-13 00:00:00+00:00
[2024-11-13T08:02:18.425+0000] {processor.py:183} INFO - Processing /home/airflow/.local/lib/python3.12/site-packages/airflow/example_dags/example_setup_teardown.py took 0.062 seconds
[2024-11-13T08:02:49.391+0000] {processor.py:161} INFO - Started process (PID=397) to work on /home/airflow/.local/lib/python3.12/site-packages/airflow/example_dags/example_setup_teardown.py
[2024-11-13T08:02:49.393+0000] {processor.py:830} INFO - Processing file /home/airflow/.local/lib/python3.12/site-packages/airflow/example_dags/example_setup_teardown.py for tasks to queue
[2024-11-13T08:02:49.396+0000] {logging_mixin.py:188} INFO - [2024-11-13T08:02:49.396+0000] {dagbag.py:545} INFO - Filling up the DagBag from /home/airflow/.local/lib/python3.12/site-packages/airflow/example_dags/example_setup_teardown.py
[2024-11-13T08:02:49.403+0000] {processor.py:840} INFO - DAG(s) 'example_setup_teardown' retrieved from /home/airflow/.local/lib/python3.12/site-packages/airflow/example_dags/example_setup_teardown.py
[2024-11-13T08:02:49.419+0000] {logging_mixin.py:188} INFO - [2024-11-13T08:02:49.419+0000] {dag.py:3096} INFO - Sync 1 DAGs
[2024-11-13T08:02:49.431+0000] {logging_mixin.py:188} INFO - [2024-11-13T08:02:49.431+0000] {dag.py:3954} INFO - Setting next_dagrun for example_setup_teardown to 2024-11-12 00:00:00+00:00, run_after=2024-11-13 00:00:00+00:00
[2024-11-13T08:02:49.443+0000] {processor.py:183} INFO - Processing /home/airflow/.local/lib/python3.12/site-packages/airflow/example_dags/example_setup_teardown.py took 0.058 seconds
[2024-11-13T08:03:20.289+0000] {processor.py:161} INFO - Started process (PID=456) to work on /home/airflow/.local/lib/python3.12/site-packages/airflow/example_dags/example_setup_teardown.py
[2024-11-13T08:03:20.291+0000] {processor.py:830} INFO - Processing file /home/airflow/.local/lib/python3.12/site-packages/airflow/example_dags/example_setup_teardown.py for tasks to queue
[2024-11-13T08:03:20.296+0000] {logging_mixin.py:188} INFO - [2024-11-13T08:03:20.295+0000] {dagbag.py:545} INFO - Filling up the DagBag from /home/airflow/.local/lib/python3.12/site-packages/airflow/example_dags/example_setup_teardown.py
[2024-11-13T08:03:20.308+0000] {processor.py:840} INFO - DAG(s) 'example_setup_teardown' retrieved from /home/airflow/.local/lib/python3.12/site-packages/airflow/example_dags/example_setup_teardown.py
[2024-11-13T08:03:20.324+0000] {logging_mixin.py:188} INFO - [2024-11-13T08:03:20.324+0000] {dag.py:3096} INFO - Sync 1 DAGs
[2024-11-13T08:03:20.336+0000] {logging_mixin.py:188} INFO - [2024-11-13T08:03:20.336+0000] {dag.py:3954} INFO - Setting next_dagrun for example_setup_teardown to 2024-11-12 00:00:00+00:00, run_after=2024-11-13 00:00:00+00:00
[2024-11-13T08:03:20.348+0000] {processor.py:183} INFO - Processing /home/airflow/.local/lib/python3.12/site-packages/airflow/example_dags/example_setup_teardown.py took 0.065 seconds
[2024-11-13T08:03:51.230+0000] {processor.py:161} INFO - Started process (PID=515) to work on /home/airflow/.local/lib/python3.12/site-packages/airflow/example_dags/example_setup_teardown.py
[2024-11-13T08:03:51.233+0000] {processor.py:830} INFO - Processing file /home/airflow/.local/lib/python3.12/site-packages/airflow/example_dags/example_setup_teardown.py for tasks to queue
[2024-11-13T08:03:51.236+0000] {logging_mixin.py:188} INFO - [2024-11-13T08:03:51.235+0000] {dagbag.py:545} INFO - Filling up the DagBag from /home/airflow/.local/lib/python3.12/site-packages/airflow/example_dags/example_setup_teardown.py
[2024-11-13T08:03:51.244+0000] {processor.py:840} INFO - DAG(s) 'example_setup_teardown' retrieved from /home/airflow/.local/lib/python3.12/site-packages/airflow/example_dags/example_setup_teardown.py
[2024-11-13T08:03:51.258+0000] {logging_mixin.py:188} INFO - [2024-11-13T08:03:51.258+0000] {dag.py:3096} INFO - Sync 1 DAGs
[2024-11-13T08:03:51.269+0000] {logging_mixin.py:188} INFO - [2024-11-13T08:03:51.269+0000] {dag.py:3954} INFO - Setting next_dagrun for example_setup_teardown to 2024-11-12 00:00:00+00:00, run_after=2024-11-13 00:00:00+00:00
[2024-11-13T08:03:51.281+0000] {processor.py:183} INFO - Processing /home/airflow/.local/lib/python3.12/site-packages/airflow/example_dags/example_setup_teardown.py took 0.058 seconds
[2024-11-13T08:04:22.065+0000] {processor.py:161} INFO - Started process (PID=574) to work on /home/airflow/.local/lib/python3.12/site-packages/airflow/example_dags/example_setup_teardown.py
[2024-11-13T08:04:22.067+0000] {processor.py:830} INFO - Processing file /home/airflow/.local/lib/python3.12/site-packages/airflow/example_dags/example_setup_teardown.py for tasks to queue
[2024-11-13T08:04:22.069+0000] {logging_mixin.py:188} INFO - [2024-11-13T08:04:22.069+0000] {dagbag.py:545} INFO - Filling up the DagBag from /home/airflow/.local/lib/python3.12/site-packages/airflow/example_dags/example_setup_teardown.py
[2024-11-13T08:04:22.076+0000] {processor.py:840} INFO - DAG(s) 'example_setup_teardown' retrieved from /home/airflow/.local/lib/python3.12/site-packages/airflow/example_dags/example_setup_teardown.py
[2024-11-13T08:04:22.094+0000] {logging_mixin.py:188} INFO - [2024-11-13T08:04:22.094+0000] {dag.py:3096} INFO - Sync 1 DAGs
[2024-11-13T08:04:22.109+0000] {logging_mixin.py:188} INFO - [2024-11-13T08:04:22.109+0000] {dag.py:3954} INFO - Setting next_dagrun for example_setup_teardown to 2024-11-12 00:00:00+00:00, run_after=2024-11-13 00:00:00+00:00
[2024-11-13T08:04:22.119+0000] {processor.py:183} INFO - Processing /home/airflow/.local/lib/python3.12/site-packages/airflow/example_dags/example_setup_teardown.py took 0.061 seconds
[2024-11-13T08:04:52.984+0000] {processor.py:161} INFO - Started process (PID=632) to work on /home/airflow/.local/lib/python3.12/site-packages/airflow/example_dags/example_setup_teardown.py
[2024-11-13T08:04:52.989+0000] {processor.py:830} INFO - Processing file /home/airflow/.local/lib/python3.12/site-packages/airflow/example_dags/example_setup_teardown.py for tasks to queue
[2024-11-13T08:04:52.994+0000] {logging_mixin.py:188} INFO - [2024-11-13T08:04:52.994+0000] {dagbag.py:545} INFO - Filling up the DagBag from /home/airflow/.local/lib/python3.12/site-packages/airflow/example_dags/example_setup_teardown.py
[2024-11-13T08:04:53.004+0000] {processor.py:840} INFO - DAG(s) 'example_setup_teardown' retrieved from /home/airflow/.local/lib/python3.12/site-packages/airflow/example_dags/example_setup_teardown.py
[2024-11-13T08:04:53.022+0000] {logging_mixin.py:188} INFO - [2024-11-13T08:04:53.022+0000] {dag.py:3096} INFO - Sync 1 DAGs
[2024-11-13T08:04:53.036+0000] {logging_mixin.py:188} INFO - [2024-11-13T08:04:53.036+0000] {dag.py:3954} INFO - Setting next_dagrun for example_setup_teardown to 2024-11-12 00:00:00+00:00, run_after=2024-11-13 00:00:00+00:00
[2024-11-13T08:04:53.048+0000] {processor.py:183} INFO - Processing /home/airflow/.local/lib/python3.12/site-packages/airflow/example_dags/example_setup_teardown.py took 0.073 seconds
[2024-11-13T08:05:23.083+0000] {processor.py:161} INFO - Started process (PID=691) to work on /home/airflow/.local/lib/python3.12/site-packages/airflow/example_dags/example_setup_teardown.py
[2024-11-13T08:05:23.084+0000] {processor.py:830} INFO - Processing file /home/airflow/.local/lib/python3.12/site-packages/airflow/example_dags/example_setup_teardown.py for tasks to queue
[2024-11-13T08:05:23.087+0000] {logging_mixin.py:188} INFO - [2024-11-13T08:05:23.086+0000] {dagbag.py:545} INFO - Filling up the DagBag from /home/airflow/.local/lib/python3.12/site-packages/airflow/example_dags/example_setup_teardown.py
[2024-11-13T08:05:23.099+0000] {processor.py:840} INFO - DAG(s) 'example_setup_teardown' retrieved from /home/airflow/.local/lib/python3.12/site-packages/airflow/example_dags/example_setup_teardown.py
[2024-11-13T08:05:23.118+0000] {logging_mixin.py:188} INFO - [2024-11-13T08:05:23.117+0000] {dag.py:3096} INFO - Sync 1 DAGs
[2024-11-13T08:05:23.133+0000] {logging_mixin.py:188} INFO - [2024-11-13T08:05:23.133+0000] {dag.py:3954} INFO - Setting next_dagrun for example_setup_teardown to 2024-11-12 00:00:00+00:00, run_after=2024-11-13 00:00:00+00:00
[2024-11-13T08:05:23.149+0000] {processor.py:183} INFO - Processing /home/airflow/.local/lib/python3.12/site-packages/airflow/example_dags/example_setup_teardown.py took 0.074 seconds
[2024-11-13T08:05:53.198+0000] {processor.py:161} INFO - Started process (PID=750) to work on /home/airflow/.local/lib/python3.12/site-packages/airflow/example_dags/example_setup_teardown.py
[2024-11-13T08:05:53.199+0000] {processor.py:830} INFO - Processing file /home/airflow/.local/lib/python3.12/site-packages/airflow/example_dags/example_setup_teardown.py for tasks to queue
[2024-11-13T08:05:53.201+0000] {logging_mixin.py:188} INFO - [2024-11-13T08:05:53.201+0000] {dagbag.py:545} INFO - Filling up the DagBag from /home/airflow/.local/lib/python3.12/site-packages/airflow/example_dags/example_setup_teardown.py
[2024-11-13T08:05:53.210+0000] {processor.py:840} INFO - DAG(s) 'example_setup_teardown' retrieved from /home/airflow/.local/lib/python3.12/site-packages/airflow/example_dags/example_setup_teardown.py
[2024-11-13T08:05:53.226+0000] {logging_mixin.py:188} INFO - [2024-11-13T08:05:53.226+0000] {dag.py:3096} INFO - Sync 1 DAGs
[2024-11-13T08:05:53.239+0000] {logging_mixin.py:188} INFO - [2024-11-13T08:05:53.239+0000] {dag.py:3954} INFO - Setting next_dagrun for example_setup_teardown to 2024-11-12 00:00:00+00:00, run_after=2024-11-13 00:00:00+00:00
[2024-11-13T08:05:53.252+0000] {processor.py:183} INFO - Processing /home/airflow/.local/lib/python3.12/site-packages/airflow/example_dags/example_setup_teardown.py took 0.062 seconds
[2024-11-13T08:06:24.240+0000] {processor.py:161} INFO - Started process (PID=809) to work on /home/airflow/.local/lib/python3.12/site-packages/airflow/example_dags/example_setup_teardown.py
[2024-11-13T08:06:24.242+0000] {processor.py:830} INFO - Processing file /home/airflow/.local/lib/python3.12/site-packages/airflow/example_dags/example_setup_teardown.py for tasks to queue
[2024-11-13T08:06:24.244+0000] {logging_mixin.py:188} INFO - [2024-11-13T08:06:24.244+0000] {dagbag.py:545} INFO - Filling up the DagBag from /home/airflow/.local/lib/python3.12/site-packages/airflow/example_dags/example_setup_teardown.py
[2024-11-13T08:06:24.254+0000] {processor.py:840} INFO - DAG(s) 'example_setup_teardown' retrieved from /home/airflow/.local/lib/python3.12/site-packages/airflow/example_dags/example_setup_teardown.py
[2024-11-13T08:06:24.271+0000] {logging_mixin.py:188} INFO - [2024-11-13T08:06:24.271+0000] {dag.py:3096} INFO - Sync 1 DAGs
[2024-11-13T08:06:24.286+0000] {logging_mixin.py:188} INFO - [2024-11-13T08:06:24.286+0000] {dag.py:3954} INFO - Setting next_dagrun for example_setup_teardown to 2024-11-12 00:00:00+00:00, run_after=2024-11-13 00:00:00+00:00
[2024-11-13T08:06:24.299+0000] {processor.py:183} INFO - Processing /home/airflow/.local/lib/python3.12/site-packages/airflow/example_dags/example_setup_teardown.py took 0.066 seconds
[2024-11-13T08:06:55.202+0000] {processor.py:161} INFO - Started process (PID=868) to work on /home/airflow/.local/lib/python3.12/site-packages/airflow/example_dags/example_setup_teardown.py
[2024-11-13T08:06:55.206+0000] {processor.py:830} INFO - Processing file /home/airflow/.local/lib/python3.12/site-packages/airflow/example_dags/example_setup_teardown.py for tasks to queue
[2024-11-13T08:06:55.208+0000] {logging_mixin.py:188} INFO - [2024-11-13T08:06:55.208+0000] {dagbag.py:545} INFO - Filling up the DagBag from /home/airflow/.local/lib/python3.12/site-packages/airflow/example_dags/example_setup_teardown.py
[2024-11-13T08:06:55.217+0000] {processor.py:840} INFO - DAG(s) 'example_setup_teardown' retrieved from /home/airflow/.local/lib/python3.12/site-packages/airflow/example_dags/example_setup_teardown.py
[2024-11-13T08:06:55.233+0000] {logging_mixin.py:188} INFO - [2024-11-13T08:06:55.233+0000] {dag.py:3096} INFO - Sync 1 DAGs
[2024-11-13T08:06:55.245+0000] {logging_mixin.py:188} INFO - [2024-11-13T08:06:55.245+0000] {dag.py:3954} INFO - Setting next_dagrun for example_setup_teardown to 2024-11-12 00:00:00+00:00, run_after=2024-11-13 00:00:00+00:00
[2024-11-13T08:06:55.258+0000] {processor.py:183} INFO - Processing /home/airflow/.local/lib/python3.12/site-packages/airflow/example_dags/example_setup_teardown.py took 0.066 seconds
