[2024-11-13T08:00:16.936+0000] {processor.py:161} INFO - Started process (PID=127) to work on /home/airflow/.local/lib/python3.12/site-packages/airflow/example_dags/example_display_name.py
[2024-11-13T08:00:16.938+0000] {processor.py:830} INFO - Processing file /home/airflow/.local/lib/python3.12/site-packages/airflow/example_dags/example_display_name.py for tasks to queue
[2024-11-13T08:00:16.940+0000] {logging_mixin.py:188} INFO - [2024-11-13T08:00:16.940+0000] {dagbag.py:545} INFO - Filling up the DagBag from /home/airflow/.local/lib/python3.12/site-packages/airflow/example_dags/example_display_name.py
[2024-11-13T08:00:16.946+0000] {processor.py:840} INFO - DAG(s) 'example_display_name' retrieved from /home/airflow/.local/lib/python3.12/site-packages/airflow/example_dags/example_display_name.py
[2024-11-13T08:00:16.955+0000] {logging_mixin.py:188} INFO - [2024-11-13T08:00:16.955+0000] {dag.py:3096} INFO - Sync 1 DAGs
[2024-11-13T08:00:16.963+0000] {logging_mixin.py:188} INFO - [2024-11-13T08:00:16.962+0000] {dag.py:3954} INFO - Setting next_dagrun for example_display_name to None, run_after=None
[2024-11-13T08:00:16.974+0000] {processor.py:183} INFO - Processing /home/airflow/.local/lib/python3.12/site-packages/airflow/example_dags/example_display_name.py took 0.041 seconds
[2024-11-13T08:00:47.631+0000] {processor.py:161} INFO - Started process (PID=186) to work on /home/airflow/.local/lib/python3.12/site-packages/airflow/example_dags/example_display_name.py
[2024-11-13T08:00:47.631+0000] {processor.py:830} INFO - Processing file /home/airflow/.local/lib/python3.12/site-packages/airflow/example_dags/example_display_name.py for tasks to queue
[2024-11-13T08:00:47.632+0000] {logging_mixin.py:188} INFO - [2024-11-13T08:00:47.632+0000] {dagbag.py:545} INFO - Filling up the DagBag from /home/airflow/.local/lib/python3.12/site-packages/airflow/example_dags/example_display_name.py
[2024-11-13T08:00:47.636+0000] {processor.py:840} INFO - DAG(s) 'example_display_name' retrieved from /home/airflow/.local/lib/python3.12/site-packages/airflow/example_dags/example_display_name.py
[2024-11-13T08:00:47.682+0000] {logging_mixin.py:188} INFO - [2024-11-13T08:00:47.681+0000] {dag.py:3096} INFO - Sync 1 DAGs
[2024-11-13T08:00:47.687+0000] {logging_mixin.py:188} INFO - [2024-11-13T08:00:47.687+0000] {dag.py:3954} INFO - Setting next_dagrun for example_display_name to None, run_after=None
[2024-11-13T08:00:47.697+0000] {processor.py:183} INFO - Processing /home/airflow/.local/lib/python3.12/site-packages/airflow/example_dags/example_display_name.py took 0.069 seconds
[2024-11-13T08:01:18.133+0000] {processor.py:161} INFO - Started process (PID=245) to work on /home/airflow/.local/lib/python3.12/site-packages/airflow/example_dags/example_display_name.py
[2024-11-13T08:01:18.133+0000] {processor.py:830} INFO - Processing file /home/airflow/.local/lib/python3.12/site-packages/airflow/example_dags/example_display_name.py for tasks to queue
[2024-11-13T08:01:18.134+0000] {logging_mixin.py:188} INFO - [2024-11-13T08:01:18.134+0000] {dagbag.py:545} INFO - Filling up the DagBag from /home/airflow/.local/lib/python3.12/site-packages/airflow/example_dags/example_display_name.py
[2024-11-13T08:01:18.137+0000] {processor.py:840} INFO - DAG(s) 'example_display_name' retrieved from /home/airflow/.local/lib/python3.12/site-packages/airflow/example_dags/example_display_name.py
[2024-11-13T08:01:18.147+0000] {logging_mixin.py:188} INFO - [2024-11-13T08:01:18.147+0000] {dag.py:3096} INFO - Sync 1 DAGs
[2024-11-13T08:01:18.153+0000] {logging_mixin.py:188} INFO - [2024-11-13T08:01:18.153+0000] {dag.py:3954} INFO - Setting next_dagrun for example_display_name to None, run_after=None
[2024-11-13T08:01:18.161+0000] {processor.py:183} INFO - Processing /home/airflow/.local/lib/python3.12/site-packages/airflow/example_dags/example_display_name.py took 0.031 seconds
[2024-11-13T08:01:49.120+0000] {processor.py:161} INFO - Started process (PID=304) to work on /home/airflow/.local/lib/python3.12/site-packages/airflow/example_dags/example_display_name.py
[2024-11-13T08:01:49.121+0000] {processor.py:830} INFO - Processing file /home/airflow/.local/lib/python3.12/site-packages/airflow/example_dags/example_display_name.py for tasks to queue
[2024-11-13T08:01:49.122+0000] {logging_mixin.py:188} INFO - [2024-11-13T08:01:49.122+0000] {dagbag.py:545} INFO - Filling up the DagBag from /home/airflow/.local/lib/python3.12/site-packages/airflow/example_dags/example_display_name.py
[2024-11-13T08:01:49.125+0000] {processor.py:840} INFO - DAG(s) 'example_display_name' retrieved from /home/airflow/.local/lib/python3.12/site-packages/airflow/example_dags/example_display_name.py
[2024-11-13T08:01:49.134+0000] {logging_mixin.py:188} INFO - [2024-11-13T08:01:49.134+0000] {dag.py:3096} INFO - Sync 1 DAGs
[2024-11-13T08:01:49.139+0000] {logging_mixin.py:188} INFO - [2024-11-13T08:01:49.139+0000] {dag.py:3954} INFO - Setting next_dagrun for example_display_name to None, run_after=None
[2024-11-13T08:01:49.147+0000] {processor.py:183} INFO - Processing /home/airflow/.local/lib/python3.12/site-packages/airflow/example_dags/example_display_name.py took 0.030 seconds
[2024-11-13T08:02:19.239+0000] {processor.py:161} INFO - Started process (PID=363) to work on /home/airflow/.local/lib/python3.12/site-packages/airflow/example_dags/example_display_name.py
[2024-11-13T08:02:19.239+0000] {processor.py:830} INFO - Processing file /home/airflow/.local/lib/python3.12/site-packages/airflow/example_dags/example_display_name.py for tasks to queue
[2024-11-13T08:02:19.241+0000] {logging_mixin.py:188} INFO - [2024-11-13T08:02:19.240+0000] {dagbag.py:545} INFO - Filling up the DagBag from /home/airflow/.local/lib/python3.12/site-packages/airflow/example_dags/example_display_name.py
[2024-11-13T08:02:19.245+0000] {processor.py:840} INFO - DAG(s) 'example_display_name' retrieved from /home/airflow/.local/lib/python3.12/site-packages/airflow/example_dags/example_display_name.py
[2024-11-13T08:02:19.255+0000] {logging_mixin.py:188} INFO - [2024-11-13T08:02:19.255+0000] {dag.py:3096} INFO - Sync 1 DAGs
[2024-11-13T08:02:19.261+0000] {logging_mixin.py:188} INFO - [2024-11-13T08:02:19.261+0000] {dag.py:3954} INFO - Setting next_dagrun for example_display_name to None, run_after=None
[2024-11-13T08:02:19.271+0000] {processor.py:183} INFO - Processing /home/airflow/.local/lib/python3.12/site-packages/airflow/example_dags/example_display_name.py took 0.036 seconds
[2024-11-13T08:02:50.155+0000] {processor.py:161} INFO - Started process (PID=422) to work on /home/airflow/.local/lib/python3.12/site-packages/airflow/example_dags/example_display_name.py
[2024-11-13T08:02:50.156+0000] {processor.py:830} INFO - Processing file /home/airflow/.local/lib/python3.12/site-packages/airflow/example_dags/example_display_name.py for tasks to queue
[2024-11-13T08:02:50.157+0000] {logging_mixin.py:188} INFO - [2024-11-13T08:02:50.157+0000] {dagbag.py:545} INFO - Filling up the DagBag from /home/airflow/.local/lib/python3.12/site-packages/airflow/example_dags/example_display_name.py
[2024-11-13T08:02:50.161+0000] {processor.py:840} INFO - DAG(s) 'example_display_name' retrieved from /home/airflow/.local/lib/python3.12/site-packages/airflow/example_dags/example_display_name.py
[2024-11-13T08:02:50.172+0000] {logging_mixin.py:188} INFO - [2024-11-13T08:02:50.172+0000] {dag.py:3096} INFO - Sync 1 DAGs
[2024-11-13T08:02:50.181+0000] {logging_mixin.py:188} INFO - [2024-11-13T08:02:50.181+0000] {dag.py:3954} INFO - Setting next_dagrun for example_display_name to None, run_after=None
[2024-11-13T08:02:50.191+0000] {processor.py:183} INFO - Processing /home/airflow/.local/lib/python3.12/site-packages/airflow/example_dags/example_display_name.py took 0.038 seconds
[2024-11-13T08:03:21.012+0000] {processor.py:161} INFO - Started process (PID=481) to work on /home/airflow/.local/lib/python3.12/site-packages/airflow/example_dags/example_display_name.py
[2024-11-13T08:03:21.014+0000] {processor.py:830} INFO - Processing file /home/airflow/.local/lib/python3.12/site-packages/airflow/example_dags/example_display_name.py for tasks to queue
[2024-11-13T08:03:21.016+0000] {logging_mixin.py:188} INFO - [2024-11-13T08:03:21.016+0000] {dagbag.py:545} INFO - Filling up the DagBag from /home/airflow/.local/lib/python3.12/site-packages/airflow/example_dags/example_display_name.py
[2024-11-13T08:03:21.021+0000] {processor.py:840} INFO - DAG(s) 'example_display_name' retrieved from /home/airflow/.local/lib/python3.12/site-packages/airflow/example_dags/example_display_name.py
[2024-11-13T08:03:21.034+0000] {logging_mixin.py:188} INFO - [2024-11-13T08:03:21.033+0000] {dag.py:3096} INFO - Sync 1 DAGs
[2024-11-13T08:03:21.040+0000] {logging_mixin.py:188} INFO - [2024-11-13T08:03:21.039+0000] {dag.py:3954} INFO - Setting next_dagrun for example_display_name to None, run_after=None
[2024-11-13T08:03:21.048+0000] {processor.py:183} INFO - Processing /home/airflow/.local/lib/python3.12/site-packages/airflow/example_dags/example_display_name.py took 0.039 seconds
[2024-11-13T08:03:51.971+0000] {processor.py:161} INFO - Started process (PID=540) to work on /home/airflow/.local/lib/python3.12/site-packages/airflow/example_dags/example_display_name.py
[2024-11-13T08:03:51.974+0000] {processor.py:830} INFO - Processing file /home/airflow/.local/lib/python3.12/site-packages/airflow/example_dags/example_display_name.py for tasks to queue
[2024-11-13T08:03:51.975+0000] {logging_mixin.py:188} INFO - [2024-11-13T08:03:51.974+0000] {dagbag.py:545} INFO - Filling up the DagBag from /home/airflow/.local/lib/python3.12/site-packages/airflow/example_dags/example_display_name.py
[2024-11-13T08:03:51.978+0000] {processor.py:840} INFO - DAG(s) 'example_display_name' retrieved from /home/airflow/.local/lib/python3.12/site-packages/airflow/example_dags/example_display_name.py
[2024-11-13T08:03:51.989+0000] {logging_mixin.py:188} INFO - [2024-11-13T08:03:51.988+0000] {dag.py:3096} INFO - Sync 1 DAGs
[2024-11-13T08:03:51.995+0000] {logging_mixin.py:188} INFO - [2024-11-13T08:03:51.995+0000] {dag.py:3954} INFO - Setting next_dagrun for example_display_name to None, run_after=None
[2024-11-13T08:03:52.008+0000] {processor.py:183} INFO - Processing /home/airflow/.local/lib/python3.12/site-packages/airflow/example_dags/example_display_name.py took 0.040 seconds
[2024-11-13T08:04:22.826+0000] {processor.py:161} INFO - Started process (PID=599) to work on /home/airflow/.local/lib/python3.12/site-packages/airflow/example_dags/example_display_name.py
[2024-11-13T08:04:22.827+0000] {processor.py:830} INFO - Processing file /home/airflow/.local/lib/python3.12/site-packages/airflow/example_dags/example_display_name.py for tasks to queue
[2024-11-13T08:04:22.829+0000] {logging_mixin.py:188} INFO - [2024-11-13T08:04:22.828+0000] {dagbag.py:545} INFO - Filling up the DagBag from /home/airflow/.local/lib/python3.12/site-packages/airflow/example_dags/example_display_name.py
[2024-11-13T08:04:22.833+0000] {processor.py:840} INFO - DAG(s) 'example_display_name' retrieved from /home/airflow/.local/lib/python3.12/site-packages/airflow/example_dags/example_display_name.py
[2024-11-13T08:04:22.843+0000] {logging_mixin.py:188} INFO - [2024-11-13T08:04:22.843+0000] {dag.py:3096} INFO - Sync 1 DAGs
[2024-11-13T08:04:22.849+0000] {logging_mixin.py:188} INFO - [2024-11-13T08:04:22.849+0000] {dag.py:3954} INFO - Setting next_dagrun for example_display_name to None, run_after=None
[2024-11-13T08:04:22.861+0000] {processor.py:183} INFO - Processing /home/airflow/.local/lib/python3.12/site-packages/airflow/example_dags/example_display_name.py took 0.037 seconds
[2024-11-13T08:04:53.911+0000] {processor.py:161} INFO - Started process (PID=657) to work on /home/airflow/.local/lib/python3.12/site-packages/airflow/example_dags/example_display_name.py
[2024-11-13T08:04:53.911+0000] {processor.py:830} INFO - Processing file /home/airflow/.local/lib/python3.12/site-packages/airflow/example_dags/example_display_name.py for tasks to queue
[2024-11-13T08:04:53.912+0000] {logging_mixin.py:188} INFO - [2024-11-13T08:04:53.912+0000] {dagbag.py:545} INFO - Filling up the DagBag from /home/airflow/.local/lib/python3.12/site-packages/airflow/example_dags/example_display_name.py
[2024-11-13T08:04:53.916+0000] {processor.py:840} INFO - DAG(s) 'example_display_name' retrieved from /home/airflow/.local/lib/python3.12/site-packages/airflow/example_dags/example_display_name.py
[2024-11-13T08:04:53.928+0000] {logging_mixin.py:188} INFO - [2024-11-13T08:04:53.928+0000] {dag.py:3096} INFO - Sync 1 DAGs
[2024-11-13T08:04:53.934+0000] {logging_mixin.py:188} INFO - [2024-11-13T08:04:53.934+0000] {dag.py:3954} INFO - Setting next_dagrun for example_display_name to None, run_after=None
[2024-11-13T08:04:53.944+0000] {processor.py:183} INFO - Processing /home/airflow/.local/lib/python3.12/site-packages/airflow/example_dags/example_display_name.py took 0.036 seconds
[2024-11-13T08:05:24.025+0000] {processor.py:161} INFO - Started process (PID=716) to work on /home/airflow/.local/lib/python3.12/site-packages/airflow/example_dags/example_display_name.py
[2024-11-13T08:05:24.026+0000] {processor.py:830} INFO - Processing file /home/airflow/.local/lib/python3.12/site-packages/airflow/example_dags/example_display_name.py for tasks to queue
[2024-11-13T08:05:24.027+0000] {logging_mixin.py:188} INFO - [2024-11-13T08:05:24.027+0000] {dagbag.py:545} INFO - Filling up the DagBag from /home/airflow/.local/lib/python3.12/site-packages/airflow/example_dags/example_display_name.py
[2024-11-13T08:05:24.030+0000] {processor.py:840} INFO - DAG(s) 'example_display_name' retrieved from /home/airflow/.local/lib/python3.12/site-packages/airflow/example_dags/example_display_name.py
[2024-11-13T08:05:24.043+0000] {logging_mixin.py:188} INFO - [2024-11-13T08:05:24.043+0000] {dag.py:3096} INFO - Sync 1 DAGs
[2024-11-13T08:05:24.050+0000] {logging_mixin.py:188} INFO - [2024-11-13T08:05:24.050+0000] {dag.py:3954} INFO - Setting next_dagrun for example_display_name to None, run_after=None
[2024-11-13T08:05:24.060+0000] {processor.py:183} INFO - Processing /home/airflow/.local/lib/python3.12/site-packages/airflow/example_dags/example_display_name.py took 0.038 seconds
[2024-11-13T08:05:54.130+0000] {processor.py:161} INFO - Started process (PID=775) to work on /home/airflow/.local/lib/python3.12/site-packages/airflow/example_dags/example_display_name.py
[2024-11-13T08:05:54.131+0000] {processor.py:830} INFO - Processing file /home/airflow/.local/lib/python3.12/site-packages/airflow/example_dags/example_display_name.py for tasks to queue
[2024-11-13T08:05:54.132+0000] {logging_mixin.py:188} INFO - [2024-11-13T08:05:54.132+0000] {dagbag.py:545} INFO - Filling up the DagBag from /home/airflow/.local/lib/python3.12/site-packages/airflow/example_dags/example_display_name.py
[2024-11-13T08:05:54.136+0000] {processor.py:840} INFO - DAG(s) 'example_display_name' retrieved from /home/airflow/.local/lib/python3.12/site-packages/airflow/example_dags/example_display_name.py
[2024-11-13T08:05:54.147+0000] {logging_mixin.py:188} INFO - [2024-11-13T08:05:54.147+0000] {dag.py:3096} INFO - Sync 1 DAGs
[2024-11-13T08:05:54.153+0000] {logging_mixin.py:188} INFO - [2024-11-13T08:05:54.153+0000] {dag.py:3954} INFO - Setting next_dagrun for example_display_name to None, run_after=None
[2024-11-13T08:05:54.161+0000] {processor.py:183} INFO - Processing /home/airflow/.local/lib/python3.12/site-packages/airflow/example_dags/example_display_name.py took 0.034 seconds
[2024-11-13T08:06:25.148+0000] {processor.py:161} INFO - Started process (PID=834) to work on /home/airflow/.local/lib/python3.12/site-packages/airflow/example_dags/example_display_name.py
[2024-11-13T08:06:25.149+0000] {processor.py:830} INFO - Processing file /home/airflow/.local/lib/python3.12/site-packages/airflow/example_dags/example_display_name.py for tasks to queue
[2024-11-13T08:06:25.150+0000] {logging_mixin.py:188} INFO - [2024-11-13T08:06:25.150+0000] {dagbag.py:545} INFO - Filling up the DagBag from /home/airflow/.local/lib/python3.12/site-packages/airflow/example_dags/example_display_name.py
[2024-11-13T08:06:25.156+0000] {processor.py:840} INFO - DAG(s) 'example_display_name' retrieved from /home/airflow/.local/lib/python3.12/site-packages/airflow/example_dags/example_display_name.py
[2024-11-13T08:06:25.169+0000] {logging_mixin.py:188} INFO - [2024-11-13T08:06:25.169+0000] {dag.py:3096} INFO - Sync 1 DAGs
[2024-11-13T08:06:25.176+0000] {logging_mixin.py:188} INFO - [2024-11-13T08:06:25.176+0000] {dag.py:3954} INFO - Setting next_dagrun for example_display_name to None, run_after=None
[2024-11-13T08:06:25.189+0000] {processor.py:183} INFO - Processing /home/airflow/.local/lib/python3.12/site-packages/airflow/example_dags/example_display_name.py took 0.045 seconds
[2024-11-13T08:06:56.087+0000] {processor.py:161} INFO - Started process (PID=893) to work on /home/airflow/.local/lib/python3.12/site-packages/airflow/example_dags/example_display_name.py
[2024-11-13T08:06:56.087+0000] {processor.py:830} INFO - Processing file /home/airflow/.local/lib/python3.12/site-packages/airflow/example_dags/example_display_name.py for tasks to queue
[2024-11-13T08:06:56.088+0000] {logging_mixin.py:188} INFO - [2024-11-13T08:06:56.088+0000] {dagbag.py:545} INFO - Filling up the DagBag from /home/airflow/.local/lib/python3.12/site-packages/airflow/example_dags/example_display_name.py
[2024-11-13T08:06:56.092+0000] {processor.py:840} INFO - DAG(s) 'example_display_name' retrieved from /home/airflow/.local/lib/python3.12/site-packages/airflow/example_dags/example_display_name.py
[2024-11-13T08:06:56.104+0000] {logging_mixin.py:188} INFO - [2024-11-13T08:06:56.104+0000] {dag.py:3096} INFO - Sync 1 DAGs
[2024-11-13T08:06:56.111+0000] {logging_mixin.py:188} INFO - [2024-11-13T08:06:56.111+0000] {dag.py:3954} INFO - Setting next_dagrun for example_display_name to None, run_after=None
[2024-11-13T08:06:56.121+0000] {processor.py:183} INFO - Processing /home/airflow/.local/lib/python3.12/site-packages/airflow/example_dags/example_display_name.py took 0.038 seconds
