[2024-11-13T08:00:17.054+0000] {processor.py:161} INFO - Started process (PID=129) to work on /home/airflow/.local/lib/python3.12/site-packages/airflow/example_dags/example_complex.py
[2024-11-13T08:00:17.054+0000] {processor.py:830} INFO - Processing file /home/airflow/.local/lib/python3.12/site-packages/airflow/example_dags/example_complex.py for tasks to queue
[2024-11-13T08:00:17.057+0000] {logging_mixin.py:188} INFO - [2024-11-13T08:00:17.055+0000] {dagbag.py:545} INFO - Filling up the DagBag from /home/airflow/.local/lib/python3.12/site-packages/airflow/example_dags/example_complex.py
[2024-11-13T08:00:17.070+0000] {processor.py:840} INFO - DAG(s) 'example_complex' retrieved from /home/airflow/.local/lib/python3.12/site-packages/airflow/example_dags/example_complex.py
[2024-11-13T08:00:17.078+0000] {logging_mixin.py:188} INFO - [2024-11-13T08:00:17.078+0000] {dag.py:3096} INFO - Sync 1 DAGs
[2024-11-13T08:00:17.085+0000] {logging_mixin.py:188} INFO - [2024-11-13T08:00:17.085+0000] {dag.py:3954} INFO - Setting next_dagrun for example_complex to None, run_after=None
[2024-11-13T08:00:17.098+0000] {processor.py:183} INFO - Processing /home/airflow/.local/lib/python3.12/site-packages/airflow/example_dags/example_complex.py took 0.048 seconds
[2024-11-13T08:00:47.712+0000] {processor.py:161} INFO - Started process (PID=188) to work on /home/airflow/.local/lib/python3.12/site-packages/airflow/example_dags/example_complex.py
[2024-11-13T08:00:47.714+0000] {processor.py:830} INFO - Processing file /home/airflow/.local/lib/python3.12/site-packages/airflow/example_dags/example_complex.py for tasks to queue
[2024-11-13T08:00:47.715+0000] {logging_mixin.py:188} INFO - [2024-11-13T08:00:47.715+0000] {dagbag.py:545} INFO - Filling up the DagBag from /home/airflow/.local/lib/python3.12/site-packages/airflow/example_dags/example_complex.py
[2024-11-13T08:00:47.720+0000] {processor.py:840} INFO - DAG(s) 'example_complex' retrieved from /home/airflow/.local/lib/python3.12/site-packages/airflow/example_dags/example_complex.py
[2024-11-13T08:00:47.775+0000] {logging_mixin.py:188} INFO - [2024-11-13T08:00:47.775+0000] {dag.py:3096} INFO - Sync 1 DAGs
[2024-11-13T08:00:47.780+0000] {logging_mixin.py:188} INFO - [2024-11-13T08:00:47.780+0000] {dag.py:3954} INFO - Setting next_dagrun for example_complex to None, run_after=None
[2024-11-13T08:00:47.792+0000] {processor.py:183} INFO - Processing /home/airflow/.local/lib/python3.12/site-packages/airflow/example_dags/example_complex.py took 0.083 seconds
[2024-11-13T08:01:18.179+0000] {processor.py:161} INFO - Started process (PID=247) to work on /home/airflow/.local/lib/python3.12/site-packages/airflow/example_dags/example_complex.py
[2024-11-13T08:01:18.179+0000] {processor.py:830} INFO - Processing file /home/airflow/.local/lib/python3.12/site-packages/airflow/example_dags/example_complex.py for tasks to queue
[2024-11-13T08:01:18.180+0000] {logging_mixin.py:188} INFO - [2024-11-13T08:01:18.180+0000] {dagbag.py:545} INFO - Filling up the DagBag from /home/airflow/.local/lib/python3.12/site-packages/airflow/example_dags/example_complex.py
[2024-11-13T08:01:18.185+0000] {processor.py:840} INFO - DAG(s) 'example_complex' retrieved from /home/airflow/.local/lib/python3.12/site-packages/airflow/example_dags/example_complex.py
[2024-11-13T08:01:18.201+0000] {logging_mixin.py:188} INFO - [2024-11-13T08:01:18.201+0000] {dag.py:3096} INFO - Sync 1 DAGs
[2024-11-13T08:01:18.208+0000] {logging_mixin.py:188} INFO - [2024-11-13T08:01:18.208+0000] {dag.py:3954} INFO - Setting next_dagrun for example_complex to None, run_after=None
[2024-11-13T08:01:18.222+0000] {processor.py:183} INFO - Processing /home/airflow/.local/lib/python3.12/site-packages/airflow/example_dags/example_complex.py took 0.047 seconds
[2024-11-13T08:01:49.162+0000] {processor.py:161} INFO - Started process (PID=306) to work on /home/airflow/.local/lib/python3.12/site-packages/airflow/example_dags/example_complex.py
[2024-11-13T08:01:49.164+0000] {processor.py:830} INFO - Processing file /home/airflow/.local/lib/python3.12/site-packages/airflow/example_dags/example_complex.py for tasks to queue
[2024-11-13T08:01:49.165+0000] {logging_mixin.py:188} INFO - [2024-11-13T08:01:49.165+0000] {dagbag.py:545} INFO - Filling up the DagBag from /home/airflow/.local/lib/python3.12/site-packages/airflow/example_dags/example_complex.py
[2024-11-13T08:01:49.170+0000] {processor.py:840} INFO - DAG(s) 'example_complex' retrieved from /home/airflow/.local/lib/python3.12/site-packages/airflow/example_dags/example_complex.py
[2024-11-13T08:01:49.190+0000] {logging_mixin.py:188} INFO - [2024-11-13T08:01:49.190+0000] {dag.py:3096} INFO - Sync 1 DAGs
[2024-11-13T08:01:49.195+0000] {logging_mixin.py:188} INFO - [2024-11-13T08:01:49.195+0000] {dag.py:3954} INFO - Setting next_dagrun for example_complex to None, run_after=None
[2024-11-13T08:01:49.209+0000] {processor.py:183} INFO - Processing /home/airflow/.local/lib/python3.12/site-packages/airflow/example_dags/example_complex.py took 0.049 seconds
[2024-11-13T08:02:19.286+0000] {processor.py:161} INFO - Started process (PID=365) to work on /home/airflow/.local/lib/python3.12/site-packages/airflow/example_dags/example_complex.py
[2024-11-13T08:02:19.287+0000] {processor.py:830} INFO - Processing file /home/airflow/.local/lib/python3.12/site-packages/airflow/example_dags/example_complex.py for tasks to queue
[2024-11-13T08:02:19.288+0000] {logging_mixin.py:188} INFO - [2024-11-13T08:02:19.288+0000] {dagbag.py:545} INFO - Filling up the DagBag from /home/airflow/.local/lib/python3.12/site-packages/airflow/example_dags/example_complex.py
[2024-11-13T08:02:19.293+0000] {processor.py:840} INFO - DAG(s) 'example_complex' retrieved from /home/airflow/.local/lib/python3.12/site-packages/airflow/example_dags/example_complex.py
[2024-11-13T08:02:19.309+0000] {logging_mixin.py:188} INFO - [2024-11-13T08:02:19.308+0000] {dag.py:3096} INFO - Sync 1 DAGs
[2024-11-13T08:02:19.317+0000] {logging_mixin.py:188} INFO - [2024-11-13T08:02:19.317+0000] {dag.py:3954} INFO - Setting next_dagrun for example_complex to None, run_after=None
[2024-11-13T08:02:19.326+0000] {processor.py:183} INFO - Processing /home/airflow/.local/lib/python3.12/site-packages/airflow/example_dags/example_complex.py took 0.043 seconds
[2024-11-13T08:02:50.208+0000] {processor.py:161} INFO - Started process (PID=424) to work on /home/airflow/.local/lib/python3.12/site-packages/airflow/example_dags/example_complex.py
[2024-11-13T08:02:50.209+0000] {processor.py:830} INFO - Processing file /home/airflow/.local/lib/python3.12/site-packages/airflow/example_dags/example_complex.py for tasks to queue
[2024-11-13T08:02:50.211+0000] {logging_mixin.py:188} INFO - [2024-11-13T08:02:50.211+0000] {dagbag.py:545} INFO - Filling up the DagBag from /home/airflow/.local/lib/python3.12/site-packages/airflow/example_dags/example_complex.py
[2024-11-13T08:02:50.216+0000] {processor.py:840} INFO - DAG(s) 'example_complex' retrieved from /home/airflow/.local/lib/python3.12/site-packages/airflow/example_dags/example_complex.py
[2024-11-13T08:02:50.232+0000] {logging_mixin.py:188} INFO - [2024-11-13T08:02:50.232+0000] {dag.py:3096} INFO - Sync 1 DAGs
[2024-11-13T08:02:50.238+0000] {logging_mixin.py:188} INFO - [2024-11-13T08:02:50.238+0000] {dag.py:3954} INFO - Setting next_dagrun for example_complex to None, run_after=None
[2024-11-13T08:02:50.247+0000] {processor.py:183} INFO - Processing /home/airflow/.local/lib/python3.12/site-packages/airflow/example_dags/example_complex.py took 0.042 seconds
[2024-11-13T08:03:21.064+0000] {processor.py:161} INFO - Started process (PID=483) to work on /home/airflow/.local/lib/python3.12/site-packages/airflow/example_dags/example_complex.py
[2024-11-13T08:03:21.065+0000] {processor.py:830} INFO - Processing file /home/airflow/.local/lib/python3.12/site-packages/airflow/example_dags/example_complex.py for tasks to queue
[2024-11-13T08:03:21.066+0000] {logging_mixin.py:188} INFO - [2024-11-13T08:03:21.066+0000] {dagbag.py:545} INFO - Filling up the DagBag from /home/airflow/.local/lib/python3.12/site-packages/airflow/example_dags/example_complex.py
[2024-11-13T08:03:21.071+0000] {processor.py:840} INFO - DAG(s) 'example_complex' retrieved from /home/airflow/.local/lib/python3.12/site-packages/airflow/example_dags/example_complex.py
[2024-11-13T08:03:21.087+0000] {logging_mixin.py:188} INFO - [2024-11-13T08:03:21.087+0000] {dag.py:3096} INFO - Sync 1 DAGs
[2024-11-13T08:03:21.093+0000] {logging_mixin.py:188} INFO - [2024-11-13T08:03:21.093+0000] {dag.py:3954} INFO - Setting next_dagrun for example_complex to None, run_after=None
[2024-11-13T08:03:21.103+0000] {processor.py:183} INFO - Processing /home/airflow/.local/lib/python3.12/site-packages/airflow/example_dags/example_complex.py took 0.041 seconds
[2024-11-13T08:03:52.022+0000] {processor.py:161} INFO - Started process (PID=542) to work on /home/airflow/.local/lib/python3.12/site-packages/airflow/example_dags/example_complex.py
[2024-11-13T08:03:52.023+0000] {processor.py:830} INFO - Processing file /home/airflow/.local/lib/python3.12/site-packages/airflow/example_dags/example_complex.py for tasks to queue
[2024-11-13T08:03:52.025+0000] {logging_mixin.py:188} INFO - [2024-11-13T08:03:52.025+0000] {dagbag.py:545} INFO - Filling up the DagBag from /home/airflow/.local/lib/python3.12/site-packages/airflow/example_dags/example_complex.py
[2024-11-13T08:03:52.030+0000] {processor.py:840} INFO - DAG(s) 'example_complex' retrieved from /home/airflow/.local/lib/python3.12/site-packages/airflow/example_dags/example_complex.py
[2024-11-13T08:03:52.045+0000] {logging_mixin.py:188} INFO - [2024-11-13T08:03:52.045+0000] {dag.py:3096} INFO - Sync 1 DAGs
[2024-11-13T08:03:52.053+0000] {logging_mixin.py:188} INFO - [2024-11-13T08:03:52.053+0000] {dag.py:3954} INFO - Setting next_dagrun for example_complex to None, run_after=None
[2024-11-13T08:03:52.062+0000] {processor.py:183} INFO - Processing /home/airflow/.local/lib/python3.12/site-packages/airflow/example_dags/example_complex.py took 0.043 seconds
[2024-11-13T08:04:22.874+0000] {processor.py:161} INFO - Started process (PID=601) to work on /home/airflow/.local/lib/python3.12/site-packages/airflow/example_dags/example_complex.py
[2024-11-13T08:04:22.875+0000] {processor.py:830} INFO - Processing file /home/airflow/.local/lib/python3.12/site-packages/airflow/example_dags/example_complex.py for tasks to queue
[2024-11-13T08:04:22.876+0000] {logging_mixin.py:188} INFO - [2024-11-13T08:04:22.876+0000] {dagbag.py:545} INFO - Filling up the DagBag from /home/airflow/.local/lib/python3.12/site-packages/airflow/example_dags/example_complex.py
[2024-11-13T08:04:22.881+0000] {processor.py:840} INFO - DAG(s) 'example_complex' retrieved from /home/airflow/.local/lib/python3.12/site-packages/airflow/example_dags/example_complex.py
[2024-11-13T08:04:22.897+0000] {logging_mixin.py:188} INFO - [2024-11-13T08:04:22.897+0000] {dag.py:3096} INFO - Sync 1 DAGs
[2024-11-13T08:04:22.904+0000] {logging_mixin.py:188} INFO - [2024-11-13T08:04:22.904+0000] {dag.py:3954} INFO - Setting next_dagrun for example_complex to None, run_after=None
[2024-11-13T08:04:22.914+0000] {processor.py:183} INFO - Processing /home/airflow/.local/lib/python3.12/site-packages/airflow/example_dags/example_complex.py took 0.043 seconds
[2024-11-13T08:04:53.961+0000] {processor.py:161} INFO - Started process (PID=659) to work on /home/airflow/.local/lib/python3.12/site-packages/airflow/example_dags/example_complex.py
[2024-11-13T08:04:53.962+0000] {processor.py:830} INFO - Processing file /home/airflow/.local/lib/python3.12/site-packages/airflow/example_dags/example_complex.py for tasks to queue
[2024-11-13T08:04:53.963+0000] {logging_mixin.py:188} INFO - [2024-11-13T08:04:53.963+0000] {dagbag.py:545} INFO - Filling up the DagBag from /home/airflow/.local/lib/python3.12/site-packages/airflow/example_dags/example_complex.py
[2024-11-13T08:04:53.968+0000] {processor.py:840} INFO - DAG(s) 'example_complex' retrieved from /home/airflow/.local/lib/python3.12/site-packages/airflow/example_dags/example_complex.py
[2024-11-13T08:04:53.986+0000] {logging_mixin.py:188} INFO - [2024-11-13T08:04:53.986+0000] {dag.py:3096} INFO - Sync 1 DAGs
[2024-11-13T08:04:53.993+0000] {logging_mixin.py:188} INFO - [2024-11-13T08:04:53.993+0000] {dag.py:3954} INFO - Setting next_dagrun for example_complex to None, run_after=None
[2024-11-13T08:04:54.004+0000] {processor.py:183} INFO - Processing /home/airflow/.local/lib/python3.12/site-packages/airflow/example_dags/example_complex.py took 0.046 seconds
[2024-11-13T08:05:24.075+0000] {processor.py:161} INFO - Started process (PID=718) to work on /home/airflow/.local/lib/python3.12/site-packages/airflow/example_dags/example_complex.py
[2024-11-13T08:05:24.075+0000] {processor.py:830} INFO - Processing file /home/airflow/.local/lib/python3.12/site-packages/airflow/example_dags/example_complex.py for tasks to queue
[2024-11-13T08:05:24.077+0000] {logging_mixin.py:188} INFO - [2024-11-13T08:05:24.076+0000] {dagbag.py:545} INFO - Filling up the DagBag from /home/airflow/.local/lib/python3.12/site-packages/airflow/example_dags/example_complex.py
[2024-11-13T08:05:24.081+0000] {processor.py:840} INFO - DAG(s) 'example_complex' retrieved from /home/airflow/.local/lib/python3.12/site-packages/airflow/example_dags/example_complex.py
[2024-11-13T08:05:24.097+0000] {logging_mixin.py:188} INFO - [2024-11-13T08:05:24.097+0000] {dag.py:3096} INFO - Sync 1 DAGs
[2024-11-13T08:05:24.106+0000] {logging_mixin.py:188} INFO - [2024-11-13T08:05:24.106+0000] {dag.py:3954} INFO - Setting next_dagrun for example_complex to None, run_after=None
[2024-11-13T08:05:24.121+0000] {processor.py:183} INFO - Processing /home/airflow/.local/lib/python3.12/site-packages/airflow/example_dags/example_complex.py took 0.050 seconds
[2024-11-13T08:05:54.220+0000] {processor.py:161} INFO - Started process (PID=777) to work on /home/airflow/.local/lib/python3.12/site-packages/airflow/example_dags/example_complex.py
[2024-11-13T08:05:54.221+0000] {processor.py:830} INFO - Processing file /home/airflow/.local/lib/python3.12/site-packages/airflow/example_dags/example_complex.py for tasks to queue
[2024-11-13T08:05:54.222+0000] {logging_mixin.py:188} INFO - [2024-11-13T08:05:54.222+0000] {dagbag.py:545} INFO - Filling up the DagBag from /home/airflow/.local/lib/python3.12/site-packages/airflow/example_dags/example_complex.py
[2024-11-13T08:05:54.227+0000] {processor.py:840} INFO - DAG(s) 'example_complex' retrieved from /home/airflow/.local/lib/python3.12/site-packages/airflow/example_dags/example_complex.py
[2024-11-13T08:05:54.243+0000] {logging_mixin.py:188} INFO - [2024-11-13T08:05:54.242+0000] {dag.py:3096} INFO - Sync 1 DAGs
[2024-11-13T08:05:54.248+0000] {logging_mixin.py:188} INFO - [2024-11-13T08:05:54.248+0000] {dag.py:3954} INFO - Setting next_dagrun for example_complex to None, run_after=None
[2024-11-13T08:05:54.259+0000] {processor.py:183} INFO - Processing /home/airflow/.local/lib/python3.12/site-packages/airflow/example_dags/example_complex.py took 0.042 seconds
[2024-11-13T08:06:25.205+0000] {processor.py:161} INFO - Started process (PID=836) to work on /home/airflow/.local/lib/python3.12/site-packages/airflow/example_dags/example_complex.py
[2024-11-13T08:06:25.207+0000] {processor.py:830} INFO - Processing file /home/airflow/.local/lib/python3.12/site-packages/airflow/example_dags/example_complex.py for tasks to queue
[2024-11-13T08:06:25.208+0000] {logging_mixin.py:188} INFO - [2024-11-13T08:06:25.208+0000] {dagbag.py:545} INFO - Filling up the DagBag from /home/airflow/.local/lib/python3.12/site-packages/airflow/example_dags/example_complex.py
[2024-11-13T08:06:25.213+0000] {processor.py:840} INFO - DAG(s) 'example_complex' retrieved from /home/airflow/.local/lib/python3.12/site-packages/airflow/example_dags/example_complex.py
[2024-11-13T08:06:25.230+0000] {logging_mixin.py:188} INFO - [2024-11-13T08:06:25.230+0000] {dag.py:3096} INFO - Sync 1 DAGs
[2024-11-13T08:06:25.236+0000] {logging_mixin.py:188} INFO - [2024-11-13T08:06:25.236+0000] {dag.py:3954} INFO - Setting next_dagrun for example_complex to None, run_after=None
[2024-11-13T08:06:25.249+0000] {processor.py:183} INFO - Processing /home/airflow/.local/lib/python3.12/site-packages/airflow/example_dags/example_complex.py took 0.047 seconds
[2024-11-13T08:06:56.136+0000] {processor.py:161} INFO - Started process (PID=895) to work on /home/airflow/.local/lib/python3.12/site-packages/airflow/example_dags/example_complex.py
[2024-11-13T08:06:56.139+0000] {processor.py:830} INFO - Processing file /home/airflow/.local/lib/python3.12/site-packages/airflow/example_dags/example_complex.py for tasks to queue
[2024-11-13T08:06:56.141+0000] {logging_mixin.py:188} INFO - [2024-11-13T08:06:56.141+0000] {dagbag.py:545} INFO - Filling up the DagBag from /home/airflow/.local/lib/python3.12/site-packages/airflow/example_dags/example_complex.py
[2024-11-13T08:06:56.146+0000] {processor.py:840} INFO - DAG(s) 'example_complex' retrieved from /home/airflow/.local/lib/python3.12/site-packages/airflow/example_dags/example_complex.py
[2024-11-13T08:06:56.162+0000] {logging_mixin.py:188} INFO - [2024-11-13T08:06:56.162+0000] {dag.py:3096} INFO - Sync 1 DAGs
[2024-11-13T08:06:56.168+0000] {logging_mixin.py:188} INFO - [2024-11-13T08:06:56.168+0000] {dag.py:3954} INFO - Setting next_dagrun for example_complex to None, run_after=None
[2024-11-13T08:06:56.177+0000] {processor.py:183} INFO - Processing /home/airflow/.local/lib/python3.12/site-packages/airflow/example_dags/example_complex.py took 0.044 seconds
