[2024-11-13T08:00:17.062+0000] {processor.py:161} INFO - Started process (PID=130) to work on /home/airflow/.local/lib/python3.12/site-packages/airflow/example_dags/example_short_circuit_operator.py
[2024-11-13T08:00:17.066+0000] {processor.py:830} INFO - Processing file /home/airflow/.local/lib/python3.12/site-packages/airflow/example_dags/example_short_circuit_operator.py for tasks to queue
[2024-11-13T08:00:17.067+0000] {logging_mixin.py:188} INFO - [2024-11-13T08:00:17.067+0000] {dagbag.py:545} INFO - Filling up the DagBag from /home/airflow/.local/lib/python3.12/site-packages/airflow/example_dags/example_short_circuit_operator.py
[2024-11-13T08:00:17.072+0000] {processor.py:840} INFO - DAG(s) 'example_short_circuit_operator' retrieved from /home/airflow/.local/lib/python3.12/site-packages/airflow/example_dags/example_short_circuit_operator.py
[2024-11-13T08:00:17.079+0000] {logging_mixin.py:188} INFO - [2024-11-13T08:00:17.079+0000] {dag.py:3096} INFO - Sync 1 DAGs
[2024-11-13T08:00:17.093+0000] {logging_mixin.py:188} INFO - [2024-11-13T08:00:17.092+0000] {dag.py:3954} INFO - Setting next_dagrun for example_short_circuit_operator to 2024-11-12 00:00:00+00:00, run_after=2024-11-13 00:00:00+00:00
[2024-11-13T08:00:17.104+0000] {processor.py:183} INFO - Processing /home/airflow/.local/lib/python3.12/site-packages/airflow/example_dags/example_short_circuit_operator.py took 0.047 seconds
[2024-11-13T08:00:47.800+0000] {processor.py:161} INFO - Started process (PID=189) to work on /home/airflow/.local/lib/python3.12/site-packages/airflow/example_dags/example_short_circuit_operator.py
[2024-11-13T08:00:47.800+0000] {processor.py:830} INFO - Processing file /home/airflow/.local/lib/python3.12/site-packages/airflow/example_dags/example_short_circuit_operator.py for tasks to queue
[2024-11-13T08:00:47.801+0000] {logging_mixin.py:188} INFO - [2024-11-13T08:00:47.801+0000] {dagbag.py:545} INFO - Filling up the DagBag from /home/airflow/.local/lib/python3.12/site-packages/airflow/example_dags/example_short_circuit_operator.py
[2024-11-13T08:00:47.805+0000] {processor.py:840} INFO - DAG(s) 'example_short_circuit_operator' retrieved from /home/airflow/.local/lib/python3.12/site-packages/airflow/example_dags/example_short_circuit_operator.py
[2024-11-13T08:00:47.857+0000] {logging_mixin.py:188} INFO - [2024-11-13T08:00:47.856+0000] {dag.py:3096} INFO - Sync 1 DAGs
[2024-11-13T08:00:47.869+0000] {logging_mixin.py:188} INFO - [2024-11-13T08:00:47.869+0000] {dag.py:3954} INFO - Setting next_dagrun for example_short_circuit_operator to 2024-11-12 00:00:00+00:00, run_after=2024-11-13 00:00:00+00:00
[2024-11-13T08:00:47.880+0000] {processor.py:183} INFO - Processing /home/airflow/.local/lib/python3.12/site-packages/airflow/example_dags/example_short_circuit_operator.py took 0.083 seconds
[2024-11-13T08:01:18.231+0000] {processor.py:161} INFO - Started process (PID=248) to work on /home/airflow/.local/lib/python3.12/site-packages/airflow/example_dags/example_short_circuit_operator.py
[2024-11-13T08:01:18.232+0000] {processor.py:830} INFO - Processing file /home/airflow/.local/lib/python3.12/site-packages/airflow/example_dags/example_short_circuit_operator.py for tasks to queue
[2024-11-13T08:01:18.233+0000] {logging_mixin.py:188} INFO - [2024-11-13T08:01:18.232+0000] {dagbag.py:545} INFO - Filling up the DagBag from /home/airflow/.local/lib/python3.12/site-packages/airflow/example_dags/example_short_circuit_operator.py
[2024-11-13T08:01:18.236+0000] {processor.py:840} INFO - DAG(s) 'example_short_circuit_operator' retrieved from /home/airflow/.local/lib/python3.12/site-packages/airflow/example_dags/example_short_circuit_operator.py
[2024-11-13T08:01:18.247+0000] {logging_mixin.py:188} INFO - [2024-11-13T08:01:18.247+0000] {dag.py:3096} INFO - Sync 1 DAGs
[2024-11-13T08:01:18.257+0000] {logging_mixin.py:188} INFO - [2024-11-13T08:01:18.256+0000] {dag.py:3954} INFO - Setting next_dagrun for example_short_circuit_operator to 2024-11-12 00:00:00+00:00, run_after=2024-11-13 00:00:00+00:00
[2024-11-13T08:01:18.264+0000] {processor.py:183} INFO - Processing /home/airflow/.local/lib/python3.12/site-packages/airflow/example_dags/example_short_circuit_operator.py took 0.036 seconds
[2024-11-13T08:01:49.219+0000] {processor.py:161} INFO - Started process (PID=307) to work on /home/airflow/.local/lib/python3.12/site-packages/airflow/example_dags/example_short_circuit_operator.py
[2024-11-13T08:01:49.220+0000] {processor.py:830} INFO - Processing file /home/airflow/.local/lib/python3.12/site-packages/airflow/example_dags/example_short_circuit_operator.py for tasks to queue
[2024-11-13T08:01:49.223+0000] {logging_mixin.py:188} INFO - [2024-11-13T08:01:49.223+0000] {dagbag.py:545} INFO - Filling up the DagBag from /home/airflow/.local/lib/python3.12/site-packages/airflow/example_dags/example_short_circuit_operator.py
[2024-11-13T08:01:49.229+0000] {processor.py:840} INFO - DAG(s) 'example_short_circuit_operator' retrieved from /home/airflow/.local/lib/python3.12/site-packages/airflow/example_dags/example_short_circuit_operator.py
[2024-11-13T08:01:49.247+0000] {logging_mixin.py:188} INFO - [2024-11-13T08:01:49.247+0000] {dag.py:3096} INFO - Sync 1 DAGs
[2024-11-13T08:01:49.264+0000] {logging_mixin.py:188} INFO - [2024-11-13T08:01:49.263+0000] {dag.py:3954} INFO - Setting next_dagrun for example_short_circuit_operator to 2024-11-12 00:00:00+00:00, run_after=2024-11-13 00:00:00+00:00
[2024-11-13T08:01:49.276+0000] {processor.py:183} INFO - Processing /home/airflow/.local/lib/python3.12/site-packages/airflow/example_dags/example_short_circuit_operator.py took 0.063 seconds
[2024-11-13T08:02:19.309+0000] {processor.py:161} INFO - Started process (PID=366) to work on /home/airflow/.local/lib/python3.12/site-packages/airflow/example_dags/example_short_circuit_operator.py
[2024-11-13T08:02:19.310+0000] {processor.py:830} INFO - Processing file /home/airflow/.local/lib/python3.12/site-packages/airflow/example_dags/example_short_circuit_operator.py for tasks to queue
[2024-11-13T08:02:19.312+0000] {logging_mixin.py:188} INFO - [2024-11-13T08:02:19.311+0000] {dagbag.py:545} INFO - Filling up the DagBag from /home/airflow/.local/lib/python3.12/site-packages/airflow/example_dags/example_short_circuit_operator.py
[2024-11-13T08:02:19.315+0000] {processor.py:840} INFO - DAG(s) 'example_short_circuit_operator' retrieved from /home/airflow/.local/lib/python3.12/site-packages/airflow/example_dags/example_short_circuit_operator.py
[2024-11-13T08:02:19.328+0000] {logging_mixin.py:188} INFO - [2024-11-13T08:02:19.328+0000] {dag.py:3096} INFO - Sync 1 DAGs
[2024-11-13T08:02:19.340+0000] {logging_mixin.py:188} INFO - [2024-11-13T08:02:19.340+0000] {dag.py:3954} INFO - Setting next_dagrun for example_short_circuit_operator to 2024-11-12 00:00:00+00:00, run_after=2024-11-13 00:00:00+00:00
[2024-11-13T08:02:19.348+0000] {processor.py:183} INFO - Processing /home/airflow/.local/lib/python3.12/site-packages/airflow/example_dags/example_short_circuit_operator.py took 0.043 seconds
[2024-11-13T08:02:50.240+0000] {processor.py:161} INFO - Started process (PID=425) to work on /home/airflow/.local/lib/python3.12/site-packages/airflow/example_dags/example_short_circuit_operator.py
[2024-11-13T08:02:50.242+0000] {processor.py:830} INFO - Processing file /home/airflow/.local/lib/python3.12/site-packages/airflow/example_dags/example_short_circuit_operator.py for tasks to queue
[2024-11-13T08:02:50.243+0000] {logging_mixin.py:188} INFO - [2024-11-13T08:02:50.243+0000] {dagbag.py:545} INFO - Filling up the DagBag from /home/airflow/.local/lib/python3.12/site-packages/airflow/example_dags/example_short_circuit_operator.py
[2024-11-13T08:02:50.247+0000] {processor.py:840} INFO - DAG(s) 'example_short_circuit_operator' retrieved from /home/airflow/.local/lib/python3.12/site-packages/airflow/example_dags/example_short_circuit_operator.py
[2024-11-13T08:02:50.259+0000] {logging_mixin.py:188} INFO - [2024-11-13T08:02:50.259+0000] {dag.py:3096} INFO - Sync 1 DAGs
[2024-11-13T08:02:50.270+0000] {logging_mixin.py:188} INFO - [2024-11-13T08:02:50.270+0000] {dag.py:3954} INFO - Setting next_dagrun for example_short_circuit_operator to 2024-11-12 00:00:00+00:00, run_after=2024-11-13 00:00:00+00:00
[2024-11-13T08:02:50.281+0000] {processor.py:183} INFO - Processing /home/airflow/.local/lib/python3.12/site-packages/airflow/example_dags/example_short_circuit_operator.py took 0.044 seconds
[2024-11-13T08:03:21.097+0000] {processor.py:161} INFO - Started process (PID=484) to work on /home/airflow/.local/lib/python3.12/site-packages/airflow/example_dags/example_short_circuit_operator.py
[2024-11-13T08:03:21.098+0000] {processor.py:830} INFO - Processing file /home/airflow/.local/lib/python3.12/site-packages/airflow/example_dags/example_short_circuit_operator.py for tasks to queue
[2024-11-13T08:03:21.099+0000] {logging_mixin.py:188} INFO - [2024-11-13T08:03:21.099+0000] {dagbag.py:545} INFO - Filling up the DagBag from /home/airflow/.local/lib/python3.12/site-packages/airflow/example_dags/example_short_circuit_operator.py
[2024-11-13T08:03:21.103+0000] {processor.py:840} INFO - DAG(s) 'example_short_circuit_operator' retrieved from /home/airflow/.local/lib/python3.12/site-packages/airflow/example_dags/example_short_circuit_operator.py
[2024-11-13T08:03:21.115+0000] {logging_mixin.py:188} INFO - [2024-11-13T08:03:21.114+0000] {dag.py:3096} INFO - Sync 1 DAGs
[2024-11-13T08:03:21.126+0000] {logging_mixin.py:188} INFO - [2024-11-13T08:03:21.126+0000] {dag.py:3954} INFO - Setting next_dagrun for example_short_circuit_operator to 2024-11-12 00:00:00+00:00, run_after=2024-11-13 00:00:00+00:00
[2024-11-13T08:03:21.136+0000] {processor.py:183} INFO - Processing /home/airflow/.local/lib/python3.12/site-packages/airflow/example_dags/example_short_circuit_operator.py took 0.042 seconds
[2024-11-13T08:03:52.045+0000] {processor.py:161} INFO - Started process (PID=543) to work on /home/airflow/.local/lib/python3.12/site-packages/airflow/example_dags/example_short_circuit_operator.py
[2024-11-13T08:03:52.046+0000] {processor.py:830} INFO - Processing file /home/airflow/.local/lib/python3.12/site-packages/airflow/example_dags/example_short_circuit_operator.py for tasks to queue
[2024-11-13T08:03:52.048+0000] {logging_mixin.py:188} INFO - [2024-11-13T08:03:52.048+0000] {dagbag.py:545} INFO - Filling up the DagBag from /home/airflow/.local/lib/python3.12/site-packages/airflow/example_dags/example_short_circuit_operator.py
[2024-11-13T08:03:52.052+0000] {processor.py:840} INFO - DAG(s) 'example_short_circuit_operator' retrieved from /home/airflow/.local/lib/python3.12/site-packages/airflow/example_dags/example_short_circuit_operator.py
[2024-11-13T08:03:52.064+0000] {logging_mixin.py:188} INFO - [2024-11-13T08:03:52.064+0000] {dag.py:3096} INFO - Sync 1 DAGs
[2024-11-13T08:03:52.076+0000] {logging_mixin.py:188} INFO - [2024-11-13T08:03:52.076+0000] {dag.py:3954} INFO - Setting next_dagrun for example_short_circuit_operator to 2024-11-12 00:00:00+00:00, run_after=2024-11-13 00:00:00+00:00
[2024-11-13T08:03:52.085+0000] {processor.py:183} INFO - Processing /home/airflow/.local/lib/python3.12/site-packages/airflow/example_dags/example_short_circuit_operator.py took 0.043 seconds
[2024-11-13T08:04:22.898+0000] {processor.py:161} INFO - Started process (PID=602) to work on /home/airflow/.local/lib/python3.12/site-packages/airflow/example_dags/example_short_circuit_operator.py
[2024-11-13T08:04:22.898+0000] {processor.py:830} INFO - Processing file /home/airflow/.local/lib/python3.12/site-packages/airflow/example_dags/example_short_circuit_operator.py for tasks to queue
[2024-11-13T08:04:22.899+0000] {logging_mixin.py:188} INFO - [2024-11-13T08:04:22.899+0000] {dagbag.py:545} INFO - Filling up the DagBag from /home/airflow/.local/lib/python3.12/site-packages/airflow/example_dags/example_short_circuit_operator.py
[2024-11-13T08:04:22.903+0000] {processor.py:840} INFO - DAG(s) 'example_short_circuit_operator' retrieved from /home/airflow/.local/lib/python3.12/site-packages/airflow/example_dags/example_short_circuit_operator.py
[2024-11-13T08:04:22.915+0000] {logging_mixin.py:188} INFO - [2024-11-13T08:04:22.914+0000] {dag.py:3096} INFO - Sync 1 DAGs
[2024-11-13T08:04:22.928+0000] {logging_mixin.py:188} INFO - [2024-11-13T08:04:22.928+0000] {dag.py:3954} INFO - Setting next_dagrun for example_short_circuit_operator to 2024-11-12 00:00:00+00:00, run_after=2024-11-13 00:00:00+00:00
[2024-11-13T08:04:22.940+0000] {processor.py:183} INFO - Processing /home/airflow/.local/lib/python3.12/site-packages/airflow/example_dags/example_short_circuit_operator.py took 0.046 seconds
[2024-11-13T08:04:54.013+0000] {processor.py:161} INFO - Started process (PID=660) to work on /home/airflow/.local/lib/python3.12/site-packages/airflow/example_dags/example_short_circuit_operator.py
[2024-11-13T08:04:54.014+0000] {processor.py:830} INFO - Processing file /home/airflow/.local/lib/python3.12/site-packages/airflow/example_dags/example_short_circuit_operator.py for tasks to queue
[2024-11-13T08:04:54.015+0000] {logging_mixin.py:188} INFO - [2024-11-13T08:04:54.015+0000] {dagbag.py:545} INFO - Filling up the DagBag from /home/airflow/.local/lib/python3.12/site-packages/airflow/example_dags/example_short_circuit_operator.py
[2024-11-13T08:04:54.019+0000] {processor.py:840} INFO - DAG(s) 'example_short_circuit_operator' retrieved from /home/airflow/.local/lib/python3.12/site-packages/airflow/example_dags/example_short_circuit_operator.py
[2024-11-13T08:04:54.032+0000] {logging_mixin.py:188} INFO - [2024-11-13T08:04:54.031+0000] {dag.py:3096} INFO - Sync 1 DAGs
[2024-11-13T08:04:54.043+0000] {logging_mixin.py:188} INFO - [2024-11-13T08:04:54.042+0000] {dag.py:3954} INFO - Setting next_dagrun for example_short_circuit_operator to 2024-11-12 00:00:00+00:00, run_after=2024-11-13 00:00:00+00:00
[2024-11-13T08:04:54.052+0000] {processor.py:183} INFO - Processing /home/airflow/.local/lib/python3.12/site-packages/airflow/example_dags/example_short_circuit_operator.py took 0.042 seconds
[2024-11-13T08:05:24.094+0000] {processor.py:161} INFO - Started process (PID=719) to work on /home/airflow/.local/lib/python3.12/site-packages/airflow/example_dags/example_short_circuit_operator.py
[2024-11-13T08:05:24.095+0000] {processor.py:830} INFO - Processing file /home/airflow/.local/lib/python3.12/site-packages/airflow/example_dags/example_short_circuit_operator.py for tasks to queue
[2024-11-13T08:05:24.097+0000] {logging_mixin.py:188} INFO - [2024-11-13T08:05:24.097+0000] {dagbag.py:545} INFO - Filling up the DagBag from /home/airflow/.local/lib/python3.12/site-packages/airflow/example_dags/example_short_circuit_operator.py
[2024-11-13T08:05:24.101+0000] {processor.py:840} INFO - DAG(s) 'example_short_circuit_operator' retrieved from /home/airflow/.local/lib/python3.12/site-packages/airflow/example_dags/example_short_circuit_operator.py
[2024-11-13T08:05:24.116+0000] {logging_mixin.py:188} INFO - [2024-11-13T08:05:24.115+0000] {dag.py:3096} INFO - Sync 1 DAGs
[2024-11-13T08:05:24.126+0000] {logging_mixin.py:188} INFO - [2024-11-13T08:05:24.126+0000] {dag.py:3954} INFO - Setting next_dagrun for example_short_circuit_operator to 2024-11-12 00:00:00+00:00, run_after=2024-11-13 00:00:00+00:00
[2024-11-13T08:05:24.134+0000] {processor.py:183} INFO - Processing /home/airflow/.local/lib/python3.12/site-packages/airflow/example_dags/example_short_circuit_operator.py took 0.043 seconds
[2024-11-13T08:05:54.223+0000] {processor.py:161} INFO - Started process (PID=778) to work on /home/airflow/.local/lib/python3.12/site-packages/airflow/example_dags/example_short_circuit_operator.py
[2024-11-13T08:05:54.225+0000] {processor.py:830} INFO - Processing file /home/airflow/.local/lib/python3.12/site-packages/airflow/example_dags/example_short_circuit_operator.py for tasks to queue
[2024-11-13T08:05:54.226+0000] {logging_mixin.py:188} INFO - [2024-11-13T08:05:54.226+0000] {dagbag.py:545} INFO - Filling up the DagBag from /home/airflow/.local/lib/python3.12/site-packages/airflow/example_dags/example_short_circuit_operator.py
[2024-11-13T08:05:54.230+0000] {processor.py:840} INFO - DAG(s) 'example_short_circuit_operator' retrieved from /home/airflow/.local/lib/python3.12/site-packages/airflow/example_dags/example_short_circuit_operator.py
[2024-11-13T08:05:54.243+0000] {logging_mixin.py:188} INFO - [2024-11-13T08:05:54.243+0000] {dag.py:3096} INFO - Sync 1 DAGs
[2024-11-13T08:05:54.256+0000] {logging_mixin.py:188} INFO - [2024-11-13T08:05:54.256+0000] {dag.py:3954} INFO - Setting next_dagrun for example_short_circuit_operator to 2024-11-12 00:00:00+00:00, run_after=2024-11-13 00:00:00+00:00
[2024-11-13T08:05:54.267+0000] {processor.py:183} INFO - Processing /home/airflow/.local/lib/python3.12/site-packages/airflow/example_dags/example_short_circuit_operator.py took 0.046 seconds
[2024-11-13T08:06:25.226+0000] {processor.py:161} INFO - Started process (PID=837) to work on /home/airflow/.local/lib/python3.12/site-packages/airflow/example_dags/example_short_circuit_operator.py
[2024-11-13T08:06:25.227+0000] {processor.py:830} INFO - Processing file /home/airflow/.local/lib/python3.12/site-packages/airflow/example_dags/example_short_circuit_operator.py for tasks to queue
[2024-11-13T08:06:25.229+0000] {logging_mixin.py:188} INFO - [2024-11-13T08:06:25.228+0000] {dagbag.py:545} INFO - Filling up the DagBag from /home/airflow/.local/lib/python3.12/site-packages/airflow/example_dags/example_short_circuit_operator.py
[2024-11-13T08:06:25.233+0000] {processor.py:840} INFO - DAG(s) 'example_short_circuit_operator' retrieved from /home/airflow/.local/lib/python3.12/site-packages/airflow/example_dags/example_short_circuit_operator.py
[2024-11-13T08:06:25.252+0000] {logging_mixin.py:188} INFO - [2024-11-13T08:06:25.252+0000] {dag.py:3096} INFO - Sync 1 DAGs
[2024-11-13T08:06:25.264+0000] {logging_mixin.py:188} INFO - [2024-11-13T08:06:25.264+0000] {dag.py:3954} INFO - Setting next_dagrun for example_short_circuit_operator to 2024-11-12 00:00:00+00:00, run_after=2024-11-13 00:00:00+00:00
[2024-11-13T08:06:25.277+0000] {processor.py:183} INFO - Processing /home/airflow/.local/lib/python3.12/site-packages/airflow/example_dags/example_short_circuit_operator.py took 0.054 seconds
[2024-11-13T08:06:56.152+0000] {processor.py:161} INFO - Started process (PID=896) to work on /home/airflow/.local/lib/python3.12/site-packages/airflow/example_dags/example_short_circuit_operator.py
[2024-11-13T08:06:56.153+0000] {processor.py:830} INFO - Processing file /home/airflow/.local/lib/python3.12/site-packages/airflow/example_dags/example_short_circuit_operator.py for tasks to queue
[2024-11-13T08:06:56.154+0000] {logging_mixin.py:188} INFO - [2024-11-13T08:06:56.154+0000] {dagbag.py:545} INFO - Filling up the DagBag from /home/airflow/.local/lib/python3.12/site-packages/airflow/example_dags/example_short_circuit_operator.py
[2024-11-13T08:06:56.158+0000] {processor.py:840} INFO - DAG(s) 'example_short_circuit_operator' retrieved from /home/airflow/.local/lib/python3.12/site-packages/airflow/example_dags/example_short_circuit_operator.py
[2024-11-13T08:06:56.169+0000] {logging_mixin.py:188} INFO - [2024-11-13T08:06:56.169+0000] {dag.py:3096} INFO - Sync 1 DAGs
[2024-11-13T08:06:56.182+0000] {logging_mixin.py:188} INFO - [2024-11-13T08:06:56.181+0000] {dag.py:3954} INFO - Setting next_dagrun for example_short_circuit_operator to 2024-11-12 00:00:00+00:00, run_after=2024-11-13 00:00:00+00:00
[2024-11-13T08:06:56.190+0000] {processor.py:183} INFO - Processing /home/airflow/.local/lib/python3.12/site-packages/airflow/example_dags/example_short_circuit_operator.py took 0.041 seconds
