[2024-11-13T08:00:17.245+0000] {processor.py:161} INFO - Started process (PID=136) to work on /home/airflow/.local/lib/python3.12/site-packages/airflow/example_dags/example_task_group.py
[2024-11-13T08:00:17.248+0000] {processor.py:830} INFO - Processing file /home/airflow/.local/lib/python3.12/site-packages/airflow/example_dags/example_task_group.py for tasks to queue
[2024-11-13T08:00:17.250+0000] {logging_mixin.py:188} INFO - [2024-11-13T08:00:17.250+0000] {dagbag.py:545} INFO - Filling up the DagBag from /home/airflow/.local/lib/python3.12/site-packages/airflow/example_dags/example_task_group.py
[2024-11-13T08:00:17.255+0000] {processor.py:840} INFO - DAG(s) 'example_task_group' retrieved from /home/airflow/.local/lib/python3.12/site-packages/airflow/example_dags/example_task_group.py
[2024-11-13T08:00:17.262+0000] {logging_mixin.py:188} INFO - [2024-11-13T08:00:17.262+0000] {dag.py:3096} INFO - Sync 1 DAGs
[2024-11-13T08:00:17.274+0000] {logging_mixin.py:188} INFO - [2024-11-13T08:00:17.274+0000] {dag.py:3954} INFO - Setting next_dagrun for example_task_group to 2024-11-12 00:00:00+00:00, run_after=2024-11-13 00:00:00+00:00
[2024-11-13T08:00:17.285+0000] {processor.py:183} INFO - Processing /home/airflow/.local/lib/python3.12/site-packages/airflow/example_dags/example_task_group.py took 0.044 seconds
[2024-11-13T08:00:48.176+0000] {processor.py:161} INFO - Started process (PID=195) to work on /home/airflow/.local/lib/python3.12/site-packages/airflow/example_dags/example_task_group.py
[2024-11-13T08:00:48.176+0000] {processor.py:830} INFO - Processing file /home/airflow/.local/lib/python3.12/site-packages/airflow/example_dags/example_task_group.py for tasks to queue
[2024-11-13T08:00:48.178+0000] {logging_mixin.py:188} INFO - [2024-11-13T08:00:48.177+0000] {dagbag.py:545} INFO - Filling up the DagBag from /home/airflow/.local/lib/python3.12/site-packages/airflow/example_dags/example_task_group.py
[2024-11-13T08:00:48.182+0000] {processor.py:840} INFO - DAG(s) 'example_task_group' retrieved from /home/airflow/.local/lib/python3.12/site-packages/airflow/example_dags/example_task_group.py
[2024-11-13T08:00:48.230+0000] {logging_mixin.py:188} INFO - [2024-11-13T08:00:48.230+0000] {dag.py:3096} INFO - Sync 1 DAGs
[2024-11-13T08:00:48.241+0000] {logging_mixin.py:188} INFO - [2024-11-13T08:00:48.241+0000] {dag.py:3954} INFO - Setting next_dagrun for example_task_group to 2024-11-12 00:00:00+00:00, run_after=2024-11-13 00:00:00+00:00
[2024-11-13T08:00:48.253+0000] {processor.py:183} INFO - Processing /home/airflow/.local/lib/python3.12/site-packages/airflow/example_dags/example_task_group.py took 0.081 seconds
[2024-11-13T08:01:18.399+0000] {processor.py:161} INFO - Started process (PID=254) to work on /home/airflow/.local/lib/python3.12/site-packages/airflow/example_dags/example_task_group.py
[2024-11-13T08:01:18.399+0000] {processor.py:830} INFO - Processing file /home/airflow/.local/lib/python3.12/site-packages/airflow/example_dags/example_task_group.py for tasks to queue
[2024-11-13T08:01:18.400+0000] {logging_mixin.py:188} INFO - [2024-11-13T08:01:18.400+0000] {dagbag.py:545} INFO - Filling up the DagBag from /home/airflow/.local/lib/python3.12/site-packages/airflow/example_dags/example_task_group.py
[2024-11-13T08:01:18.404+0000] {processor.py:840} INFO - DAG(s) 'example_task_group' retrieved from /home/airflow/.local/lib/python3.12/site-packages/airflow/example_dags/example_task_group.py
[2024-11-13T08:01:18.414+0000] {logging_mixin.py:188} INFO - [2024-11-13T08:01:18.414+0000] {dag.py:3096} INFO - Sync 1 DAGs
[2024-11-13T08:01:18.426+0000] {logging_mixin.py:188} INFO - [2024-11-13T08:01:18.425+0000] {dag.py:3954} INFO - Setting next_dagrun for example_task_group to 2024-11-12 00:00:00+00:00, run_after=2024-11-13 00:00:00+00:00
[2024-11-13T08:01:18.438+0000] {processor.py:183} INFO - Processing /home/airflow/.local/lib/python3.12/site-packages/airflow/example_dags/example_task_group.py took 0.042 seconds
[2024-11-13T08:01:49.481+0000] {processor.py:161} INFO - Started process (PID=313) to work on /home/airflow/.local/lib/python3.12/site-packages/airflow/example_dags/example_task_group.py
[2024-11-13T08:01:49.482+0000] {processor.py:830} INFO - Processing file /home/airflow/.local/lib/python3.12/site-packages/airflow/example_dags/example_task_group.py for tasks to queue
[2024-11-13T08:01:49.483+0000] {logging_mixin.py:188} INFO - [2024-11-13T08:01:49.483+0000] {dagbag.py:545} INFO - Filling up the DagBag from /home/airflow/.local/lib/python3.12/site-packages/airflow/example_dags/example_task_group.py
[2024-11-13T08:01:49.487+0000] {processor.py:840} INFO - DAG(s) 'example_task_group' retrieved from /home/airflow/.local/lib/python3.12/site-packages/airflow/example_dags/example_task_group.py
[2024-11-13T08:01:49.499+0000] {logging_mixin.py:188} INFO - [2024-11-13T08:01:49.499+0000] {dag.py:3096} INFO - Sync 1 DAGs
[2024-11-13T08:01:49.511+0000] {logging_mixin.py:188} INFO - [2024-11-13T08:01:49.511+0000] {dag.py:3954} INFO - Setting next_dagrun for example_task_group to 2024-11-12 00:00:00+00:00, run_after=2024-11-13 00:00:00+00:00
[2024-11-13T08:01:49.525+0000] {processor.py:183} INFO - Processing /home/airflow/.local/lib/python3.12/site-packages/airflow/example_dags/example_task_group.py took 0.046 seconds
[2024-11-13T08:02:20.519+0000] {processor.py:161} INFO - Started process (PID=372) to work on /home/airflow/.local/lib/python3.12/site-packages/airflow/example_dags/example_task_group.py
[2024-11-13T08:02:20.520+0000] {processor.py:830} INFO - Processing file /home/airflow/.local/lib/python3.12/site-packages/airflow/example_dags/example_task_group.py for tasks to queue
[2024-11-13T08:02:20.521+0000] {logging_mixin.py:188} INFO - [2024-11-13T08:02:20.521+0000] {dagbag.py:545} INFO - Filling up the DagBag from /home/airflow/.local/lib/python3.12/site-packages/airflow/example_dags/example_task_group.py
[2024-11-13T08:02:20.525+0000] {processor.py:840} INFO - DAG(s) 'example_task_group' retrieved from /home/airflow/.local/lib/python3.12/site-packages/airflow/example_dags/example_task_group.py
[2024-11-13T08:02:20.539+0000] {logging_mixin.py:188} INFO - [2024-11-13T08:02:20.539+0000] {dag.py:3096} INFO - Sync 1 DAGs
[2024-11-13T08:02:20.549+0000] {logging_mixin.py:188} INFO - [2024-11-13T08:02:20.549+0000] {dag.py:3954} INFO - Setting next_dagrun for example_task_group to 2024-11-12 00:00:00+00:00, run_after=2024-11-13 00:00:00+00:00
[2024-11-13T08:02:20.594+0000] {processor.py:183} INFO - Processing /home/airflow/.local/lib/python3.12/site-packages/airflow/example_dags/example_task_group.py took 0.078 seconds
[2024-11-13T08:02:51.434+0000] {processor.py:161} INFO - Started process (PID=431) to work on /home/airflow/.local/lib/python3.12/site-packages/airflow/example_dags/example_task_group.py
[2024-11-13T08:02:51.434+0000] {processor.py:830} INFO - Processing file /home/airflow/.local/lib/python3.12/site-packages/airflow/example_dags/example_task_group.py for tasks to queue
[2024-11-13T08:02:51.436+0000] {logging_mixin.py:188} INFO - [2024-11-13T08:02:51.435+0000] {dagbag.py:545} INFO - Filling up the DagBag from /home/airflow/.local/lib/python3.12/site-packages/airflow/example_dags/example_task_group.py
[2024-11-13T08:02:51.440+0000] {processor.py:840} INFO - DAG(s) 'example_task_group' retrieved from /home/airflow/.local/lib/python3.12/site-packages/airflow/example_dags/example_task_group.py
[2024-11-13T08:02:51.452+0000] {logging_mixin.py:188} INFO - [2024-11-13T08:02:51.452+0000] {dag.py:3096} INFO - Sync 1 DAGs
[2024-11-13T08:02:51.462+0000] {logging_mixin.py:188} INFO - [2024-11-13T08:02:51.462+0000] {dag.py:3954} INFO - Setting next_dagrun for example_task_group to 2024-11-12 00:00:00+00:00, run_after=2024-11-13 00:00:00+00:00
[2024-11-13T08:02:51.473+0000] {processor.py:183} INFO - Processing /home/airflow/.local/lib/python3.12/site-packages/airflow/example_dags/example_task_group.py took 0.042 seconds
[2024-11-13T08:03:22.312+0000] {processor.py:161} INFO - Started process (PID=490) to work on /home/airflow/.local/lib/python3.12/site-packages/airflow/example_dags/example_task_group.py
[2024-11-13T08:03:22.314+0000] {processor.py:830} INFO - Processing file /home/airflow/.local/lib/python3.12/site-packages/airflow/example_dags/example_task_group.py for tasks to queue
[2024-11-13T08:03:22.318+0000] {logging_mixin.py:188} INFO - [2024-11-13T08:03:22.317+0000] {dagbag.py:545} INFO - Filling up the DagBag from /home/airflow/.local/lib/python3.12/site-packages/airflow/example_dags/example_task_group.py
[2024-11-13T08:03:22.322+0000] {processor.py:840} INFO - DAG(s) 'example_task_group' retrieved from /home/airflow/.local/lib/python3.12/site-packages/airflow/example_dags/example_task_group.py
[2024-11-13T08:03:22.334+0000] {logging_mixin.py:188} INFO - [2024-11-13T08:03:22.334+0000] {dag.py:3096} INFO - Sync 1 DAGs
[2024-11-13T08:03:22.344+0000] {logging_mixin.py:188} INFO - [2024-11-13T08:03:22.344+0000] {dag.py:3954} INFO - Setting next_dagrun for example_task_group to 2024-11-12 00:00:00+00:00, run_after=2024-11-13 00:00:00+00:00
[2024-11-13T08:03:22.358+0000] {processor.py:183} INFO - Processing /home/airflow/.local/lib/python3.12/site-packages/airflow/example_dags/example_task_group.py took 0.049 seconds
[2024-11-13T08:03:53.266+0000] {processor.py:161} INFO - Started process (PID=549) to work on /home/airflow/.local/lib/python3.12/site-packages/airflow/example_dags/example_task_group.py
[2024-11-13T08:03:53.268+0000] {processor.py:830} INFO - Processing file /home/airflow/.local/lib/python3.12/site-packages/airflow/example_dags/example_task_group.py for tasks to queue
[2024-11-13T08:03:53.269+0000] {logging_mixin.py:188} INFO - [2024-11-13T08:03:53.269+0000] {dagbag.py:545} INFO - Filling up the DagBag from /home/airflow/.local/lib/python3.12/site-packages/airflow/example_dags/example_task_group.py
[2024-11-13T08:03:53.273+0000] {processor.py:840} INFO - DAG(s) 'example_task_group' retrieved from /home/airflow/.local/lib/python3.12/site-packages/airflow/example_dags/example_task_group.py
[2024-11-13T08:03:53.285+0000] {logging_mixin.py:188} INFO - [2024-11-13T08:03:53.285+0000] {dag.py:3096} INFO - Sync 1 DAGs
[2024-11-13T08:03:53.295+0000] {logging_mixin.py:188} INFO - [2024-11-13T08:03:53.295+0000] {dag.py:3954} INFO - Setting next_dagrun for example_task_group to 2024-11-12 00:00:00+00:00, run_after=2024-11-13 00:00:00+00:00
[2024-11-13T08:03:53.306+0000] {processor.py:183} INFO - Processing /home/airflow/.local/lib/python3.12/site-packages/airflow/example_dags/example_task_group.py took 0.043 seconds
[2024-11-13T08:04:24.115+0000] {processor.py:161} INFO - Started process (PID=608) to work on /home/airflow/.local/lib/python3.12/site-packages/airflow/example_dags/example_task_group.py
[2024-11-13T08:04:24.116+0000] {processor.py:830} INFO - Processing file /home/airflow/.local/lib/python3.12/site-packages/airflow/example_dags/example_task_group.py for tasks to queue
[2024-11-13T08:04:24.117+0000] {logging_mixin.py:188} INFO - [2024-11-13T08:04:24.117+0000] {dagbag.py:545} INFO - Filling up the DagBag from /home/airflow/.local/lib/python3.12/site-packages/airflow/example_dags/example_task_group.py
[2024-11-13T08:04:24.121+0000] {processor.py:840} INFO - DAG(s) 'example_task_group' retrieved from /home/airflow/.local/lib/python3.12/site-packages/airflow/example_dags/example_task_group.py
[2024-11-13T08:04:24.133+0000] {logging_mixin.py:188} INFO - [2024-11-13T08:04:24.132+0000] {dag.py:3096} INFO - Sync 1 DAGs
[2024-11-13T08:04:24.144+0000] {logging_mixin.py:188} INFO - [2024-11-13T08:04:24.143+0000] {dag.py:3954} INFO - Setting next_dagrun for example_task_group to 2024-11-12 00:00:00+00:00, run_after=2024-11-13 00:00:00+00:00
[2024-11-13T08:04:24.155+0000] {processor.py:183} INFO - Processing /home/airflow/.local/lib/python3.12/site-packages/airflow/example_dags/example_task_group.py took 0.043 seconds
[2024-11-13T08:04:54.237+0000] {processor.py:161} INFO - Started process (PID=666) to work on /home/airflow/.local/lib/python3.12/site-packages/airflow/example_dags/example_task_group.py
[2024-11-13T08:04:54.237+0000] {processor.py:830} INFO - Processing file /home/airflow/.local/lib/python3.12/site-packages/airflow/example_dags/example_task_group.py for tasks to queue
[2024-11-13T08:04:54.240+0000] {logging_mixin.py:188} INFO - [2024-11-13T08:04:54.239+0000] {dagbag.py:545} INFO - Filling up the DagBag from /home/airflow/.local/lib/python3.12/site-packages/airflow/example_dags/example_task_group.py
[2024-11-13T08:04:54.244+0000] {processor.py:840} INFO - DAG(s) 'example_task_group' retrieved from /home/airflow/.local/lib/python3.12/site-packages/airflow/example_dags/example_task_group.py
[2024-11-13T08:04:54.260+0000] {logging_mixin.py:188} INFO - [2024-11-13T08:04:54.260+0000] {dag.py:3096} INFO - Sync 1 DAGs
[2024-11-13T08:04:54.277+0000] {logging_mixin.py:188} INFO - [2024-11-13T08:04:54.276+0000] {dag.py:3954} INFO - Setting next_dagrun for example_task_group to 2024-11-12 00:00:00+00:00, run_after=2024-11-13 00:00:00+00:00
[2024-11-13T08:04:54.291+0000] {processor.py:183} INFO - Processing /home/airflow/.local/lib/python3.12/site-packages/airflow/example_dags/example_task_group.py took 0.058 seconds
[2024-11-13T08:05:24.317+0000] {processor.py:161} INFO - Started process (PID=725) to work on /home/airflow/.local/lib/python3.12/site-packages/airflow/example_dags/example_task_group.py
[2024-11-13T08:05:24.318+0000] {processor.py:830} INFO - Processing file /home/airflow/.local/lib/python3.12/site-packages/airflow/example_dags/example_task_group.py for tasks to queue
[2024-11-13T08:05:24.319+0000] {logging_mixin.py:188} INFO - [2024-11-13T08:05:24.319+0000] {dagbag.py:545} INFO - Filling up the DagBag from /home/airflow/.local/lib/python3.12/site-packages/airflow/example_dags/example_task_group.py
[2024-11-13T08:05:24.324+0000] {processor.py:840} INFO - DAG(s) 'example_task_group' retrieved from /home/airflow/.local/lib/python3.12/site-packages/airflow/example_dags/example_task_group.py
[2024-11-13T08:05:24.336+0000] {logging_mixin.py:188} INFO - [2024-11-13T08:05:24.336+0000] {dag.py:3096} INFO - Sync 1 DAGs
[2024-11-13T08:05:24.346+0000] {logging_mixin.py:188} INFO - [2024-11-13T08:05:24.346+0000] {dag.py:3954} INFO - Setting next_dagrun for example_task_group to 2024-11-12 00:00:00+00:00, run_after=2024-11-13 00:00:00+00:00
[2024-11-13T08:05:24.359+0000] {processor.py:183} INFO - Processing /home/airflow/.local/lib/python3.12/site-packages/airflow/example_dags/example_task_group.py took 0.045 seconds
[2024-11-13T08:05:54.409+0000] {processor.py:161} INFO - Started process (PID=784) to work on /home/airflow/.local/lib/python3.12/site-packages/airflow/example_dags/example_task_group.py
[2024-11-13T08:05:54.411+0000] {processor.py:830} INFO - Processing file /home/airflow/.local/lib/python3.12/site-packages/airflow/example_dags/example_task_group.py for tasks to queue
[2024-11-13T08:05:54.412+0000] {logging_mixin.py:188} INFO - [2024-11-13T08:05:54.412+0000] {dagbag.py:545} INFO - Filling up the DagBag from /home/airflow/.local/lib/python3.12/site-packages/airflow/example_dags/example_task_group.py
[2024-11-13T08:05:54.417+0000] {processor.py:840} INFO - DAG(s) 'example_task_group' retrieved from /home/airflow/.local/lib/python3.12/site-packages/airflow/example_dags/example_task_group.py
[2024-11-13T08:05:54.429+0000] {logging_mixin.py:188} INFO - [2024-11-13T08:05:54.429+0000] {dag.py:3096} INFO - Sync 1 DAGs
[2024-11-13T08:05:54.442+0000] {logging_mixin.py:188} INFO - [2024-11-13T08:05:54.442+0000] {dag.py:3954} INFO - Setting next_dagrun for example_task_group to 2024-11-12 00:00:00+00:00, run_after=2024-11-13 00:00:00+00:00
[2024-11-13T08:05:54.454+0000] {processor.py:183} INFO - Processing /home/airflow/.local/lib/python3.12/site-packages/airflow/example_dags/example_task_group.py took 0.047 seconds
[2024-11-13T08:06:25.422+0000] {processor.py:161} INFO - Started process (PID=843) to work on /home/airflow/.local/lib/python3.12/site-packages/airflow/example_dags/example_task_group.py
[2024-11-13T08:06:25.423+0000] {processor.py:830} INFO - Processing file /home/airflow/.local/lib/python3.12/site-packages/airflow/example_dags/example_task_group.py for tasks to queue
[2024-11-13T08:06:25.424+0000] {logging_mixin.py:188} INFO - [2024-11-13T08:06:25.424+0000] {dagbag.py:545} INFO - Filling up the DagBag from /home/airflow/.local/lib/python3.12/site-packages/airflow/example_dags/example_task_group.py
[2024-11-13T08:06:25.429+0000] {processor.py:840} INFO - DAG(s) 'example_task_group' retrieved from /home/airflow/.local/lib/python3.12/site-packages/airflow/example_dags/example_task_group.py
[2024-11-13T08:06:25.441+0000] {logging_mixin.py:188} INFO - [2024-11-13T08:06:25.441+0000] {dag.py:3096} INFO - Sync 1 DAGs
[2024-11-13T08:06:25.453+0000] {logging_mixin.py:188} INFO - [2024-11-13T08:06:25.452+0000] {dag.py:3954} INFO - Setting next_dagrun for example_task_group to 2024-11-12 00:00:00+00:00, run_after=2024-11-13 00:00:00+00:00
[2024-11-13T08:06:25.465+0000] {processor.py:183} INFO - Processing /home/airflow/.local/lib/python3.12/site-packages/airflow/example_dags/example_task_group.py took 0.046 seconds
[2024-11-13T08:06:56.341+0000] {processor.py:161} INFO - Started process (PID=902) to work on /home/airflow/.local/lib/python3.12/site-packages/airflow/example_dags/example_task_group.py
[2024-11-13T08:06:56.342+0000] {processor.py:830} INFO - Processing file /home/airflow/.local/lib/python3.12/site-packages/airflow/example_dags/example_task_group.py for tasks to queue
[2024-11-13T08:06:56.344+0000] {logging_mixin.py:188} INFO - [2024-11-13T08:06:56.344+0000] {dagbag.py:545} INFO - Filling up the DagBag from /home/airflow/.local/lib/python3.12/site-packages/airflow/example_dags/example_task_group.py
[2024-11-13T08:06:56.349+0000] {processor.py:840} INFO - DAG(s) 'example_task_group' retrieved from /home/airflow/.local/lib/python3.12/site-packages/airflow/example_dags/example_task_group.py
[2024-11-13T08:06:56.361+0000] {logging_mixin.py:188} INFO - [2024-11-13T08:06:56.361+0000] {dag.py:3096} INFO - Sync 1 DAGs
[2024-11-13T08:06:56.371+0000] {logging_mixin.py:188} INFO - [2024-11-13T08:06:56.371+0000] {dag.py:3954} INFO - Setting next_dagrun for example_task_group to 2024-11-12 00:00:00+00:00, run_after=2024-11-13 00:00:00+00:00
[2024-11-13T08:06:56.381+0000] {processor.py:183} INFO - Processing /home/airflow/.local/lib/python3.12/site-packages/airflow/example_dags/example_task_group.py took 0.043 seconds
