[2024-11-13T08:00:15.969+0000] {processor.py:161} INFO - Started process (PID=100) to work on /home/airflow/.local/lib/python3.12/site-packages/airflow/example_dags/example_sla_dag.py
[2024-11-13T08:00:15.970+0000] {processor.py:830} INFO - Processing file /home/airflow/.local/lib/python3.12/site-packages/airflow/example_dags/example_sla_dag.py for tasks to queue
[2024-11-13T08:00:15.971+0000] {logging_mixin.py:188} INFO - [2024-11-13T08:00:15.971+0000] {dagbag.py:545} INFO - Filling up the DagBag from /home/airflow/.local/lib/python3.12/site-packages/airflow/example_dags/example_sla_dag.py
[2024-11-13T08:00:15.977+0000] {processor.py:840} INFO - DAG(s) 'example_sla_dag' retrieved from /home/airflow/.local/lib/python3.12/site-packages/airflow/example_dags/example_sla_dag.py
[2024-11-13T08:00:15.986+0000] {logging_mixin.py:188} INFO - [2024-11-13T08:00:15.985+0000] {dag.py:3096} INFO - Sync 1 DAGs
[2024-11-13T08:00:16.009+0000] {logging_mixin.py:188} INFO - [2024-11-13T08:00:16.009+0000] {dag.py:3954} INFO - Setting next_dagrun for example_sla_dag to 2024-11-13 07:58:00+00:00, run_after=2024-11-13 08:00:00+00:00
[2024-11-13T08:00:16.023+0000] {processor.py:183} INFO - Processing /home/airflow/.local/lib/python3.12/site-packages/airflow/example_dags/example_sla_dag.py took 0.058 seconds
[2024-11-13T08:00:46.038+0000] {processor.py:161} INFO - Started process (PID=159) to work on /home/airflow/.local/lib/python3.12/site-packages/airflow/example_dags/example_sla_dag.py
[2024-11-13T08:00:46.039+0000] {processor.py:830} INFO - Processing file /home/airflow/.local/lib/python3.12/site-packages/airflow/example_dags/example_sla_dag.py for tasks to queue
[2024-11-13T08:00:46.040+0000] {logging_mixin.py:188} INFO - [2024-11-13T08:00:46.040+0000] {dagbag.py:545} INFO - Filling up the DagBag from /home/airflow/.local/lib/python3.12/site-packages/airflow/example_dags/example_sla_dag.py
[2024-11-13T08:00:46.045+0000] {processor.py:840} INFO - DAG(s) 'example_sla_dag' retrieved from /home/airflow/.local/lib/python3.12/site-packages/airflow/example_dags/example_sla_dag.py
[2024-11-13T08:00:46.093+0000] {logging_mixin.py:188} INFO - [2024-11-13T08:00:46.092+0000] {dag.py:3096} INFO - Sync 1 DAGs
[2024-11-13T08:00:46.105+0000] {logging_mixin.py:188} INFO - [2024-11-13T08:00:46.105+0000] {dag.py:3954} INFO - Setting next_dagrun for example_sla_dag to 2024-11-13 07:58:00+00:00, run_after=2024-11-13 08:00:00+00:00
[2024-11-13T08:00:46.116+0000] {processor.py:183} INFO - Processing /home/airflow/.local/lib/python3.12/site-packages/airflow/example_dags/example_sla_dag.py took 0.081 seconds
[2024-11-13T08:01:16.184+0000] {processor.py:161} INFO - Started process (PID=218) to work on /home/airflow/.local/lib/python3.12/site-packages/airflow/example_dags/example_sla_dag.py
[2024-11-13T08:01:16.187+0000] {processor.py:830} INFO - Processing file /home/airflow/.local/lib/python3.12/site-packages/airflow/example_dags/example_sla_dag.py for tasks to queue
[2024-11-13T08:01:16.188+0000] {logging_mixin.py:188} INFO - [2024-11-13T08:01:16.188+0000] {dagbag.py:545} INFO - Filling up the DagBag from /home/airflow/.local/lib/python3.12/site-packages/airflow/example_dags/example_sla_dag.py
[2024-11-13T08:01:16.192+0000] {processor.py:840} INFO - DAG(s) 'example_sla_dag' retrieved from /home/airflow/.local/lib/python3.12/site-packages/airflow/example_dags/example_sla_dag.py
[2024-11-13T08:01:16.203+0000] {logging_mixin.py:188} INFO - [2024-11-13T08:01:16.203+0000] {dag.py:3096} INFO - Sync 1 DAGs
[2024-11-13T08:01:16.216+0000] {logging_mixin.py:188} INFO - [2024-11-13T08:01:16.216+0000] {dag.py:3954} INFO - Setting next_dagrun for example_sla_dag to 2024-11-13 07:58:00+00:00, run_after=2024-11-13 08:00:00+00:00
[2024-11-13T08:01:16.226+0000] {processor.py:183} INFO - Processing /home/airflow/.local/lib/python3.12/site-packages/airflow/example_dags/example_sla_dag.py took 0.045 seconds
[2024-11-13T08:01:47.190+0000] {processor.py:161} INFO - Started process (PID=277) to work on /home/airflow/.local/lib/python3.12/site-packages/airflow/example_dags/example_sla_dag.py
[2024-11-13T08:01:47.191+0000] {processor.py:830} INFO - Processing file /home/airflow/.local/lib/python3.12/site-packages/airflow/example_dags/example_sla_dag.py for tasks to queue
[2024-11-13T08:01:47.193+0000] {logging_mixin.py:188} INFO - [2024-11-13T08:01:47.193+0000] {dagbag.py:545} INFO - Filling up the DagBag from /home/airflow/.local/lib/python3.12/site-packages/airflow/example_dags/example_sla_dag.py
[2024-11-13T08:01:47.197+0000] {processor.py:840} INFO - DAG(s) 'example_sla_dag' retrieved from /home/airflow/.local/lib/python3.12/site-packages/airflow/example_dags/example_sla_dag.py
[2024-11-13T08:01:47.208+0000] {logging_mixin.py:188} INFO - [2024-11-13T08:01:47.208+0000] {dag.py:3096} INFO - Sync 1 DAGs
[2024-11-13T08:01:47.219+0000] {logging_mixin.py:188} INFO - [2024-11-13T08:01:47.219+0000] {dag.py:3954} INFO - Setting next_dagrun for example_sla_dag to 2024-11-13 07:58:00+00:00, run_after=2024-11-13 08:00:00+00:00
[2024-11-13T08:01:47.228+0000] {processor.py:183} INFO - Processing /home/airflow/.local/lib/python3.12/site-packages/airflow/example_dags/example_sla_dag.py took 0.042 seconds
[2024-11-13T08:02:17.288+0000] {processor.py:161} INFO - Started process (PID=336) to work on /home/airflow/.local/lib/python3.12/site-packages/airflow/example_dags/example_sla_dag.py
[2024-11-13T08:02:17.289+0000] {processor.py:830} INFO - Processing file /home/airflow/.local/lib/python3.12/site-packages/airflow/example_dags/example_sla_dag.py for tasks to queue
[2024-11-13T08:02:17.292+0000] {logging_mixin.py:188} INFO - [2024-11-13T08:02:17.292+0000] {dagbag.py:545} INFO - Filling up the DagBag from /home/airflow/.local/lib/python3.12/site-packages/airflow/example_dags/example_sla_dag.py
[2024-11-13T08:02:17.297+0000] {processor.py:840} INFO - DAG(s) 'example_sla_dag' retrieved from /home/airflow/.local/lib/python3.12/site-packages/airflow/example_dags/example_sla_dag.py
[2024-11-13T08:02:17.309+0000] {logging_mixin.py:188} INFO - [2024-11-13T08:02:17.309+0000] {dag.py:3096} INFO - Sync 1 DAGs
[2024-11-13T08:02:17.322+0000] {logging_mixin.py:188} INFO - [2024-11-13T08:02:17.321+0000] {dag.py:3954} INFO - Setting next_dagrun for example_sla_dag to 2024-11-13 08:00:00+00:00, run_after=2024-11-13 08:02:00+00:00
[2024-11-13T08:02:17.333+0000] {processor.py:183} INFO - Processing /home/airflow/.local/lib/python3.12/site-packages/airflow/example_dags/example_sla_dag.py took 0.049 seconds
[2024-11-13T08:02:48.314+0000] {processor.py:161} INFO - Started process (PID=395) to work on /home/airflow/.local/lib/python3.12/site-packages/airflow/example_dags/example_sla_dag.py
[2024-11-13T08:02:48.315+0000] {processor.py:830} INFO - Processing file /home/airflow/.local/lib/python3.12/site-packages/airflow/example_dags/example_sla_dag.py for tasks to queue
[2024-11-13T08:02:48.316+0000] {logging_mixin.py:188} INFO - [2024-11-13T08:02:48.316+0000] {dagbag.py:545} INFO - Filling up the DagBag from /home/airflow/.local/lib/python3.12/site-packages/airflow/example_dags/example_sla_dag.py
[2024-11-13T08:02:48.320+0000] {processor.py:840} INFO - DAG(s) 'example_sla_dag' retrieved from /home/airflow/.local/lib/python3.12/site-packages/airflow/example_dags/example_sla_dag.py
[2024-11-13T08:02:48.332+0000] {logging_mixin.py:188} INFO - [2024-11-13T08:02:48.332+0000] {dag.py:3096} INFO - Sync 1 DAGs
[2024-11-13T08:02:48.344+0000] {logging_mixin.py:188} INFO - [2024-11-13T08:02:48.344+0000] {dag.py:3954} INFO - Setting next_dagrun for example_sla_dag to 2024-11-13 08:00:00+00:00, run_after=2024-11-13 08:02:00+00:00
[2024-11-13T08:02:48.353+0000] {processor.py:183} INFO - Processing /home/airflow/.local/lib/python3.12/site-packages/airflow/example_dags/example_sla_dag.py took 0.043 seconds
[2024-11-13T08:03:19.256+0000] {processor.py:161} INFO - Started process (PID=454) to work on /home/airflow/.local/lib/python3.12/site-packages/airflow/example_dags/example_sla_dag.py
[2024-11-13T08:03:19.256+0000] {processor.py:830} INFO - Processing file /home/airflow/.local/lib/python3.12/site-packages/airflow/example_dags/example_sla_dag.py for tasks to queue
[2024-11-13T08:03:19.258+0000] {logging_mixin.py:188} INFO - [2024-11-13T08:03:19.257+0000] {dagbag.py:545} INFO - Filling up the DagBag from /home/airflow/.local/lib/python3.12/site-packages/airflow/example_dags/example_sla_dag.py
[2024-11-13T08:03:19.262+0000] {processor.py:840} INFO - DAG(s) 'example_sla_dag' retrieved from /home/airflow/.local/lib/python3.12/site-packages/airflow/example_dags/example_sla_dag.py
[2024-11-13T08:03:19.274+0000] {logging_mixin.py:188} INFO - [2024-11-13T08:03:19.273+0000] {dag.py:3096} INFO - Sync 1 DAGs
[2024-11-13T08:03:19.285+0000] {logging_mixin.py:188} INFO - [2024-11-13T08:03:19.285+0000] {dag.py:3954} INFO - Setting next_dagrun for example_sla_dag to 2024-11-13 08:00:00+00:00, run_after=2024-11-13 08:02:00+00:00
[2024-11-13T08:03:19.297+0000] {processor.py:183} INFO - Processing /home/airflow/.local/lib/python3.12/site-packages/airflow/example_dags/example_sla_dag.py took 0.044 seconds
[2024-11-13T08:03:50.147+0000] {processor.py:161} INFO - Started process (PID=513) to work on /home/airflow/.local/lib/python3.12/site-packages/airflow/example_dags/example_sla_dag.py
[2024-11-13T08:03:50.148+0000] {processor.py:830} INFO - Processing file /home/airflow/.local/lib/python3.12/site-packages/airflow/example_dags/example_sla_dag.py for tasks to queue
[2024-11-13T08:03:50.149+0000] {logging_mixin.py:188} INFO - [2024-11-13T08:03:50.149+0000] {dagbag.py:545} INFO - Filling up the DagBag from /home/airflow/.local/lib/python3.12/site-packages/airflow/example_dags/example_sla_dag.py
[2024-11-13T08:03:50.154+0000] {processor.py:840} INFO - DAG(s) 'example_sla_dag' retrieved from /home/airflow/.local/lib/python3.12/site-packages/airflow/example_dags/example_sla_dag.py
[2024-11-13T08:03:50.165+0000] {logging_mixin.py:188} INFO - [2024-11-13T08:03:50.165+0000] {dag.py:3096} INFO - Sync 1 DAGs
[2024-11-13T08:03:50.179+0000] {logging_mixin.py:188} INFO - [2024-11-13T08:03:50.179+0000] {dag.py:3954} INFO - Setting next_dagrun for example_sla_dag to 2024-11-13 08:00:00+00:00, run_after=2024-11-13 08:02:00+00:00
[2024-11-13T08:03:50.191+0000] {processor.py:183} INFO - Processing /home/airflow/.local/lib/python3.12/site-packages/airflow/example_dags/example_sla_dag.py took 0.047 seconds
[2024-11-13T08:04:20.981+0000] {processor.py:161} INFO - Started process (PID=572) to work on /home/airflow/.local/lib/python3.12/site-packages/airflow/example_dags/example_sla_dag.py
[2024-11-13T08:04:20.984+0000] {processor.py:830} INFO - Processing file /home/airflow/.local/lib/python3.12/site-packages/airflow/example_dags/example_sla_dag.py for tasks to queue
[2024-11-13T08:04:20.985+0000] {logging_mixin.py:188} INFO - [2024-11-13T08:04:20.985+0000] {dagbag.py:545} INFO - Filling up the DagBag from /home/airflow/.local/lib/python3.12/site-packages/airflow/example_dags/example_sla_dag.py
[2024-11-13T08:04:20.990+0000] {processor.py:840} INFO - DAG(s) 'example_sla_dag' retrieved from /home/airflow/.local/lib/python3.12/site-packages/airflow/example_dags/example_sla_dag.py
[2024-11-13T08:04:21.004+0000] {logging_mixin.py:188} INFO - [2024-11-13T08:04:21.004+0000] {dag.py:3096} INFO - Sync 1 DAGs
[2024-11-13T08:04:21.015+0000] {logging_mixin.py:188} INFO - [2024-11-13T08:04:21.015+0000] {dag.py:3954} INFO - Setting next_dagrun for example_sla_dag to 2024-11-13 08:02:00+00:00, run_after=2024-11-13 08:04:00+00:00
[2024-11-13T08:04:21.024+0000] {processor.py:183} INFO - Processing /home/airflow/.local/lib/python3.12/site-packages/airflow/example_dags/example_sla_dag.py took 0.046 seconds
[2024-11-13T08:04:51.900+0000] {processor.py:161} INFO - Started process (PID=630) to work on /home/airflow/.local/lib/python3.12/site-packages/airflow/example_dags/example_sla_dag.py
[2024-11-13T08:04:51.901+0000] {processor.py:830} INFO - Processing file /home/airflow/.local/lib/python3.12/site-packages/airflow/example_dags/example_sla_dag.py for tasks to queue
[2024-11-13T08:04:51.902+0000] {logging_mixin.py:188} INFO - [2024-11-13T08:04:51.902+0000] {dagbag.py:545} INFO - Filling up the DagBag from /home/airflow/.local/lib/python3.12/site-packages/airflow/example_dags/example_sla_dag.py
[2024-11-13T08:04:51.907+0000] {processor.py:840} INFO - DAG(s) 'example_sla_dag' retrieved from /home/airflow/.local/lib/python3.12/site-packages/airflow/example_dags/example_sla_dag.py
[2024-11-13T08:04:51.919+0000] {logging_mixin.py:188} INFO - [2024-11-13T08:04:51.918+0000] {dag.py:3096} INFO - Sync 1 DAGs
[2024-11-13T08:04:51.930+0000] {logging_mixin.py:188} INFO - [2024-11-13T08:04:51.930+0000] {dag.py:3954} INFO - Setting next_dagrun for example_sla_dag to 2024-11-13 08:02:00+00:00, run_after=2024-11-13 08:04:00+00:00
[2024-11-13T08:04:51.940+0000] {processor.py:183} INFO - Processing /home/airflow/.local/lib/python3.12/site-packages/airflow/example_dags/example_sla_dag.py took 0.043 seconds
[2024-11-13T08:05:22.000+0000] {processor.py:161} INFO - Started process (PID=689) to work on /home/airflow/.local/lib/python3.12/site-packages/airflow/example_dags/example_sla_dag.py
[2024-11-13T08:05:22.001+0000] {processor.py:830} INFO - Processing file /home/airflow/.local/lib/python3.12/site-packages/airflow/example_dags/example_sla_dag.py for tasks to queue
[2024-11-13T08:05:22.003+0000] {logging_mixin.py:188} INFO - [2024-11-13T08:05:22.003+0000] {dagbag.py:545} INFO - Filling up the DagBag from /home/airflow/.local/lib/python3.12/site-packages/airflow/example_dags/example_sla_dag.py
[2024-11-13T08:05:22.008+0000] {processor.py:840} INFO - DAG(s) 'example_sla_dag' retrieved from /home/airflow/.local/lib/python3.12/site-packages/airflow/example_dags/example_sla_dag.py
[2024-11-13T08:05:22.023+0000] {logging_mixin.py:188} INFO - [2024-11-13T08:05:22.022+0000] {dag.py:3096} INFO - Sync 1 DAGs
[2024-11-13T08:05:22.035+0000] {logging_mixin.py:188} INFO - [2024-11-13T08:05:22.035+0000] {dag.py:3954} INFO - Setting next_dagrun for example_sla_dag to 2024-11-13 08:02:00+00:00, run_after=2024-11-13 08:04:00+00:00
[2024-11-13T08:05:22.044+0000] {processor.py:183} INFO - Processing /home/airflow/.local/lib/python3.12/site-packages/airflow/example_dags/example_sla_dag.py took 0.048 seconds
[2024-11-13T08:05:52.165+0000] {processor.py:161} INFO - Started process (PID=748) to work on /home/airflow/.local/lib/python3.12/site-packages/airflow/example_dags/example_sla_dag.py
[2024-11-13T08:05:52.167+0000] {processor.py:830} INFO - Processing file /home/airflow/.local/lib/python3.12/site-packages/airflow/example_dags/example_sla_dag.py for tasks to queue
[2024-11-13T08:05:52.169+0000] {logging_mixin.py:188} INFO - [2024-11-13T08:05:52.169+0000] {dagbag.py:545} INFO - Filling up the DagBag from /home/airflow/.local/lib/python3.12/site-packages/airflow/example_dags/example_sla_dag.py
[2024-11-13T08:05:52.173+0000] {processor.py:840} INFO - DAG(s) 'example_sla_dag' retrieved from /home/airflow/.local/lib/python3.12/site-packages/airflow/example_dags/example_sla_dag.py
[2024-11-13T08:05:52.185+0000] {logging_mixin.py:188} INFO - [2024-11-13T08:05:52.185+0000] {dag.py:3096} INFO - Sync 1 DAGs
[2024-11-13T08:05:52.196+0000] {logging_mixin.py:188} INFO - [2024-11-13T08:05:52.196+0000] {dag.py:3954} INFO - Setting next_dagrun for example_sla_dag to 2024-11-13 08:02:00+00:00, run_after=2024-11-13 08:04:00+00:00
[2024-11-13T08:05:52.208+0000] {processor.py:183} INFO - Processing /home/airflow/.local/lib/python3.12/site-packages/airflow/example_dags/example_sla_dag.py took 0.046 seconds
[2024-11-13T08:06:23.161+0000] {processor.py:161} INFO - Started process (PID=807) to work on /home/airflow/.local/lib/python3.12/site-packages/airflow/example_dags/example_sla_dag.py
[2024-11-13T08:06:23.162+0000] {processor.py:830} INFO - Processing file /home/airflow/.local/lib/python3.12/site-packages/airflow/example_dags/example_sla_dag.py for tasks to queue
[2024-11-13T08:06:23.164+0000] {logging_mixin.py:188} INFO - [2024-11-13T08:06:23.163+0000] {dagbag.py:545} INFO - Filling up the DagBag from /home/airflow/.local/lib/python3.12/site-packages/airflow/example_dags/example_sla_dag.py
[2024-11-13T08:06:23.169+0000] {processor.py:840} INFO - DAG(s) 'example_sla_dag' retrieved from /home/airflow/.local/lib/python3.12/site-packages/airflow/example_dags/example_sla_dag.py
[2024-11-13T08:06:23.181+0000] {logging_mixin.py:188} INFO - [2024-11-13T08:06:23.180+0000] {dag.py:3096} INFO - Sync 1 DAGs
[2024-11-13T08:06:23.193+0000] {logging_mixin.py:188} INFO - [2024-11-13T08:06:23.192+0000] {dag.py:3954} INFO - Setting next_dagrun for example_sla_dag to 2024-11-13 08:04:00+00:00, run_after=2024-11-13 08:06:00+00:00
[2024-11-13T08:06:23.204+0000] {processor.py:183} INFO - Processing /home/airflow/.local/lib/python3.12/site-packages/airflow/example_dags/example_sla_dag.py took 0.046 seconds
[2024-11-13T08:06:54.129+0000] {processor.py:161} INFO - Started process (PID=866) to work on /home/airflow/.local/lib/python3.12/site-packages/airflow/example_dags/example_sla_dag.py
[2024-11-13T08:06:54.129+0000] {processor.py:830} INFO - Processing file /home/airflow/.local/lib/python3.12/site-packages/airflow/example_dags/example_sla_dag.py for tasks to queue
[2024-11-13T08:06:54.130+0000] {logging_mixin.py:188} INFO - [2024-11-13T08:06:54.130+0000] {dagbag.py:545} INFO - Filling up the DagBag from /home/airflow/.local/lib/python3.12/site-packages/airflow/example_dags/example_sla_dag.py
[2024-11-13T08:06:54.135+0000] {processor.py:840} INFO - DAG(s) 'example_sla_dag' retrieved from /home/airflow/.local/lib/python3.12/site-packages/airflow/example_dags/example_sla_dag.py
[2024-11-13T08:06:54.146+0000] {logging_mixin.py:188} INFO - [2024-11-13T08:06:54.145+0000] {dag.py:3096} INFO - Sync 1 DAGs
[2024-11-13T08:06:54.157+0000] {logging_mixin.py:188} INFO - [2024-11-13T08:06:54.157+0000] {dag.py:3954} INFO - Setting next_dagrun for example_sla_dag to 2024-11-13 08:04:00+00:00, run_after=2024-11-13 08:06:00+00:00
[2024-11-13T08:06:54.166+0000] {processor.py:183} INFO - Processing /home/airflow/.local/lib/python3.12/site-packages/airflow/example_dags/example_sla_dag.py took 0.040 seconds
