[2024-11-13T08:00:16.305+0000] {processor.py:161} INFO - Started process (PID=110) to work on /home/airflow/.local/lib/python3.12/site-packages/airflow/example_dags/example_datasets.py
[2024-11-13T08:00:16.306+0000] {processor.py:830} INFO - Processing file /home/airflow/.local/lib/python3.12/site-packages/airflow/example_dags/example_datasets.py for tasks to queue
[2024-11-13T08:00:16.307+0000] {logging_mixin.py:188} INFO - [2024-11-13T08:00:16.307+0000] {dagbag.py:545} INFO - Filling up the DagBag from /home/airflow/.local/lib/python3.12/site-packages/airflow/example_dags/example_datasets.py
[2024-11-13T08:00:16.316+0000] {processor.py:840} INFO - DAG(s) 'dataset_consumes_1', 'dataset_consumes_1_never_scheduled', 'consume_1_or_both_2_and_3_with_dataset_expressions', 'dataset_produces_1', 'conditional_dataset_and_time_based_timetable', 'consume_1_and_2_with_dataset_expressions', 'dataset_consumes_1_and_2', 'consume_1_or_2_with_dataset_expressions', 'dataset_consumes_unknown_never_scheduled', 'dataset_produces_2' retrieved from /home/airflow/.local/lib/python3.12/site-packages/airflow/example_dags/example_datasets.py
[2024-11-13T08:00:16.325+0000] {logging_mixin.py:188} INFO - [2024-11-13T08:00:16.325+0000] {dag.py:3096} INFO - Sync 10 DAGs
[2024-11-13T08:00:16.338+0000] {logging_mixin.py:188} INFO - [2024-11-13T08:00:16.338+0000] {dag.py:3954} INFO - Setting next_dagrun for conditional_dataset_and_time_based_timetable to 2024-11-13 01:00:00+00:00, run_after=2024-11-13 01:00:00+00:00
[2024-11-13T08:00:16.340+0000] {logging_mixin.py:188} INFO - [2024-11-13T08:00:16.340+0000] {dag.py:3954} INFO - Setting next_dagrun for consume_1_and_2_with_dataset_expressions to None, run_after=None
[2024-11-13T08:00:16.341+0000] {logging_mixin.py:188} INFO - [2024-11-13T08:00:16.341+0000] {dag.py:3954} INFO - Setting next_dagrun for consume_1_or_2_with_dataset_expressions to None, run_after=None
[2024-11-13T08:00:16.341+0000] {logging_mixin.py:188} INFO - [2024-11-13T08:00:16.341+0000] {dag.py:3954} INFO - Setting next_dagrun for consume_1_or_both_2_and_3_with_dataset_expressions to None, run_after=None
[2024-11-13T08:00:16.342+0000] {logging_mixin.py:188} INFO - [2024-11-13T08:00:16.342+0000] {dag.py:3954} INFO - Setting next_dagrun for dataset_consumes_1 to None, run_after=None
[2024-11-13T08:00:16.342+0000] {logging_mixin.py:188} INFO - [2024-11-13T08:00:16.342+0000] {dag.py:3954} INFO - Setting next_dagrun for dataset_consumes_1_and_2 to None, run_after=None
[2024-11-13T08:00:16.343+0000] {logging_mixin.py:188} INFO - [2024-11-13T08:00:16.343+0000] {dag.py:3954} INFO - Setting next_dagrun for dataset_consumes_1_never_scheduled to None, run_after=None
[2024-11-13T08:00:16.343+0000] {logging_mixin.py:188} INFO - [2024-11-13T08:00:16.343+0000] {dag.py:3954} INFO - Setting next_dagrun for dataset_consumes_unknown_never_scheduled to None, run_after=None
[2024-11-13T08:00:16.344+0000] {logging_mixin.py:188} INFO - [2024-11-13T08:00:16.344+0000] {dag.py:3954} INFO - Setting next_dagrun for dataset_produces_1 to 2024-11-12 00:00:00+00:00, run_after=2024-11-13 00:00:00+00:00
[2024-11-13T08:00:16.345+0000] {logging_mixin.py:188} INFO - [2024-11-13T08:00:16.345+0000] {dag.py:3954} INFO - Setting next_dagrun for dataset_produces_2 to None, run_after=None
[2024-11-13T08:00:16.360+0000] {processor.py:183} INFO - Processing /home/airflow/.local/lib/python3.12/site-packages/airflow/example_dags/example_datasets.py took 0.058 seconds
[2024-11-13T08:00:46.694+0000] {processor.py:161} INFO - Started process (PID=169) to work on /home/airflow/.local/lib/python3.12/site-packages/airflow/example_dags/example_datasets.py
[2024-11-13T08:00:46.694+0000] {processor.py:830} INFO - Processing file /home/airflow/.local/lib/python3.12/site-packages/airflow/example_dags/example_datasets.py for tasks to queue
[2024-11-13T08:00:46.695+0000] {logging_mixin.py:188} INFO - [2024-11-13T08:00:46.695+0000] {dagbag.py:545} INFO - Filling up the DagBag from /home/airflow/.local/lib/python3.12/site-packages/airflow/example_dags/example_datasets.py
[2024-11-13T08:00:46.702+0000] {processor.py:840} INFO - DAG(s) 'dataset_consumes_1_never_scheduled', 'consume_1_or_both_2_and_3_with_dataset_expressions', 'conditional_dataset_and_time_based_timetable', 'dataset_consumes_1', 'dataset_consumes_1_and_2', 'dataset_produces_1', 'consume_1_and_2_with_dataset_expressions', 'consume_1_or_2_with_dataset_expressions', 'dataset_produces_2', 'dataset_consumes_unknown_never_scheduled' retrieved from /home/airflow/.local/lib/python3.12/site-packages/airflow/example_dags/example_datasets.py
[2024-11-13T08:00:46.781+0000] {logging_mixin.py:188} INFO - [2024-11-13T08:00:46.781+0000] {dag.py:3096} INFO - Sync 10 DAGs
[2024-11-13T08:00:46.791+0000] {logging_mixin.py:188} INFO - [2024-11-13T08:00:46.791+0000] {dag.py:3954} INFO - Setting next_dagrun for conditional_dataset_and_time_based_timetable to 2024-11-13 01:00:00+00:00, run_after=2024-11-13 01:00:00+00:00
[2024-11-13T08:00:46.792+0000] {logging_mixin.py:188} INFO - [2024-11-13T08:00:46.792+0000] {dag.py:3954} INFO - Setting next_dagrun for consume_1_and_2_with_dataset_expressions to None, run_after=None
[2024-11-13T08:00:46.793+0000] {logging_mixin.py:188} INFO - [2024-11-13T08:00:46.793+0000] {dag.py:3954} INFO - Setting next_dagrun for consume_1_or_2_with_dataset_expressions to None, run_after=None
[2024-11-13T08:00:46.793+0000] {logging_mixin.py:188} INFO - [2024-11-13T08:00:46.793+0000] {dag.py:3954} INFO - Setting next_dagrun for consume_1_or_both_2_and_3_with_dataset_expressions to None, run_after=None
[2024-11-13T08:00:46.794+0000] {logging_mixin.py:188} INFO - [2024-11-13T08:00:46.794+0000] {dag.py:3954} INFO - Setting next_dagrun for dataset_consumes_1 to None, run_after=None
[2024-11-13T08:00:46.794+0000] {logging_mixin.py:188} INFO - [2024-11-13T08:00:46.794+0000] {dag.py:3954} INFO - Setting next_dagrun for dataset_consumes_1_and_2 to None, run_after=None
[2024-11-13T08:00:46.794+0000] {logging_mixin.py:188} INFO - [2024-11-13T08:00:46.794+0000] {dag.py:3954} INFO - Setting next_dagrun for dataset_consumes_1_never_scheduled to None, run_after=None
[2024-11-13T08:00:46.795+0000] {logging_mixin.py:188} INFO - [2024-11-13T08:00:46.795+0000] {dag.py:3954} INFO - Setting next_dagrun for dataset_consumes_unknown_never_scheduled to None, run_after=None
[2024-11-13T08:00:46.796+0000] {logging_mixin.py:188} INFO - [2024-11-13T08:00:46.796+0000] {dag.py:3954} INFO - Setting next_dagrun for dataset_produces_1 to 2024-11-12 00:00:00+00:00, run_after=2024-11-13 00:00:00+00:00
[2024-11-13T08:00:46.796+0000] {logging_mixin.py:188} INFO - [2024-11-13T08:00:46.796+0000] {dag.py:3954} INFO - Setting next_dagrun for dataset_produces_2 to None, run_after=None
[2024-11-13T08:00:46.811+0000] {processor.py:183} INFO - Processing /home/airflow/.local/lib/python3.12/site-packages/airflow/example_dags/example_datasets.py took 0.120 seconds
[2024-11-13T08:01:17.521+0000] {processor.py:161} INFO - Started process (PID=228) to work on /home/airflow/.local/lib/python3.12/site-packages/airflow/example_dags/example_datasets.py
[2024-11-13T08:01:17.522+0000] {processor.py:830} INFO - Processing file /home/airflow/.local/lib/python3.12/site-packages/airflow/example_dags/example_datasets.py for tasks to queue
[2024-11-13T08:01:17.523+0000] {logging_mixin.py:188} INFO - [2024-11-13T08:01:17.523+0000] {dagbag.py:545} INFO - Filling up the DagBag from /home/airflow/.local/lib/python3.12/site-packages/airflow/example_dags/example_datasets.py
[2024-11-13T08:01:17.530+0000] {processor.py:840} INFO - DAG(s) 'dataset_consumes_1_never_scheduled', 'consume_1_and_2_with_dataset_expressions', 'dataset_consumes_1_and_2', 'dataset_produces_1', 'consume_1_or_both_2_and_3_with_dataset_expressions', 'dataset_produces_2', 'consume_1_or_2_with_dataset_expressions', 'dataset_consumes_1', 'dataset_consumes_unknown_never_scheduled', 'conditional_dataset_and_time_based_timetable' retrieved from /home/airflow/.local/lib/python3.12/site-packages/airflow/example_dags/example_datasets.py
[2024-11-13T08:01:17.551+0000] {logging_mixin.py:188} INFO - [2024-11-13T08:01:17.551+0000] {dag.py:3096} INFO - Sync 10 DAGs
[2024-11-13T08:01:17.564+0000] {logging_mixin.py:188} INFO - [2024-11-13T08:01:17.564+0000] {dag.py:3954} INFO - Setting next_dagrun for conditional_dataset_and_time_based_timetable to 2024-11-13 01:00:00+00:00, run_after=2024-11-13 01:00:00+00:00
[2024-11-13T08:01:17.566+0000] {logging_mixin.py:188} INFO - [2024-11-13T08:01:17.566+0000] {dag.py:3954} INFO - Setting next_dagrun for consume_1_and_2_with_dataset_expressions to None, run_after=None
[2024-11-13T08:01:17.567+0000] {logging_mixin.py:188} INFO - [2024-11-13T08:01:17.567+0000] {dag.py:3954} INFO - Setting next_dagrun for consume_1_or_2_with_dataset_expressions to None, run_after=None
[2024-11-13T08:01:17.568+0000] {logging_mixin.py:188} INFO - [2024-11-13T08:01:17.568+0000] {dag.py:3954} INFO - Setting next_dagrun for consume_1_or_both_2_and_3_with_dataset_expressions to None, run_after=None
[2024-11-13T08:01:17.568+0000] {logging_mixin.py:188} INFO - [2024-11-13T08:01:17.568+0000] {dag.py:3954} INFO - Setting next_dagrun for dataset_consumes_1 to None, run_after=None
[2024-11-13T08:01:17.569+0000] {logging_mixin.py:188} INFO - [2024-11-13T08:01:17.569+0000] {dag.py:3954} INFO - Setting next_dagrun for dataset_consumes_1_and_2 to None, run_after=None
[2024-11-13T08:01:17.569+0000] {logging_mixin.py:188} INFO - [2024-11-13T08:01:17.569+0000] {dag.py:3954} INFO - Setting next_dagrun for dataset_consumes_1_never_scheduled to None, run_after=None
[2024-11-13T08:01:17.570+0000] {logging_mixin.py:188} INFO - [2024-11-13T08:01:17.570+0000] {dag.py:3954} INFO - Setting next_dagrun for dataset_consumes_unknown_never_scheduled to None, run_after=None
[2024-11-13T08:01:17.571+0000] {logging_mixin.py:188} INFO - [2024-11-13T08:01:17.571+0000] {dag.py:3954} INFO - Setting next_dagrun for dataset_produces_1 to 2024-11-12 00:00:00+00:00, run_after=2024-11-13 00:00:00+00:00
[2024-11-13T08:01:17.572+0000] {logging_mixin.py:188} INFO - [2024-11-13T08:01:17.572+0000] {dag.py:3954} INFO - Setting next_dagrun for dataset_produces_2 to None, run_after=None
[2024-11-13T08:01:17.588+0000] {processor.py:183} INFO - Processing /home/airflow/.local/lib/python3.12/site-packages/airflow/example_dags/example_datasets.py took 0.071 seconds
[2024-11-13T08:01:48.502+0000] {processor.py:161} INFO - Started process (PID=287) to work on /home/airflow/.local/lib/python3.12/site-packages/airflow/example_dags/example_datasets.py
[2024-11-13T08:01:48.502+0000] {processor.py:830} INFO - Processing file /home/airflow/.local/lib/python3.12/site-packages/airflow/example_dags/example_datasets.py for tasks to queue
[2024-11-13T08:01:48.503+0000] {logging_mixin.py:188} INFO - [2024-11-13T08:01:48.503+0000] {dagbag.py:545} INFO - Filling up the DagBag from /home/airflow/.local/lib/python3.12/site-packages/airflow/example_dags/example_datasets.py
[2024-11-13T08:01:48.510+0000] {processor.py:840} INFO - DAG(s) 'consume_1_or_both_2_and_3_with_dataset_expressions', 'consume_1_or_2_with_dataset_expressions', 'dataset_consumes_1_and_2', 'dataset_consumes_1_never_scheduled', 'dataset_produces_1', 'dataset_consumes_unknown_never_scheduled', 'conditional_dataset_and_time_based_timetable', 'dataset_produces_2', 'dataset_consumes_1', 'consume_1_and_2_with_dataset_expressions' retrieved from /home/airflow/.local/lib/python3.12/site-packages/airflow/example_dags/example_datasets.py
[2024-11-13T08:01:48.530+0000] {logging_mixin.py:188} INFO - [2024-11-13T08:01:48.530+0000] {dag.py:3096} INFO - Sync 10 DAGs
[2024-11-13T08:01:48.542+0000] {logging_mixin.py:188} INFO - [2024-11-13T08:01:48.542+0000] {dag.py:3954} INFO - Setting next_dagrun for conditional_dataset_and_time_based_timetable to 2024-11-13 01:00:00+00:00, run_after=2024-11-13 01:00:00+00:00
[2024-11-13T08:01:48.544+0000] {logging_mixin.py:188} INFO - [2024-11-13T08:01:48.544+0000] {dag.py:3954} INFO - Setting next_dagrun for consume_1_and_2_with_dataset_expressions to None, run_after=None
[2024-11-13T08:01:48.545+0000] {logging_mixin.py:188} INFO - [2024-11-13T08:01:48.545+0000] {dag.py:3954} INFO - Setting next_dagrun for consume_1_or_2_with_dataset_expressions to None, run_after=None
[2024-11-13T08:01:48.545+0000] {logging_mixin.py:188} INFO - [2024-11-13T08:01:48.545+0000] {dag.py:3954} INFO - Setting next_dagrun for consume_1_or_both_2_and_3_with_dataset_expressions to None, run_after=None
[2024-11-13T08:01:48.546+0000] {logging_mixin.py:188} INFO - [2024-11-13T08:01:48.546+0000] {dag.py:3954} INFO - Setting next_dagrun for dataset_consumes_1 to None, run_after=None
[2024-11-13T08:01:48.546+0000] {logging_mixin.py:188} INFO - [2024-11-13T08:01:48.546+0000] {dag.py:3954} INFO - Setting next_dagrun for dataset_consumes_1_and_2 to None, run_after=None
[2024-11-13T08:01:48.547+0000] {logging_mixin.py:188} INFO - [2024-11-13T08:01:48.547+0000] {dag.py:3954} INFO - Setting next_dagrun for dataset_consumes_1_never_scheduled to None, run_after=None
[2024-11-13T08:01:48.548+0000] {logging_mixin.py:188} INFO - [2024-11-13T08:01:48.547+0000] {dag.py:3954} INFO - Setting next_dagrun for dataset_consumes_unknown_never_scheduled to None, run_after=None
[2024-11-13T08:01:48.549+0000] {logging_mixin.py:188} INFO - [2024-11-13T08:01:48.548+0000] {dag.py:3954} INFO - Setting next_dagrun for dataset_produces_1 to 2024-11-12 00:00:00+00:00, run_after=2024-11-13 00:00:00+00:00
[2024-11-13T08:01:48.549+0000] {logging_mixin.py:188} INFO - [2024-11-13T08:01:48.549+0000] {dag.py:3954} INFO - Setting next_dagrun for dataset_produces_2 to None, run_after=None
[2024-11-13T08:01:48.564+0000] {processor.py:183} INFO - Processing /home/airflow/.local/lib/python3.12/site-packages/airflow/example_dags/example_datasets.py took 0.065 seconds
[2024-11-13T08:02:18.648+0000] {processor.py:161} INFO - Started process (PID=346) to work on /home/airflow/.local/lib/python3.12/site-packages/airflow/example_dags/example_datasets.py
[2024-11-13T08:02:18.649+0000] {processor.py:830} INFO - Processing file /home/airflow/.local/lib/python3.12/site-packages/airflow/example_dags/example_datasets.py for tasks to queue
[2024-11-13T08:02:18.650+0000] {logging_mixin.py:188} INFO - [2024-11-13T08:02:18.650+0000] {dagbag.py:545} INFO - Filling up the DagBag from /home/airflow/.local/lib/python3.12/site-packages/airflow/example_dags/example_datasets.py
[2024-11-13T08:02:18.657+0000] {processor.py:840} INFO - DAG(s) 'conditional_dataset_and_time_based_timetable', 'dataset_produces_1', 'dataset_consumes_1_never_scheduled', 'consume_1_and_2_with_dataset_expressions', 'dataset_consumes_unknown_never_scheduled', 'dataset_consumes_1', 'consume_1_or_both_2_and_3_with_dataset_expressions', 'dataset_produces_2', 'consume_1_or_2_with_dataset_expressions', 'dataset_consumes_1_and_2' retrieved from /home/airflow/.local/lib/python3.12/site-packages/airflow/example_dags/example_datasets.py
[2024-11-13T08:02:18.677+0000] {logging_mixin.py:188} INFO - [2024-11-13T08:02:18.677+0000] {dag.py:3096} INFO - Sync 10 DAGs
[2024-11-13T08:02:18.688+0000] {logging_mixin.py:188} INFO - [2024-11-13T08:02:18.688+0000] {dag.py:3954} INFO - Setting next_dagrun for conditional_dataset_and_time_based_timetable to 2024-11-13 01:00:00+00:00, run_after=2024-11-13 01:00:00+00:00
[2024-11-13T08:02:18.690+0000] {logging_mixin.py:188} INFO - [2024-11-13T08:02:18.689+0000] {dag.py:3954} INFO - Setting next_dagrun for consume_1_and_2_with_dataset_expressions to None, run_after=None
[2024-11-13T08:02:18.690+0000] {logging_mixin.py:188} INFO - [2024-11-13T08:02:18.690+0000] {dag.py:3954} INFO - Setting next_dagrun for consume_1_or_2_with_dataset_expressions to None, run_after=None
[2024-11-13T08:02:18.691+0000] {logging_mixin.py:188} INFO - [2024-11-13T08:02:18.691+0000] {dag.py:3954} INFO - Setting next_dagrun for consume_1_or_both_2_and_3_with_dataset_expressions to None, run_after=None
[2024-11-13T08:02:18.691+0000] {logging_mixin.py:188} INFO - [2024-11-13T08:02:18.691+0000] {dag.py:3954} INFO - Setting next_dagrun for dataset_consumes_1 to None, run_after=None
[2024-11-13T08:02:18.692+0000] {logging_mixin.py:188} INFO - [2024-11-13T08:02:18.692+0000] {dag.py:3954} INFO - Setting next_dagrun for dataset_consumes_1_and_2 to None, run_after=None
[2024-11-13T08:02:18.692+0000] {logging_mixin.py:188} INFO - [2024-11-13T08:02:18.692+0000] {dag.py:3954} INFO - Setting next_dagrun for dataset_consumes_1_never_scheduled to None, run_after=None
[2024-11-13T08:02:18.693+0000] {logging_mixin.py:188} INFO - [2024-11-13T08:02:18.693+0000] {dag.py:3954} INFO - Setting next_dagrun for dataset_consumes_unknown_never_scheduled to None, run_after=None
[2024-11-13T08:02:18.694+0000] {logging_mixin.py:188} INFO - [2024-11-13T08:02:18.694+0000] {dag.py:3954} INFO - Setting next_dagrun for dataset_produces_1 to 2024-11-12 00:00:00+00:00, run_after=2024-11-13 00:00:00+00:00
[2024-11-13T08:02:18.694+0000] {logging_mixin.py:188} INFO - [2024-11-13T08:02:18.694+0000] {dag.py:3954} INFO - Setting next_dagrun for dataset_produces_2 to None, run_after=None
[2024-11-13T08:02:18.708+0000] {processor.py:183} INFO - Processing /home/airflow/.local/lib/python3.12/site-packages/airflow/example_dags/example_datasets.py took 0.062 seconds
[2024-11-13T08:02:49.660+0000] {processor.py:161} INFO - Started process (PID=405) to work on /home/airflow/.local/lib/python3.12/site-packages/airflow/example_dags/example_datasets.py
[2024-11-13T08:02:49.661+0000] {processor.py:830} INFO - Processing file /home/airflow/.local/lib/python3.12/site-packages/airflow/example_dags/example_datasets.py for tasks to queue
[2024-11-13T08:02:49.662+0000] {logging_mixin.py:188} INFO - [2024-11-13T08:02:49.662+0000] {dagbag.py:545} INFO - Filling up the DagBag from /home/airflow/.local/lib/python3.12/site-packages/airflow/example_dags/example_datasets.py
[2024-11-13T08:02:49.670+0000] {processor.py:840} INFO - DAG(s) 'dataset_consumes_1_and_2', 'consume_1_or_both_2_and_3_with_dataset_expressions', 'consume_1_and_2_with_dataset_expressions', 'consume_1_or_2_with_dataset_expressions', 'dataset_produces_2', 'conditional_dataset_and_time_based_timetable', 'dataset_consumes_1_never_scheduled', 'dataset_consumes_1', 'dataset_produces_1', 'dataset_consumes_unknown_never_scheduled' retrieved from /home/airflow/.local/lib/python3.12/site-packages/airflow/example_dags/example_datasets.py
[2024-11-13T08:02:49.697+0000] {logging_mixin.py:188} INFO - [2024-11-13T08:02:49.697+0000] {dag.py:3096} INFO - Sync 10 DAGs
[2024-11-13T08:02:49.712+0000] {logging_mixin.py:188} INFO - [2024-11-13T08:02:49.712+0000] {dag.py:3954} INFO - Setting next_dagrun for conditional_dataset_and_time_based_timetable to 2024-11-13 01:00:00+00:00, run_after=2024-11-13 01:00:00+00:00
[2024-11-13T08:02:49.714+0000] {logging_mixin.py:188} INFO - [2024-11-13T08:02:49.714+0000] {dag.py:3954} INFO - Setting next_dagrun for consume_1_and_2_with_dataset_expressions to None, run_after=None
[2024-11-13T08:02:49.715+0000] {logging_mixin.py:188} INFO - [2024-11-13T08:02:49.715+0000] {dag.py:3954} INFO - Setting next_dagrun for consume_1_or_2_with_dataset_expressions to None, run_after=None
[2024-11-13T08:02:49.716+0000] {logging_mixin.py:188} INFO - [2024-11-13T08:02:49.716+0000] {dag.py:3954} INFO - Setting next_dagrun for consume_1_or_both_2_and_3_with_dataset_expressions to None, run_after=None
[2024-11-13T08:02:49.717+0000] {logging_mixin.py:188} INFO - [2024-11-13T08:02:49.716+0000] {dag.py:3954} INFO - Setting next_dagrun for dataset_consumes_1 to None, run_after=None
[2024-11-13T08:02:49.717+0000] {logging_mixin.py:188} INFO - [2024-11-13T08:02:49.717+0000] {dag.py:3954} INFO - Setting next_dagrun for dataset_consumes_1_and_2 to None, run_after=None
[2024-11-13T08:02:49.718+0000] {logging_mixin.py:188} INFO - [2024-11-13T08:02:49.718+0000] {dag.py:3954} INFO - Setting next_dagrun for dataset_consumes_1_never_scheduled to None, run_after=None
[2024-11-13T08:02:49.718+0000] {logging_mixin.py:188} INFO - [2024-11-13T08:02:49.718+0000] {dag.py:3954} INFO - Setting next_dagrun for dataset_consumes_unknown_never_scheduled to None, run_after=None
[2024-11-13T08:02:49.719+0000] {logging_mixin.py:188} INFO - [2024-11-13T08:02:49.719+0000] {dag.py:3954} INFO - Setting next_dagrun for dataset_produces_1 to 2024-11-12 00:00:00+00:00, run_after=2024-11-13 00:00:00+00:00
[2024-11-13T08:02:49.720+0000] {logging_mixin.py:188} INFO - [2024-11-13T08:02:49.720+0000] {dag.py:3954} INFO - Setting next_dagrun for dataset_produces_2 to None, run_after=None
[2024-11-13T08:02:49.737+0000] {processor.py:183} INFO - Processing /home/airflow/.local/lib/python3.12/site-packages/airflow/example_dags/example_datasets.py took 0.079 seconds
[2024-11-13T08:03:20.515+0000] {processor.py:161} INFO - Started process (PID=464) to work on /home/airflow/.local/lib/python3.12/site-packages/airflow/example_dags/example_datasets.py
[2024-11-13T08:03:20.516+0000] {processor.py:830} INFO - Processing file /home/airflow/.local/lib/python3.12/site-packages/airflow/example_dags/example_datasets.py for tasks to queue
[2024-11-13T08:03:20.519+0000] {logging_mixin.py:188} INFO - [2024-11-13T08:03:20.518+0000] {dagbag.py:545} INFO - Filling up the DagBag from /home/airflow/.local/lib/python3.12/site-packages/airflow/example_dags/example_datasets.py
[2024-11-13T08:03:20.526+0000] {processor.py:840} INFO - DAG(s) 'dataset_consumes_1_never_scheduled', 'dataset_produces_1', 'conditional_dataset_and_time_based_timetable', 'consume_1_or_2_with_dataset_expressions', 'consume_1_or_both_2_and_3_with_dataset_expressions', 'consume_1_and_2_with_dataset_expressions', 'dataset_produces_2', 'dataset_consumes_1_and_2', 'dataset_consumes_1', 'dataset_consumes_unknown_never_scheduled' retrieved from /home/airflow/.local/lib/python3.12/site-packages/airflow/example_dags/example_datasets.py
[2024-11-13T08:03:20.548+0000] {logging_mixin.py:188} INFO - [2024-11-13T08:03:20.548+0000] {dag.py:3096} INFO - Sync 10 DAGs
[2024-11-13T08:03:20.561+0000] {logging_mixin.py:188} INFO - [2024-11-13T08:03:20.561+0000] {dag.py:3954} INFO - Setting next_dagrun for conditional_dataset_and_time_based_timetable to 2024-11-13 01:00:00+00:00, run_after=2024-11-13 01:00:00+00:00
[2024-11-13T08:03:20.562+0000] {logging_mixin.py:188} INFO - [2024-11-13T08:03:20.562+0000] {dag.py:3954} INFO - Setting next_dagrun for consume_1_and_2_with_dataset_expressions to None, run_after=None
[2024-11-13T08:03:20.563+0000] {logging_mixin.py:188} INFO - [2024-11-13T08:03:20.563+0000] {dag.py:3954} INFO - Setting next_dagrun for consume_1_or_2_with_dataset_expressions to None, run_after=None
[2024-11-13T08:03:20.565+0000] {logging_mixin.py:188} INFO - [2024-11-13T08:03:20.565+0000] {dag.py:3954} INFO - Setting next_dagrun for consume_1_or_both_2_and_3_with_dataset_expressions to None, run_after=None
[2024-11-13T08:03:20.565+0000] {logging_mixin.py:188} INFO - [2024-11-13T08:03:20.565+0000] {dag.py:3954} INFO - Setting next_dagrun for dataset_consumes_1 to None, run_after=None
[2024-11-13T08:03:20.567+0000] {logging_mixin.py:188} INFO - [2024-11-13T08:03:20.567+0000] {dag.py:3954} INFO - Setting next_dagrun for dataset_consumes_1_and_2 to None, run_after=None
[2024-11-13T08:03:20.568+0000] {logging_mixin.py:188} INFO - [2024-11-13T08:03:20.568+0000] {dag.py:3954} INFO - Setting next_dagrun for dataset_consumes_1_never_scheduled to None, run_after=None
[2024-11-13T08:03:20.568+0000] {logging_mixin.py:188} INFO - [2024-11-13T08:03:20.568+0000] {dag.py:3954} INFO - Setting next_dagrun for dataset_consumes_unknown_never_scheduled to None, run_after=None
[2024-11-13T08:03:20.570+0000] {logging_mixin.py:188} INFO - [2024-11-13T08:03:20.570+0000] {dag.py:3954} INFO - Setting next_dagrun for dataset_produces_1 to 2024-11-12 00:00:00+00:00, run_after=2024-11-13 00:00:00+00:00
[2024-11-13T08:03:20.571+0000] {logging_mixin.py:188} INFO - [2024-11-13T08:03:20.571+0000] {dag.py:3954} INFO - Setting next_dagrun for dataset_produces_2 to None, run_after=None
[2024-11-13T08:03:20.588+0000] {processor.py:183} INFO - Processing /home/airflow/.local/lib/python3.12/site-packages/airflow/example_dags/example_datasets.py took 0.077 seconds
[2024-11-13T08:03:51.487+0000] {processor.py:161} INFO - Started process (PID=523) to work on /home/airflow/.local/lib/python3.12/site-packages/airflow/example_dags/example_datasets.py
[2024-11-13T08:03:51.487+0000] {processor.py:830} INFO - Processing file /home/airflow/.local/lib/python3.12/site-packages/airflow/example_dags/example_datasets.py for tasks to queue
[2024-11-13T08:03:51.488+0000] {logging_mixin.py:188} INFO - [2024-11-13T08:03:51.488+0000] {dagbag.py:545} INFO - Filling up the DagBag from /home/airflow/.local/lib/python3.12/site-packages/airflow/example_dags/example_datasets.py
[2024-11-13T08:03:51.496+0000] {processor.py:840} INFO - DAG(s) 'dataset_produces_2', 'conditional_dataset_and_time_based_timetable', 'dataset_produces_1', 'dataset_consumes_unknown_never_scheduled', 'consume_1_or_2_with_dataset_expressions', 'consume_1_or_both_2_and_3_with_dataset_expressions', 'consume_1_and_2_with_dataset_expressions', 'dataset_consumes_1_never_scheduled', 'dataset_consumes_1', 'dataset_consumes_1_and_2' retrieved from /home/airflow/.local/lib/python3.12/site-packages/airflow/example_dags/example_datasets.py
[2024-11-13T08:03:51.520+0000] {logging_mixin.py:188} INFO - [2024-11-13T08:03:51.520+0000] {dag.py:3096} INFO - Sync 10 DAGs
[2024-11-13T08:03:51.532+0000] {logging_mixin.py:188} INFO - [2024-11-13T08:03:51.532+0000] {dag.py:3954} INFO - Setting next_dagrun for conditional_dataset_and_time_based_timetable to 2024-11-13 01:00:00+00:00, run_after=2024-11-13 01:00:00+00:00
[2024-11-13T08:03:51.536+0000] {logging_mixin.py:188} INFO - [2024-11-13T08:03:51.536+0000] {dag.py:3954} INFO - Setting next_dagrun for consume_1_and_2_with_dataset_expressions to None, run_after=None
[2024-11-13T08:03:51.537+0000] {logging_mixin.py:188} INFO - [2024-11-13T08:03:51.537+0000] {dag.py:3954} INFO - Setting next_dagrun for consume_1_or_2_with_dataset_expressions to None, run_after=None
[2024-11-13T08:03:51.537+0000] {logging_mixin.py:188} INFO - [2024-11-13T08:03:51.537+0000] {dag.py:3954} INFO - Setting next_dagrun for consume_1_or_both_2_and_3_with_dataset_expressions to None, run_after=None
[2024-11-13T08:03:51.538+0000] {logging_mixin.py:188} INFO - [2024-11-13T08:03:51.538+0000] {dag.py:3954} INFO - Setting next_dagrun for dataset_consumes_1 to None, run_after=None
[2024-11-13T08:03:51.538+0000] {logging_mixin.py:188} INFO - [2024-11-13T08:03:51.538+0000] {dag.py:3954} INFO - Setting next_dagrun for dataset_consumes_1_and_2 to None, run_after=None
[2024-11-13T08:03:51.539+0000] {logging_mixin.py:188} INFO - [2024-11-13T08:03:51.539+0000] {dag.py:3954} INFO - Setting next_dagrun for dataset_consumes_1_never_scheduled to None, run_after=None
[2024-11-13T08:03:51.539+0000] {logging_mixin.py:188} INFO - [2024-11-13T08:03:51.539+0000] {dag.py:3954} INFO - Setting next_dagrun for dataset_consumes_unknown_never_scheduled to None, run_after=None
[2024-11-13T08:03:51.540+0000] {logging_mixin.py:188} INFO - [2024-11-13T08:03:51.540+0000] {dag.py:3954} INFO - Setting next_dagrun for dataset_produces_1 to 2024-11-12 00:00:00+00:00, run_after=2024-11-13 00:00:00+00:00
[2024-11-13T08:03:51.541+0000] {logging_mixin.py:188} INFO - [2024-11-13T08:03:51.541+0000] {dag.py:3954} INFO - Setting next_dagrun for dataset_produces_2 to None, run_after=None
[2024-11-13T08:03:51.558+0000] {processor.py:183} INFO - Processing /home/airflow/.local/lib/python3.12/site-packages/airflow/example_dags/example_datasets.py took 0.074 seconds
[2024-11-13T08:04:22.334+0000] {processor.py:161} INFO - Started process (PID=582) to work on /home/airflow/.local/lib/python3.12/site-packages/airflow/example_dags/example_datasets.py
[2024-11-13T08:04:22.335+0000] {processor.py:830} INFO - Processing file /home/airflow/.local/lib/python3.12/site-packages/airflow/example_dags/example_datasets.py for tasks to queue
[2024-11-13T08:04:22.337+0000] {logging_mixin.py:188} INFO - [2024-11-13T08:04:22.337+0000] {dagbag.py:545} INFO - Filling up the DagBag from /home/airflow/.local/lib/python3.12/site-packages/airflow/example_dags/example_datasets.py
[2024-11-13T08:04:22.344+0000] {processor.py:840} INFO - DAG(s) 'consume_1_or_both_2_and_3_with_dataset_expressions', 'dataset_produces_2', 'dataset_consumes_1_and_2', 'dataset_consumes_1_never_scheduled', 'dataset_produces_1', 'consume_1_and_2_with_dataset_expressions', 'conditional_dataset_and_time_based_timetable', 'dataset_consumes_unknown_never_scheduled', 'consume_1_or_2_with_dataset_expressions', 'dataset_consumes_1' retrieved from /home/airflow/.local/lib/python3.12/site-packages/airflow/example_dags/example_datasets.py
[2024-11-13T08:04:22.372+0000] {logging_mixin.py:188} INFO - [2024-11-13T08:04:22.371+0000] {dag.py:3096} INFO - Sync 10 DAGs
[2024-11-13T08:04:22.384+0000] {logging_mixin.py:188} INFO - [2024-11-13T08:04:22.383+0000] {dag.py:3954} INFO - Setting next_dagrun for conditional_dataset_and_time_based_timetable to 2024-11-13 01:00:00+00:00, run_after=2024-11-13 01:00:00+00:00
[2024-11-13T08:04:22.386+0000] {logging_mixin.py:188} INFO - [2024-11-13T08:04:22.386+0000] {dag.py:3954} INFO - Setting next_dagrun for consume_1_and_2_with_dataset_expressions to None, run_after=None
[2024-11-13T08:04:22.386+0000] {logging_mixin.py:188} INFO - [2024-11-13T08:04:22.386+0000] {dag.py:3954} INFO - Setting next_dagrun for consume_1_or_2_with_dataset_expressions to None, run_after=None
[2024-11-13T08:04:22.387+0000] {logging_mixin.py:188} INFO - [2024-11-13T08:04:22.387+0000] {dag.py:3954} INFO - Setting next_dagrun for consume_1_or_both_2_and_3_with_dataset_expressions to None, run_after=None
[2024-11-13T08:04:22.387+0000] {logging_mixin.py:188} INFO - [2024-11-13T08:04:22.387+0000] {dag.py:3954} INFO - Setting next_dagrun for dataset_consumes_1 to None, run_after=None
[2024-11-13T08:04:22.388+0000] {logging_mixin.py:188} INFO - [2024-11-13T08:04:22.388+0000] {dag.py:3954} INFO - Setting next_dagrun for dataset_consumes_1_and_2 to None, run_after=None
[2024-11-13T08:04:22.388+0000] {logging_mixin.py:188} INFO - [2024-11-13T08:04:22.388+0000] {dag.py:3954} INFO - Setting next_dagrun for dataset_consumes_1_never_scheduled to None, run_after=None
[2024-11-13T08:04:22.389+0000] {logging_mixin.py:188} INFO - [2024-11-13T08:04:22.389+0000] {dag.py:3954} INFO - Setting next_dagrun for dataset_consumes_unknown_never_scheduled to None, run_after=None
[2024-11-13T08:04:22.390+0000] {logging_mixin.py:188} INFO - [2024-11-13T08:04:22.390+0000] {dag.py:3954} INFO - Setting next_dagrun for dataset_produces_1 to 2024-11-12 00:00:00+00:00, run_after=2024-11-13 00:00:00+00:00
[2024-11-13T08:04:22.390+0000] {logging_mixin.py:188} INFO - [2024-11-13T08:04:22.390+0000] {dag.py:3954} INFO - Setting next_dagrun for dataset_produces_2 to None, run_after=None
[2024-11-13T08:04:22.410+0000] {processor.py:183} INFO - Processing /home/airflow/.local/lib/python3.12/site-packages/airflow/example_dags/example_datasets.py took 0.079 seconds
[2024-11-13T08:04:53.289+0000] {processor.py:161} INFO - Started process (PID=640) to work on /home/airflow/.local/lib/python3.12/site-packages/airflow/example_dags/example_datasets.py
[2024-11-13T08:04:53.290+0000] {processor.py:830} INFO - Processing file /home/airflow/.local/lib/python3.12/site-packages/airflow/example_dags/example_datasets.py for tasks to queue
[2024-11-13T08:04:53.292+0000] {logging_mixin.py:188} INFO - [2024-11-13T08:04:53.291+0000] {dagbag.py:545} INFO - Filling up the DagBag from /home/airflow/.local/lib/python3.12/site-packages/airflow/example_dags/example_datasets.py
[2024-11-13T08:04:53.298+0000] {processor.py:840} INFO - DAG(s) 'dataset_consumes_unknown_never_scheduled', 'consume_1_or_both_2_and_3_with_dataset_expressions', 'consume_1_and_2_with_dataset_expressions', 'dataset_produces_2', 'dataset_consumes_1_and_2', 'dataset_consumes_1', 'consume_1_or_2_with_dataset_expressions', 'dataset_produces_1', 'conditional_dataset_and_time_based_timetable', 'dataset_consumes_1_never_scheduled' retrieved from /home/airflow/.local/lib/python3.12/site-packages/airflow/example_dags/example_datasets.py
[2024-11-13T08:04:53.325+0000] {logging_mixin.py:188} INFO - [2024-11-13T08:04:53.325+0000] {dag.py:3096} INFO - Sync 10 DAGs
[2024-11-13T08:04:53.337+0000] {logging_mixin.py:188} INFO - [2024-11-13T08:04:53.337+0000] {dag.py:3954} INFO - Setting next_dagrun for conditional_dataset_and_time_based_timetable to 2024-11-13 01:00:00+00:00, run_after=2024-11-13 01:00:00+00:00
[2024-11-13T08:04:53.340+0000] {logging_mixin.py:188} INFO - [2024-11-13T08:04:53.340+0000] {dag.py:3954} INFO - Setting next_dagrun for consume_1_and_2_with_dataset_expressions to None, run_after=None
[2024-11-13T08:04:53.340+0000] {logging_mixin.py:188} INFO - [2024-11-13T08:04:53.340+0000] {dag.py:3954} INFO - Setting next_dagrun for consume_1_or_2_with_dataset_expressions to None, run_after=None
[2024-11-13T08:04:53.341+0000] {logging_mixin.py:188} INFO - [2024-11-13T08:04:53.341+0000] {dag.py:3954} INFO - Setting next_dagrun for consume_1_or_both_2_and_3_with_dataset_expressions to None, run_after=None
[2024-11-13T08:04:53.341+0000] {logging_mixin.py:188} INFO - [2024-11-13T08:04:53.341+0000] {dag.py:3954} INFO - Setting next_dagrun for dataset_consumes_1 to None, run_after=None
[2024-11-13T08:04:53.342+0000] {logging_mixin.py:188} INFO - [2024-11-13T08:04:53.342+0000] {dag.py:3954} INFO - Setting next_dagrun for dataset_consumes_1_and_2 to None, run_after=None
[2024-11-13T08:04:53.342+0000] {logging_mixin.py:188} INFO - [2024-11-13T08:04:53.342+0000] {dag.py:3954} INFO - Setting next_dagrun for dataset_consumes_1_never_scheduled to None, run_after=None
[2024-11-13T08:04:53.343+0000] {logging_mixin.py:188} INFO - [2024-11-13T08:04:53.343+0000] {dag.py:3954} INFO - Setting next_dagrun for dataset_consumes_unknown_never_scheduled to None, run_after=None
[2024-11-13T08:04:53.344+0000] {logging_mixin.py:188} INFO - [2024-11-13T08:04:53.344+0000] {dag.py:3954} INFO - Setting next_dagrun for dataset_produces_1 to 2024-11-12 00:00:00+00:00, run_after=2024-11-13 00:00:00+00:00
[2024-11-13T08:04:53.345+0000] {logging_mixin.py:188} INFO - [2024-11-13T08:04:53.345+0000] {dag.py:3954} INFO - Setting next_dagrun for dataset_produces_2 to None, run_after=None
[2024-11-13T08:04:53.361+0000] {processor.py:183} INFO - Processing /home/airflow/.local/lib/python3.12/site-packages/airflow/example_dags/example_datasets.py took 0.075 seconds
[2024-11-13T08:05:23.381+0000] {processor.py:161} INFO - Started process (PID=699) to work on /home/airflow/.local/lib/python3.12/site-packages/airflow/example_dags/example_datasets.py
[2024-11-13T08:05:23.381+0000] {processor.py:830} INFO - Processing file /home/airflow/.local/lib/python3.12/site-packages/airflow/example_dags/example_datasets.py for tasks to queue
[2024-11-13T08:05:23.382+0000] {logging_mixin.py:188} INFO - [2024-11-13T08:05:23.382+0000] {dagbag.py:545} INFO - Filling up the DagBag from /home/airflow/.local/lib/python3.12/site-packages/airflow/example_dags/example_datasets.py
[2024-11-13T08:05:23.389+0000] {processor.py:840} INFO - DAG(s) 'dataset_consumes_1_never_scheduled', 'dataset_consumes_1', 'dataset_consumes_1_and_2', 'consume_1_or_both_2_and_3_with_dataset_expressions', 'dataset_produces_2', 'conditional_dataset_and_time_based_timetable', 'consume_1_or_2_with_dataset_expressions', 'consume_1_and_2_with_dataset_expressions', 'dataset_produces_1', 'dataset_consumes_unknown_never_scheduled' retrieved from /home/airflow/.local/lib/python3.12/site-packages/airflow/example_dags/example_datasets.py
[2024-11-13T08:05:23.409+0000] {logging_mixin.py:188} INFO - [2024-11-13T08:05:23.408+0000] {dag.py:3096} INFO - Sync 10 DAGs
[2024-11-13T08:05:23.420+0000] {logging_mixin.py:188} INFO - [2024-11-13T08:05:23.420+0000] {dag.py:3954} INFO - Setting next_dagrun for conditional_dataset_and_time_based_timetable to 2024-11-13 01:00:00+00:00, run_after=2024-11-13 01:00:00+00:00
[2024-11-13T08:05:23.422+0000] {logging_mixin.py:188} INFO - [2024-11-13T08:05:23.421+0000] {dag.py:3954} INFO - Setting next_dagrun for consume_1_and_2_with_dataset_expressions to None, run_after=None
[2024-11-13T08:05:23.422+0000] {logging_mixin.py:188} INFO - [2024-11-13T08:05:23.422+0000] {dag.py:3954} INFO - Setting next_dagrun for consume_1_or_2_with_dataset_expressions to None, run_after=None
[2024-11-13T08:05:23.423+0000] {logging_mixin.py:188} INFO - [2024-11-13T08:05:23.423+0000] {dag.py:3954} INFO - Setting next_dagrun for consume_1_or_both_2_and_3_with_dataset_expressions to None, run_after=None
[2024-11-13T08:05:23.423+0000] {logging_mixin.py:188} INFO - [2024-11-13T08:05:23.423+0000] {dag.py:3954} INFO - Setting next_dagrun for dataset_consumes_1 to None, run_after=None
[2024-11-13T08:05:23.424+0000] {logging_mixin.py:188} INFO - [2024-11-13T08:05:23.424+0000] {dag.py:3954} INFO - Setting next_dagrun for dataset_consumes_1_and_2 to None, run_after=None
[2024-11-13T08:05:23.424+0000] {logging_mixin.py:188} INFO - [2024-11-13T08:05:23.424+0000] {dag.py:3954} INFO - Setting next_dagrun for dataset_consumes_1_never_scheduled to None, run_after=None
[2024-11-13T08:05:23.425+0000] {logging_mixin.py:188} INFO - [2024-11-13T08:05:23.425+0000] {dag.py:3954} INFO - Setting next_dagrun for dataset_consumes_unknown_never_scheduled to None, run_after=None
[2024-11-13T08:05:23.426+0000] {logging_mixin.py:188} INFO - [2024-11-13T08:05:23.426+0000] {dag.py:3954} INFO - Setting next_dagrun for dataset_produces_1 to 2024-11-12 00:00:00+00:00, run_after=2024-11-13 00:00:00+00:00
[2024-11-13T08:05:23.426+0000] {logging_mixin.py:188} INFO - [2024-11-13T08:05:23.426+0000] {dag.py:3954} INFO - Setting next_dagrun for dataset_produces_2 to None, run_after=None
[2024-11-13T08:05:23.441+0000] {processor.py:183} INFO - Processing /home/airflow/.local/lib/python3.12/site-packages/airflow/example_dags/example_datasets.py took 0.063 seconds
[2024-11-13T08:05:53.483+0000] {processor.py:161} INFO - Started process (PID=758) to work on /home/airflow/.local/lib/python3.12/site-packages/airflow/example_dags/example_datasets.py
[2024-11-13T08:05:53.484+0000] {processor.py:830} INFO - Processing file /home/airflow/.local/lib/python3.12/site-packages/airflow/example_dags/example_datasets.py for tasks to queue
[2024-11-13T08:05:53.485+0000] {logging_mixin.py:188} INFO - [2024-11-13T08:05:53.485+0000] {dagbag.py:545} INFO - Filling up the DagBag from /home/airflow/.local/lib/python3.12/site-packages/airflow/example_dags/example_datasets.py
[2024-11-13T08:05:53.493+0000] {processor.py:840} INFO - DAG(s) 'consume_1_and_2_with_dataset_expressions', 'dataset_consumes_1_never_scheduled', 'consume_1_or_2_with_dataset_expressions', 'dataset_produces_2', 'dataset_consumes_1', 'dataset_consumes_unknown_never_scheduled', 'dataset_produces_1', 'dataset_consumes_1_and_2', 'conditional_dataset_and_time_based_timetable', 'consume_1_or_both_2_and_3_with_dataset_expressions' retrieved from /home/airflow/.local/lib/python3.12/site-packages/airflow/example_dags/example_datasets.py
[2024-11-13T08:05:53.522+0000] {logging_mixin.py:188} INFO - [2024-11-13T08:05:53.522+0000] {dag.py:3096} INFO - Sync 10 DAGs
[2024-11-13T08:05:53.535+0000] {logging_mixin.py:188} INFO - [2024-11-13T08:05:53.535+0000] {dag.py:3954} INFO - Setting next_dagrun for conditional_dataset_and_time_based_timetable to 2024-11-13 01:00:00+00:00, run_after=2024-11-13 01:00:00+00:00
[2024-11-13T08:05:53.537+0000] {logging_mixin.py:188} INFO - [2024-11-13T08:05:53.537+0000] {dag.py:3954} INFO - Setting next_dagrun for consume_1_and_2_with_dataset_expressions to None, run_after=None
[2024-11-13T08:05:53.538+0000] {logging_mixin.py:188} INFO - [2024-11-13T08:05:53.538+0000] {dag.py:3954} INFO - Setting next_dagrun for consume_1_or_2_with_dataset_expressions to None, run_after=None
[2024-11-13T08:05:53.539+0000] {logging_mixin.py:188} INFO - [2024-11-13T08:05:53.539+0000] {dag.py:3954} INFO - Setting next_dagrun for consume_1_or_both_2_and_3_with_dataset_expressions to None, run_after=None
[2024-11-13T08:05:53.539+0000] {logging_mixin.py:188} INFO - [2024-11-13T08:05:53.539+0000] {dag.py:3954} INFO - Setting next_dagrun for dataset_consumes_1 to None, run_after=None
[2024-11-13T08:05:53.540+0000] {logging_mixin.py:188} INFO - [2024-11-13T08:05:53.540+0000] {dag.py:3954} INFO - Setting next_dagrun for dataset_consumes_1_and_2 to None, run_after=None
[2024-11-13T08:05:53.541+0000] {logging_mixin.py:188} INFO - [2024-11-13T08:05:53.541+0000] {dag.py:3954} INFO - Setting next_dagrun for dataset_consumes_1_never_scheduled to None, run_after=None
[2024-11-13T08:05:53.542+0000] {logging_mixin.py:188} INFO - [2024-11-13T08:05:53.542+0000] {dag.py:3954} INFO - Setting next_dagrun for dataset_consumes_unknown_never_scheduled to None, run_after=None
[2024-11-13T08:05:53.543+0000] {logging_mixin.py:188} INFO - [2024-11-13T08:05:53.543+0000] {dag.py:3954} INFO - Setting next_dagrun for dataset_produces_1 to 2024-11-12 00:00:00+00:00, run_after=2024-11-13 00:00:00+00:00
[2024-11-13T08:05:53.543+0000] {logging_mixin.py:188} INFO - [2024-11-13T08:05:53.543+0000] {dag.py:3954} INFO - Setting next_dagrun for dataset_produces_2 to None, run_after=None
[2024-11-13T08:05:53.561+0000] {processor.py:183} INFO - Processing /home/airflow/.local/lib/python3.12/site-packages/airflow/example_dags/example_datasets.py took 0.081 seconds
[2024-11-13T08:06:24.517+0000] {processor.py:161} INFO - Started process (PID=817) to work on /home/airflow/.local/lib/python3.12/site-packages/airflow/example_dags/example_datasets.py
[2024-11-13T08:06:24.518+0000] {processor.py:830} INFO - Processing file /home/airflow/.local/lib/python3.12/site-packages/airflow/example_dags/example_datasets.py for tasks to queue
[2024-11-13T08:06:24.519+0000] {logging_mixin.py:188} INFO - [2024-11-13T08:06:24.519+0000] {dagbag.py:545} INFO - Filling up the DagBag from /home/airflow/.local/lib/python3.12/site-packages/airflow/example_dags/example_datasets.py
[2024-11-13T08:06:24.526+0000] {processor.py:840} INFO - DAG(s) 'conditional_dataset_and_time_based_timetable', 'dataset_consumes_unknown_never_scheduled', 'dataset_produces_1', 'consume_1_or_both_2_and_3_with_dataset_expressions', 'dataset_consumes_1', 'consume_1_and_2_with_dataset_expressions', 'dataset_consumes_1_and_2', 'consume_1_or_2_with_dataset_expressions', 'dataset_produces_2', 'dataset_consumes_1_never_scheduled' retrieved from /home/airflow/.local/lib/python3.12/site-packages/airflow/example_dags/example_datasets.py
[2024-11-13T08:06:24.551+0000] {logging_mixin.py:188} INFO - [2024-11-13T08:06:24.551+0000] {dag.py:3096} INFO - Sync 10 DAGs
[2024-11-13T08:06:24.563+0000] {logging_mixin.py:188} INFO - [2024-11-13T08:06:24.563+0000] {dag.py:3954} INFO - Setting next_dagrun for conditional_dataset_and_time_based_timetable to 2024-11-13 01:00:00+00:00, run_after=2024-11-13 01:00:00+00:00
[2024-11-13T08:06:24.565+0000] {logging_mixin.py:188} INFO - [2024-11-13T08:06:24.565+0000] {dag.py:3954} INFO - Setting next_dagrun for consume_1_and_2_with_dataset_expressions to None, run_after=None
[2024-11-13T08:06:24.565+0000] {logging_mixin.py:188} INFO - [2024-11-13T08:06:24.565+0000] {dag.py:3954} INFO - Setting next_dagrun for consume_1_or_2_with_dataset_expressions to None, run_after=None
[2024-11-13T08:06:24.566+0000] {logging_mixin.py:188} INFO - [2024-11-13T08:06:24.566+0000] {dag.py:3954} INFO - Setting next_dagrun for consume_1_or_both_2_and_3_with_dataset_expressions to None, run_after=None
[2024-11-13T08:06:24.567+0000] {logging_mixin.py:188} INFO - [2024-11-13T08:06:24.566+0000] {dag.py:3954} INFO - Setting next_dagrun for dataset_consumes_1 to None, run_after=None
[2024-11-13T08:06:24.567+0000] {logging_mixin.py:188} INFO - [2024-11-13T08:06:24.567+0000] {dag.py:3954} INFO - Setting next_dagrun for dataset_consumes_1_and_2 to None, run_after=None
[2024-11-13T08:06:24.568+0000] {logging_mixin.py:188} INFO - [2024-11-13T08:06:24.568+0000] {dag.py:3954} INFO - Setting next_dagrun for dataset_consumes_1_never_scheduled to None, run_after=None
[2024-11-13T08:06:24.568+0000] {logging_mixin.py:188} INFO - [2024-11-13T08:06:24.568+0000] {dag.py:3954} INFO - Setting next_dagrun for dataset_consumes_unknown_never_scheduled to None, run_after=None
[2024-11-13T08:06:24.569+0000] {logging_mixin.py:188} INFO - [2024-11-13T08:06:24.569+0000] {dag.py:3954} INFO - Setting next_dagrun for dataset_produces_1 to 2024-11-12 00:00:00+00:00, run_after=2024-11-13 00:00:00+00:00
[2024-11-13T08:06:24.570+0000] {logging_mixin.py:188} INFO - [2024-11-13T08:06:24.570+0000] {dag.py:3954} INFO - Setting next_dagrun for dataset_produces_2 to None, run_after=None
[2024-11-13T08:06:24.593+0000] {processor.py:183} INFO - Processing /home/airflow/.local/lib/python3.12/site-packages/airflow/example_dags/example_datasets.py took 0.079 seconds
[2024-11-13T08:06:55.496+0000] {processor.py:161} INFO - Started process (PID=876) to work on /home/airflow/.local/lib/python3.12/site-packages/airflow/example_dags/example_datasets.py
[2024-11-13T08:06:55.497+0000] {processor.py:830} INFO - Processing file /home/airflow/.local/lib/python3.12/site-packages/airflow/example_dags/example_datasets.py for tasks to queue
[2024-11-13T08:06:55.498+0000] {logging_mixin.py:188} INFO - [2024-11-13T08:06:55.498+0000] {dagbag.py:545} INFO - Filling up the DagBag from /home/airflow/.local/lib/python3.12/site-packages/airflow/example_dags/example_datasets.py
[2024-11-13T08:06:55.504+0000] {processor.py:840} INFO - DAG(s) 'dataset_produces_2', 'dataset_produces_1', 'dataset_consumes_unknown_never_scheduled', 'consume_1_or_both_2_and_3_with_dataset_expressions', 'conditional_dataset_and_time_based_timetable', 'consume_1_and_2_with_dataset_expressions', 'dataset_consumes_1', 'dataset_consumes_1_never_scheduled', 'dataset_consumes_1_and_2', 'consume_1_or_2_with_dataset_expressions' retrieved from /home/airflow/.local/lib/python3.12/site-packages/airflow/example_dags/example_datasets.py
[2024-11-13T08:06:55.526+0000] {logging_mixin.py:188} INFO - [2024-11-13T08:06:55.525+0000] {dag.py:3096} INFO - Sync 10 DAGs
[2024-11-13T08:06:55.537+0000] {logging_mixin.py:188} INFO - [2024-11-13T08:06:55.537+0000] {dag.py:3954} INFO - Setting next_dagrun for conditional_dataset_and_time_based_timetable to 2024-11-13 01:00:00+00:00, run_after=2024-11-13 01:00:00+00:00
[2024-11-13T08:06:55.539+0000] {logging_mixin.py:188} INFO - [2024-11-13T08:06:55.539+0000] {dag.py:3954} INFO - Setting next_dagrun for consume_1_and_2_with_dataset_expressions to None, run_after=None
[2024-11-13T08:06:55.540+0000] {logging_mixin.py:188} INFO - [2024-11-13T08:06:55.540+0000] {dag.py:3954} INFO - Setting next_dagrun for consume_1_or_2_with_dataset_expressions to None, run_after=None
[2024-11-13T08:06:55.540+0000] {logging_mixin.py:188} INFO - [2024-11-13T08:06:55.540+0000] {dag.py:3954} INFO - Setting next_dagrun for consume_1_or_both_2_and_3_with_dataset_expressions to None, run_after=None
[2024-11-13T08:06:55.541+0000] {logging_mixin.py:188} INFO - [2024-11-13T08:06:55.541+0000] {dag.py:3954} INFO - Setting next_dagrun for dataset_consumes_1 to None, run_after=None
[2024-11-13T08:06:55.541+0000] {logging_mixin.py:188} INFO - [2024-11-13T08:06:55.541+0000] {dag.py:3954} INFO - Setting next_dagrun for dataset_consumes_1_and_2 to None, run_after=None
[2024-11-13T08:06:55.542+0000] {logging_mixin.py:188} INFO - [2024-11-13T08:06:55.541+0000] {dag.py:3954} INFO - Setting next_dagrun for dataset_consumes_1_never_scheduled to None, run_after=None
[2024-11-13T08:06:55.542+0000] {logging_mixin.py:188} INFO - [2024-11-13T08:06:55.542+0000] {dag.py:3954} INFO - Setting next_dagrun for dataset_consumes_unknown_never_scheduled to None, run_after=None
[2024-11-13T08:06:55.543+0000] {logging_mixin.py:188} INFO - [2024-11-13T08:06:55.543+0000] {dag.py:3954} INFO - Setting next_dagrun for dataset_produces_1 to 2024-11-12 00:00:00+00:00, run_after=2024-11-13 00:00:00+00:00
[2024-11-13T08:06:55.543+0000] {logging_mixin.py:188} INFO - [2024-11-13T08:06:55.543+0000] {dag.py:3954} INFO - Setting next_dagrun for dataset_produces_2 to None, run_after=None
[2024-11-13T08:06:55.558+0000] {processor.py:183} INFO - Processing /home/airflow/.local/lib/python3.12/site-packages/airflow/example_dags/example_datasets.py took 0.066 seconds
