[2024-11-13T08:00:16.929+0000] {processor.py:161} INFO - Started process (PID=126) to work on /home/airflow/.local/lib/python3.12/site-packages/airflow/example_dags/example_skip_dag.py
[2024-11-13T08:00:16.931+0000] {processor.py:830} INFO - Processing file /home/airflow/.local/lib/python3.12/site-packages/airflow/example_dags/example_skip_dag.py for tasks to queue
[2024-11-13T08:00:16.933+0000] {logging_mixin.py:188} INFO - [2024-11-13T08:00:16.933+0000] {dagbag.py:545} INFO - Filling up the DagBag from /home/airflow/.local/lib/python3.12/site-packages/airflow/example_dags/example_skip_dag.py
[2024-11-13T08:00:16.938+0000] {processor.py:840} INFO - DAG(s) 'example_skip_dag' retrieved from /home/airflow/.local/lib/python3.12/site-packages/airflow/example_dags/example_skip_dag.py
[2024-11-13T08:00:16.948+0000] {logging_mixin.py:188} INFO - [2024-11-13T08:00:16.948+0000] {dag.py:3096} INFO - Sync 1 DAGs
[2024-11-13T08:00:16.958+0000] {logging_mixin.py:188} INFO - [2024-11-13T08:00:16.958+0000] {dag.py:3954} INFO - Setting next_dagrun for example_skip_dag to 2024-11-12 00:00:00+00:00, run_after=2024-11-13 00:00:00+00:00
[2024-11-13T08:00:16.973+0000] {processor.py:183} INFO - Processing /home/airflow/.local/lib/python3.12/site-packages/airflow/example_dags/example_skip_dag.py took 0.048 seconds
[2024-11-13T08:00:47.609+0000] {processor.py:161} INFO - Started process (PID=185) to work on /home/airflow/.local/lib/python3.12/site-packages/airflow/example_dags/example_skip_dag.py
[2024-11-13T08:00:47.610+0000] {processor.py:830} INFO - Processing file /home/airflow/.local/lib/python3.12/site-packages/airflow/example_dags/example_skip_dag.py for tasks to queue
[2024-11-13T08:00:47.611+0000] {logging_mixin.py:188} INFO - [2024-11-13T08:00:47.611+0000] {dagbag.py:545} INFO - Filling up the DagBag from /home/airflow/.local/lib/python3.12/site-packages/airflow/example_dags/example_skip_dag.py
[2024-11-13T08:00:47.614+0000] {processor.py:840} INFO - DAG(s) 'example_skip_dag' retrieved from /home/airflow/.local/lib/python3.12/site-packages/airflow/example_dags/example_skip_dag.py
[2024-11-13T08:00:47.662+0000] {logging_mixin.py:188} INFO - [2024-11-13T08:00:47.662+0000] {dag.py:3096} INFO - Sync 1 DAGs
[2024-11-13T08:00:47.671+0000] {logging_mixin.py:188} INFO - [2024-11-13T08:00:47.671+0000] {dag.py:3954} INFO - Setting next_dagrun for example_skip_dag to 2024-11-12 00:00:00+00:00, run_after=2024-11-13 00:00:00+00:00
[2024-11-13T08:00:47.687+0000] {processor.py:183} INFO - Processing /home/airflow/.local/lib/python3.12/site-packages/airflow/example_dags/example_skip_dag.py took 0.081 seconds
[2024-11-13T08:01:18.081+0000] {processor.py:161} INFO - Started process (PID=244) to work on /home/airflow/.local/lib/python3.12/site-packages/airflow/example_dags/example_skip_dag.py
[2024-11-13T08:01:18.081+0000] {processor.py:830} INFO - Processing file /home/airflow/.local/lib/python3.12/site-packages/airflow/example_dags/example_skip_dag.py for tasks to queue
[2024-11-13T08:01:18.083+0000] {logging_mixin.py:188} INFO - [2024-11-13T08:01:18.082+0000] {dagbag.py:545} INFO - Filling up the DagBag from /home/airflow/.local/lib/python3.12/site-packages/airflow/example_dags/example_skip_dag.py
[2024-11-13T08:01:18.087+0000] {processor.py:840} INFO - DAG(s) 'example_skip_dag' retrieved from /home/airflow/.local/lib/python3.12/site-packages/airflow/example_dags/example_skip_dag.py
[2024-11-13T08:01:18.097+0000] {logging_mixin.py:188} INFO - [2024-11-13T08:01:18.097+0000] {dag.py:3096} INFO - Sync 1 DAGs
[2024-11-13T08:01:18.111+0000] {logging_mixin.py:188} INFO - [2024-11-13T08:01:18.111+0000] {dag.py:3954} INFO - Setting next_dagrun for example_skip_dag to 2024-11-12 00:00:00+00:00, run_after=2024-11-13 00:00:00+00:00
[2024-11-13T08:01:18.121+0000] {processor.py:183} INFO - Processing /home/airflow/.local/lib/python3.12/site-packages/airflow/example_dags/example_skip_dag.py took 0.043 seconds
[2024-11-13T08:01:49.063+0000] {processor.py:161} INFO - Started process (PID=303) to work on /home/airflow/.local/lib/python3.12/site-packages/airflow/example_dags/example_skip_dag.py
[2024-11-13T08:01:49.066+0000] {processor.py:830} INFO - Processing file /home/airflow/.local/lib/python3.12/site-packages/airflow/example_dags/example_skip_dag.py for tasks to queue
[2024-11-13T08:01:49.067+0000] {logging_mixin.py:188} INFO - [2024-11-13T08:01:49.067+0000] {dagbag.py:545} INFO - Filling up the DagBag from /home/airflow/.local/lib/python3.12/site-packages/airflow/example_dags/example_skip_dag.py
[2024-11-13T08:01:49.071+0000] {processor.py:840} INFO - DAG(s) 'example_skip_dag' retrieved from /home/airflow/.local/lib/python3.12/site-packages/airflow/example_dags/example_skip_dag.py
[2024-11-13T08:01:49.084+0000] {logging_mixin.py:188} INFO - [2024-11-13T08:01:49.083+0000] {dag.py:3096} INFO - Sync 1 DAGs
[2024-11-13T08:01:49.093+0000] {logging_mixin.py:188} INFO - [2024-11-13T08:01:49.093+0000] {dag.py:3954} INFO - Setting next_dagrun for example_skip_dag to 2024-11-12 00:00:00+00:00, run_after=2024-11-13 00:00:00+00:00
[2024-11-13T08:01:49.104+0000] {processor.py:183} INFO - Processing /home/airflow/.local/lib/python3.12/site-packages/airflow/example_dags/example_skip_dag.py took 0.044 seconds
[2024-11-13T08:02:19.203+0000] {processor.py:161} INFO - Started process (PID=362) to work on /home/airflow/.local/lib/python3.12/site-packages/airflow/example_dags/example_skip_dag.py
[2024-11-13T08:02:19.204+0000] {processor.py:830} INFO - Processing file /home/airflow/.local/lib/python3.12/site-packages/airflow/example_dags/example_skip_dag.py for tasks to queue
[2024-11-13T08:02:19.205+0000] {logging_mixin.py:188} INFO - [2024-11-13T08:02:19.205+0000] {dagbag.py:545} INFO - Filling up the DagBag from /home/airflow/.local/lib/python3.12/site-packages/airflow/example_dags/example_skip_dag.py
[2024-11-13T08:02:19.208+0000] {processor.py:840} INFO - DAG(s) 'example_skip_dag' retrieved from /home/airflow/.local/lib/python3.12/site-packages/airflow/example_dags/example_skip_dag.py
[2024-11-13T08:02:19.221+0000] {logging_mixin.py:188} INFO - [2024-11-13T08:02:19.221+0000] {dag.py:3096} INFO - Sync 1 DAGs
[2024-11-13T08:02:19.232+0000] {logging_mixin.py:188} INFO - [2024-11-13T08:02:19.231+0000] {dag.py:3954} INFO - Setting next_dagrun for example_skip_dag to 2024-11-12 00:00:00+00:00, run_after=2024-11-13 00:00:00+00:00
[2024-11-13T08:02:19.241+0000] {processor.py:183} INFO - Processing /home/airflow/.local/lib/python3.12/site-packages/airflow/example_dags/example_skip_dag.py took 0.040 seconds
[2024-11-13T08:02:50.135+0000] {processor.py:161} INFO - Started process (PID=421) to work on /home/airflow/.local/lib/python3.12/site-packages/airflow/example_dags/example_skip_dag.py
[2024-11-13T08:02:50.136+0000] {processor.py:830} INFO - Processing file /home/airflow/.local/lib/python3.12/site-packages/airflow/example_dags/example_skip_dag.py for tasks to queue
[2024-11-13T08:02:50.137+0000] {logging_mixin.py:188} INFO - [2024-11-13T08:02:50.137+0000] {dagbag.py:545} INFO - Filling up the DagBag from /home/airflow/.local/lib/python3.12/site-packages/airflow/example_dags/example_skip_dag.py
[2024-11-13T08:02:50.141+0000] {processor.py:840} INFO - DAG(s) 'example_skip_dag' retrieved from /home/airflow/.local/lib/python3.12/site-packages/airflow/example_dags/example_skip_dag.py
[2024-11-13T08:02:50.151+0000] {logging_mixin.py:188} INFO - [2024-11-13T08:02:50.151+0000] {dag.py:3096} INFO - Sync 1 DAGs
[2024-11-13T08:02:50.162+0000] {logging_mixin.py:188} INFO - [2024-11-13T08:02:50.162+0000] {dag.py:3954} INFO - Setting next_dagrun for example_skip_dag to 2024-11-12 00:00:00+00:00, run_after=2024-11-13 00:00:00+00:00
[2024-11-13T08:02:50.172+0000] {processor.py:183} INFO - Processing /home/airflow/.local/lib/python3.12/site-packages/airflow/example_dags/example_skip_dag.py took 0.040 seconds
[2024-11-13T08:03:20.982+0000] {processor.py:161} INFO - Started process (PID=480) to work on /home/airflow/.local/lib/python3.12/site-packages/airflow/example_dags/example_skip_dag.py
[2024-11-13T08:03:20.983+0000] {processor.py:830} INFO - Processing file /home/airflow/.local/lib/python3.12/site-packages/airflow/example_dags/example_skip_dag.py for tasks to queue
[2024-11-13T08:03:20.984+0000] {logging_mixin.py:188} INFO - [2024-11-13T08:03:20.984+0000] {dagbag.py:545} INFO - Filling up the DagBag from /home/airflow/.local/lib/python3.12/site-packages/airflow/example_dags/example_skip_dag.py
[2024-11-13T08:03:20.988+0000] {processor.py:840} INFO - DAG(s) 'example_skip_dag' retrieved from /home/airflow/.local/lib/python3.12/site-packages/airflow/example_dags/example_skip_dag.py
[2024-11-13T08:03:21.001+0000] {logging_mixin.py:188} INFO - [2024-11-13T08:03:21.000+0000] {dag.py:3096} INFO - Sync 1 DAGs
[2024-11-13T08:03:21.012+0000] {logging_mixin.py:188} INFO - [2024-11-13T08:03:21.012+0000] {dag.py:3954} INFO - Setting next_dagrun for example_skip_dag to 2024-11-12 00:00:00+00:00, run_after=2024-11-13 00:00:00+00:00
[2024-11-13T08:03:21.026+0000] {processor.py:183} INFO - Processing /home/airflow/.local/lib/python3.12/site-packages/airflow/example_dags/example_skip_dag.py took 0.047 seconds
[2024-11-13T08:03:51.934+0000] {processor.py:161} INFO - Started process (PID=539) to work on /home/airflow/.local/lib/python3.12/site-packages/airflow/example_dags/example_skip_dag.py
[2024-11-13T08:03:51.936+0000] {processor.py:830} INFO - Processing file /home/airflow/.local/lib/python3.12/site-packages/airflow/example_dags/example_skip_dag.py for tasks to queue
[2024-11-13T08:03:51.937+0000] {logging_mixin.py:188} INFO - [2024-11-13T08:03:51.937+0000] {dagbag.py:545} INFO - Filling up the DagBag from /home/airflow/.local/lib/python3.12/site-packages/airflow/example_dags/example_skip_dag.py
[2024-11-13T08:03:51.941+0000] {processor.py:840} INFO - DAG(s) 'example_skip_dag' retrieved from /home/airflow/.local/lib/python3.12/site-packages/airflow/example_dags/example_skip_dag.py
[2024-11-13T08:03:51.952+0000] {logging_mixin.py:188} INFO - [2024-11-13T08:03:51.952+0000] {dag.py:3096} INFO - Sync 1 DAGs
[2024-11-13T08:03:51.962+0000] {logging_mixin.py:188} INFO - [2024-11-13T08:03:51.962+0000] {dag.py:3954} INFO - Setting next_dagrun for example_skip_dag to 2024-11-12 00:00:00+00:00, run_after=2024-11-13 00:00:00+00:00
[2024-11-13T08:03:51.971+0000] {processor.py:183} INFO - Processing /home/airflow/.local/lib/python3.12/site-packages/airflow/example_dags/example_skip_dag.py took 0.040 seconds
[2024-11-13T08:04:22.790+0000] {processor.py:161} INFO - Started process (PID=598) to work on /home/airflow/.local/lib/python3.12/site-packages/airflow/example_dags/example_skip_dag.py
[2024-11-13T08:04:22.791+0000] {processor.py:830} INFO - Processing file /home/airflow/.local/lib/python3.12/site-packages/airflow/example_dags/example_skip_dag.py for tasks to queue
[2024-11-13T08:04:22.792+0000] {logging_mixin.py:188} INFO - [2024-11-13T08:04:22.792+0000] {dagbag.py:545} INFO - Filling up the DagBag from /home/airflow/.local/lib/python3.12/site-packages/airflow/example_dags/example_skip_dag.py
[2024-11-13T08:04:22.796+0000] {processor.py:840} INFO - DAG(s) 'example_skip_dag' retrieved from /home/airflow/.local/lib/python3.12/site-packages/airflow/example_dags/example_skip_dag.py
[2024-11-13T08:04:22.810+0000] {logging_mixin.py:188} INFO - [2024-11-13T08:04:22.810+0000] {dag.py:3096} INFO - Sync 1 DAGs
[2024-11-13T08:04:22.820+0000] {logging_mixin.py:188} INFO - [2024-11-13T08:04:22.820+0000] {dag.py:3954} INFO - Setting next_dagrun for example_skip_dag to 2024-11-12 00:00:00+00:00, run_after=2024-11-13 00:00:00+00:00
[2024-11-13T08:04:22.832+0000] {processor.py:183} INFO - Processing /home/airflow/.local/lib/python3.12/site-packages/airflow/example_dags/example_skip_dag.py took 0.045 seconds
[2024-11-13T08:04:53.851+0000] {processor.py:161} INFO - Started process (PID=656) to work on /home/airflow/.local/lib/python3.12/site-packages/airflow/example_dags/example_skip_dag.py
[2024-11-13T08:04:53.853+0000] {processor.py:830} INFO - Processing file /home/airflow/.local/lib/python3.12/site-packages/airflow/example_dags/example_skip_dag.py for tasks to queue
[2024-11-13T08:04:53.855+0000] {logging_mixin.py:188} INFO - [2024-11-13T08:04:53.855+0000] {dagbag.py:545} INFO - Filling up the DagBag from /home/airflow/.local/lib/python3.12/site-packages/airflow/example_dags/example_skip_dag.py
[2024-11-13T08:04:53.860+0000] {processor.py:840} INFO - DAG(s) 'example_skip_dag' retrieved from /home/airflow/.local/lib/python3.12/site-packages/airflow/example_dags/example_skip_dag.py
[2024-11-13T08:04:53.873+0000] {logging_mixin.py:188} INFO - [2024-11-13T08:04:53.873+0000] {dag.py:3096} INFO - Sync 1 DAGs
[2024-11-13T08:04:53.887+0000] {logging_mixin.py:188} INFO - [2024-11-13T08:04:53.887+0000] {dag.py:3954} INFO - Setting next_dagrun for example_skip_dag to 2024-11-12 00:00:00+00:00, run_after=2024-11-13 00:00:00+00:00
[2024-11-13T08:04:53.898+0000] {processor.py:183} INFO - Processing /home/airflow/.local/lib/python3.12/site-packages/airflow/example_dags/example_skip_dag.py took 0.050 seconds
[2024-11-13T08:05:23.973+0000] {processor.py:161} INFO - Started process (PID=715) to work on /home/airflow/.local/lib/python3.12/site-packages/airflow/example_dags/example_skip_dag.py
[2024-11-13T08:05:23.974+0000] {processor.py:830} INFO - Processing file /home/airflow/.local/lib/python3.12/site-packages/airflow/example_dags/example_skip_dag.py for tasks to queue
[2024-11-13T08:05:23.975+0000] {logging_mixin.py:188} INFO - [2024-11-13T08:05:23.975+0000] {dagbag.py:545} INFO - Filling up the DagBag from /home/airflow/.local/lib/python3.12/site-packages/airflow/example_dags/example_skip_dag.py
[2024-11-13T08:05:23.979+0000] {processor.py:840} INFO - DAG(s) 'example_skip_dag' retrieved from /home/airflow/.local/lib/python3.12/site-packages/airflow/example_dags/example_skip_dag.py
[2024-11-13T08:05:23.991+0000] {logging_mixin.py:188} INFO - [2024-11-13T08:05:23.990+0000] {dag.py:3096} INFO - Sync 1 DAGs
[2024-11-13T08:05:24.002+0000] {logging_mixin.py:188} INFO - [2024-11-13T08:05:24.002+0000] {dag.py:3954} INFO - Setting next_dagrun for example_skip_dag to 2024-11-12 00:00:00+00:00, run_after=2024-11-13 00:00:00+00:00
[2024-11-13T08:05:24.012+0000] {processor.py:183} INFO - Processing /home/airflow/.local/lib/python3.12/site-packages/airflow/example_dags/example_skip_dag.py took 0.041 seconds
[2024-11-13T08:05:54.070+0000] {processor.py:161} INFO - Started process (PID=774) to work on /home/airflow/.local/lib/python3.12/site-packages/airflow/example_dags/example_skip_dag.py
[2024-11-13T08:05:54.071+0000] {processor.py:830} INFO - Processing file /home/airflow/.local/lib/python3.12/site-packages/airflow/example_dags/example_skip_dag.py for tasks to queue
[2024-11-13T08:05:54.073+0000] {logging_mixin.py:188} INFO - [2024-11-13T08:05:54.073+0000] {dagbag.py:545} INFO - Filling up the DagBag from /home/airflow/.local/lib/python3.12/site-packages/airflow/example_dags/example_skip_dag.py
[2024-11-13T08:05:54.077+0000] {processor.py:840} INFO - DAG(s) 'example_skip_dag' retrieved from /home/airflow/.local/lib/python3.12/site-packages/airflow/example_dags/example_skip_dag.py
[2024-11-13T08:05:54.091+0000] {logging_mixin.py:188} INFO - [2024-11-13T08:05:54.091+0000] {dag.py:3096} INFO - Sync 1 DAGs
[2024-11-13T08:05:54.103+0000] {logging_mixin.py:188} INFO - [2024-11-13T08:05:54.103+0000] {dag.py:3954} INFO - Setting next_dagrun for example_skip_dag to 2024-11-12 00:00:00+00:00, run_after=2024-11-13 00:00:00+00:00
[2024-11-13T08:05:54.118+0000] {processor.py:183} INFO - Processing /home/airflow/.local/lib/python3.12/site-packages/airflow/example_dags/example_skip_dag.py took 0.051 seconds
[2024-11-13T08:06:25.114+0000] {processor.py:161} INFO - Started process (PID=833) to work on /home/airflow/.local/lib/python3.12/site-packages/airflow/example_dags/example_skip_dag.py
[2024-11-13T08:06:25.115+0000] {processor.py:830} INFO - Processing file /home/airflow/.local/lib/python3.12/site-packages/airflow/example_dags/example_skip_dag.py for tasks to queue
[2024-11-13T08:06:25.116+0000] {logging_mixin.py:188} INFO - [2024-11-13T08:06:25.116+0000] {dagbag.py:545} INFO - Filling up the DagBag from /home/airflow/.local/lib/python3.12/site-packages/airflow/example_dags/example_skip_dag.py
[2024-11-13T08:06:25.119+0000] {processor.py:840} INFO - DAG(s) 'example_skip_dag' retrieved from /home/airflow/.local/lib/python3.12/site-packages/airflow/example_dags/example_skip_dag.py
[2024-11-13T08:06:25.133+0000] {logging_mixin.py:188} INFO - [2024-11-13T08:06:25.132+0000] {dag.py:3096} INFO - Sync 1 DAGs
[2024-11-13T08:06:25.144+0000] {logging_mixin.py:188} INFO - [2024-11-13T08:06:25.144+0000] {dag.py:3954} INFO - Setting next_dagrun for example_skip_dag to 2024-11-12 00:00:00+00:00, run_after=2024-11-13 00:00:00+00:00
[2024-11-13T08:06:25.158+0000] {processor.py:183} INFO - Processing /home/airflow/.local/lib/python3.12/site-packages/airflow/example_dags/example_skip_dag.py took 0.047 seconds
[2024-11-13T08:06:56.040+0000] {processor.py:161} INFO - Started process (PID=892) to work on /home/airflow/.local/lib/python3.12/site-packages/airflow/example_dags/example_skip_dag.py
[2024-11-13T08:06:56.041+0000] {processor.py:830} INFO - Processing file /home/airflow/.local/lib/python3.12/site-packages/airflow/example_dags/example_skip_dag.py for tasks to queue
[2024-11-13T08:06:56.043+0000] {logging_mixin.py:188} INFO - [2024-11-13T08:06:56.043+0000] {dagbag.py:545} INFO - Filling up the DagBag from /home/airflow/.local/lib/python3.12/site-packages/airflow/example_dags/example_skip_dag.py
[2024-11-13T08:06:56.047+0000] {processor.py:840} INFO - DAG(s) 'example_skip_dag' retrieved from /home/airflow/.local/lib/python3.12/site-packages/airflow/example_dags/example_skip_dag.py
[2024-11-13T08:06:56.059+0000] {logging_mixin.py:188} INFO - [2024-11-13T08:06:56.058+0000] {dag.py:3096} INFO - Sync 1 DAGs
[2024-11-13T08:06:56.069+0000] {logging_mixin.py:188} INFO - [2024-11-13T08:06:56.069+0000] {dag.py:3954} INFO - Setting next_dagrun for example_skip_dag to 2024-11-12 00:00:00+00:00, run_after=2024-11-13 00:00:00+00:00
[2024-11-13T08:06:56.079+0000] {processor.py:183} INFO - Processing /home/airflow/.local/lib/python3.12/site-packages/airflow/example_dags/example_skip_dag.py took 0.042 seconds
