[2024-11-13T08:00:16.596+0000] {processor.py:161} INFO - Started process (PID=117) to work on /home/airflow/.local/lib/python3.12/site-packages/airflow/example_dags/example_branch_python_dop_operator_3.py
[2024-11-13T08:00:16.596+0000] {processor.py:830} INFO - Processing file /home/airflow/.local/lib/python3.12/site-packages/airflow/example_dags/example_branch_python_dop_operator_3.py for tasks to queue
[2024-11-13T08:00:16.597+0000] {logging_mixin.py:188} INFO - [2024-11-13T08:00:16.597+0000] {dagbag.py:545} INFO - Filling up the DagBag from /home/airflow/.local/lib/python3.12/site-packages/airflow/example_dags/example_branch_python_dop_operator_3.py
[2024-11-13T08:00:16.604+0000] {processor.py:840} INFO - DAG(s) 'example_branch_dop_operator_v3' retrieved from /home/airflow/.local/lib/python3.12/site-packages/airflow/example_dags/example_branch_python_dop_operator_3.py
[2024-11-13T08:00:16.611+0000] {logging_mixin.py:188} INFO - [2024-11-13T08:00:16.611+0000] {dag.py:3096} INFO - Sync 1 DAGs
[2024-11-13T08:00:16.624+0000] {logging_mixin.py:188} INFO - [2024-11-13T08:00:16.624+0000] {dag.py:3954} INFO - Setting next_dagrun for example_branch_dop_operator_v3 to 2024-11-13 07:59:00+00:00, run_after=2024-11-13 08:00:00+00:00
[2024-11-13T08:00:16.637+0000] {processor.py:183} INFO - Processing /home/airflow/.local/lib/python3.12/site-packages/airflow/example_dags/example_branch_python_dop_operator_3.py took 0.044 seconds
[2024-11-13T08:00:47.090+0000] {processor.py:161} INFO - Started process (PID=176) to work on /home/airflow/.local/lib/python3.12/site-packages/airflow/example_dags/example_branch_python_dop_operator_3.py
[2024-11-13T08:00:47.090+0000] {processor.py:830} INFO - Processing file /home/airflow/.local/lib/python3.12/site-packages/airflow/example_dags/example_branch_python_dop_operator_3.py for tasks to queue
[2024-11-13T08:00:47.092+0000] {logging_mixin.py:188} INFO - [2024-11-13T08:00:47.091+0000] {dagbag.py:545} INFO - Filling up the DagBag from /home/airflow/.local/lib/python3.12/site-packages/airflow/example_dags/example_branch_python_dop_operator_3.py
[2024-11-13T08:00:47.096+0000] {processor.py:840} INFO - DAG(s) 'example_branch_dop_operator_v3' retrieved from /home/airflow/.local/lib/python3.12/site-packages/airflow/example_dags/example_branch_python_dop_operator_3.py
[2024-11-13T08:00:47.144+0000] {logging_mixin.py:188} INFO - [2024-11-13T08:00:47.144+0000] {dag.py:3096} INFO - Sync 1 DAGs
[2024-11-13T08:00:47.154+0000] {logging_mixin.py:188} INFO - [2024-11-13T08:00:47.154+0000] {dag.py:3954} INFO - Setting next_dagrun for example_branch_dop_operator_v3 to 2024-11-13 07:59:00+00:00, run_after=2024-11-13 08:00:00+00:00
[2024-11-13T08:00:47.166+0000] {processor.py:183} INFO - Processing /home/airflow/.local/lib/python3.12/site-packages/airflow/example_dags/example_branch_python_dop_operator_3.py took 0.079 seconds
[2024-11-13T08:01:17.802+0000] {processor.py:161} INFO - Started process (PID=235) to work on /home/airflow/.local/lib/python3.12/site-packages/airflow/example_dags/example_branch_python_dop_operator_3.py
[2024-11-13T08:01:17.802+0000] {processor.py:830} INFO - Processing file /home/airflow/.local/lib/python3.12/site-packages/airflow/example_dags/example_branch_python_dop_operator_3.py for tasks to queue
[2024-11-13T08:01:17.804+0000] {logging_mixin.py:188} INFO - [2024-11-13T08:01:17.804+0000] {dagbag.py:545} INFO - Filling up the DagBag from /home/airflow/.local/lib/python3.12/site-packages/airflow/example_dags/example_branch_python_dop_operator_3.py
[2024-11-13T08:01:17.813+0000] {processor.py:840} INFO - DAG(s) 'example_branch_dop_operator_v3' retrieved from /home/airflow/.local/lib/python3.12/site-packages/airflow/example_dags/example_branch_python_dop_operator_3.py
[2024-11-13T08:01:17.829+0000] {logging_mixin.py:188} INFO - [2024-11-13T08:01:17.828+0000] {dag.py:3096} INFO - Sync 1 DAGs
[2024-11-13T08:01:17.846+0000] {logging_mixin.py:188} INFO - [2024-11-13T08:01:17.846+0000] {dag.py:3954} INFO - Setting next_dagrun for example_branch_dop_operator_v3 to 2024-11-13 08:00:00+00:00, run_after=2024-11-13 08:01:00+00:00
[2024-11-13T08:01:17.857+0000] {processor.py:183} INFO - Processing /home/airflow/.local/lib/python3.12/site-packages/airflow/example_dags/example_branch_python_dop_operator_3.py took 0.059 seconds
[2024-11-13T08:01:48.746+0000] {processor.py:161} INFO - Started process (PID=294) to work on /home/airflow/.local/lib/python3.12/site-packages/airflow/example_dags/example_branch_python_dop_operator_3.py
[2024-11-13T08:01:48.746+0000] {processor.py:830} INFO - Processing file /home/airflow/.local/lib/python3.12/site-packages/airflow/example_dags/example_branch_python_dop_operator_3.py for tasks to queue
[2024-11-13T08:01:48.747+0000] {logging_mixin.py:188} INFO - [2024-11-13T08:01:48.747+0000] {dagbag.py:545} INFO - Filling up the DagBag from /home/airflow/.local/lib/python3.12/site-packages/airflow/example_dags/example_branch_python_dop_operator_3.py
[2024-11-13T08:01:48.752+0000] {processor.py:840} INFO - DAG(s) 'example_branch_dop_operator_v3' retrieved from /home/airflow/.local/lib/python3.12/site-packages/airflow/example_dags/example_branch_python_dop_operator_3.py
[2024-11-13T08:01:48.762+0000] {logging_mixin.py:188} INFO - [2024-11-13T08:01:48.762+0000] {dag.py:3096} INFO - Sync 1 DAGs
[2024-11-13T08:01:48.773+0000] {logging_mixin.py:188} INFO - [2024-11-13T08:01:48.773+0000] {dag.py:3954} INFO - Setting next_dagrun for example_branch_dop_operator_v3 to 2024-11-13 08:00:00+00:00, run_after=2024-11-13 08:01:00+00:00
[2024-11-13T08:01:48.785+0000] {processor.py:183} INFO - Processing /home/airflow/.local/lib/python3.12/site-packages/airflow/example_dags/example_branch_python_dop_operator_3.py took 0.042 seconds
[2024-11-13T08:02:18.933+0000] {processor.py:161} INFO - Started process (PID=353) to work on /home/airflow/.local/lib/python3.12/site-packages/airflow/example_dags/example_branch_python_dop_operator_3.py
[2024-11-13T08:02:18.934+0000] {processor.py:830} INFO - Processing file /home/airflow/.local/lib/python3.12/site-packages/airflow/example_dags/example_branch_python_dop_operator_3.py for tasks to queue
[2024-11-13T08:02:18.934+0000] {logging_mixin.py:188} INFO - [2024-11-13T08:02:18.934+0000] {dagbag.py:545} INFO - Filling up the DagBag from /home/airflow/.local/lib/python3.12/site-packages/airflow/example_dags/example_branch_python_dop_operator_3.py
[2024-11-13T08:02:18.939+0000] {processor.py:840} INFO - DAG(s) 'example_branch_dop_operator_v3' retrieved from /home/airflow/.local/lib/python3.12/site-packages/airflow/example_dags/example_branch_python_dop_operator_3.py
[2024-11-13T08:02:18.949+0000] {logging_mixin.py:188} INFO - [2024-11-13T08:02:18.948+0000] {dag.py:3096} INFO - Sync 1 DAGs
[2024-11-13T08:02:18.959+0000] {logging_mixin.py:188} INFO - [2024-11-13T08:02:18.959+0000] {dag.py:3954} INFO - Setting next_dagrun for example_branch_dop_operator_v3 to 2024-11-13 08:01:00+00:00, run_after=2024-11-13 08:02:00+00:00
[2024-11-13T08:02:18.967+0000] {processor.py:183} INFO - Processing /home/airflow/.local/lib/python3.12/site-packages/airflow/example_dags/example_branch_python_dop_operator_3.py took 0.037 seconds
[2024-11-13T08:02:49.871+0000] {processor.py:161} INFO - Started process (PID=412) to work on /home/airflow/.local/lib/python3.12/site-packages/airflow/example_dags/example_branch_python_dop_operator_3.py
[2024-11-13T08:02:49.872+0000] {processor.py:830} INFO - Processing file /home/airflow/.local/lib/python3.12/site-packages/airflow/example_dags/example_branch_python_dop_operator_3.py for tasks to queue
[2024-11-13T08:02:49.873+0000] {logging_mixin.py:188} INFO - [2024-11-13T08:02:49.873+0000] {dagbag.py:545} INFO - Filling up the DagBag from /home/airflow/.local/lib/python3.12/site-packages/airflow/example_dags/example_branch_python_dop_operator_3.py
[2024-11-13T08:02:49.877+0000] {processor.py:840} INFO - DAG(s) 'example_branch_dop_operator_v3' retrieved from /home/airflow/.local/lib/python3.12/site-packages/airflow/example_dags/example_branch_python_dop_operator_3.py
[2024-11-13T08:02:49.890+0000] {logging_mixin.py:188} INFO - [2024-11-13T08:02:49.889+0000] {dag.py:3096} INFO - Sync 1 DAGs
[2024-11-13T08:02:49.901+0000] {logging_mixin.py:188} INFO - [2024-11-13T08:02:49.901+0000] {dag.py:3954} INFO - Setting next_dagrun for example_branch_dop_operator_v3 to 2024-11-13 08:01:00+00:00, run_after=2024-11-13 08:02:00+00:00
[2024-11-13T08:02:49.912+0000] {processor.py:183} INFO - Processing /home/airflow/.local/lib/python3.12/site-packages/airflow/example_dags/example_branch_python_dop_operator_3.py took 0.045 seconds
[2024-11-13T08:03:20.729+0000] {processor.py:161} INFO - Started process (PID=471) to work on /home/airflow/.local/lib/python3.12/site-packages/airflow/example_dags/example_branch_python_dop_operator_3.py
[2024-11-13T08:03:20.729+0000] {processor.py:830} INFO - Processing file /home/airflow/.local/lib/python3.12/site-packages/airflow/example_dags/example_branch_python_dop_operator_3.py for tasks to queue
[2024-11-13T08:03:20.730+0000] {logging_mixin.py:188} INFO - [2024-11-13T08:03:20.730+0000] {dagbag.py:545} INFO - Filling up the DagBag from /home/airflow/.local/lib/python3.12/site-packages/airflow/example_dags/example_branch_python_dop_operator_3.py
[2024-11-13T08:03:20.734+0000] {processor.py:840} INFO - DAG(s) 'example_branch_dop_operator_v3' retrieved from /home/airflow/.local/lib/python3.12/site-packages/airflow/example_dags/example_branch_python_dop_operator_3.py
[2024-11-13T08:03:20.746+0000] {logging_mixin.py:188} INFO - [2024-11-13T08:03:20.746+0000] {dag.py:3096} INFO - Sync 1 DAGs
[2024-11-13T08:03:20.761+0000] {logging_mixin.py:188} INFO - [2024-11-13T08:03:20.761+0000] {dag.py:3954} INFO - Setting next_dagrun for example_branch_dop_operator_v3 to 2024-11-13 08:02:00+00:00, run_after=2024-11-13 08:03:00+00:00
[2024-11-13T08:03:20.771+0000] {processor.py:183} INFO - Processing /home/airflow/.local/lib/python3.12/site-packages/airflow/example_dags/example_branch_python_dop_operator_3.py took 0.046 seconds
[2024-11-13T08:03:51.691+0000] {processor.py:161} INFO - Started process (PID=530) to work on /home/airflow/.local/lib/python3.12/site-packages/airflow/example_dags/example_branch_python_dop_operator_3.py
[2024-11-13T08:03:51.693+0000] {processor.py:830} INFO - Processing file /home/airflow/.local/lib/python3.12/site-packages/airflow/example_dags/example_branch_python_dop_operator_3.py for tasks to queue
[2024-11-13T08:03:51.695+0000] {logging_mixin.py:188} INFO - [2024-11-13T08:03:51.694+0000] {dagbag.py:545} INFO - Filling up the DagBag from /home/airflow/.local/lib/python3.12/site-packages/airflow/example_dags/example_branch_python_dop_operator_3.py
[2024-11-13T08:03:51.699+0000] {processor.py:840} INFO - DAG(s) 'example_branch_dop_operator_v3' retrieved from /home/airflow/.local/lib/python3.12/site-packages/airflow/example_dags/example_branch_python_dop_operator_3.py
[2024-11-13T08:03:51.711+0000] {logging_mixin.py:188} INFO - [2024-11-13T08:03:51.710+0000] {dag.py:3096} INFO - Sync 1 DAGs
[2024-11-13T08:03:51.723+0000] {logging_mixin.py:188} INFO - [2024-11-13T08:03:51.722+0000] {dag.py:3954} INFO - Setting next_dagrun for example_branch_dop_operator_v3 to 2024-11-13 08:02:00+00:00, run_after=2024-11-13 08:03:00+00:00
[2024-11-13T08:03:51.736+0000] {processor.py:183} INFO - Processing /home/airflow/.local/lib/python3.12/site-packages/airflow/example_dags/example_branch_python_dop_operator_3.py took 0.048 seconds
[2024-11-13T08:04:22.544+0000] {processor.py:161} INFO - Started process (PID=589) to work on /home/airflow/.local/lib/python3.12/site-packages/airflow/example_dags/example_branch_python_dop_operator_3.py
[2024-11-13T08:04:22.545+0000] {processor.py:830} INFO - Processing file /home/airflow/.local/lib/python3.12/site-packages/airflow/example_dags/example_branch_python_dop_operator_3.py for tasks to queue
[2024-11-13T08:04:22.546+0000] {logging_mixin.py:188} INFO - [2024-11-13T08:04:22.546+0000] {dagbag.py:545} INFO - Filling up the DagBag from /home/airflow/.local/lib/python3.12/site-packages/airflow/example_dags/example_branch_python_dop_operator_3.py
[2024-11-13T08:04:22.550+0000] {processor.py:840} INFO - DAG(s) 'example_branch_dop_operator_v3' retrieved from /home/airflow/.local/lib/python3.12/site-packages/airflow/example_dags/example_branch_python_dop_operator_3.py
[2024-11-13T08:04:22.562+0000] {logging_mixin.py:188} INFO - [2024-11-13T08:04:22.561+0000] {dag.py:3096} INFO - Sync 1 DAGs
[2024-11-13T08:04:22.575+0000] {logging_mixin.py:188} INFO - [2024-11-13T08:04:22.575+0000] {dag.py:3954} INFO - Setting next_dagrun for example_branch_dop_operator_v3 to 2024-11-13 08:03:00+00:00, run_after=2024-11-13 08:04:00+00:00
[2024-11-13T08:04:22.585+0000] {processor.py:183} INFO - Processing /home/airflow/.local/lib/python3.12/site-packages/airflow/example_dags/example_branch_python_dop_operator_3.py took 0.044 seconds
[2024-11-13T08:04:53.566+0000] {processor.py:161} INFO - Started process (PID=647) to work on /home/airflow/.local/lib/python3.12/site-packages/airflow/example_dags/example_branch_python_dop_operator_3.py
[2024-11-13T08:04:53.567+0000] {processor.py:830} INFO - Processing file /home/airflow/.local/lib/python3.12/site-packages/airflow/example_dags/example_branch_python_dop_operator_3.py for tasks to queue
[2024-11-13T08:04:53.568+0000] {logging_mixin.py:188} INFO - [2024-11-13T08:04:53.568+0000] {dagbag.py:545} INFO - Filling up the DagBag from /home/airflow/.local/lib/python3.12/site-packages/airflow/example_dags/example_branch_python_dop_operator_3.py
[2024-11-13T08:04:53.573+0000] {processor.py:840} INFO - DAG(s) 'example_branch_dop_operator_v3' retrieved from /home/airflow/.local/lib/python3.12/site-packages/airflow/example_dags/example_branch_python_dop_operator_3.py
[2024-11-13T08:04:53.584+0000] {logging_mixin.py:188} INFO - [2024-11-13T08:04:53.584+0000] {dag.py:3096} INFO - Sync 1 DAGs
[2024-11-13T08:04:53.597+0000] {logging_mixin.py:188} INFO - [2024-11-13T08:04:53.597+0000] {dag.py:3954} INFO - Setting next_dagrun for example_branch_dop_operator_v3 to 2024-11-13 08:03:00+00:00, run_after=2024-11-13 08:04:00+00:00
[2024-11-13T08:04:53.607+0000] {processor.py:183} INFO - Processing /home/airflow/.local/lib/python3.12/site-packages/airflow/example_dags/example_branch_python_dop_operator_3.py took 0.044 seconds
[2024-11-13T08:05:23.666+0000] {processor.py:161} INFO - Started process (PID=706) to work on /home/airflow/.local/lib/python3.12/site-packages/airflow/example_dags/example_branch_python_dop_operator_3.py
[2024-11-13T08:05:23.666+0000] {processor.py:830} INFO - Processing file /home/airflow/.local/lib/python3.12/site-packages/airflow/example_dags/example_branch_python_dop_operator_3.py for tasks to queue
[2024-11-13T08:05:23.668+0000] {logging_mixin.py:188} INFO - [2024-11-13T08:05:23.667+0000] {dagbag.py:545} INFO - Filling up the DagBag from /home/airflow/.local/lib/python3.12/site-packages/airflow/example_dags/example_branch_python_dop_operator_3.py
[2024-11-13T08:05:23.673+0000] {processor.py:840} INFO - DAG(s) 'example_branch_dop_operator_v3' retrieved from /home/airflow/.local/lib/python3.12/site-packages/airflow/example_dags/example_branch_python_dop_operator_3.py
[2024-11-13T08:05:23.685+0000] {logging_mixin.py:188} INFO - [2024-11-13T08:05:23.685+0000] {dag.py:3096} INFO - Sync 1 DAGs
[2024-11-13T08:05:23.701+0000] {logging_mixin.py:188} INFO - [2024-11-13T08:05:23.701+0000] {dag.py:3954} INFO - Setting next_dagrun for example_branch_dop_operator_v3 to 2024-11-13 08:04:00+00:00, run_after=2024-11-13 08:05:00+00:00
[2024-11-13T08:05:23.713+0000] {processor.py:183} INFO - Processing /home/airflow/.local/lib/python3.12/site-packages/airflow/example_dags/example_branch_python_dop_operator_3.py took 0.050 seconds
[2024-11-13T08:05:53.749+0000] {processor.py:161} INFO - Started process (PID=765) to work on /home/airflow/.local/lib/python3.12/site-packages/airflow/example_dags/example_branch_python_dop_operator_3.py
[2024-11-13T08:05:53.749+0000] {processor.py:830} INFO - Processing file /home/airflow/.local/lib/python3.12/site-packages/airflow/example_dags/example_branch_python_dop_operator_3.py for tasks to queue
[2024-11-13T08:05:53.751+0000] {logging_mixin.py:188} INFO - [2024-11-13T08:05:53.751+0000] {dagbag.py:545} INFO - Filling up the DagBag from /home/airflow/.local/lib/python3.12/site-packages/airflow/example_dags/example_branch_python_dop_operator_3.py
[2024-11-13T08:05:53.757+0000] {processor.py:840} INFO - DAG(s) 'example_branch_dop_operator_v3' retrieved from /home/airflow/.local/lib/python3.12/site-packages/airflow/example_dags/example_branch_python_dop_operator_3.py
[2024-11-13T08:05:53.769+0000] {logging_mixin.py:188} INFO - [2024-11-13T08:05:53.769+0000] {dag.py:3096} INFO - Sync 1 DAGs
[2024-11-13T08:05:53.783+0000] {logging_mixin.py:188} INFO - [2024-11-13T08:05:53.783+0000] {dag.py:3954} INFO - Setting next_dagrun for example_branch_dop_operator_v3 to 2024-11-13 08:04:00+00:00, run_after=2024-11-13 08:05:00+00:00
[2024-11-13T08:05:53.795+0000] {processor.py:183} INFO - Processing /home/airflow/.local/lib/python3.12/site-packages/airflow/example_dags/example_branch_python_dop_operator_3.py took 0.049 seconds
[2024-11-13T08:06:24.803+0000] {processor.py:161} INFO - Started process (PID=824) to work on /home/airflow/.local/lib/python3.12/site-packages/airflow/example_dags/example_branch_python_dop_operator_3.py
[2024-11-13T08:06:24.804+0000] {processor.py:830} INFO - Processing file /home/airflow/.local/lib/python3.12/site-packages/airflow/example_dags/example_branch_python_dop_operator_3.py for tasks to queue
[2024-11-13T08:06:24.807+0000] {logging_mixin.py:188} INFO - [2024-11-13T08:06:24.807+0000] {dagbag.py:545} INFO - Filling up the DagBag from /home/airflow/.local/lib/python3.12/site-packages/airflow/example_dags/example_branch_python_dop_operator_3.py
[2024-11-13T08:06:24.813+0000] {processor.py:840} INFO - DAG(s) 'example_branch_dop_operator_v3' retrieved from /home/airflow/.local/lib/python3.12/site-packages/airflow/example_dags/example_branch_python_dop_operator_3.py
[2024-11-13T08:06:24.828+0000] {logging_mixin.py:188} INFO - [2024-11-13T08:06:24.828+0000] {dag.py:3096} INFO - Sync 1 DAGs
[2024-11-13T08:06:24.843+0000] {logging_mixin.py:188} INFO - [2024-11-13T08:06:24.842+0000] {dag.py:3954} INFO - Setting next_dagrun for example_branch_dop_operator_v3 to 2024-11-13 08:05:00+00:00, run_after=2024-11-13 08:06:00+00:00
[2024-11-13T08:06:24.857+0000] {processor.py:183} INFO - Processing /home/airflow/.local/lib/python3.12/site-packages/airflow/example_dags/example_branch_python_dop_operator_3.py took 0.058 seconds
[2024-11-13T08:06:55.752+0000] {processor.py:161} INFO - Started process (PID=883) to work on /home/airflow/.local/lib/python3.12/site-packages/airflow/example_dags/example_branch_python_dop_operator_3.py
[2024-11-13T08:06:55.753+0000] {processor.py:830} INFO - Processing file /home/airflow/.local/lib/python3.12/site-packages/airflow/example_dags/example_branch_python_dop_operator_3.py for tasks to queue
[2024-11-13T08:06:55.754+0000] {logging_mixin.py:188} INFO - [2024-11-13T08:06:55.754+0000] {dagbag.py:545} INFO - Filling up the DagBag from /home/airflow/.local/lib/python3.12/site-packages/airflow/example_dags/example_branch_python_dop_operator_3.py
[2024-11-13T08:06:55.758+0000] {processor.py:840} INFO - DAG(s) 'example_branch_dop_operator_v3' retrieved from /home/airflow/.local/lib/python3.12/site-packages/airflow/example_dags/example_branch_python_dop_operator_3.py
[2024-11-13T08:06:55.773+0000] {logging_mixin.py:188} INFO - [2024-11-13T08:06:55.772+0000] {dag.py:3096} INFO - Sync 1 DAGs
[2024-11-13T08:06:55.784+0000] {logging_mixin.py:188} INFO - [2024-11-13T08:06:55.784+0000] {dag.py:3954} INFO - Setting next_dagrun for example_branch_dop_operator_v3 to 2024-11-13 08:05:00+00:00, run_after=2024-11-13 08:06:00+00:00
[2024-11-13T08:06:55.799+0000] {processor.py:183} INFO - Processing /home/airflow/.local/lib/python3.12/site-packages/airflow/example_dags/example_branch_python_dop_operator_3.py took 0.050 seconds
