[2024-11-13T08:00:16.428+0000] {processor.py:161} INFO - Started process (PID=113) to work on /home/airflow/.local/lib/python3.12/site-packages/airflow/example_dags/example_python_decorator.py
[2024-11-13T08:00:16.429+0000] {processor.py:830} INFO - Processing file /home/airflow/.local/lib/python3.12/site-packages/airflow/example_dags/example_python_decorator.py for tasks to queue
[2024-11-13T08:00:16.429+0000] {logging_mixin.py:188} INFO - [2024-11-13T08:00:16.429+0000] {dagbag.py:545} INFO - Filling up the DagBag from /home/airflow/.local/lib/python3.12/site-packages/airflow/example_dags/example_python_decorator.py
[2024-11-13T08:00:16.437+0000] {processor.py:840} INFO - DAG(s) 'example_python_decorator' retrieved from /home/airflow/.local/lib/python3.12/site-packages/airflow/example_dags/example_python_decorator.py
[2024-11-13T08:00:16.444+0000] {logging_mixin.py:188} INFO - [2024-11-13T08:00:16.444+0000] {dag.py:3096} INFO - Sync 1 DAGs
[2024-11-13T08:00:16.453+0000] {logging_mixin.py:188} INFO - [2024-11-13T08:00:16.453+0000] {dag.py:3954} INFO - Setting next_dagrun for example_python_decorator to None, run_after=None
[2024-11-13T08:00:16.468+0000] {processor.py:183} INFO - Processing /home/airflow/.local/lib/python3.12/site-packages/airflow/example_dags/example_python_decorator.py took 0.042 seconds
[2024-11-13T08:00:46.909+0000] {processor.py:161} INFO - Started process (PID=172) to work on /home/airflow/.local/lib/python3.12/site-packages/airflow/example_dags/example_python_decorator.py
[2024-11-13T08:00:46.909+0000] {processor.py:830} INFO - Processing file /home/airflow/.local/lib/python3.12/site-packages/airflow/example_dags/example_python_decorator.py for tasks to queue
[2024-11-13T08:00:46.910+0000] {logging_mixin.py:188} INFO - [2024-11-13T08:00:46.910+0000] {dagbag.py:545} INFO - Filling up the DagBag from /home/airflow/.local/lib/python3.12/site-packages/airflow/example_dags/example_python_decorator.py
[2024-11-13T08:00:46.917+0000] {processor.py:840} INFO - DAG(s) 'example_python_decorator' retrieved from /home/airflow/.local/lib/python3.12/site-packages/airflow/example_dags/example_python_decorator.py
[2024-11-13T08:00:46.964+0000] {logging_mixin.py:188} INFO - [2024-11-13T08:00:46.964+0000] {dag.py:3096} INFO - Sync 1 DAGs
[2024-11-13T08:00:46.968+0000] {logging_mixin.py:188} INFO - [2024-11-13T08:00:46.968+0000] {dag.py:3954} INFO - Setting next_dagrun for example_python_decorator to None, run_after=None
[2024-11-13T08:00:46.977+0000] {processor.py:183} INFO - Processing /home/airflow/.local/lib/python3.12/site-packages/airflow/example_dags/example_python_decorator.py took 0.071 seconds
[2024-11-13T08:01:17.657+0000] {processor.py:161} INFO - Started process (PID=231) to work on /home/airflow/.local/lib/python3.12/site-packages/airflow/example_dags/example_python_decorator.py
[2024-11-13T08:01:17.658+0000] {processor.py:830} INFO - Processing file /home/airflow/.local/lib/python3.12/site-packages/airflow/example_dags/example_python_decorator.py for tasks to queue
[2024-11-13T08:01:17.659+0000] {logging_mixin.py:188} INFO - [2024-11-13T08:01:17.659+0000] {dagbag.py:545} INFO - Filling up the DagBag from /home/airflow/.local/lib/python3.12/site-packages/airflow/example_dags/example_python_decorator.py
[2024-11-13T08:01:17.666+0000] {processor.py:840} INFO - DAG(s) 'example_python_decorator' retrieved from /home/airflow/.local/lib/python3.12/site-packages/airflow/example_dags/example_python_decorator.py
[2024-11-13T08:01:17.680+0000] {logging_mixin.py:188} INFO - [2024-11-13T08:01:17.680+0000] {dag.py:3096} INFO - Sync 1 DAGs
[2024-11-13T08:01:17.687+0000] {logging_mixin.py:188} INFO - [2024-11-13T08:01:17.686+0000] {dag.py:3954} INFO - Setting next_dagrun for example_python_decorator to None, run_after=None
[2024-11-13T08:01:17.696+0000] {processor.py:183} INFO - Processing /home/airflow/.local/lib/python3.12/site-packages/airflow/example_dags/example_python_decorator.py took 0.043 seconds
[2024-11-13T08:01:48.632+0000] {processor.py:161} INFO - Started process (PID=290) to work on /home/airflow/.local/lib/python3.12/site-packages/airflow/example_dags/example_python_decorator.py
[2024-11-13T08:01:48.632+0000] {processor.py:830} INFO - Processing file /home/airflow/.local/lib/python3.12/site-packages/airflow/example_dags/example_python_decorator.py for tasks to queue
[2024-11-13T08:01:48.634+0000] {logging_mixin.py:188} INFO - [2024-11-13T08:01:48.633+0000] {dagbag.py:545} INFO - Filling up the DagBag from /home/airflow/.local/lib/python3.12/site-packages/airflow/example_dags/example_python_decorator.py
[2024-11-13T08:01:48.640+0000] {processor.py:840} INFO - DAG(s) 'example_python_decorator' retrieved from /home/airflow/.local/lib/python3.12/site-packages/airflow/example_dags/example_python_decorator.py
[2024-11-13T08:01:48.652+0000] {logging_mixin.py:188} INFO - [2024-11-13T08:01:48.652+0000] {dag.py:3096} INFO - Sync 1 DAGs
[2024-11-13T08:01:48.658+0000] {logging_mixin.py:188} INFO - [2024-11-13T08:01:48.658+0000] {dag.py:3954} INFO - Setting next_dagrun for example_python_decorator to None, run_after=None
[2024-11-13T08:01:48.666+0000] {processor.py:183} INFO - Processing /home/airflow/.local/lib/python3.12/site-packages/airflow/example_dags/example_python_decorator.py took 0.038 seconds
[2024-11-13T08:02:18.775+0000] {processor.py:161} INFO - Started process (PID=349) to work on /home/airflow/.local/lib/python3.12/site-packages/airflow/example_dags/example_python_decorator.py
[2024-11-13T08:02:18.775+0000] {processor.py:830} INFO - Processing file /home/airflow/.local/lib/python3.12/site-packages/airflow/example_dags/example_python_decorator.py for tasks to queue
[2024-11-13T08:02:18.776+0000] {logging_mixin.py:188} INFO - [2024-11-13T08:02:18.776+0000] {dagbag.py:545} INFO - Filling up the DagBag from /home/airflow/.local/lib/python3.12/site-packages/airflow/example_dags/example_python_decorator.py
[2024-11-13T08:02:18.783+0000] {processor.py:840} INFO - DAG(s) 'example_python_decorator' retrieved from /home/airflow/.local/lib/python3.12/site-packages/airflow/example_dags/example_python_decorator.py
[2024-11-13T08:02:18.793+0000] {logging_mixin.py:188} INFO - [2024-11-13T08:02:18.793+0000] {dag.py:3096} INFO - Sync 1 DAGs
[2024-11-13T08:02:18.799+0000] {logging_mixin.py:188} INFO - [2024-11-13T08:02:18.799+0000] {dag.py:3954} INFO - Setting next_dagrun for example_python_decorator to None, run_after=None
[2024-11-13T08:02:18.806+0000] {processor.py:183} INFO - Processing /home/airflow/.local/lib/python3.12/site-packages/airflow/example_dags/example_python_decorator.py took 0.034 seconds
[2024-11-13T08:02:49.751+0000] {processor.py:161} INFO - Started process (PID=408) to work on /home/airflow/.local/lib/python3.12/site-packages/airflow/example_dags/example_python_decorator.py
[2024-11-13T08:02:49.752+0000] {processor.py:830} INFO - Processing file /home/airflow/.local/lib/python3.12/site-packages/airflow/example_dags/example_python_decorator.py for tasks to queue
[2024-11-13T08:02:49.754+0000] {logging_mixin.py:188} INFO - [2024-11-13T08:02:49.753+0000] {dagbag.py:545} INFO - Filling up the DagBag from /home/airflow/.local/lib/python3.12/site-packages/airflow/example_dags/example_python_decorator.py
[2024-11-13T08:02:49.761+0000] {processor.py:840} INFO - DAG(s) 'example_python_decorator' retrieved from /home/airflow/.local/lib/python3.12/site-packages/airflow/example_dags/example_python_decorator.py
[2024-11-13T08:02:49.775+0000] {logging_mixin.py:188} INFO - [2024-11-13T08:02:49.774+0000] {dag.py:3096} INFO - Sync 1 DAGs
[2024-11-13T08:02:49.781+0000] {logging_mixin.py:188} INFO - [2024-11-13T08:02:49.781+0000] {dag.py:3954} INFO - Setting next_dagrun for example_python_decorator to None, run_after=None
[2024-11-13T08:02:49.793+0000] {processor.py:183} INFO - Processing /home/airflow/.local/lib/python3.12/site-packages/airflow/example_dags/example_python_decorator.py took 0.045 seconds
[2024-11-13T08:03:20.603+0000] {processor.py:161} INFO - Started process (PID=467) to work on /home/airflow/.local/lib/python3.12/site-packages/airflow/example_dags/example_python_decorator.py
[2024-11-13T08:03:20.603+0000] {processor.py:830} INFO - Processing file /home/airflow/.local/lib/python3.12/site-packages/airflow/example_dags/example_python_decorator.py for tasks to queue
[2024-11-13T08:03:20.605+0000] {logging_mixin.py:188} INFO - [2024-11-13T08:03:20.604+0000] {dagbag.py:545} INFO - Filling up the DagBag from /home/airflow/.local/lib/python3.12/site-packages/airflow/example_dags/example_python_decorator.py
[2024-11-13T08:03:20.611+0000] {processor.py:840} INFO - DAG(s) 'example_python_decorator' retrieved from /home/airflow/.local/lib/python3.12/site-packages/airflow/example_dags/example_python_decorator.py
[2024-11-13T08:03:20.625+0000] {logging_mixin.py:188} INFO - [2024-11-13T08:03:20.625+0000] {dag.py:3096} INFO - Sync 1 DAGs
[2024-11-13T08:03:20.631+0000] {logging_mixin.py:188} INFO - [2024-11-13T08:03:20.631+0000] {dag.py:3954} INFO - Setting next_dagrun for example_python_decorator to None, run_after=None
[2024-11-13T08:03:20.641+0000] {processor.py:183} INFO - Processing /home/airflow/.local/lib/python3.12/site-packages/airflow/example_dags/example_python_decorator.py took 0.041 seconds
[2024-11-13T08:03:51.572+0000] {processor.py:161} INFO - Started process (PID=526) to work on /home/airflow/.local/lib/python3.12/site-packages/airflow/example_dags/example_python_decorator.py
[2024-11-13T08:03:51.573+0000] {processor.py:830} INFO - Processing file /home/airflow/.local/lib/python3.12/site-packages/airflow/example_dags/example_python_decorator.py for tasks to queue
[2024-11-13T08:03:51.575+0000] {logging_mixin.py:188} INFO - [2024-11-13T08:03:51.575+0000] {dagbag.py:545} INFO - Filling up the DagBag from /home/airflow/.local/lib/python3.12/site-packages/airflow/example_dags/example_python_decorator.py
[2024-11-13T08:03:51.582+0000] {processor.py:840} INFO - DAG(s) 'example_python_decorator' retrieved from /home/airflow/.local/lib/python3.12/site-packages/airflow/example_dags/example_python_decorator.py
[2024-11-13T08:03:51.594+0000] {logging_mixin.py:188} INFO - [2024-11-13T08:03:51.593+0000] {dag.py:3096} INFO - Sync 1 DAGs
[2024-11-13T08:03:51.600+0000] {logging_mixin.py:188} INFO - [2024-11-13T08:03:51.600+0000] {dag.py:3954} INFO - Setting next_dagrun for example_python_decorator to None, run_after=None
[2024-11-13T08:03:51.613+0000] {processor.py:183} INFO - Processing /home/airflow/.local/lib/python3.12/site-packages/airflow/example_dags/example_python_decorator.py took 0.045 seconds
[2024-11-13T08:04:22.425+0000] {processor.py:161} INFO - Started process (PID=585) to work on /home/airflow/.local/lib/python3.12/site-packages/airflow/example_dags/example_python_decorator.py
[2024-11-13T08:04:22.426+0000] {processor.py:830} INFO - Processing file /home/airflow/.local/lib/python3.12/site-packages/airflow/example_dags/example_python_decorator.py for tasks to queue
[2024-11-13T08:04:22.428+0000] {logging_mixin.py:188} INFO - [2024-11-13T08:04:22.427+0000] {dagbag.py:545} INFO - Filling up the DagBag from /home/airflow/.local/lib/python3.12/site-packages/airflow/example_dags/example_python_decorator.py
[2024-11-13T08:04:22.434+0000] {processor.py:840} INFO - DAG(s) 'example_python_decorator' retrieved from /home/airflow/.local/lib/python3.12/site-packages/airflow/example_dags/example_python_decorator.py
[2024-11-13T08:04:22.445+0000] {logging_mixin.py:188} INFO - [2024-11-13T08:04:22.445+0000] {dag.py:3096} INFO - Sync 1 DAGs
[2024-11-13T08:04:22.452+0000] {logging_mixin.py:188} INFO - [2024-11-13T08:04:22.452+0000] {dag.py:3954} INFO - Setting next_dagrun for example_python_decorator to None, run_after=None
[2024-11-13T08:04:22.466+0000] {processor.py:183} INFO - Processing /home/airflow/.local/lib/python3.12/site-packages/airflow/example_dags/example_python_decorator.py took 0.044 seconds
[2024-11-13T08:04:53.433+0000] {processor.py:161} INFO - Started process (PID=643) to work on /home/airflow/.local/lib/python3.12/site-packages/airflow/example_dags/example_python_decorator.py
[2024-11-13T08:04:53.433+0000] {processor.py:830} INFO - Processing file /home/airflow/.local/lib/python3.12/site-packages/airflow/example_dags/example_python_decorator.py for tasks to queue
[2024-11-13T08:04:53.435+0000] {logging_mixin.py:188} INFO - [2024-11-13T08:04:53.435+0000] {dagbag.py:545} INFO - Filling up the DagBag from /home/airflow/.local/lib/python3.12/site-packages/airflow/example_dags/example_python_decorator.py
[2024-11-13T08:04:53.442+0000] {processor.py:840} INFO - DAG(s) 'example_python_decorator' retrieved from /home/airflow/.local/lib/python3.12/site-packages/airflow/example_dags/example_python_decorator.py
[2024-11-13T08:04:53.454+0000] {logging_mixin.py:188} INFO - [2024-11-13T08:04:53.454+0000] {dag.py:3096} INFO - Sync 1 DAGs
[2024-11-13T08:04:53.461+0000] {logging_mixin.py:188} INFO - [2024-11-13T08:04:53.460+0000] {dag.py:3954} INFO - Setting next_dagrun for example_python_decorator to None, run_after=None
[2024-11-13T08:04:53.471+0000] {processor.py:183} INFO - Processing /home/airflow/.local/lib/python3.12/site-packages/airflow/example_dags/example_python_decorator.py took 0.042 seconds
[2024-11-13T08:05:23.514+0000] {processor.py:161} INFO - Started process (PID=702) to work on /home/airflow/.local/lib/python3.12/site-packages/airflow/example_dags/example_python_decorator.py
[2024-11-13T08:05:23.515+0000] {processor.py:830} INFO - Processing file /home/airflow/.local/lib/python3.12/site-packages/airflow/example_dags/example_python_decorator.py for tasks to queue
[2024-11-13T08:05:23.516+0000] {logging_mixin.py:188} INFO - [2024-11-13T08:05:23.516+0000] {dagbag.py:545} INFO - Filling up the DagBag from /home/airflow/.local/lib/python3.12/site-packages/airflow/example_dags/example_python_decorator.py
[2024-11-13T08:05:23.522+0000] {processor.py:840} INFO - DAG(s) 'example_python_decorator' retrieved from /home/airflow/.local/lib/python3.12/site-packages/airflow/example_dags/example_python_decorator.py
[2024-11-13T08:05:23.533+0000] {logging_mixin.py:188} INFO - [2024-11-13T08:05:23.533+0000] {dag.py:3096} INFO - Sync 1 DAGs
[2024-11-13T08:05:23.539+0000] {logging_mixin.py:188} INFO - [2024-11-13T08:05:23.539+0000] {dag.py:3954} INFO - Setting next_dagrun for example_python_decorator to None, run_after=None
[2024-11-13T08:05:23.547+0000] {processor.py:183} INFO - Processing /home/airflow/.local/lib/python3.12/site-packages/airflow/example_dags/example_python_decorator.py took 0.036 seconds
[2024-11-13T08:05:53.630+0000] {processor.py:161} INFO - Started process (PID=761) to work on /home/airflow/.local/lib/python3.12/site-packages/airflow/example_dags/example_python_decorator.py
[2024-11-13T08:05:53.630+0000] {processor.py:830} INFO - Processing file /home/airflow/.local/lib/python3.12/site-packages/airflow/example_dags/example_python_decorator.py for tasks to queue
[2024-11-13T08:05:53.631+0000] {logging_mixin.py:188} INFO - [2024-11-13T08:05:53.631+0000] {dagbag.py:545} INFO - Filling up the DagBag from /home/airflow/.local/lib/python3.12/site-packages/airflow/example_dags/example_python_decorator.py
[2024-11-13T08:05:53.639+0000] {processor.py:840} INFO - DAG(s) 'example_python_decorator' retrieved from /home/airflow/.local/lib/python3.12/site-packages/airflow/example_dags/example_python_decorator.py
[2024-11-13T08:05:53.656+0000] {logging_mixin.py:188} INFO - [2024-11-13T08:05:53.655+0000] {dag.py:3096} INFO - Sync 1 DAGs
[2024-11-13T08:05:53.666+0000] {logging_mixin.py:188} INFO - [2024-11-13T08:05:53.666+0000] {dag.py:3954} INFO - Setting next_dagrun for example_python_decorator to None, run_after=None
[2024-11-13T08:05:53.677+0000] {processor.py:183} INFO - Processing /home/airflow/.local/lib/python3.12/site-packages/airflow/example_dags/example_python_decorator.py took 0.051 seconds
[2024-11-13T08:06:24.610+0000] {processor.py:161} INFO - Started process (PID=820) to work on /home/airflow/.local/lib/python3.12/site-packages/airflow/example_dags/example_python_decorator.py
[2024-11-13T08:06:24.611+0000] {processor.py:830} INFO - Processing file /home/airflow/.local/lib/python3.12/site-packages/airflow/example_dags/example_python_decorator.py for tasks to queue
[2024-11-13T08:06:24.613+0000] {logging_mixin.py:188} INFO - [2024-11-13T08:06:24.613+0000] {dagbag.py:545} INFO - Filling up the DagBag from /home/airflow/.local/lib/python3.12/site-packages/airflow/example_dags/example_python_decorator.py
[2024-11-13T08:06:24.620+0000] {processor.py:840} INFO - DAG(s) 'example_python_decorator' retrieved from /home/airflow/.local/lib/python3.12/site-packages/airflow/example_dags/example_python_decorator.py
[2024-11-13T08:06:24.633+0000] {logging_mixin.py:188} INFO - [2024-11-13T08:06:24.633+0000] {dag.py:3096} INFO - Sync 1 DAGs
[2024-11-13T08:06:24.639+0000] {logging_mixin.py:188} INFO - [2024-11-13T08:06:24.639+0000] {dag.py:3954} INFO - Setting next_dagrun for example_python_decorator to None, run_after=None
[2024-11-13T08:06:24.650+0000] {processor.py:183} INFO - Processing /home/airflow/.local/lib/python3.12/site-packages/airflow/example_dags/example_python_decorator.py took 0.044 seconds
[2024-11-13T08:06:55.630+0000] {processor.py:161} INFO - Started process (PID=879) to work on /home/airflow/.local/lib/python3.12/site-packages/airflow/example_dags/example_python_decorator.py
[2024-11-13T08:06:55.631+0000] {processor.py:830} INFO - Processing file /home/airflow/.local/lib/python3.12/site-packages/airflow/example_dags/example_python_decorator.py for tasks to queue
[2024-11-13T08:06:55.633+0000] {logging_mixin.py:188} INFO - [2024-11-13T08:06:55.633+0000] {dagbag.py:545} INFO - Filling up the DagBag from /home/airflow/.local/lib/python3.12/site-packages/airflow/example_dags/example_python_decorator.py
[2024-11-13T08:06:55.640+0000] {processor.py:840} INFO - DAG(s) 'example_python_decorator' retrieved from /home/airflow/.local/lib/python3.12/site-packages/airflow/example_dags/example_python_decorator.py
[2024-11-13T08:06:55.652+0000] {logging_mixin.py:188} INFO - [2024-11-13T08:06:55.652+0000] {dag.py:3096} INFO - Sync 1 DAGs
[2024-11-13T08:06:55.658+0000] {logging_mixin.py:188} INFO - [2024-11-13T08:06:55.658+0000] {dag.py:3954} INFO - Setting next_dagrun for example_python_decorator to None, run_after=None
[2024-11-13T08:06:55.668+0000] {processor.py:183} INFO - Processing /home/airflow/.local/lib/python3.12/site-packages/airflow/example_dags/example_python_decorator.py took 0.042 seconds
