[2024-11-13T08:00:17.299+0000] {processor.py:161} INFO - Started process (PID=138) to work on /home/airflow/.local/lib/python3.12/site-packages/airflow/example_dags/example_xcomargs.py
[2024-11-13T08:00:17.301+0000] {processor.py:830} INFO - Processing file /home/airflow/.local/lib/python3.12/site-packages/airflow/example_dags/example_xcomargs.py for tasks to queue
[2024-11-13T08:00:17.303+0000] {logging_mixin.py:188} INFO - [2024-11-13T08:00:17.303+0000] {dagbag.py:545} INFO - Filling up the DagBag from /home/airflow/.local/lib/python3.12/site-packages/airflow/example_dags/example_xcomargs.py
[2024-11-13T08:00:17.312+0000] {processor.py:840} INFO - DAG(s) 'example_xcom_args_with_operators', 'example_xcom_args' retrieved from /home/airflow/.local/lib/python3.12/site-packages/airflow/example_dags/example_xcomargs.py
[2024-11-13T08:00:17.335+0000] {logging_mixin.py:188} INFO - [2024-11-13T08:00:17.335+0000] {dag.py:3096} INFO - Sync 2 DAGs
[2024-11-13T08:00:17.344+0000] {logging_mixin.py:188} INFO - [2024-11-13T08:00:17.344+0000] {dag.py:3954} INFO - Setting next_dagrun for example_xcom_args to None, run_after=None
[2024-11-13T08:00:17.346+0000] {logging_mixin.py:188} INFO - [2024-11-13T08:00:17.346+0000] {dag.py:3954} INFO - Setting next_dagrun for example_xcom_args_with_operators to None, run_after=None
[2024-11-13T08:00:17.358+0000] {processor.py:183} INFO - Processing /home/airflow/.local/lib/python3.12/site-packages/airflow/example_dags/example_xcomargs.py took 0.062 seconds
[2024-11-13T08:00:48.266+0000] {processor.py:161} INFO - Started process (PID=197) to work on /home/airflow/.local/lib/python3.12/site-packages/airflow/example_dags/example_xcomargs.py
[2024-11-13T08:00:48.267+0000] {processor.py:830} INFO - Processing file /home/airflow/.local/lib/python3.12/site-packages/airflow/example_dags/example_xcomargs.py for tasks to queue
[2024-11-13T08:00:48.268+0000] {logging_mixin.py:188} INFO - [2024-11-13T08:00:48.267+0000] {dagbag.py:545} INFO - Filling up the DagBag from /home/airflow/.local/lib/python3.12/site-packages/airflow/example_dags/example_xcomargs.py
[2024-11-13T08:00:48.272+0000] {processor.py:840} INFO - DAG(s) 'example_xcom_args', 'example_xcom_args_with_operators' retrieved from /home/airflow/.local/lib/python3.12/site-packages/airflow/example_dags/example_xcomargs.py
[2024-11-13T08:00:48.322+0000] {logging_mixin.py:188} INFO - [2024-11-13T08:00:48.322+0000] {dag.py:3096} INFO - Sync 2 DAGs
[2024-11-13T08:00:48.327+0000] {logging_mixin.py:188} INFO - [2024-11-13T08:00:48.327+0000] {dag.py:3954} INFO - Setting next_dagrun for example_xcom_args to None, run_after=None
[2024-11-13T08:00:48.328+0000] {logging_mixin.py:188} INFO - [2024-11-13T08:00:48.328+0000] {dag.py:3954} INFO - Setting next_dagrun for example_xcom_args_with_operators to None, run_after=None
[2024-11-13T08:00:48.336+0000] {processor.py:183} INFO - Processing /home/airflow/.local/lib/python3.12/site-packages/airflow/example_dags/example_xcomargs.py took 0.073 seconds
[2024-11-13T08:01:18.493+0000] {processor.py:161} INFO - Started process (PID=256) to work on /home/airflow/.local/lib/python3.12/site-packages/airflow/example_dags/example_xcomargs.py
[2024-11-13T08:01:18.494+0000] {processor.py:830} INFO - Processing file /home/airflow/.local/lib/python3.12/site-packages/airflow/example_dags/example_xcomargs.py for tasks to queue
[2024-11-13T08:01:18.495+0000] {logging_mixin.py:188} INFO - [2024-11-13T08:01:18.494+0000] {dagbag.py:545} INFO - Filling up the DagBag from /home/airflow/.local/lib/python3.12/site-packages/airflow/example_dags/example_xcomargs.py
[2024-11-13T08:01:18.499+0000] {processor.py:840} INFO - DAG(s) 'example_xcom_args', 'example_xcom_args_with_operators' retrieved from /home/airflow/.local/lib/python3.12/site-packages/airflow/example_dags/example_xcomargs.py
[2024-11-13T08:01:18.510+0000] {logging_mixin.py:188} INFO - [2024-11-13T08:01:18.510+0000] {dag.py:3096} INFO - Sync 2 DAGs
[2024-11-13T08:01:18.515+0000] {logging_mixin.py:188} INFO - [2024-11-13T08:01:18.515+0000] {dag.py:3954} INFO - Setting next_dagrun for example_xcom_args to None, run_after=None
[2024-11-13T08:01:18.517+0000] {logging_mixin.py:188} INFO - [2024-11-13T08:01:18.517+0000] {dag.py:3954} INFO - Setting next_dagrun for example_xcom_args_with_operators to None, run_after=None
[2024-11-13T08:01:18.524+0000] {processor.py:183} INFO - Processing /home/airflow/.local/lib/python3.12/site-packages/airflow/example_dags/example_xcomargs.py took 0.033 seconds
[2024-11-13T08:01:49.540+0000] {processor.py:161} INFO - Started process (PID=315) to work on /home/airflow/.local/lib/python3.12/site-packages/airflow/example_dags/example_xcomargs.py
[2024-11-13T08:01:49.540+0000] {processor.py:830} INFO - Processing file /home/airflow/.local/lib/python3.12/site-packages/airflow/example_dags/example_xcomargs.py for tasks to queue
[2024-11-13T08:01:49.542+0000] {logging_mixin.py:188} INFO - [2024-11-13T08:01:49.541+0000] {dagbag.py:545} INFO - Filling up the DagBag from /home/airflow/.local/lib/python3.12/site-packages/airflow/example_dags/example_xcomargs.py
[2024-11-13T08:01:49.546+0000] {processor.py:840} INFO - DAG(s) 'example_xcom_args_with_operators', 'example_xcom_args' retrieved from /home/airflow/.local/lib/python3.12/site-packages/airflow/example_dags/example_xcomargs.py
[2024-11-13T08:01:49.558+0000] {logging_mixin.py:188} INFO - [2024-11-13T08:01:49.558+0000] {dag.py:3096} INFO - Sync 2 DAGs
[2024-11-13T08:01:49.564+0000] {logging_mixin.py:188} INFO - [2024-11-13T08:01:49.564+0000] {dag.py:3954} INFO - Setting next_dagrun for example_xcom_args to None, run_after=None
[2024-11-13T08:01:49.568+0000] {logging_mixin.py:188} INFO - [2024-11-13T08:01:49.567+0000] {dag.py:3954} INFO - Setting next_dagrun for example_xcom_args_with_operators to None, run_after=None
[2024-11-13T08:01:49.581+0000] {processor.py:183} INFO - Processing /home/airflow/.local/lib/python3.12/site-packages/airflow/example_dags/example_xcomargs.py took 0.044 seconds
[2024-11-13T08:02:20.607+0000] {processor.py:161} INFO - Started process (PID=374) to work on /home/airflow/.local/lib/python3.12/site-packages/airflow/example_dags/example_xcomargs.py
[2024-11-13T08:02:20.608+0000] {processor.py:830} INFO - Processing file /home/airflow/.local/lib/python3.12/site-packages/airflow/example_dags/example_xcomargs.py for tasks to queue
[2024-11-13T08:02:20.609+0000] {logging_mixin.py:188} INFO - [2024-11-13T08:02:20.609+0000] {dagbag.py:545} INFO - Filling up the DagBag from /home/airflow/.local/lib/python3.12/site-packages/airflow/example_dags/example_xcomargs.py
[2024-11-13T08:02:20.614+0000] {processor.py:840} INFO - DAG(s) 'example_xcom_args_with_operators', 'example_xcom_args' retrieved from /home/airflow/.local/lib/python3.12/site-packages/airflow/example_dags/example_xcomargs.py
[2024-11-13T08:02:20.627+0000] {logging_mixin.py:188} INFO - [2024-11-13T08:02:20.627+0000] {dag.py:3096} INFO - Sync 2 DAGs
[2024-11-13T08:02:20.637+0000] {logging_mixin.py:188} INFO - [2024-11-13T08:02:20.636+0000] {dag.py:3954} INFO - Setting next_dagrun for example_xcom_args to None, run_after=None
[2024-11-13T08:02:20.641+0000] {logging_mixin.py:188} INFO - [2024-11-13T08:02:20.641+0000] {dag.py:3954} INFO - Setting next_dagrun for example_xcom_args_with_operators to None, run_after=None
[2024-11-13T08:02:20.652+0000] {processor.py:183} INFO - Processing /home/airflow/.local/lib/python3.12/site-packages/airflow/example_dags/example_xcomargs.py took 0.048 seconds
[2024-11-13T08:02:51.485+0000] {processor.py:161} INFO - Started process (PID=433) to work on /home/airflow/.local/lib/python3.12/site-packages/airflow/example_dags/example_xcomargs.py
[2024-11-13T08:02:51.487+0000] {processor.py:830} INFO - Processing file /home/airflow/.local/lib/python3.12/site-packages/airflow/example_dags/example_xcomargs.py for tasks to queue
[2024-11-13T08:02:51.488+0000] {logging_mixin.py:188} INFO - [2024-11-13T08:02:51.488+0000] {dagbag.py:545} INFO - Filling up the DagBag from /home/airflow/.local/lib/python3.12/site-packages/airflow/example_dags/example_xcomargs.py
[2024-11-13T08:02:51.492+0000] {processor.py:840} INFO - DAG(s) 'example_xcom_args', 'example_xcom_args_with_operators' retrieved from /home/airflow/.local/lib/python3.12/site-packages/airflow/example_dags/example_xcomargs.py
[2024-11-13T08:02:51.510+0000] {logging_mixin.py:188} INFO - [2024-11-13T08:02:51.510+0000] {dag.py:3096} INFO - Sync 2 DAGs
[2024-11-13T08:02:51.518+0000] {logging_mixin.py:188} INFO - [2024-11-13T08:02:51.518+0000] {dag.py:3954} INFO - Setting next_dagrun for example_xcom_args to None, run_after=None
[2024-11-13T08:02:51.522+0000] {logging_mixin.py:188} INFO - [2024-11-13T08:02:51.522+0000] {dag.py:3954} INFO - Setting next_dagrun for example_xcom_args_with_operators to None, run_after=None
[2024-11-13T08:02:51.531+0000] {processor.py:183} INFO - Processing /home/airflow/.local/lib/python3.12/site-packages/airflow/example_dags/example_xcomargs.py took 0.049 seconds
[2024-11-13T08:03:22.368+0000] {processor.py:161} INFO - Started process (PID=492) to work on /home/airflow/.local/lib/python3.12/site-packages/airflow/example_dags/example_xcomargs.py
[2024-11-13T08:03:22.369+0000] {processor.py:830} INFO - Processing file /home/airflow/.local/lib/python3.12/site-packages/airflow/example_dags/example_xcomargs.py for tasks to queue
[2024-11-13T08:03:22.371+0000] {logging_mixin.py:188} INFO - [2024-11-13T08:03:22.370+0000] {dagbag.py:545} INFO - Filling up the DagBag from /home/airflow/.local/lib/python3.12/site-packages/airflow/example_dags/example_xcomargs.py
[2024-11-13T08:03:22.376+0000] {processor.py:840} INFO - DAG(s) 'example_xcom_args', 'example_xcom_args_with_operators' retrieved from /home/airflow/.local/lib/python3.12/site-packages/airflow/example_dags/example_xcomargs.py
[2024-11-13T08:03:22.388+0000] {logging_mixin.py:188} INFO - [2024-11-13T08:03:22.388+0000] {dag.py:3096} INFO - Sync 2 DAGs
[2024-11-13T08:03:22.394+0000] {logging_mixin.py:188} INFO - [2024-11-13T08:03:22.394+0000] {dag.py:3954} INFO - Setting next_dagrun for example_xcom_args to None, run_after=None
[2024-11-13T08:03:22.396+0000] {logging_mixin.py:188} INFO - [2024-11-13T08:03:22.396+0000] {dag.py:3954} INFO - Setting next_dagrun for example_xcom_args_with_operators to None, run_after=None
[2024-11-13T08:03:22.403+0000] {processor.py:183} INFO - Processing /home/airflow/.local/lib/python3.12/site-packages/airflow/example_dags/example_xcomargs.py took 0.037 seconds
[2024-11-13T08:03:53.318+0000] {processor.py:161} INFO - Started process (PID=551) to work on /home/airflow/.local/lib/python3.12/site-packages/airflow/example_dags/example_xcomargs.py
[2024-11-13T08:03:53.318+0000] {processor.py:830} INFO - Processing file /home/airflow/.local/lib/python3.12/site-packages/airflow/example_dags/example_xcomargs.py for tasks to queue
[2024-11-13T08:03:53.319+0000] {logging_mixin.py:188} INFO - [2024-11-13T08:03:53.319+0000] {dagbag.py:545} INFO - Filling up the DagBag from /home/airflow/.local/lib/python3.12/site-packages/airflow/example_dags/example_xcomargs.py
[2024-11-13T08:03:53.324+0000] {processor.py:840} INFO - DAG(s) 'example_xcom_args_with_operators', 'example_xcom_args' retrieved from /home/airflow/.local/lib/python3.12/site-packages/airflow/example_dags/example_xcomargs.py
[2024-11-13T08:03:53.336+0000] {logging_mixin.py:188} INFO - [2024-11-13T08:03:53.336+0000] {dag.py:3096} INFO - Sync 2 DAGs
[2024-11-13T08:03:53.342+0000] {logging_mixin.py:188} INFO - [2024-11-13T08:03:53.342+0000] {dag.py:3954} INFO - Setting next_dagrun for example_xcom_args to None, run_after=None
[2024-11-13T08:03:53.343+0000] {logging_mixin.py:188} INFO - [2024-11-13T08:03:53.343+0000] {dag.py:3954} INFO - Setting next_dagrun for example_xcom_args_with_operators to None, run_after=None
[2024-11-13T08:03:53.350+0000] {processor.py:183} INFO - Processing /home/airflow/.local/lib/python3.12/site-packages/airflow/example_dags/example_xcomargs.py took 0.035 seconds
[2024-11-13T08:04:24.169+0000] {processor.py:161} INFO - Started process (PID=610) to work on /home/airflow/.local/lib/python3.12/site-packages/airflow/example_dags/example_xcomargs.py
[2024-11-13T08:04:24.171+0000] {processor.py:830} INFO - Processing file /home/airflow/.local/lib/python3.12/site-packages/airflow/example_dags/example_xcomargs.py for tasks to queue
[2024-11-13T08:04:24.172+0000] {logging_mixin.py:188} INFO - [2024-11-13T08:04:24.172+0000] {dagbag.py:545} INFO - Filling up the DagBag from /home/airflow/.local/lib/python3.12/site-packages/airflow/example_dags/example_xcomargs.py
[2024-11-13T08:04:24.176+0000] {processor.py:840} INFO - DAG(s) 'example_xcom_args_with_operators', 'example_xcom_args' retrieved from /home/airflow/.local/lib/python3.12/site-packages/airflow/example_dags/example_xcomargs.py
[2024-11-13T08:04:24.190+0000] {logging_mixin.py:188} INFO - [2024-11-13T08:04:24.189+0000] {dag.py:3096} INFO - Sync 2 DAGs
[2024-11-13T08:04:24.197+0000] {logging_mixin.py:188} INFO - [2024-11-13T08:04:24.197+0000] {dag.py:3954} INFO - Setting next_dagrun for example_xcom_args to None, run_after=None
[2024-11-13T08:04:24.201+0000] {logging_mixin.py:188} INFO - [2024-11-13T08:04:24.201+0000] {dag.py:3954} INFO - Setting next_dagrun for example_xcom_args_with_operators to None, run_after=None
[2024-11-13T08:04:24.210+0000] {processor.py:183} INFO - Processing /home/airflow/.local/lib/python3.12/site-packages/airflow/example_dags/example_xcomargs.py took 0.044 seconds
[2024-11-13T08:04:54.305+0000] {processor.py:161} INFO - Started process (PID=668) to work on /home/airflow/.local/lib/python3.12/site-packages/airflow/example_dags/example_xcomargs.py
[2024-11-13T08:04:54.306+0000] {processor.py:830} INFO - Processing file /home/airflow/.local/lib/python3.12/site-packages/airflow/example_dags/example_xcomargs.py for tasks to queue
[2024-11-13T08:04:54.307+0000] {logging_mixin.py:188} INFO - [2024-11-13T08:04:54.307+0000] {dagbag.py:545} INFO - Filling up the DagBag from /home/airflow/.local/lib/python3.12/site-packages/airflow/example_dags/example_xcomargs.py
[2024-11-13T08:04:54.312+0000] {processor.py:840} INFO - DAG(s) 'example_xcom_args', 'example_xcom_args_with_operators' retrieved from /home/airflow/.local/lib/python3.12/site-packages/airflow/example_dags/example_xcomargs.py
[2024-11-13T08:04:54.325+0000] {logging_mixin.py:188} INFO - [2024-11-13T08:04:54.325+0000] {dag.py:3096} INFO - Sync 2 DAGs
[2024-11-13T08:04:54.333+0000] {logging_mixin.py:188} INFO - [2024-11-13T08:04:54.332+0000] {dag.py:3954} INFO - Setting next_dagrun for example_xcom_args to None, run_after=None
[2024-11-13T08:04:54.335+0000] {logging_mixin.py:188} INFO - [2024-11-13T08:04:54.335+0000] {dag.py:3954} INFO - Setting next_dagrun for example_xcom_args_with_operators to None, run_after=None
[2024-11-13T08:04:54.343+0000] {processor.py:183} INFO - Processing /home/airflow/.local/lib/python3.12/site-packages/airflow/example_dags/example_xcomargs.py took 0.041 seconds
[2024-11-13T08:05:24.418+0000] {processor.py:161} INFO - Started process (PID=727) to work on /home/airflow/.local/lib/python3.12/site-packages/airflow/example_dags/example_xcomargs.py
[2024-11-13T08:05:24.419+0000] {processor.py:830} INFO - Processing file /home/airflow/.local/lib/python3.12/site-packages/airflow/example_dags/example_xcomargs.py for tasks to queue
[2024-11-13T08:05:24.420+0000] {logging_mixin.py:188} INFO - [2024-11-13T08:05:24.419+0000] {dagbag.py:545} INFO - Filling up the DagBag from /home/airflow/.local/lib/python3.12/site-packages/airflow/example_dags/example_xcomargs.py
[2024-11-13T08:05:24.424+0000] {processor.py:840} INFO - DAG(s) 'example_xcom_args', 'example_xcom_args_with_operators' retrieved from /home/airflow/.local/lib/python3.12/site-packages/airflow/example_dags/example_xcomargs.py
[2024-11-13T08:05:24.435+0000] {logging_mixin.py:188} INFO - [2024-11-13T08:05:24.435+0000] {dag.py:3096} INFO - Sync 2 DAGs
[2024-11-13T08:05:24.441+0000] {logging_mixin.py:188} INFO - [2024-11-13T08:05:24.441+0000] {dag.py:3954} INFO - Setting next_dagrun for example_xcom_args to None, run_after=None
[2024-11-13T08:05:24.442+0000] {logging_mixin.py:188} INFO - [2024-11-13T08:05:24.442+0000] {dag.py:3954} INFO - Setting next_dagrun for example_xcom_args_with_operators to None, run_after=None
[2024-11-13T08:05:24.449+0000] {processor.py:183} INFO - Processing /home/airflow/.local/lib/python3.12/site-packages/airflow/example_dags/example_xcomargs.py took 0.034 seconds
[2024-11-13T08:05:54.473+0000] {processor.py:161} INFO - Started process (PID=786) to work on /home/airflow/.local/lib/python3.12/site-packages/airflow/example_dags/example_xcomargs.py
[2024-11-13T08:05:54.475+0000] {processor.py:830} INFO - Processing file /home/airflow/.local/lib/python3.12/site-packages/airflow/example_dags/example_xcomargs.py for tasks to queue
[2024-11-13T08:05:54.476+0000] {logging_mixin.py:188} INFO - [2024-11-13T08:05:54.476+0000] {dagbag.py:545} INFO - Filling up the DagBag from /home/airflow/.local/lib/python3.12/site-packages/airflow/example_dags/example_xcomargs.py
[2024-11-13T08:05:54.482+0000] {processor.py:840} INFO - DAG(s) 'example_xcom_args_with_operators', 'example_xcom_args' retrieved from /home/airflow/.local/lib/python3.12/site-packages/airflow/example_dags/example_xcomargs.py
[2024-11-13T08:05:54.495+0000] {logging_mixin.py:188} INFO - [2024-11-13T08:05:54.495+0000] {dag.py:3096} INFO - Sync 2 DAGs
[2024-11-13T08:05:54.503+0000] {logging_mixin.py:188} INFO - [2024-11-13T08:05:54.503+0000] {dag.py:3954} INFO - Setting next_dagrun for example_xcom_args to None, run_after=None
[2024-11-13T08:05:54.505+0000] {logging_mixin.py:188} INFO - [2024-11-13T08:05:54.505+0000] {dag.py:3954} INFO - Setting next_dagrun for example_xcom_args_with_operators to None, run_after=None
[2024-11-13T08:05:54.514+0000] {processor.py:183} INFO - Processing /home/airflow/.local/lib/python3.12/site-packages/airflow/example_dags/example_xcomargs.py took 0.045 seconds
[2024-11-13T08:06:25.480+0000] {processor.py:161} INFO - Started process (PID=845) to work on /home/airflow/.local/lib/python3.12/site-packages/airflow/example_dags/example_xcomargs.py
[2024-11-13T08:06:25.480+0000] {processor.py:830} INFO - Processing file /home/airflow/.local/lib/python3.12/site-packages/airflow/example_dags/example_xcomargs.py for tasks to queue
[2024-11-13T08:06:25.481+0000] {logging_mixin.py:188} INFO - [2024-11-13T08:06:25.481+0000] {dagbag.py:545} INFO - Filling up the DagBag from /home/airflow/.local/lib/python3.12/site-packages/airflow/example_dags/example_xcomargs.py
[2024-11-13T08:06:25.487+0000] {processor.py:840} INFO - DAG(s) 'example_xcom_args_with_operators', 'example_xcom_args' retrieved from /home/airflow/.local/lib/python3.12/site-packages/airflow/example_dags/example_xcomargs.py
[2024-11-13T08:06:25.499+0000] {logging_mixin.py:188} INFO - [2024-11-13T08:06:25.499+0000] {dag.py:3096} INFO - Sync 2 DAGs
[2024-11-13T08:06:25.505+0000] {logging_mixin.py:188} INFO - [2024-11-13T08:06:25.505+0000] {dag.py:3954} INFO - Setting next_dagrun for example_xcom_args to None, run_after=None
[2024-11-13T08:06:25.507+0000] {logging_mixin.py:188} INFO - [2024-11-13T08:06:25.507+0000] {dag.py:3954} INFO - Setting next_dagrun for example_xcom_args_with_operators to None, run_after=None
[2024-11-13T08:06:25.517+0000] {processor.py:183} INFO - Processing /home/airflow/.local/lib/python3.12/site-packages/airflow/example_dags/example_xcomargs.py took 0.041 seconds
[2024-11-13T08:06:56.398+0000] {processor.py:161} INFO - Started process (PID=904) to work on /home/airflow/.local/lib/python3.12/site-packages/airflow/example_dags/example_xcomargs.py
[2024-11-13T08:06:56.399+0000] {processor.py:830} INFO - Processing file /home/airflow/.local/lib/python3.12/site-packages/airflow/example_dags/example_xcomargs.py for tasks to queue
[2024-11-13T08:06:56.401+0000] {logging_mixin.py:188} INFO - [2024-11-13T08:06:56.401+0000] {dagbag.py:545} INFO - Filling up the DagBag from /home/airflow/.local/lib/python3.12/site-packages/airflow/example_dags/example_xcomargs.py
[2024-11-13T08:06:56.408+0000] {processor.py:840} INFO - DAG(s) 'example_xcom_args', 'example_xcom_args_with_operators' retrieved from /home/airflow/.local/lib/python3.12/site-packages/airflow/example_dags/example_xcomargs.py
[2024-11-13T08:06:56.422+0000] {logging_mixin.py:188} INFO - [2024-11-13T08:06:56.422+0000] {dag.py:3096} INFO - Sync 2 DAGs
[2024-11-13T08:06:56.428+0000] {logging_mixin.py:188} INFO - [2024-11-13T08:06:56.428+0000] {dag.py:3954} INFO - Setting next_dagrun for example_xcom_args to None, run_after=None
[2024-11-13T08:06:56.431+0000] {logging_mixin.py:188} INFO - [2024-11-13T08:06:56.431+0000] {dag.py:3954} INFO - Setting next_dagrun for example_xcom_args_with_operators to None, run_after=None
[2024-11-13T08:06:56.439+0000] {processor.py:183} INFO - Processing /home/airflow/.local/lib/python3.12/site-packages/airflow/example_dags/example_xcomargs.py took 0.044 seconds
