[2024-11-13T08:00:16.772+0000] {processor.py:161} INFO - Started process (PID=122) to work on /home/airflow/.local/lib/python3.12/site-packages/airflow/example_dags/example_nested_branch_dag.py
[2024-11-13T08:00:16.773+0000] {processor.py:830} INFO - Processing file /home/airflow/.local/lib/python3.12/site-packages/airflow/example_dags/example_nested_branch_dag.py for tasks to queue
[2024-11-13T08:00:16.774+0000] {logging_mixin.py:188} INFO - [2024-11-13T08:00:16.774+0000] {dagbag.py:545} INFO - Filling up the DagBag from /home/airflow/.local/lib/python3.12/site-packages/airflow/example_dags/example_nested_branch_dag.py
[2024-11-13T08:00:16.783+0000] {processor.py:840} INFO - DAG(s) 'example_nested_branch_dag' retrieved from /home/airflow/.local/lib/python3.12/site-packages/airflow/example_dags/example_nested_branch_dag.py
[2024-11-13T08:00:16.792+0000] {logging_mixin.py:188} INFO - [2024-11-13T08:00:16.791+0000] {dag.py:3096} INFO - Sync 1 DAGs
[2024-11-13T08:00:16.803+0000] {logging_mixin.py:188} INFO - [2024-11-13T08:00:16.803+0000] {dag.py:3954} INFO - Setting next_dagrun for example_nested_branch_dag to 2024-11-12 00:00:00+00:00, run_after=2024-11-13 00:00:00+00:00
[2024-11-13T08:00:16.815+0000] {processor.py:183} INFO - Processing /home/airflow/.local/lib/python3.12/site-packages/airflow/example_dags/example_nested_branch_dag.py took 0.048 seconds
[2024-11-13T08:00:47.431+0000] {processor.py:161} INFO - Started process (PID=181) to work on /home/airflow/.local/lib/python3.12/site-packages/airflow/example_dags/example_nested_branch_dag.py
[2024-11-13T08:00:47.433+0000] {processor.py:830} INFO - Processing file /home/airflow/.local/lib/python3.12/site-packages/airflow/example_dags/example_nested_branch_dag.py for tasks to queue
[2024-11-13T08:00:47.434+0000] {logging_mixin.py:188} INFO - [2024-11-13T08:00:47.434+0000] {dagbag.py:545} INFO - Filling up the DagBag from /home/airflow/.local/lib/python3.12/site-packages/airflow/example_dags/example_nested_branch_dag.py
[2024-11-13T08:00:47.441+0000] {processor.py:840} INFO - DAG(s) 'example_nested_branch_dag' retrieved from /home/airflow/.local/lib/python3.12/site-packages/airflow/example_dags/example_nested_branch_dag.py
[2024-11-13T08:00:47.494+0000] {logging_mixin.py:188} INFO - [2024-11-13T08:00:47.494+0000] {dag.py:3096} INFO - Sync 1 DAGs
[2024-11-13T08:00:47.506+0000] {logging_mixin.py:188} INFO - [2024-11-13T08:00:47.506+0000] {dag.py:3954} INFO - Setting next_dagrun for example_nested_branch_dag to 2024-11-12 00:00:00+00:00, run_after=2024-11-13 00:00:00+00:00
[2024-11-13T08:00:47.517+0000] {processor.py:183} INFO - Processing /home/airflow/.local/lib/python3.12/site-packages/airflow/example_dags/example_nested_branch_dag.py took 0.089 seconds
[2024-11-13T08:01:17.969+0000] {processor.py:161} INFO - Started process (PID=240) to work on /home/airflow/.local/lib/python3.12/site-packages/airflow/example_dags/example_nested_branch_dag.py
[2024-11-13T08:01:17.971+0000] {processor.py:830} INFO - Processing file /home/airflow/.local/lib/python3.12/site-packages/airflow/example_dags/example_nested_branch_dag.py for tasks to queue
[2024-11-13T08:01:17.972+0000] {logging_mixin.py:188} INFO - [2024-11-13T08:01:17.971+0000] {dagbag.py:545} INFO - Filling up the DagBag from /home/airflow/.local/lib/python3.12/site-packages/airflow/example_dags/example_nested_branch_dag.py
[2024-11-13T08:01:17.977+0000] {processor.py:840} INFO - DAG(s) 'example_nested_branch_dag' retrieved from /home/airflow/.local/lib/python3.12/site-packages/airflow/example_dags/example_nested_branch_dag.py
[2024-11-13T08:01:17.989+0000] {logging_mixin.py:188} INFO - [2024-11-13T08:01:17.989+0000] {dag.py:3096} INFO - Sync 1 DAGs
[2024-11-13T08:01:18.002+0000] {logging_mixin.py:188} INFO - [2024-11-13T08:01:18.002+0000] {dag.py:3954} INFO - Setting next_dagrun for example_nested_branch_dag to 2024-11-12 00:00:00+00:00, run_after=2024-11-13 00:00:00+00:00
[2024-11-13T08:01:18.013+0000] {processor.py:183} INFO - Processing /home/airflow/.local/lib/python3.12/site-packages/airflow/example_dags/example_nested_branch_dag.py took 0.047 seconds
[2024-11-13T08:01:48.953+0000] {processor.py:161} INFO - Started process (PID=299) to work on /home/airflow/.local/lib/python3.12/site-packages/airflow/example_dags/example_nested_branch_dag.py
[2024-11-13T08:01:48.954+0000] {processor.py:830} INFO - Processing file /home/airflow/.local/lib/python3.12/site-packages/airflow/example_dags/example_nested_branch_dag.py for tasks to queue
[2024-11-13T08:01:48.955+0000] {logging_mixin.py:188} INFO - [2024-11-13T08:01:48.955+0000] {dagbag.py:545} INFO - Filling up the DagBag from /home/airflow/.local/lib/python3.12/site-packages/airflow/example_dags/example_nested_branch_dag.py
[2024-11-13T08:01:48.960+0000] {processor.py:840} INFO - DAG(s) 'example_nested_branch_dag' retrieved from /home/airflow/.local/lib/python3.12/site-packages/airflow/example_dags/example_nested_branch_dag.py
[2024-11-13T08:01:48.976+0000] {logging_mixin.py:188} INFO - [2024-11-13T08:01:48.975+0000] {dag.py:3096} INFO - Sync 1 DAGs
[2024-11-13T08:01:48.986+0000] {logging_mixin.py:188} INFO - [2024-11-13T08:01:48.986+0000] {dag.py:3954} INFO - Setting next_dagrun for example_nested_branch_dag to 2024-11-12 00:00:00+00:00, run_after=2024-11-13 00:00:00+00:00
[2024-11-13T08:01:48.999+0000] {processor.py:183} INFO - Processing /home/airflow/.local/lib/python3.12/site-packages/airflow/example_dags/example_nested_branch_dag.py took 0.049 seconds
[2024-11-13T08:02:19.092+0000] {processor.py:161} INFO - Started process (PID=358) to work on /home/airflow/.local/lib/python3.12/site-packages/airflow/example_dags/example_nested_branch_dag.py
[2024-11-13T08:02:19.093+0000] {processor.py:830} INFO - Processing file /home/airflow/.local/lib/python3.12/site-packages/airflow/example_dags/example_nested_branch_dag.py for tasks to queue
[2024-11-13T08:02:19.094+0000] {logging_mixin.py:188} INFO - [2024-11-13T08:02:19.094+0000] {dagbag.py:545} INFO - Filling up the DagBag from /home/airflow/.local/lib/python3.12/site-packages/airflow/example_dags/example_nested_branch_dag.py
[2024-11-13T08:02:19.099+0000] {processor.py:840} INFO - DAG(s) 'example_nested_branch_dag' retrieved from /home/airflow/.local/lib/python3.12/site-packages/airflow/example_dags/example_nested_branch_dag.py
[2024-11-13T08:02:19.110+0000] {logging_mixin.py:188} INFO - [2024-11-13T08:02:19.110+0000] {dag.py:3096} INFO - Sync 1 DAGs
[2024-11-13T08:02:19.121+0000] {logging_mixin.py:188} INFO - [2024-11-13T08:02:19.121+0000] {dag.py:3954} INFO - Setting next_dagrun for example_nested_branch_dag to 2024-11-12 00:00:00+00:00, run_after=2024-11-13 00:00:00+00:00
[2024-11-13T08:02:19.133+0000] {processor.py:183} INFO - Processing /home/airflow/.local/lib/python3.12/site-packages/airflow/example_dags/example_nested_branch_dag.py took 0.045 seconds
[2024-11-13T08:02:50.018+0000] {processor.py:161} INFO - Started process (PID=417) to work on /home/airflow/.local/lib/python3.12/site-packages/airflow/example_dags/example_nested_branch_dag.py
[2024-11-13T08:02:50.020+0000] {processor.py:830} INFO - Processing file /home/airflow/.local/lib/python3.12/site-packages/airflow/example_dags/example_nested_branch_dag.py for tasks to queue
[2024-11-13T08:02:50.021+0000] {logging_mixin.py:188} INFO - [2024-11-13T08:02:50.021+0000] {dagbag.py:545} INFO - Filling up the DagBag from /home/airflow/.local/lib/python3.12/site-packages/airflow/example_dags/example_nested_branch_dag.py
[2024-11-13T08:02:50.027+0000] {processor.py:840} INFO - DAG(s) 'example_nested_branch_dag' retrieved from /home/airflow/.local/lib/python3.12/site-packages/airflow/example_dags/example_nested_branch_dag.py
[2024-11-13T08:02:50.038+0000] {logging_mixin.py:188} INFO - [2024-11-13T08:02:50.038+0000] {dag.py:3096} INFO - Sync 1 DAGs
[2024-11-13T08:02:50.049+0000] {logging_mixin.py:188} INFO - [2024-11-13T08:02:50.049+0000] {dag.py:3954} INFO - Setting next_dagrun for example_nested_branch_dag to 2024-11-12 00:00:00+00:00, run_after=2024-11-13 00:00:00+00:00
[2024-11-13T08:02:50.062+0000] {processor.py:183} INFO - Processing /home/airflow/.local/lib/python3.12/site-packages/airflow/example_dags/example_nested_branch_dag.py took 0.046 seconds
[2024-11-13T08:03:20.875+0000] {processor.py:161} INFO - Started process (PID=476) to work on /home/airflow/.local/lib/python3.12/site-packages/airflow/example_dags/example_nested_branch_dag.py
[2024-11-13T08:03:20.876+0000] {processor.py:830} INFO - Processing file /home/airflow/.local/lib/python3.12/site-packages/airflow/example_dags/example_nested_branch_dag.py for tasks to queue
[2024-11-13T08:03:20.877+0000] {logging_mixin.py:188} INFO - [2024-11-13T08:03:20.877+0000] {dagbag.py:545} INFO - Filling up the DagBag from /home/airflow/.local/lib/python3.12/site-packages/airflow/example_dags/example_nested_branch_dag.py
[2024-11-13T08:03:20.882+0000] {processor.py:840} INFO - DAG(s) 'example_nested_branch_dag' retrieved from /home/airflow/.local/lib/python3.12/site-packages/airflow/example_dags/example_nested_branch_dag.py
[2024-11-13T08:03:20.893+0000] {logging_mixin.py:188} INFO - [2024-11-13T08:03:20.893+0000] {dag.py:3096} INFO - Sync 1 DAGs
[2024-11-13T08:03:20.906+0000] {logging_mixin.py:188} INFO - [2024-11-13T08:03:20.906+0000] {dag.py:3954} INFO - Setting next_dagrun for example_nested_branch_dag to 2024-11-12 00:00:00+00:00, run_after=2024-11-13 00:00:00+00:00
[2024-11-13T08:03:20.916+0000] {processor.py:183} INFO - Processing /home/airflow/.local/lib/python3.12/site-packages/airflow/example_dags/example_nested_branch_dag.py took 0.044 seconds
[2024-11-13T08:03:51.826+0000] {processor.py:161} INFO - Started process (PID=535) to work on /home/airflow/.local/lib/python3.12/site-packages/airflow/example_dags/example_nested_branch_dag.py
[2024-11-13T08:03:51.826+0000] {processor.py:830} INFO - Processing file /home/airflow/.local/lib/python3.12/site-packages/airflow/example_dags/example_nested_branch_dag.py for tasks to queue
[2024-11-13T08:03:51.828+0000] {logging_mixin.py:188} INFO - [2024-11-13T08:03:51.827+0000] {dagbag.py:545} INFO - Filling up the DagBag from /home/airflow/.local/lib/python3.12/site-packages/airflow/example_dags/example_nested_branch_dag.py
[2024-11-13T08:03:51.833+0000] {processor.py:840} INFO - DAG(s) 'example_nested_branch_dag' retrieved from /home/airflow/.local/lib/python3.12/site-packages/airflow/example_dags/example_nested_branch_dag.py
[2024-11-13T08:03:51.847+0000] {logging_mixin.py:188} INFO - [2024-11-13T08:03:51.847+0000] {dag.py:3096} INFO - Sync 1 DAGs
[2024-11-13T08:03:51.858+0000] {logging_mixin.py:188} INFO - [2024-11-13T08:03:51.858+0000] {dag.py:3954} INFO - Setting next_dagrun for example_nested_branch_dag to 2024-11-12 00:00:00+00:00, run_after=2024-11-13 00:00:00+00:00
[2024-11-13T08:03:51.867+0000] {processor.py:183} INFO - Processing /home/airflow/.local/lib/python3.12/site-packages/airflow/example_dags/example_nested_branch_dag.py took 0.044 seconds
[2024-11-13T08:04:22.677+0000] {processor.py:161} INFO - Started process (PID=594) to work on /home/airflow/.local/lib/python3.12/site-packages/airflow/example_dags/example_nested_branch_dag.py
[2024-11-13T08:04:22.678+0000] {processor.py:830} INFO - Processing file /home/airflow/.local/lib/python3.12/site-packages/airflow/example_dags/example_nested_branch_dag.py for tasks to queue
[2024-11-13T08:04:22.679+0000] {logging_mixin.py:188} INFO - [2024-11-13T08:04:22.679+0000] {dagbag.py:545} INFO - Filling up the DagBag from /home/airflow/.local/lib/python3.12/site-packages/airflow/example_dags/example_nested_branch_dag.py
[2024-11-13T08:04:22.684+0000] {processor.py:840} INFO - DAG(s) 'example_nested_branch_dag' retrieved from /home/airflow/.local/lib/python3.12/site-packages/airflow/example_dags/example_nested_branch_dag.py
[2024-11-13T08:04:22.698+0000] {logging_mixin.py:188} INFO - [2024-11-13T08:04:22.697+0000] {dag.py:3096} INFO - Sync 1 DAGs
[2024-11-13T08:04:22.708+0000] {logging_mixin.py:188} INFO - [2024-11-13T08:04:22.708+0000] {dag.py:3954} INFO - Setting next_dagrun for example_nested_branch_dag to 2024-11-12 00:00:00+00:00, run_after=2024-11-13 00:00:00+00:00
[2024-11-13T08:04:22.716+0000] {processor.py:183} INFO - Processing /home/airflow/.local/lib/python3.12/site-packages/airflow/example_dags/example_nested_branch_dag.py took 0.042 seconds
[2024-11-13T08:04:53.737+0000] {processor.py:161} INFO - Started process (PID=652) to work on /home/airflow/.local/lib/python3.12/site-packages/airflow/example_dags/example_nested_branch_dag.py
[2024-11-13T08:04:53.738+0000] {processor.py:830} INFO - Processing file /home/airflow/.local/lib/python3.12/site-packages/airflow/example_dags/example_nested_branch_dag.py for tasks to queue
[2024-11-13T08:04:53.739+0000] {logging_mixin.py:188} INFO - [2024-11-13T08:04:53.739+0000] {dagbag.py:545} INFO - Filling up the DagBag from /home/airflow/.local/lib/python3.12/site-packages/airflow/example_dags/example_nested_branch_dag.py
[2024-11-13T08:04:53.744+0000] {processor.py:840} INFO - DAG(s) 'example_nested_branch_dag' retrieved from /home/airflow/.local/lib/python3.12/site-packages/airflow/example_dags/example_nested_branch_dag.py
[2024-11-13T08:04:53.756+0000] {logging_mixin.py:188} INFO - [2024-11-13T08:04:53.756+0000] {dag.py:3096} INFO - Sync 1 DAGs
[2024-11-13T08:04:53.768+0000] {logging_mixin.py:188} INFO - [2024-11-13T08:04:53.768+0000] {dag.py:3954} INFO - Setting next_dagrun for example_nested_branch_dag to 2024-11-12 00:00:00+00:00, run_after=2024-11-13 00:00:00+00:00
[2024-11-13T08:04:53.781+0000] {processor.py:183} INFO - Processing /home/airflow/.local/lib/python3.12/site-packages/airflow/example_dags/example_nested_branch_dag.py took 0.048 seconds
[2024-11-13T08:05:23.873+0000] {processor.py:161} INFO - Started process (PID=711) to work on /home/airflow/.local/lib/python3.12/site-packages/airflow/example_dags/example_nested_branch_dag.py
[2024-11-13T08:05:23.873+0000] {processor.py:830} INFO - Processing file /home/airflow/.local/lib/python3.12/site-packages/airflow/example_dags/example_nested_branch_dag.py for tasks to queue
[2024-11-13T08:05:23.874+0000] {logging_mixin.py:188} INFO - [2024-11-13T08:05:23.874+0000] {dagbag.py:545} INFO - Filling up the DagBag from /home/airflow/.local/lib/python3.12/site-packages/airflow/example_dags/example_nested_branch_dag.py
[2024-11-13T08:05:23.880+0000] {processor.py:840} INFO - DAG(s) 'example_nested_branch_dag' retrieved from /home/airflow/.local/lib/python3.12/site-packages/airflow/example_dags/example_nested_branch_dag.py
[2024-11-13T08:05:23.891+0000] {logging_mixin.py:188} INFO - [2024-11-13T08:05:23.891+0000] {dag.py:3096} INFO - Sync 1 DAGs
[2024-11-13T08:05:23.901+0000] {logging_mixin.py:188} INFO - [2024-11-13T08:05:23.901+0000] {dag.py:3954} INFO - Setting next_dagrun for example_nested_branch_dag to 2024-11-12 00:00:00+00:00, run_after=2024-11-13 00:00:00+00:00
[2024-11-13T08:05:23.914+0000] {processor.py:183} INFO - Processing /home/airflow/.local/lib/python3.12/site-packages/airflow/example_dags/example_nested_branch_dag.py took 0.044 seconds
[2024-11-13T08:05:53.954+0000] {processor.py:161} INFO - Started process (PID=770) to work on /home/airflow/.local/lib/python3.12/site-packages/airflow/example_dags/example_nested_branch_dag.py
[2024-11-13T08:05:53.955+0000] {processor.py:830} INFO - Processing file /home/airflow/.local/lib/python3.12/site-packages/airflow/example_dags/example_nested_branch_dag.py for tasks to queue
[2024-11-13T08:05:53.956+0000] {logging_mixin.py:188} INFO - [2024-11-13T08:05:53.956+0000] {dagbag.py:545} INFO - Filling up the DagBag from /home/airflow/.local/lib/python3.12/site-packages/airflow/example_dags/example_nested_branch_dag.py
[2024-11-13T08:05:53.962+0000] {processor.py:840} INFO - DAG(s) 'example_nested_branch_dag' retrieved from /home/airflow/.local/lib/python3.12/site-packages/airflow/example_dags/example_nested_branch_dag.py
[2024-11-13T08:05:53.975+0000] {logging_mixin.py:188} INFO - [2024-11-13T08:05:53.975+0000] {dag.py:3096} INFO - Sync 1 DAGs
[2024-11-13T08:05:53.987+0000] {logging_mixin.py:188} INFO - [2024-11-13T08:05:53.987+0000] {dag.py:3954} INFO - Setting next_dagrun for example_nested_branch_dag to 2024-11-12 00:00:00+00:00, run_after=2024-11-13 00:00:00+00:00
[2024-11-13T08:05:53.999+0000] {processor.py:183} INFO - Processing /home/airflow/.local/lib/python3.12/site-packages/airflow/example_dags/example_nested_branch_dag.py took 0.048 seconds
[2024-11-13T08:06:24.990+0000] {processor.py:161} INFO - Started process (PID=829) to work on /home/airflow/.local/lib/python3.12/site-packages/airflow/example_dags/example_nested_branch_dag.py
[2024-11-13T08:06:24.992+0000] {processor.py:830} INFO - Processing file /home/airflow/.local/lib/python3.12/site-packages/airflow/example_dags/example_nested_branch_dag.py for tasks to queue
[2024-11-13T08:06:24.993+0000] {logging_mixin.py:188} INFO - [2024-11-13T08:06:24.993+0000] {dagbag.py:545} INFO - Filling up the DagBag from /home/airflow/.local/lib/python3.12/site-packages/airflow/example_dags/example_nested_branch_dag.py
[2024-11-13T08:06:24.999+0000] {processor.py:840} INFO - DAG(s) 'example_nested_branch_dag' retrieved from /home/airflow/.local/lib/python3.12/site-packages/airflow/example_dags/example_nested_branch_dag.py
[2024-11-13T08:06:25.012+0000] {logging_mixin.py:188} INFO - [2024-11-13T08:06:25.011+0000] {dag.py:3096} INFO - Sync 1 DAGs
[2024-11-13T08:06:25.024+0000] {logging_mixin.py:188} INFO - [2024-11-13T08:06:25.024+0000] {dag.py:3954} INFO - Setting next_dagrun for example_nested_branch_dag to 2024-11-12 00:00:00+00:00, run_after=2024-11-13 00:00:00+00:00
[2024-11-13T08:06:25.040+0000] {processor.py:183} INFO - Processing /home/airflow/.local/lib/python3.12/site-packages/airflow/example_dags/example_nested_branch_dag.py took 0.054 seconds
[2024-11-13T08:06:55.892+0000] {processor.py:161} INFO - Started process (PID=888) to work on /home/airflow/.local/lib/python3.12/site-packages/airflow/example_dags/example_nested_branch_dag.py
[2024-11-13T08:06:55.893+0000] {processor.py:830} INFO - Processing file /home/airflow/.local/lib/python3.12/site-packages/airflow/example_dags/example_nested_branch_dag.py for tasks to queue
[2024-11-13T08:06:55.895+0000] {logging_mixin.py:188} INFO - [2024-11-13T08:06:55.895+0000] {dagbag.py:545} INFO - Filling up the DagBag from /home/airflow/.local/lib/python3.12/site-packages/airflow/example_dags/example_nested_branch_dag.py
[2024-11-13T08:06:55.900+0000] {processor.py:840} INFO - DAG(s) 'example_nested_branch_dag' retrieved from /home/airflow/.local/lib/python3.12/site-packages/airflow/example_dags/example_nested_branch_dag.py
[2024-11-13T08:06:55.914+0000] {logging_mixin.py:188} INFO - [2024-11-13T08:06:55.914+0000] {dag.py:3096} INFO - Sync 1 DAGs
[2024-11-13T08:06:55.942+0000] {logging_mixin.py:188} INFO - [2024-11-13T08:06:55.942+0000] {dag.py:3954} INFO - Setting next_dagrun for example_nested_branch_dag to 2024-11-12 00:00:00+00:00, run_after=2024-11-13 00:00:00+00:00
[2024-11-13T08:06:55.960+0000] {processor.py:183} INFO - Processing /home/airflow/.local/lib/python3.12/site-packages/airflow/example_dags/example_nested_branch_dag.py took 0.071 seconds
