[2024-11-13T08:00:17.466+0000] {processor.py:161} INFO - Started process (PID=142) to work on /home/airflow/.local/lib/python3.12/site-packages/airflow/example_dags/tutorial.py
[2024-11-13T08:00:17.467+0000] {processor.py:830} INFO - Processing file /home/airflow/.local/lib/python3.12/site-packages/airflow/example_dags/tutorial.py for tasks to queue
[2024-11-13T08:00:17.468+0000] {logging_mixin.py:188} INFO - [2024-11-13T08:00:17.468+0000] {dagbag.py:545} INFO - Filling up the DagBag from /home/airflow/.local/lib/python3.12/site-packages/airflow/example_dags/tutorial.py
[2024-11-13T08:00:17.472+0000] {processor.py:840} INFO - DAG(s) 'tutorial' retrieved from /home/airflow/.local/lib/python3.12/site-packages/airflow/example_dags/tutorial.py
[2024-11-13T08:00:17.479+0000] {logging_mixin.py:188} INFO - [2024-11-13T08:00:17.479+0000] {dag.py:3096} INFO - Sync 1 DAGs
[2024-11-13T08:00:17.497+0000] {logging_mixin.py:188} INFO - [2024-11-13T08:00:17.496+0000] {dag.py:3954} INFO - Setting next_dagrun for tutorial to 2024-11-12 00:00:00+00:00, run_after=2024-11-13 00:00:00+00:00
[2024-11-13T08:00:17.507+0000] {processor.py:183} INFO - Processing /home/airflow/.local/lib/python3.12/site-packages/airflow/example_dags/tutorial.py took 0.044 seconds
[2024-11-13T08:00:48.520+0000] {processor.py:161} INFO - Started process (PID=201) to work on /home/airflow/.local/lib/python3.12/site-packages/airflow/example_dags/tutorial.py
[2024-11-13T08:00:48.521+0000] {processor.py:830} INFO - Processing file /home/airflow/.local/lib/python3.12/site-packages/airflow/example_dags/tutorial.py for tasks to queue
[2024-11-13T08:00:48.522+0000] {logging_mixin.py:188} INFO - [2024-11-13T08:00:48.522+0000] {dagbag.py:545} INFO - Filling up the DagBag from /home/airflow/.local/lib/python3.12/site-packages/airflow/example_dags/tutorial.py
[2024-11-13T08:00:48.526+0000] {processor.py:840} INFO - DAG(s) 'tutorial' retrieved from /home/airflow/.local/lib/python3.12/site-packages/airflow/example_dags/tutorial.py
[2024-11-13T08:00:48.577+0000] {logging_mixin.py:188} INFO - [2024-11-13T08:00:48.576+0000] {dag.py:3096} INFO - Sync 1 DAGs
[2024-11-13T08:00:48.586+0000] {logging_mixin.py:188} INFO - [2024-11-13T08:00:48.586+0000] {dag.py:3954} INFO - Setting next_dagrun for tutorial to 2024-11-12 00:00:00+00:00, run_after=2024-11-13 00:00:00+00:00
[2024-11-13T08:00:48.601+0000] {processor.py:183} INFO - Processing /home/airflow/.local/lib/python3.12/site-packages/airflow/example_dags/tutorial.py took 0.083 seconds
[2024-11-13T08:01:18.635+0000] {processor.py:161} INFO - Started process (PID=260) to work on /home/airflow/.local/lib/python3.12/site-packages/airflow/example_dags/tutorial.py
[2024-11-13T08:01:18.638+0000] {processor.py:830} INFO - Processing file /home/airflow/.local/lib/python3.12/site-packages/airflow/example_dags/tutorial.py for tasks to queue
[2024-11-13T08:01:18.640+0000] {logging_mixin.py:188} INFO - [2024-11-13T08:01:18.639+0000] {dagbag.py:545} INFO - Filling up the DagBag from /home/airflow/.local/lib/python3.12/site-packages/airflow/example_dags/tutorial.py
[2024-11-13T08:01:18.643+0000] {processor.py:840} INFO - DAG(s) 'tutorial' retrieved from /home/airflow/.local/lib/python3.12/site-packages/airflow/example_dags/tutorial.py
[2024-11-13T08:01:18.654+0000] {logging_mixin.py:188} INFO - [2024-11-13T08:01:18.654+0000] {dag.py:3096} INFO - Sync 1 DAGs
[2024-11-13T08:01:18.666+0000] {logging_mixin.py:188} INFO - [2024-11-13T08:01:18.666+0000] {dag.py:3954} INFO - Setting next_dagrun for tutorial to 2024-11-12 00:00:00+00:00, run_after=2024-11-13 00:00:00+00:00
[2024-11-13T08:01:18.676+0000] {processor.py:183} INFO - Processing /home/airflow/.local/lib/python3.12/site-packages/airflow/example_dags/tutorial.py took 0.044 seconds
[2024-11-13T08:01:49.654+0000] {processor.py:161} INFO - Started process (PID=319) to work on /home/airflow/.local/lib/python3.12/site-packages/airflow/example_dags/tutorial.py
[2024-11-13T08:01:49.655+0000] {processor.py:830} INFO - Processing file /home/airflow/.local/lib/python3.12/site-packages/airflow/example_dags/tutorial.py for tasks to queue
[2024-11-13T08:01:49.658+0000] {logging_mixin.py:188} INFO - [2024-11-13T08:01:49.658+0000] {dagbag.py:545} INFO - Filling up the DagBag from /home/airflow/.local/lib/python3.12/site-packages/airflow/example_dags/tutorial.py
[2024-11-13T08:01:49.662+0000] {processor.py:840} INFO - DAG(s) 'tutorial' retrieved from /home/airflow/.local/lib/python3.12/site-packages/airflow/example_dags/tutorial.py
[2024-11-13T08:01:49.677+0000] {logging_mixin.py:188} INFO - [2024-11-13T08:01:49.677+0000] {dag.py:3096} INFO - Sync 1 DAGs
[2024-11-13T08:01:49.691+0000] {logging_mixin.py:188} INFO - [2024-11-13T08:01:49.691+0000] {dag.py:3954} INFO - Setting next_dagrun for tutorial to 2024-11-12 00:00:00+00:00, run_after=2024-11-13 00:00:00+00:00
[2024-11-13T08:01:49.703+0000] {processor.py:183} INFO - Processing /home/airflow/.local/lib/python3.12/site-packages/airflow/example_dags/tutorial.py took 0.053 seconds
[2024-11-13T08:02:20.727+0000] {processor.py:161} INFO - Started process (PID=378) to work on /home/airflow/.local/lib/python3.12/site-packages/airflow/example_dags/tutorial.py
[2024-11-13T08:02:20.730+0000] {processor.py:830} INFO - Processing file /home/airflow/.local/lib/python3.12/site-packages/airflow/example_dags/tutorial.py for tasks to queue
[2024-11-13T08:02:20.732+0000] {logging_mixin.py:188} INFO - [2024-11-13T08:02:20.732+0000] {dagbag.py:545} INFO - Filling up the DagBag from /home/airflow/.local/lib/python3.12/site-packages/airflow/example_dags/tutorial.py
[2024-11-13T08:02:20.736+0000] {processor.py:840} INFO - DAG(s) 'tutorial' retrieved from /home/airflow/.local/lib/python3.12/site-packages/airflow/example_dags/tutorial.py
[2024-11-13T08:02:20.748+0000] {logging_mixin.py:188} INFO - [2024-11-13T08:02:20.748+0000] {dag.py:3096} INFO - Sync 1 DAGs
[2024-11-13T08:02:20.763+0000] {logging_mixin.py:188} INFO - [2024-11-13T08:02:20.763+0000] {dag.py:3954} INFO - Setting next_dagrun for tutorial to 2024-11-12 00:00:00+00:00, run_after=2024-11-13 00:00:00+00:00
[2024-11-13T08:02:20.776+0000] {processor.py:183} INFO - Processing /home/airflow/.local/lib/python3.12/site-packages/airflow/example_dags/tutorial.py took 0.054 seconds
[2024-11-13T08:02:51.590+0000] {processor.py:161} INFO - Started process (PID=437) to work on /home/airflow/.local/lib/python3.12/site-packages/airflow/example_dags/tutorial.py
[2024-11-13T08:02:51.591+0000] {processor.py:830} INFO - Processing file /home/airflow/.local/lib/python3.12/site-packages/airflow/example_dags/tutorial.py for tasks to queue
[2024-11-13T08:02:51.592+0000] {logging_mixin.py:188} INFO - [2024-11-13T08:02:51.592+0000] {dagbag.py:545} INFO - Filling up the DagBag from /home/airflow/.local/lib/python3.12/site-packages/airflow/example_dags/tutorial.py
[2024-11-13T08:02:51.596+0000] {processor.py:840} INFO - DAG(s) 'tutorial' retrieved from /home/airflow/.local/lib/python3.12/site-packages/airflow/example_dags/tutorial.py
[2024-11-13T08:02:51.607+0000] {logging_mixin.py:188} INFO - [2024-11-13T08:02:51.607+0000] {dag.py:3096} INFO - Sync 1 DAGs
[2024-11-13T08:02:51.617+0000] {logging_mixin.py:188} INFO - [2024-11-13T08:02:51.617+0000] {dag.py:3954} INFO - Setting next_dagrun for tutorial to 2024-11-12 00:00:00+00:00, run_after=2024-11-13 00:00:00+00:00
[2024-11-13T08:02:51.631+0000] {processor.py:183} INFO - Processing /home/airflow/.local/lib/python3.12/site-packages/airflow/example_dags/tutorial.py took 0.044 seconds
[2024-11-13T08:03:22.517+0000] {processor.py:161} INFO - Started process (PID=496) to work on /home/airflow/.local/lib/python3.12/site-packages/airflow/example_dags/tutorial.py
[2024-11-13T08:03:22.517+0000] {processor.py:830} INFO - Processing file /home/airflow/.local/lib/python3.12/site-packages/airflow/example_dags/tutorial.py for tasks to queue
[2024-11-13T08:03:22.519+0000] {logging_mixin.py:188} INFO - [2024-11-13T08:03:22.518+0000] {dagbag.py:545} INFO - Filling up the DagBag from /home/airflow/.local/lib/python3.12/site-packages/airflow/example_dags/tutorial.py
[2024-11-13T08:03:22.522+0000] {processor.py:840} INFO - DAG(s) 'tutorial' retrieved from /home/airflow/.local/lib/python3.12/site-packages/airflow/example_dags/tutorial.py
[2024-11-13T08:03:22.535+0000] {logging_mixin.py:188} INFO - [2024-11-13T08:03:22.535+0000] {dag.py:3096} INFO - Sync 1 DAGs
[2024-11-13T08:03:22.545+0000] {logging_mixin.py:188} INFO - [2024-11-13T08:03:22.544+0000] {dag.py:3954} INFO - Setting next_dagrun for tutorial to 2024-11-12 00:00:00+00:00, run_after=2024-11-13 00:00:00+00:00
[2024-11-13T08:03:22.557+0000] {processor.py:183} INFO - Processing /home/airflow/.local/lib/python3.12/site-packages/airflow/example_dags/tutorial.py took 0.044 seconds
[2024-11-13T08:03:53.419+0000] {processor.py:161} INFO - Started process (PID=555) to work on /home/airflow/.local/lib/python3.12/site-packages/airflow/example_dags/tutorial.py
[2024-11-13T08:03:53.421+0000] {processor.py:830} INFO - Processing file /home/airflow/.local/lib/python3.12/site-packages/airflow/example_dags/tutorial.py for tasks to queue
[2024-11-13T08:03:53.423+0000] {logging_mixin.py:188} INFO - [2024-11-13T08:03:53.423+0000] {dagbag.py:545} INFO - Filling up the DagBag from /home/airflow/.local/lib/python3.12/site-packages/airflow/example_dags/tutorial.py
[2024-11-13T08:03:53.427+0000] {processor.py:840} INFO - DAG(s) 'tutorial' retrieved from /home/airflow/.local/lib/python3.12/site-packages/airflow/example_dags/tutorial.py
[2024-11-13T08:03:53.436+0000] {logging_mixin.py:188} INFO - [2024-11-13T08:03:53.436+0000] {dag.py:3096} INFO - Sync 1 DAGs
[2024-11-13T08:03:53.448+0000] {logging_mixin.py:188} INFO - [2024-11-13T08:03:53.447+0000] {dag.py:3954} INFO - Setting next_dagrun for tutorial to 2024-11-12 00:00:00+00:00, run_after=2024-11-13 00:00:00+00:00
[2024-11-13T08:03:53.461+0000] {processor.py:183} INFO - Processing /home/airflow/.local/lib/python3.12/site-packages/airflow/example_dags/tutorial.py took 0.045 seconds
[2024-11-13T08:04:24.274+0000] {processor.py:161} INFO - Started process (PID=614) to work on /home/airflow/.local/lib/python3.12/site-packages/airflow/example_dags/tutorial.py
[2024-11-13T08:04:24.276+0000] {processor.py:830} INFO - Processing file /home/airflow/.local/lib/python3.12/site-packages/airflow/example_dags/tutorial.py for tasks to queue
[2024-11-13T08:04:24.278+0000] {logging_mixin.py:188} INFO - [2024-11-13T08:04:24.278+0000] {dagbag.py:545} INFO - Filling up the DagBag from /home/airflow/.local/lib/python3.12/site-packages/airflow/example_dags/tutorial.py
[2024-11-13T08:04:24.283+0000] {processor.py:840} INFO - DAG(s) 'tutorial' retrieved from /home/airflow/.local/lib/python3.12/site-packages/airflow/example_dags/tutorial.py
[2024-11-13T08:04:24.293+0000] {logging_mixin.py:188} INFO - [2024-11-13T08:04:24.293+0000] {dag.py:3096} INFO - Sync 1 DAGs
[2024-11-13T08:04:24.305+0000] {logging_mixin.py:188} INFO - [2024-11-13T08:04:24.305+0000] {dag.py:3954} INFO - Setting next_dagrun for tutorial to 2024-11-12 00:00:00+00:00, run_after=2024-11-13 00:00:00+00:00
[2024-11-13T08:04:24.317+0000] {processor.py:183} INFO - Processing /home/airflow/.local/lib/python3.12/site-packages/airflow/example_dags/tutorial.py took 0.046 seconds
[2024-11-13T08:04:54.413+0000] {processor.py:161} INFO - Started process (PID=672) to work on /home/airflow/.local/lib/python3.12/site-packages/airflow/example_dags/tutorial.py
[2024-11-13T08:04:54.413+0000] {processor.py:830} INFO - Processing file /home/airflow/.local/lib/python3.12/site-packages/airflow/example_dags/tutorial.py for tasks to queue
[2024-11-13T08:04:54.414+0000] {logging_mixin.py:188} INFO - [2024-11-13T08:04:54.414+0000] {dagbag.py:545} INFO - Filling up the DagBag from /home/airflow/.local/lib/python3.12/site-packages/airflow/example_dags/tutorial.py
[2024-11-13T08:04:54.418+0000] {processor.py:840} INFO - DAG(s) 'tutorial' retrieved from /home/airflow/.local/lib/python3.12/site-packages/airflow/example_dags/tutorial.py
[2024-11-13T08:04:54.432+0000] {logging_mixin.py:188} INFO - [2024-11-13T08:04:54.431+0000] {dag.py:3096} INFO - Sync 1 DAGs
[2024-11-13T08:04:54.442+0000] {logging_mixin.py:188} INFO - [2024-11-13T08:04:54.442+0000] {dag.py:3954} INFO - Setting next_dagrun for tutorial to 2024-11-12 00:00:00+00:00, run_after=2024-11-13 00:00:00+00:00
[2024-11-13T08:04:54.470+0000] {processor.py:183} INFO - Processing /home/airflow/.local/lib/python3.12/site-packages/airflow/example_dags/tutorial.py took 0.060 seconds
[2024-11-13T08:05:24.562+0000] {processor.py:161} INFO - Started process (PID=731) to work on /home/airflow/.local/lib/python3.12/site-packages/airflow/example_dags/tutorial.py
[2024-11-13T08:05:24.563+0000] {processor.py:830} INFO - Processing file /home/airflow/.local/lib/python3.12/site-packages/airflow/example_dags/tutorial.py for tasks to queue
[2024-11-13T08:05:24.564+0000] {logging_mixin.py:188} INFO - [2024-11-13T08:05:24.564+0000] {dagbag.py:545} INFO - Filling up the DagBag from /home/airflow/.local/lib/python3.12/site-packages/airflow/example_dags/tutorial.py
[2024-11-13T08:05:24.567+0000] {processor.py:840} INFO - DAG(s) 'tutorial' retrieved from /home/airflow/.local/lib/python3.12/site-packages/airflow/example_dags/tutorial.py
[2024-11-13T08:05:24.579+0000] {logging_mixin.py:188} INFO - [2024-11-13T08:05:24.579+0000] {dag.py:3096} INFO - Sync 1 DAGs
[2024-11-13T08:05:24.590+0000] {logging_mixin.py:188} INFO - [2024-11-13T08:05:24.590+0000] {dag.py:3954} INFO - Setting next_dagrun for tutorial to 2024-11-12 00:00:00+00:00, run_after=2024-11-13 00:00:00+00:00
[2024-11-13T08:05:24.601+0000] {processor.py:183} INFO - Processing /home/airflow/.local/lib/python3.12/site-packages/airflow/example_dags/tutorial.py took 0.043 seconds
[2024-11-13T08:05:54.631+0000] {processor.py:161} INFO - Started process (PID=790) to work on /home/airflow/.local/lib/python3.12/site-packages/airflow/example_dags/tutorial.py
[2024-11-13T08:05:54.631+0000] {processor.py:830} INFO - Processing file /home/airflow/.local/lib/python3.12/site-packages/airflow/example_dags/tutorial.py for tasks to queue
[2024-11-13T08:05:54.632+0000] {logging_mixin.py:188} INFO - [2024-11-13T08:05:54.632+0000] {dagbag.py:545} INFO - Filling up the DagBag from /home/airflow/.local/lib/python3.12/site-packages/airflow/example_dags/tutorial.py
[2024-11-13T08:05:54.636+0000] {processor.py:840} INFO - DAG(s) 'tutorial' retrieved from /home/airflow/.local/lib/python3.12/site-packages/airflow/example_dags/tutorial.py
[2024-11-13T08:05:54.650+0000] {logging_mixin.py:188} INFO - [2024-11-13T08:05:54.649+0000] {dag.py:3096} INFO - Sync 1 DAGs
[2024-11-13T08:05:54.660+0000] {logging_mixin.py:188} INFO - [2024-11-13T08:05:54.660+0000] {dag.py:3954} INFO - Setting next_dagrun for tutorial to 2024-11-12 00:00:00+00:00, run_after=2024-11-13 00:00:00+00:00
[2024-11-13T08:05:54.674+0000] {processor.py:183} INFO - Processing /home/airflow/.local/lib/python3.12/site-packages/airflow/example_dags/tutorial.py took 0.046 seconds
[2024-11-13T08:06:25.585+0000] {processor.py:161} INFO - Started process (PID=849) to work on /home/airflow/.local/lib/python3.12/site-packages/airflow/example_dags/tutorial.py
[2024-11-13T08:06:25.587+0000] {processor.py:830} INFO - Processing file /home/airflow/.local/lib/python3.12/site-packages/airflow/example_dags/tutorial.py for tasks to queue
[2024-11-13T08:06:25.588+0000] {logging_mixin.py:188} INFO - [2024-11-13T08:06:25.588+0000] {dagbag.py:545} INFO - Filling up the DagBag from /home/airflow/.local/lib/python3.12/site-packages/airflow/example_dags/tutorial.py
[2024-11-13T08:06:25.591+0000] {processor.py:840} INFO - DAG(s) 'tutorial' retrieved from /home/airflow/.local/lib/python3.12/site-packages/airflow/example_dags/tutorial.py
[2024-11-13T08:06:25.602+0000] {logging_mixin.py:188} INFO - [2024-11-13T08:06:25.601+0000] {dag.py:3096} INFO - Sync 1 DAGs
[2024-11-13T08:06:25.613+0000] {logging_mixin.py:188} INFO - [2024-11-13T08:06:25.613+0000] {dag.py:3954} INFO - Setting next_dagrun for tutorial to 2024-11-12 00:00:00+00:00, run_after=2024-11-13 00:00:00+00:00
[2024-11-13T08:06:25.624+0000] {processor.py:183} INFO - Processing /home/airflow/.local/lib/python3.12/site-packages/airflow/example_dags/tutorial.py took 0.043 seconds
[2024-11-13T08:06:56.510+0000] {processor.py:161} INFO - Started process (PID=908) to work on /home/airflow/.local/lib/python3.12/site-packages/airflow/example_dags/tutorial.py
[2024-11-13T08:06:56.510+0000] {processor.py:830} INFO - Processing file /home/airflow/.local/lib/python3.12/site-packages/airflow/example_dags/tutorial.py for tasks to queue
[2024-11-13T08:06:56.511+0000] {logging_mixin.py:188} INFO - [2024-11-13T08:06:56.511+0000] {dagbag.py:545} INFO - Filling up the DagBag from /home/airflow/.local/lib/python3.12/site-packages/airflow/example_dags/tutorial.py
[2024-11-13T08:06:56.514+0000] {processor.py:840} INFO - DAG(s) 'tutorial' retrieved from /home/airflow/.local/lib/python3.12/site-packages/airflow/example_dags/tutorial.py
[2024-11-13T08:06:56.527+0000] {logging_mixin.py:188} INFO - [2024-11-13T08:06:56.527+0000] {dag.py:3096} INFO - Sync 1 DAGs
[2024-11-13T08:06:56.538+0000] {logging_mixin.py:188} INFO - [2024-11-13T08:06:56.538+0000] {dag.py:3954} INFO - Setting next_dagrun for tutorial to 2024-11-12 00:00:00+00:00, run_after=2024-11-13 00:00:00+00:00
[2024-11-13T08:06:56.549+0000] {processor.py:183} INFO - Processing /home/airflow/.local/lib/python3.12/site-packages/airflow/example_dags/tutorial.py took 0.043 seconds
