[2024-11-10T02:17:52.021+0000] {local_task_job_runner.py:120} INFO - ::group::Pre task execution logs
[2024-11-10T02:17:52.033+0000] {taskinstance.py:2076} INFO - Dependencies all met for dep_context=non-requeueable deps ti=<TaskInstance: Stock_Prediction.predict manual__2024-11-10T02:16:04.377572+00:00 [queued]>
[2024-11-10T02:17:52.036+0000] {taskinstance.py:2076} INFO - Dependencies all met for dep_context=requeueable deps ti=<TaskInstance: Stock_Prediction.predict manual__2024-11-10T02:16:04.377572+00:00 [queued]>
[2024-11-10T02:17:52.037+0000] {taskinstance.py:2306} INFO - Starting attempt 1 of 2
[2024-11-10T02:17:52.041+0000] {taskinstance.py:2330} INFO - Executing <Task(_PythonDecoratedOperator): predict> on 2024-11-10 02:16:04.377572+00:00
[2024-11-10T02:17:52.045+0000] {logging_mixin.py:188} WARNING - /home/***/.local/lib/python3.12/site-packages/***/task/task_runner/standard_task_runner.py:61 DeprecationWarning: This process (pid=4683) is multi-threaded, use of fork() may lead to deadlocks in the child.
[2024-11-10T02:17:52.046+0000] {standard_task_runner.py:63} INFO - Started process 4686 to run task
[2024-11-10T02:17:52.046+0000] {standard_task_runner.py:90} INFO - Running: ['***', 'tasks', 'run', 'Stock_Prediction', 'predict', 'manual__2024-11-10T02:16:04.377572+00:00', '--job-id', '99', '--raw', '--subdir', 'DAGS_FOLDER/FinanceDataAnalytics_Prediction_Pair9.ipynb.py', '--cfg-path', '/tmp/tmpufkiwt9t']
[2024-11-10T02:17:52.047+0000] {standard_task_runner.py:91} INFO - Job 99: Subtask predict
[2024-11-10T02:17:52.069+0000] {task_command.py:426} INFO - Running <TaskInstance: Stock_Prediction.predict manual__2024-11-10T02:16:04.377572+00:00 [running]> on host c8883bd7101d
[2024-11-10T02:17:52.105+0000] {taskinstance.py:2648} INFO - Exporting env vars: AIRFLOW_CTX_DAG_EMAIL='shatayu.thakur@sjsu.edu,pranav.raveendran@sjsu.edu' AIRFLOW_CTX_DAG_OWNER='Pair 9' AIRFLOW_CTX_DAG_ID='Stock_Prediction' AIRFLOW_CTX_TASK_ID='predict' AIRFLOW_CTX_EXECUTION_DATE='2024-11-10T02:16:04.377572+00:00' AIRFLOW_CTX_TRY_NUMBER='1' AIRFLOW_CTX_DAG_RUN_ID='manual__2024-11-10T02:16:04.377572+00:00'
[2024-11-10T02:17:52.106+0000] {taskinstance.py:430} INFO - ::endgroup::
[2024-11-10T02:18:09.568+0000] {cursor.py:1149} INFO - Number of results in first chunk: 1
[2024-11-10T02:18:10.475+0000] {cursor.py:1149} INFO - Number of results in first chunk: 1
[2024-11-10T02:18:10.476+0000] {python.py:237} INFO - Done. Returned value was: None
[2024-11-10T02:18:10.479+0000] {taskinstance.py:441} INFO - ::group::Post task execution logs
[2024-11-10T02:18:10.493+0000] {taskinstance.py:1206} INFO - Marking task as SUCCESS. dag_id=Stock_Prediction, task_id=predict, run_id=manual__2024-11-10T02:16:04.377572+00:00, execution_date=20241110T021604, start_date=20241110T021752, end_date=20241110T021810
[2024-11-10T02:18:10.552+0000] {local_task_job_runner.py:240} INFO - Task exited with return code 0
[2024-11-10T02:18:10.569+0000] {taskinstance.py:3498} INFO - 0 downstream tasks scheduled from follow-on schedule check
[2024-11-10T02:18:10.570+0000] {local_task_job_runner.py:222} INFO - ::endgroup::
